0.3
0.0
0.6
0.0
0.0
0.0
0.6
0.6
7.4
1.1
1.7
0.0
12.5
28.1
6.2
7.5
7.3
5.0
5.6
1.7
2.8
4.0
4.5
3.3
0.6
1.2
2.8
2.2
1.7
13.6
1.7
20.2
16.6
0.6
23.3
12.4
5.0
20.2
1.7
1.1
29.8
0.6
4.0
32.2
0.6
0.6
35.5
0.6
2.2
24.9
1.1
7.3
21.1
0.6
23.5
21.5
0.6
21.3
1.7
0.0
28.8
0.6
5.0
38.0
1.1
1.1
22.9
0.6
7.2
20.3
0.6
18.0
18.1
0.6
21.6
5.7
0.6
31.1
1.1
0.6
33.0
1.1
6.3
37.6
0.6
1.7
18.1
1.7
6.7
26.1
28.7
52.9
50.0
50.6
55.7
63.7
51.1
44.4
41.8
57.5
61.0
73.6
57.5
48.9
94.4
96.1
85.0
74.4
78.8
60.9
63.2
67.1
76.5
86.1
7.3
7.1
8.3
8.3
4.4
4.9
14.8
9.6
2.2
30.4
34.7
10.0
32.4
20.6
90.0
41.9
17.8
9.4
8.3
64.5
13.4
16.2
9.9
7.6
5.6
10.3
7.0
8.2
9.1
11.0
4.8
6.2
14.3
19.1
14.1
5.0
22.0
2.8
12.2
17.3
7.8
12.0
8.8
17.4
3.3
5.9
19.9
18.8
6.8
7.7
10.6
5.4
7.1
8.9
13.9
4.4
3.9
10.2
9.7
14.2
14.3
23.6
4.4
5.9
11.2
8.1
8.7
21.3
6.8
3.9
7.0
15.8
5.0
5.9
16.0
2.8
7.3
3.9
13.5
4.5
10.4
11.0
9.9
3.4
3.9
3.9
12.3
7.2
11.1
6.1
9.7
3.3
3.3
12.4
5.6
20.3
20.4
16.4
32.6
14.5
10.3
8.2
7.7
10.6
6.9
28.4
3.8
17.2
7.6
5.6
3.2
8.9
23.1
26.4
8.2
6.5
18.9
1.1
5.1
9.8
6.5
2.7
12.6
5.6
2.3
2.8
23.6
2.8
1.1
7.7
15.3
13.2
2.2
24.2
12.2
2.2
5.0
13.0
1.7
10.7
22.0
5.1
2.2
2.2
15.9
1.1
5.4
16.4
8.3
2.7
9.9
7.1
2.2
8.2
11.6
7.0
4.4
37.9
57.3
88.2
90.6
91.6
83.2
83.1
86.4
85.3
74.7
87.3
61.8
65.0
69.2
79.7
78.3
77.2
56.0
74.4
58.6
77.8
74.9
73.2
82.3
70.2
56.9
64.2
51.7
59.7
58.0
77.7
61.3
54.7
55.6
54.0
46.4
43.6
52.0
34.1
48.8
55.4
48.9
50.6
52.9
54.3
50.9
52.0
55.0
57.6
57.1
55.7
64.2
65.4
55.9
73.2
64.4
53.8
70.0
67.8
66.1
92.9
90.4
90.9
89.1
56.6
55.7
54.9
56.9
63.1
60.4
52.8
64.9
63.6
88.0
69.9
44.2
44.8
48.0
52.6
55.0
44.8
53.7
48.3
52.0
54.7
62.9
67.6
50.3
65.7
50.3
50.3
49.1
52.5
46.9
50.9
49.4
48.8
54.4
50.3
48.6
50.0
51.4
53.5
51.2
54.4
48.4
48.2
54.7
49.2
50.8
55.2
47.9
38.6
18.2
41.2
49.7
47.7
47.9
52.6
49.1
51.2
51.2
51.7
48.6
50.3
49.4
47.0
48.6
50.9
51.1
50.9
53.0
51.1
51.1
49.4
48.6
50.6
53.5
52.3
49.1
48.5
50.6
51.8
45.6
52.0
47.3
45.0
51.4
50.9
53.4
47.6
52.1
43.5
37.7
34.1
46.8
48.5
48.3
48.8
51.5
48.3
47.8
51.1
48.3
52.2
51.5
48.9
50.3
50.6
54.9
49.7
52.4
49.1
51.5
50.6
50.6
52.5
50.6
54.3
50.3
49.7
50.9
51.2
44.7
49.4
49.4
48.6
47.5
49.1
49.7
51.2
50.3
30.1
46.7
43.9
40.7
45.0
50.3
50.8
51.5
45.3
51.2
47.3
48.3
51.5
75.0
84.8
88.8
85.5
83.5
83.7
85.1
84.7
88.3
85.1
82.4
62.8
65.3
72.6
73.9
59.5
64.4
56.9
56.7
63.3
60.2
59.2
66.7
61.1
61.7
44.9
43.4
41.9
53.3
50.3
52.0
59.7
60.8
58.6
58.7
59.3
56.8
64.7
58.0
62.0
61.4
59.3
59.5
61.5
60.9
66.3
61.9
61.7
60.2
60.7
59.9
63.4
62.1
60.5
58.1
59.2
59.3
59.5
61.1
59.6
53.9
60.6
60.9
62.6
62.8
58.6
62.4
58.0
50.6
60.6
59.8
60.7
64.5
57.5
59.2
62.6
62.1
62.2
60.7
62.4
60.1
60.0
57.5
58.4
60.9
60.9
64.9
59.8
56.8
57.6
56.0
60.2
62.3
58.6
62.4
55.9
59.1
58.7
58.3
45.3
54.6
60.8
60.7
65.0
59.3
63.1
59.3
54.8
57.0
58.9
60.1
61.2
58.3
58.4
54.6
60.7
58.4
63.0
61.7
59.4
59.9
58.7
59.1
60.6
65.5
57.4
58.8
60.9
70.6
57.2
59.8
65.9
58.3
59.1
57.1
61.8
59.4
55.7
64.0
57.8
57.1
63.2
57.7
59.1
47.7
52.0
48.8
60.1
59.0
64.9
71.5
74.9
73.9
71.4
61.6
17.5
14.6
15.3
9.4
4.4
2.2
5.5
7.8
1.1
1.1
0.6
0.6
1.7
0.6
0.6
0.0
0.6
