3726.9
3727.7
3728.0
3729.5
3730.2
3732.8
3731.7
3736.0
3770.6
3795.6
3799.6
3794.8
3814.8
3820.8
3820.5
3822.4
3821.6
3821.3
3871.5
3880.3
3879.1
3880.7
3879.2
3870.4
3872.2
3873.5
3873.0
3873.3
3873.4
3899.2
3905.9
3928.2
3953.9
3881.4
3921.5
3955.2
3882.8
3924.1
3954.1
3878.5
3933.4
3875.3
3879.3
3947.2
3874.7
3878.4
3944.0
3876.2
3893.8
3954.9
3876.9
3903.6
3949.4
3875.7
3918.3
3964.7
3881.1
3920.9
3876.8
3877.9
3938.9
3876.5
3882.3
3945.7
3876.8
3888.5
3952.3
3876.8
3910.3
3960.2
3876.4
3915.3
3949.3
3877.2
3924.6
3963.9
3879.0
3935.3
3874.9
3876.6
3944.5
3877.9
3882.4
3944.1
3875.9
3894.6
3950.2
3877.1
3915.0
4002.8
4143.3
4323.9
4489.7
4657.9
4852.9
4995.2
5135.3
5288.4
5442.8
5611.7
5782.6
5943.7
6110.5
6268.1
6541.6
6868.3
7612.8
8021.0
8248.5
8426.7
8617.3
8774.7
9616.4
10888.7
10897.2
10888.8
10868.3
10864.1
10862.5
10863.1
10857.5
10857.4
10856.2
10891.8
10917.4
10875.8
10951.5
11103.5
11287.2
11310.7
11325.5
11326.5
11331.7
11360.9
11366.1
11372.4
11372.1
11373.4
11374.8
11382.3
11385.8
11385.9
11386.2
11385.6
11385.9
11386.9
11388.8
11390.3
11409.8
11416.6
11424.4
11425.6
11422.2
11420.9
11423.7
11426.9
11428.6
11418.3
11419.8
11420.8
11422.0
11414.6
11412.0
11411.9
11413.2
11413.6
11414.6
11422.2
11423.8
11421.7
11422.3
11422.8
11422.5
11424.8
11429.9
11432.0
11432.8
11432.8
11434.3
11436.5
11436.0
11441.3
11440.6
11442.0
11443.3
11444.3
11446.0
11445.8
11449.1
11448.3
11448.6
11448.3
11449.0
11449.0
11451.9
11451.5
11450.7
11450.9
11451.1
11451.8
11450.9
11450.9
11451.8
11452.4
11453.1
11453.2
11463.3
11462.5
11462.4
11464.4
11478.3
11478.8
11490.8
11493.0
11496.6
11478.9
11478.7
11479.3
11479.2
11480.2
11475.5
11476.0
11476.7
11477.2
11457.5
11470.0
11472.9
11490.1
11479.5
11479.8
11475.4
11475.8
11475.6
11478.4
11478.1
11478.0
11480.7
11479.9
11480.2
11481.3
11481.4
11481.1
11482.1
11474.3
11473.9
11473.9
11473.3
11474.8
11474.6
11475.2
11475.1
11475.6
11486.3
11487.9
11494.8
11488.0
11488.9
11488.4
11488.7
11489.1
11486.2
11482.6
11484.3
11485.6
11485.9
11487.0
11487.2
11488.4
11489.8
11490.1
11491.1
11699.5
11749.3
11798.8
11872.3
11917.5
11872.1
11912.6
11973.8
12063.9
12042.0
12147.6
12211.3
12293.3
12327.4
12370.7
12408.6
12456.7
12477.8
12532.2
12584.6
12648.6
12707.8
12724.9
12729.5
12721.2
12723.1
12724.2
12727.6
12728.4
12728.6
12726.0
12728.1
12722.4
12720.7
12724.9
12725.1
12725.7
12731.1
12731.3
12731.4
12739.0
12747.0
12757.9
12775.9
12779.3
12778.9
12779.4
12787.0
12787.3
12793.7
12799.7
12798.7
12813.0
12813.8
12825.0
12831.6
12839.5
12837.4
12838.8
12844.4
12867.0
12892.5
12915.5
12946.2
12944.7
12930.8
12915.1
12912.3
12904.6
12903.4
12911.5
12921.7
12910.0
12956.6
13016.9
13017.4
12987.0
12969.6
12965.6
12965.9
12964.8
12963.5
12964.8
12973.9
12978.7
12985.6
12991.7
12992.6
12999.1
13007.0
13010.1
13013.1
13010.5
13011.2
13013.4
13012.2
13022.8
13029.1
13029.0
13029.6
13033.1
13038.7
13041.8
13047.0
13056.4
13058.0
13064.2
13063.1
13066.5
13067.2
13073.7
13072.5
13072.5
13072.0
13083.1
13083.3
13085.0
13086.7
13086.3
13087.4
13087.1
13087.6
13090.0
13089.8
13093.8
13094.3
13093.7
13091.9
13094.1
13097.1
13104.0
13106.5
13103.4
13104.6
13106.2
13107.0
13111.4
13121.0
13122.3
13125.8
13133.2
13138.8
13141.5
13147.2
13156.6
13158.8
13163.3
13171.3
13176.4
13180.8
13192.8
13193.8
13196.1
13200.8
13205.3
13211.6
13214.1
13217.1
13215.9
13216.4
13217.6
13217.0
13217.7
13223.4
13228.6
13235.0
13233.1
13237.0
13238.1
13242.1
13244.8
13277.3
13277.7
13277.7
13280.4
13283.7
13290.9
13293.3
13300.2
13294.1
13292.5
13295.9
13296.8
13299.8
13302.0
13303.5
13301.4
13301.6
13301.9
13302.4
13302.8
13309.6
13306.5
13307.0
13307.7
13309.3
13307.8
13310.0
13312.7
13312.6
13319.4
13324.0
13328.2
13328.2
13338.1
13398.9
13454.2
13495.8
13526.7
13562.0
13586.5
13648.4
13714.6
13749.4
13769.1
13783.1
13790.7
13793.8
13801.3
13823.5
13827.0
13832.3
13833.8
13839.1
13841.3
13843.8
13846.9
13861.3
13884.9
13911.8
13927.8
13945.6
13944.5
13949.2
13950.2
13957.9
13961.0
13969.3
13969.6
13974.9
13978.6
13983.2
13989.3
13994.3
14005.5
14003.7
14010.6
14019.0
14031.1
14064.3
14099.6
14136.4
14163.1
14190.9
14218.3
14246.8
14274.8
14306.4
14335.4
14366.9
14399.1
14426.6
14439.2
14448.9
14464.0
14467.7
14473.9
14479.6
14487.5
14496.7
14504.1
14511.3
14511.6
14517.6
14521.9
14527.8
14535.2
14543.7
14546.7
14551.1
14558.7
14561.4
14565.9
14571.0
14581.9
14580.4
14584.8
14591.1
14594.4
14598.7
14611.7
14617.2
14619.1
14622.4
14628.4
14634.6
14638.8
14656.8
14655.9
14658.0
14662.4
14668.5
14678.1
14689.1
14693.0
14702.5
14711.7
14723.4
14731.7
14740.3
14751.5
14756.6
14762.6
14767.7
14773.5
14783.3
14795.8
14805.7
14812.6
14822.3
14830.2
14840.5
14849.6
14862.9
14865.2
14870.0
14877.3
14884.6
14890.9
14899.3
14905.2
14908.6
14913.2
14918.5
14923.6
14930.4
14939.0
14940.0
14948.0
14951.6
14958.6
14961.5
14967.7
14977.0
15079.2
15076.7
15080.4
15083.6
15086.4
15089.8
15097.9
15095.8
15097.5
15099.2
15133.5
15185.7
15214.3
15156.9
15196.1
15120.1
5976.9
3882.1
3883.3
3884.3
3880.2
3865.4
3818.5
3758.1
3758.0
3757.0
3753.1
3751.8
3752.1
3752.1
3751.3
3751.2
3751.2
