<h9>: [2023-02-26 10:07:01,848] INFO Registered kafka:type=kafka.Log4jController MBean (kafka.utils.Log4jControllerRegistration$)
<h9>: [2023-02-26 10:07:02,304] INFO Setting -D jdk.tls.rejectClientInitiatedRenegotiation=true to disable client-initiated TLS renegotiation (org.apache.zookeeper.common.X509Util)
<h9>: [2023-02-26 10:07:02,540] INFO [LogLoader partition=__cluster_metadata-0, dir=/home/visitor/neves/amnis-data-sync/./kafka-3.1.0/logs/kafka9] Loading producer state till offset 0 with message format version 2 (kafka.log.UnifiedLog$)
<h9>: [2023-02-26 10:07:02,541] INFO [LogLoader partition=__cluster_metadata-0, dir=/home/visitor/neves/amnis-data-sync/./kafka-3.1.0/logs/kafka9] Reloading from producer snapshot and rebuilding producer state from offset 0 (kafka.log.UnifiedLog$)
<h9>: [2023-02-26 10:07:02,542] INFO [LogLoader partition=__cluster_metadata-0, dir=/home/visitor/neves/amnis-data-sync/./kafka-3.1.0/logs/kafka9] Producer state recovery took 1ms for snapshot load and 0ms for segment recovery from offset 0 (kafka.log.UnifiedLog$)
<h9>: [2023-02-26 10:07:02,632] INFO [raft-expiration-reaper]: Starting (kafka.raft.TimingWheelExpirationService$ExpiredOperationReaper)
<h9>: [2023-02-26 10:07:02,857] INFO [RaftManager nodeId=9] Completed transition to Unattached(epoch=0, voters=[1, 2, 3, 4, 5, 6, 7, 8, 9, 10], electionTimeoutMs=18187) (org.apache.kafka.raft.QuorumState)
<h9>: [2023-02-26 10:07:02,882] INFO Registered signal handlers for TERM, INT, HUP (org.apache.kafka.common.utils.LoggingSignalHandler)
<h9>: [2023-02-26 10:07:02,888] INFO [kafka-raft-outbound-request-thread]: Starting (kafka.raft.RaftSendThread)
<h9>: [2023-02-26 10:07:02,888] INFO [kafka-raft-io-thread]: Starting (kafka.raft.KafkaRaftManager$RaftIoThread)
<h9>: [2023-02-26 10:07:02,889] INFO Starting controller (kafka.server.ControllerServer)
<h9>: [2023-02-26 10:07:03,264] INFO Updated connection-accept-rate max connection creation rate to 2147483647 (kafka.network.ConnectionQuotas)
<h9>: [2023-02-26 10:07:03,271] INFO Awaiting socket connections on 10.0.0.9:19100. (kafka.network.Acceptor)
<h9>: [2023-02-26 10:07:03,305] INFO [SocketServer listenerType=CONTROLLER, nodeId=9] Created data-plane acceptor and processors for endpoint : ListenerName(CONTROLLER) (kafka.network.SocketServer)
<h9>: [2023-02-26 10:07:03,331] INFO [RaftManager nodeId=9] Registered the listener org.apache.kafka.controller.QuorumController$QuorumMetaLogListener@1923588916 (org.apache.kafka.raft.KafkaRaftClient)
<h9>: [2023-02-26 10:07:03,338] INFO [ThrottledChannelReaper-Fetch]: Starting (kafka.server.ClientQuotaManager$ThrottledChannelReaper)
<h9>: [2023-02-26 10:07:03,338] INFO [ThrottledChannelReaper-Produce]: Starting (kafka.server.ClientQuotaManager$ThrottledChannelReaper)
<h9>: [2023-02-26 10:07:03,340] INFO [ThrottledChannelReaper-Request]: Starting (kafka.server.ClientQuotaManager$ThrottledChannelReaper)
<h9>: [2023-02-26 10:07:03,341] INFO [ThrottledChannelReaper-ControllerMutation]: Starting (kafka.server.ClientQuotaManager$ThrottledChannelReaper)
<h9>: [2023-02-26 10:07:03,360] INFO [ExpirationReaper-9-AlterAcls]: Starting (kafka.server.DelayedOperationPurgatory$ExpiredOperationReaper)
<h9>: [2023-02-26 10:07:03,372] INFO [SocketServer listenerType=CONTROLLER, nodeId=9] Starting socket server acceptors and processors (kafka.network.SocketServer)
<h9>: [2023-02-26 10:07:03,381] INFO [SocketServer listenerType=CONTROLLER, nodeId=9] Started data-plane acceptor and processor(s) for endpoint : ListenerName(CONTROLLER) (kafka.network.SocketServer)
<h9>: [2023-02-26 10:07:03,381] INFO [SocketServer listenerType=CONTROLLER, nodeId=9] Started socket server acceptors and processors (kafka.network.SocketServer)
<h9>: [2023-02-26 10:07:03,382] INFO [BrokerServer id=9] Transition from SHUTDOWN to STARTING (kafka.server.BrokerServer)
<h9>: [2023-02-26 10:07:03,383] INFO [BrokerServer id=9] Starting broker (kafka.server.BrokerServer)
<h9>: [2023-02-26 10:07:03,398] INFO [ThrottledChannelReaper-Fetch]: Starting (kafka.server.ClientQuotaManager$ThrottledChannelReaper)
<h9>: [2023-02-26 10:07:03,406] INFO [ThrottledChannelReaper-Produce]: Starting (kafka.server.ClientQuotaManager$ThrottledChannelReaper)
<h9>: [2023-02-26 10:07:03,406] INFO [ThrottledChannelReaper-Request]: Starting (kafka.server.ClientQuotaManager$ThrottledChannelReaper)
<h9>: [2023-02-26 10:07:03,406] INFO [ThrottledChannelReaper-ControllerMutation]: Starting (kafka.server.ClientQuotaManager$ThrottledChannelReaper)
<h9>: [2023-02-26 10:07:03,472] INFO [BrokerToControllerChannelManager broker=9 name=forwarding]: Starting (kafka.server.BrokerToControllerRequestThread)
<h9>: [2023-02-26 10:07:03,585] INFO Updated connection-accept-rate max connection creation rate to 2147483647 (kafka.network.ConnectionQuotas)
<h9>: [2023-02-26 10:07:03,585] INFO Awaiting socket connections on 0.0.0.0:9092. (kafka.network.Acceptor)
<h9>: [2023-02-26 10:07:03,596] INFO [SocketServer listenerType=BROKER, nodeId=9] Created data-plane acceptor and processors for endpoint : ListenerName(PLAINTEXT) (kafka.network.SocketServer)
<h9>: [2023-02-26 10:07:03,639] INFO [BrokerToControllerChannelManager broker=9 name=alterIsr]: Starting (kafka.server.BrokerToControllerRequestThread)
<h9>: [2023-02-26 10:07:03,714] INFO [ExpirationReaper-9-Fetch]: Starting (kafka.server.DelayedOperationPurgatory$ExpiredOperationReaper)
<h9>: [2023-02-26 10:07:03,714] INFO [ExpirationReaper-9-Produce]: Starting (kafka.server.DelayedOperationPurgatory$ExpiredOperationReaper)
<h9>: [2023-02-26 10:07:03,716] INFO [ExpirationReaper-9-ElectLeader]: Starting (kafka.server.DelayedOperationPurgatory$ExpiredOperationReaper)
<h9>: [2023-02-26 10:07:03,716] INFO [ExpirationReaper-9-DeleteRecords]: Starting (kafka.server.DelayedOperationPurgatory$ExpiredOperationReaper)
<h9>: [2023-02-26 10:07:03,761] INFO [ExpirationReaper-9-Heartbeat]: Starting (kafka.server.DelayedOperationPurgatory$ExpiredOperationReaper)
<h9>: [2023-02-26 10:07:03,770] INFO [ExpirationReaper-9-Rebalance]: Starting (kafka.server.DelayedOperationPurgatory$ExpiredOperationReaper)
<h9>: [2023-02-26 10:07:03,827] INFO [RaftManager nodeId=9] Registered the listener kafka.server.metadata.BrokerMetadataListener@1773012052 (org.apache.kafka.raft.KafkaRaftClient)
<h9>: [2023-02-26 10:07:03,828] INFO [BrokerToControllerChannelManager broker=9 name=heartbeat]: Starting (kafka.server.BrokerToControllerRequestThread)
<h9>: [2023-02-26 10:07:03,834] INFO [BrokerLifecycleManager id=9] Incarnation lHD11-pNQNKCgNz9naUZSw of broker 9 in cluster JmL9ihFRQmSabrNWrYSpjg is now STARTING. (kafka.server.BrokerLifecycleManager)
<h9>: [2023-02-26 10:07:03,862] INFO [ExpirationReaper-9-AlterAcls]: Starting (kafka.server.DelayedOperationPurgatory$ExpiredOperationReaper)
<h9>: [2023-02-26 10:07:11,291] INFO [RaftManager nodeId=9] Completed transition to Unattached(epoch=1, voters=[1, 2, 3, 4, 5, 6, 7, 8, 9, 10], electionTimeoutMs=9631) (org.apache.kafka.raft.QuorumState)
<h9>: [2023-02-26 10:07:11,498] INFO [RaftManager nodeId=9] Completed transition to Voted(epoch=1, votedId=1, voters=[1, 2, 3, 4, 5, 6, 7, 8, 9, 10], electionTimeoutMs=11477) (org.apache.kafka.raft.QuorumState)
<h9>: [2023-02-26 10:07:11,501] INFO [RaftManager nodeId=9] Vote request VoteRequestData(clusterId='JmL9ihFRQmSabrNWrYSpjg', topics=[TopicData(topicName='__cluster_metadata', partitions=[PartitionData(partitionIndex=0, candidateEpoch=1, candidateId=1, lastOffsetEpoch=0, lastOffset=0)])]) with epoch 1 is granted (org.apache.kafka.raft.KafkaRaftClient)
<h9>: [2023-02-26 10:07:12,113] INFO [RaftManager nodeId=9] Completed transition to FollowerState(fetchTimeoutMs=20000, epoch=1, leaderId=1, voters=[1, 2, 3, 4, 5, 6, 7, 8, 9, 10], highWatermark=Optional.empty, fetchingSnapshot=Optional.empty) (org.apache.kafka.raft.QuorumState)
<h9>: [2023-02-26 10:07:12,124] INFO [BrokerToControllerChannelManager broker=9 name=forwarding]: Recorded new controller, from now on will use broker 10.0.0.1:19092 (id: 1 rack: null) (kafka.server.BrokerToControllerRequestThread)
<h9>: [2023-02-26 10:07:12,173] INFO [BrokerToControllerChannelManager broker=9 name=heartbeat]: Recorded new controller, from now on will use broker 10.0.0.1:19092 (id: 1 rack: null) (kafka.server.BrokerToControllerRequestThread)
<h9>: [2023-02-26 10:07:12,213] INFO [BrokerToControllerChannelManager broker=9 name=alterIsr]: Recorded new controller, from now on will use broker 10.0.0.1:19092 (id: 1 rack: null) (kafka.server.BrokerToControllerRequestThread)
<h9>: [2023-02-26 10:07:12,575] INFO [Controller 9] Registered new broker: RegisterBrokerRecord(brokerId=1, incarnationId=e1EuIXt8RlKoH-4VyqgMXg, brokerEpoch=0, endPoints=[BrokerEndpoint(name='PLAINTEXT', host='10.0.0.1', port=9092, securityProtocol=0)], features=[], rack=null, fenced=true) (org.apache.kafka.controller.ClusterControlManager)
<h9>: [2023-02-26 10:07:12,581] INFO [BrokerLifecycleManager id=9] Successfully registered broker 9 with broker epoch 3 (kafka.server.BrokerLifecycleManager)
<h9>: [2023-02-26 10:07:13,029] INFO [Controller 9] Registered new broker: RegisterBrokerRecord(brokerId=4, incarnationId=QhBR1oQjRx6UTaM3bmM7ww, brokerEpoch=1, endPoints=[BrokerEndpoint(name='PLAINTEXT', host='10.0.0.4', port=9092, securityProtocol=0)], features=[], rack=null, fenced=true) (org.apache.kafka.controller.ClusterControlManager)
<h9>: [2023-02-26 10:07:13,029] INFO [Controller 9] Registered new broker: RegisterBrokerRecord(brokerId=9, incarnationId=lHD11-pNQNKCgNz9naUZSw, brokerEpoch=3, endPoints=[BrokerEndpoint(name='PLAINTEXT', host='10.0.0.9', port=9092, securityProtocol=0)], features=[], rack=null, fenced=true) (org.apache.kafka.controller.ClusterControlManager)
<h9>: [2023-02-26 10:07:13,030] INFO [Controller 9] Registered new broker: RegisterBrokerRecord(brokerId=8, incarnationId=3htMB3DHSjqBZPPygSO9lA, brokerEpoch=4, endPoints=[BrokerEndpoint(name='PLAINTEXT', host='10.0.0.8', port=9092, securityProtocol=0)], features=[], rack=null, fenced=true) (org.apache.kafka.controller.ClusterControlManager)
<h9>: [2023-02-26 10:07:13,030] INFO [Controller 9] Registered new broker: RegisterBrokerRecord(brokerId=7, incarnationId=Kvy8a1n8STm2cgX4isEgoA, brokerEpoch=5, endPoints=[BrokerEndpoint(name='PLAINTEXT', host='10.0.0.7', port=9092, securityProtocol=0)], features=[], rack=null, fenced=true) (org.apache.kafka.controller.ClusterControlManager)
<h9>: [2023-02-26 10:07:13,030] INFO [Controller 9] Registered new broker: RegisterBrokerRecord(brokerId=2, incarnationId=v2HvlcVFSg6TC-cf-RbEaA, brokerEpoch=6, endPoints=[BrokerEndpoint(name='PLAINTEXT', host='10.0.0.2', port=9092, securityProtocol=0)], features=[], rack=null, fenced=true) (org.apache.kafka.controller.ClusterControlManager)
<h9>: [2023-02-26 10:07:13,031] INFO [Controller 9] Registered new broker: RegisterBrokerRecord(brokerId=3, incarnationId=jQYheGchRpWp47aYi00IRg, brokerEpoch=7, endPoints=[BrokerEndpoint(name='PLAINTEXT', host='10.0.0.3', port=9092, securityProtocol=0)], features=[], rack=null, fenced=true) (org.apache.kafka.controller.ClusterControlManager)
<h9>: [2023-02-26 10:07:13,031] INFO [Controller 9] Registered new broker: RegisterBrokerRecord(brokerId=5, incarnationId=Ih6-Y3HAQjem0CjQVoK7Zw, brokerEpoch=8, endPoints=[BrokerEndpoint(name='PLAINTEXT', host='10.0.0.5', port=9092, securityProtocol=0)], features=[], rack=null, fenced=true) (org.apache.kafka.controller.ClusterControlManager)
<h9>: [2023-02-26 10:07:13,031] INFO [Controller 9] Registered new broker: RegisterBrokerRecord(brokerId=6, incarnationId=GrTQiIdWSf-BvTgX2f5sHg, brokerEpoch=9, endPoints=[BrokerEndpoint(name='PLAINTEXT', host='10.0.0.6', port=9092, securityProtocol=0)], features=[], rack=null, fenced=true) (org.apache.kafka.controller.ClusterControlManager)
<h9>: [2023-02-26 10:07:13,544] INFO [Controller 9] Unfenced broker: UnfenceBrokerRecord(id=1, epoch=0) (org.apache.kafka.controller.ClusterControlManager)
<h9>: [2023-02-26 10:07:13,558] INFO [BrokerLifecycleManager id=9] The broker has caught up. Transitioning from STARTING to RECOVERY. (kafka.server.BrokerLifecycleManager)
<h9>: [2023-02-26 10:07:13,560] INFO [BrokerMetadataListener id=9] Starting to publish metadata events at offset 10. (kafka.server.metadata.BrokerMetadataListener)
<h9>: [2023-02-26 10:07:13,561] INFO [BrokerMetadataPublisher id=9] Publishing initial metadata at offset OffsetAndEpoch(offset=10, epoch=1). (kafka.server.metadata.BrokerMetadataPublisher)
<h9>: [2023-02-26 10:07:13,562] INFO Loading logs from log dirs ArraySeq(/home/visitor/neves/amnis-data-sync/./kafka-3.1.0/logs/kafka9) (kafka.log.LogManager)
<h9>: [2023-02-26 10:07:13,563] INFO Attempting recovery for all logs in /home/visitor/neves/amnis-data-sync/./kafka-3.1.0/logs/kafka9 since no clean shutdown file was found (kafka.log.LogManager)
<h9>: [2023-02-26 10:07:13,582] INFO [BrokerLifecycleManager id=9] The broker is in RECOVERY. (kafka.server.BrokerLifecycleManager)
<h9>: [2023-02-26 10:07:13,588] INFO Loaded 0 logs in 26ms. (kafka.log.LogManager)
<h9>: [2023-02-26 10:07:13,589] INFO Starting log cleanup with a period of 300000 ms. (kafka.log.LogManager)
<h9>: [2023-02-26 10:07:13,600] INFO Starting log flusher with a default period of 9223372036854775807 ms. (kafka.log.LogManager)
<h9>: [2023-02-26 10:07:13,735] INFO [GroupCoordinator 9]: Starting up. (kafka.coordinator.group.GroupCoordinator)
<h9>: [2023-02-26 10:07:13,750] INFO [LogDirFailureHandler]: Starting (kafka.server.ReplicaManager$LogDirFailureHandler)
<h9>: [2023-02-26 10:07:13,750] INFO [GroupCoordinator 9]: Startup complete. (kafka.coordinator.group.GroupCoordinator)
<h9>: [2023-02-26 10:07:13,751] INFO [TransactionCoordinator id=9] Starting up. (kafka.coordinator.transaction.TransactionCoordinator)
<h9>: [2023-02-26 10:07:13,765] INFO [TransactionCoordinator id=9] Startup complete. (kafka.coordinator.transaction.TransactionCoordinator)
<h9>: [2023-02-26 10:07:13,803] INFO [Transaction Marker Channel Manager 9]: Starting (kafka.coordinator.transaction.TransactionMarkerChannelManager)
<h9>: [2023-02-26 10:07:13,831] INFO KafkaConfig values: 
<h9>: 	advertised.listeners = PLAINTEXT://10.0.0.9:9092
<h9>: 	alter.config.policy.class.name = null
<h9>: 	alter.log.dirs.replication.quota.window.num = 11
<h9>: 	alter.log.dirs.replication.quota.window.size.seconds = 1
<h9>: 	authorizer.class.name = 
<h9>: 	auto.create.topics.enable = true
<h9>: 	auto.leader.rebalance.enable = true
<h9>: 	background.threads = 10
<h9>: 	broker.heartbeat.interval.ms = 2000
<h9>: 	broker.id = 9
<h9>: 	broker.id.generation.enable = true
<h9>: 	broker.rack = null
<h9>: 	broker.session.timeout.ms = 120000
<h9>: 	client.quota.callback.class = null
<h9>: 	compression.type = producer
<h9>: 	connection.failed.authentication.delay.ms = 100
<h9>: 	connections.max.idle.ms = 600000
<h9>: 	connections.max.reauth.ms = 0
<h9>: 	control.plane.listener.name = null
<h9>: 	controlled.shutdown.enable = true
<h9>: 	controlled.shutdown.max.retries = 3
<h9>: 	controlled.shutdown.retry.backoff.ms = 5000
<h9>: 	controller.listener.names = CONTROLLER
<h9>: 	controller.quorum.append.linger.ms = 25
<h9>: 	controller.quorum.election.backoff.max.ms = 10000
<h9>: 	controller.quorum.election.timeout.ms = 10000
<h9>: 	controller.quorum.fetch.timeout.ms = 20000
<h9>: 	controller.quorum.request.timeout.ms = 120000
<h9>: 	controller.quorum.retry.backoff.ms = 20
<h9>: 	controller.quorum.voters = [1@10.0.0.1:19092, 2@10.0.0.2:19093, 3@10.0.0.3:19094, 4@10.0.0.4:19095, 5@10.0.0.5:19096, 6@10.0.0.6:19097, 7@10.0.0.7:19098, 8@10.0.0.8:19099, 9@10.0.0.9:19100, 10@10.0.0.10:19101:9093]
<h9>: 	controller.quota.window.num = 11
<h9>: 	controller.quota.window.size.seconds = 1
<h9>: 	controller.socket.timeout.ms = 300000
<h9>: 	create.topic.policy.class.name = null
<h9>: 	default.replication.factor = 1
<h9>: 	delegation.token.expiry.check.interval.ms = 3600000
<h9>: 	delegation.token.expiry.time.ms = 86400000
<h9>: 	delegation.token.master.key = null
<h9>: 	delegation.token.max.lifetime.ms = 604800000
<h9>: 	delegation.token.secret.key = null
<h9>: 	delete.records.purgatory.purge.interval.requests = 1
<h9>: 	delete.topic.enable = true
<h9>: 	fetch.max.bytes = 57671680
<h9>: 	fetch.purgatory.purge.interval.requests = 1000
<h9>: 	group.initial.rebalance.delay.ms = 3000
<h9>: 	group.max.session.timeout.ms = 1800000
<h9>: 	group.max.size = 2147483647
<h9>: 	group.min.session.timeout.ms = 6000
<h9>: 	initial.broker.registration.timeout.ms = 180000
<h9>: 	inter.broker.listener.name = PLAINTEXT
<h9>: 	inter.broker.protocol.version = 3.1-IV0
<h9>: 	kafka.metrics.polling.interval.secs = 10
<h9>: 	kafka.metrics.reporters = []
<h9>: 	leader.imbalance.check.interval.seconds = 300
<h9>: 	leader.imbalance.per.broker.percentage = 10
<h9>: 	listener.security.protocol.map = PLAINTEXT:PLAINTEXT,SSL:SSL,SASL_PLAINTEXT:SASL_PLAINTEXT,SASL_SSL:SASL_SSL
<h9>: 	listeners = PLAINTEXT://:9092,CONTROLLER://10.0.0.9:19100
<h9>: 	log.cleaner.backoff.ms = 15000
<h9>: 	log.cleaner.dedupe.buffer.size = 134217728
<h9>: 	log.cleaner.delete.retention.ms = 86400000
<h9>: 	log.cleaner.enable = true
<h9>: 	log.cleaner.io.buffer.load.factor = 0.9
<h9>: 	log.cleaner.io.buffer.size = 524288
<h9>: 	log.cleaner.io.max.bytes.per.second = 1.7976931348623157E308
<h9>: 	log.cleaner.max.compaction.lag.ms = 9223372036854775807
<h9>: 	log.cleaner.min.cleanable.ratio = 0.5
<h9>: 	log.cleaner.min.compaction.lag.ms = 0
<h9>: 	log.cleaner.threads = 1
<h9>: 	log.cleanup.policy = [delete]
<h9>: 	log.dir = /tmp/kafka-logs
<h9>: 	log.dirs = ./kafka-3.1.0/logs/kafka9
<h9>: 	log.flush.interval.messages = 9223372036854775807
<h9>: 	log.flush.interval.ms = null
<h9>: 	log.flush.offset.checkpoint.interval.ms = 60000
<h9>: 	log.flush.scheduler.interval.ms = 9223372036854775807
<h9>: 	log.flush.start.offset.checkpoint.interval.ms = 60000
<h9>: 	log.index.interval.bytes = 4096
<h9>: 	log.index.size.max.bytes = 10485760
<h9>: 	log.message.downconversion.enable = true
<h9>: 	log.message.format.version = 3.0-IV1
<h9>: 	log.message.timestamp.difference.max.ms = 9223372036854775807
<h9>: 	log.message.timestamp.type = CreateTime
<h9>: 	log.preallocate = false
<h9>: 	log.retention.bytes = -1
<h9>: 	log.retention.check.interval.ms = 300000
<h9>: 	log.retention.hours = 168
<h9>: 	log.retention.minutes = null
<h9>: 	log.retention.ms = null
<h9>: 	log.roll.hours = 168
<h9>: 	log.roll.jitter.hours = 0
<h9>: 	log.roll.jitter.ms = null
<h9>: 	log.roll.ms = null
<h9>: 	log.segment.bytes = 1073741824
<h9>: 	log.segment.delete.delay.ms = 60000
<h9>: 	max.connection.creation.rate = 2147483647
<h9>: 	max.connections = 2147483647
<h9>: 	max.connections.per.ip = 2147483647
<h9>: 	max.connections.per.ip.overrides = 
<h9>: 	max.incremental.fetch.session.cache.slots = 1000
<h9>: 	message.max.bytes = 1048588
<h9>: 	metadata.log.dir = null
<h9>: 	metadata.log.max.record.bytes.between.snapshots = 20971520
<h9>: 	metadata.log.segment.bytes = 1073741824
<h9>: 	metadata.log.segment.min.bytes = 8388608
<h9>: 	metadata.log.segment.ms = 604800000
<h9>: 	metadata.max.retention.bytes = -1
<h9>: 	metadata.max.retention.ms = 604800000
<h9>: 	metric.reporters = []
<h9>: 	metrics.num.samples = 2
<h9>: 	metrics.recording.level = INFO
<h9>: 	metrics.sample.window.ms = 30000
<h9>: 	min.insync.replicas = 1
<h9>: 	node.id = 9
<h9>: 	num.io.threads = 8
<h9>: 	num.network.threads = 3
<h9>: 	num.partitions = 1
<h9>: 	num.recovery.threads.per.data.dir = 1
<h9>: 	num.replica.alter.log.dirs.threads = null
<h9>: 	num.replica.fetchers = 1
<h9>: 	offset.metadata.max.bytes = 4096
<h9>: 	offsets.commit.required.acks = -1
<h9>: 	offsets.commit.timeout.ms = 5000
<h9>: 	offsets.load.buffer.size = 5242880
<h9>: 	offsets.retention.check.interval.ms = 600000
<h9>: 	offsets.retention.minutes = 10080
<h9>: 	offsets.topic.compression.codec = 0
<h9>: 	offsets.topic.num.partitions = 50
<h9>: 	offsets.topic.replication.factor = 1
<h9>: 	offsets.topic.segment.bytes = 104857600
<h9>: 	password.encoder.cipher.algorithm = AES/CBC/PKCS5Padding
<h9>: 	password.encoder.iterations = 4096
<h9>: 	password.encoder.key.length = 128
<h9>: 	password.encoder.keyfactory.algorithm = null
<h9>: 	password.encoder.old.secret = null
<h9>: 	password.encoder.secret = null
<h9>: 	principal.builder.class = class org.apache.kafka.common.security.authenticator.DefaultKafkaPrincipalBuilder
<h9>: 	process.roles = [broker, controller]
<h9>: 	producer.purgatory.purge.interval.requests = 1000
<h9>: 	queued.max.request.bytes = -1
<h9>: 	queued.max.requests = 500
<h9>: 	quota.window.num = 11
<h9>: 	quota.window.size.seconds = 1
<h9>: 	remote.log.index.file.cache.total.size.bytes = 1073741824
<h9>: 	remote.log.manager.task.interval.ms = 30000
<h9>: 	remote.log.manager.task.retry.backoff.max.ms = 30000
<h9>: 	remote.log.manager.task.retry.backoff.ms = 500
<h9>: 	remote.log.manager.task.retry.jitter = 0.2
<h9>: 	remote.log.manager.thread.pool.size = 10
<h9>: 	remote.log.metadata.manager.class.name = null
<h9>: 	remote.log.metadata.manager.class.path = null
<h9>: 	remote.log.metadata.manager.impl.prefix = null
<h9>: 	remote.log.metadata.manager.listener.name = null
<h9>: 	remote.log.reader.max.pending.tasks = 100
<h9>: 	remote.log.reader.threads = 10
<h9>: 	remote.log.storage.manager.class.name = null
<h9>: 	remote.log.storage.manager.class.path = null
<h9>: 	remote.log.storage.manager.impl.prefix = null
<h9>: 	remote.log.storage.system.enable = false
<h9>: 	replica.fetch.backoff.ms = 1000
<h9>: 	replica.fetch.max.bytes = 1048576
<h9>: 	replica.fetch.min.bytes = 1
<h9>: 	replica.fetch.response.max.bytes = 10485760
<h9>: 	replica.fetch.wait.max.ms = 500
<h9>: 	replica.high.watermark.checkpoint.interval.ms = 5000
<h9>: 	replica.lag.time.max.ms = 30000
<h9>: 	replica.selector.class = null
<h9>: 	replica.socket.receive.buffer.bytes = 65536
<h9>: 	replica.socket.timeout.ms = 30000
<h9>: 	replication.quota.window.num = 11
<h9>: 	replication.quota.window.size.seconds = 1
<h9>: 	request.timeout.ms = 300000
<h9>: 	reserved.broker.max.id = 1000
<h9>: 	sasl.client.callback.handler.class = null
<h9>: 	sasl.enabled.mechanisms = [GSSAPI]
<h9>: 	sasl.jaas.config = null
<h9>: 	sasl.kerberos.kinit.cmd = /usr/bin/kinit
<h9>: 	sasl.kerberos.min.time.before.relogin = 60000
<h9>: 	sasl.kerberos.principal.to.local.rules = [DEFAULT]
<h9>: 	sasl.kerberos.service.name = null
<h9>: 	sasl.kerberos.ticket.renew.jitter = 0.05
<h9>: 	sasl.kerberos.ticket.renew.window.factor = 0.8
<h9>: 	sasl.login.callback.handler.class = null
<h9>: 	sasl.login.class = null
<h9>: 	sasl.login.connect.timeout.ms = null
<h9>: 	sasl.login.read.timeout.ms = null
<h9>: 	sasl.login.refresh.buffer.seconds = 300
<h9>: 	sasl.login.refresh.min.period.seconds = 60
<h9>: 	sasl.login.refresh.window.factor = 0.8
<h9>: 	sasl.login.refresh.window.jitter = 0.05
<h9>: 	sasl.login.retry.backoff.max.ms = 10000
<h9>: 	sasl.login.retry.backoff.ms = 100
<h9>: 	sasl.mechanism.controller.protocol = GSSAPI
<h9>: 	sasl.mechanism.inter.broker.protocol = GSSAPI
<h9>: 	sasl.oauthbearer.clock.skew.seconds = 30
<h9>: 	sasl.oauthbearer.expected.audience = null
<h9>: 	sasl.oauthbearer.expected.issuer = null
<h9>: 	sasl.oauthbearer.jwks.endpoint.refresh.ms = 3600000
<h9>: 	sasl.oauthbearer.jwks.endpoint.retry.backoff.max.ms = 10000
<h9>: 	sasl.oauthbearer.jwks.endpoint.retry.backoff.ms = 100
<h9>: 	sasl.oauthbearer.jwks.endpoint.url = null
<h9>: 	sasl.oauthbearer.scope.claim.name = scope
<h9>: 	sasl.oauthbearer.sub.claim.name = sub
<h9>: 	sasl.oauthbearer.token.endpoint.url = null
<h9>: 	sasl.server.callback.handler.class = null
<h9>: 	security.inter.broker.protocol = PLAINTEXT
<h9>: 	security.providers = null
<h9>: 	socket.connection.setup.timeout.max.ms = 300000
<h9>: 	socket.connection.setup.timeout.ms = 120000
<h9>: 	socket.receive.buffer.bytes = 102400
<h9>: 	socket.request.max.bytes = 104857600
<h9>: 	socket.send.buffer.bytes = 102400
<h9>: 	ssl.cipher.suites = []
<h9>: 	ssl.client.auth = none
<h9>: 	ssl.enabled.protocols = [TLSv1.2, TLSv1.3]
<h9>: 	ssl.endpoint.identification.algorithm = https
<h9>: 	ssl.engine.factory.class = null
<h9>: 	ssl.key.password = null
<h9>: 	ssl.keymanager.algorithm = SunX509
<h9>: 	ssl.keystore.certificate.chain = null
<h9>: 	ssl.keystore.key = null
<h9>: 	ssl.keystore.location = null
<h9>: 	ssl.keystore.password = null
<h9>: 	ssl.keystore.type = JKS
<h9>: 	ssl.principal.mapping.rules = DEFAULT
<h9>: 	ssl.protocol = TLSv1.3
<h9>: 	ssl.provider = null
<h9>: 	ssl.secure.random.implementation = null
<h9>: 	ssl.trustmanager.algorithm = PKIX
<h9>: 	ssl.truststore.certificates = null
<h9>: 	ssl.truststore.location = null
<h9>: 	ssl.truststore.password = null
<h9>: 	ssl.truststore.type = JKS
<h9>: 	transaction.abort.timed.out.transaction.cleanup.interval.ms = 10000
<h9>: 	transaction.max.timeout.ms = 900000
<h9>: 	transaction.remove.expired.transaction.cleanup.interval.ms = 3600000
<h9>: 	transaction.state.log.load.buffer.size = 5242880
<h9>: 	transaction.state.log.min.isr = 1
<h9>: 	transaction.state.log.num.partitions = 50
<h9>: 	transaction.state.log.replication.factor = 1
<h9>: 	transaction.state.log.segment.bytes = 104857600
<h9>: 	transactional.id.expiration.ms = 604800000
<h9>: 	unclean.leader.election.enable = false
<h9>: 	zookeeper.clientCnxnSocket = null
<h9>: 	zookeeper.connect = null
<h9>: 	zookeeper.connection.timeout.ms = null
<h9>: 	zookeeper.max.in.flight.requests = 10
<h9>: 	zookeeper.session.timeout.ms = 18000
<h9>: 	zookeeper.set.acl = false
<h9>: 	zookeeper.ssl.cipher.suites = null
<h9>: 	zookeeper.ssl.client.enable = false
<h9>: 	zookeeper.ssl.crl.enable = false
<h9>: 	zookeeper.ssl.enabled.protocols = null
<h9>: 	zookeeper.ssl.endpoint.identification.algorithm = HTTPS
<h9>: 	zookeeper.ssl.keystore.location = null
<h9>: 	zookeeper.ssl.keystore.password = null
<h9>: 	zookeeper.ssl.keystore.type = null
<h9>: 	zookeeper.ssl.ocsp.enable = false
<h9>: 	zookeeper.ssl.protocol = TLSv1.2
<h9>: 	zookeeper.ssl.truststore.location = null
<h9>: 	zookeeper.ssl.truststore.password = null
<h9>: 	zookeeper.ssl.truststore.type = null
<h9>: 	zookeeper.sync.time.ms = 2000
<h9>:  (kafka.server.KafkaConfig)
<h9>: [2023-02-26 10:07:13,835] INFO [SocketServer listenerType=BROKER, nodeId=9] Starting socket server acceptors and processors (kafka.network.SocketServer)
<h9>: [2023-02-26 10:07:13,857] INFO [SocketServer listenerType=BROKER, nodeId=9] Started data-plane acceptor and processor(s) for endpoint : ListenerName(PLAINTEXT) (kafka.network.SocketServer)
<h9>: [2023-02-26 10:07:13,857] INFO [SocketServer listenerType=BROKER, nodeId=9] Started socket server acceptors and processors (kafka.network.SocketServer)
<h9>: [2023-02-26 10:07:13,858] INFO [BrokerServer id=9] Transition from STARTING to STARTED (kafka.server.BrokerServer)
<h9>: [2023-02-26 10:07:13,859] INFO Kafka version: 3.1.0 (org.apache.kafka.common.utils.AppInfoParser)
<h9>: [2023-02-26 10:07:13,859] INFO Kafka commitId: unknown (org.apache.kafka.common.utils.AppInfoParser)
<h9>: [2023-02-26 10:07:13,859] INFO Kafka startTimeMs: 1677420433858 (org.apache.kafka.common.utils.AppInfoParser)
<h9>: [2023-02-26 10:07:13,860] INFO Kafka Server started (kafka.server.KafkaRaftServer)
<h9>: [2023-02-26 10:07:14,086] INFO [BrokerLifecycleManager id=9] The broker has been unfenced. Transitioning from RECOVERY to RUNNING. (kafka.server.BrokerLifecycleManager)
<h9>: [2023-02-26 10:07:14,179] INFO [Controller 9] Unfenced broker: UnfenceBrokerRecord(id=9, epoch=3) (org.apache.kafka.controller.ClusterControlManager)
<h9>: [2023-02-26 10:07:14,690] INFO [Controller 9] Unfenced broker: UnfenceBrokerRecord(id=6, epoch=9) (org.apache.kafka.controller.ClusterControlManager)
<h9>: [2023-02-26 10:07:14,690] INFO [Controller 9] Unfenced broker: UnfenceBrokerRecord(id=3, epoch=7) (org.apache.kafka.controller.ClusterControlManager)
<h9>: [2023-02-26 10:07:14,690] INFO [Controller 9] Unfenced broker: UnfenceBrokerRecord(id=2, epoch=6) (org.apache.kafka.controller.ClusterControlManager)
<h9>: [2023-02-26 10:07:14,690] INFO [Controller 9] Unfenced broker: UnfenceBrokerRecord(id=5, epoch=8) (org.apache.kafka.controller.ClusterControlManager)
<h9>: [2023-02-26 10:07:14,690] INFO [Controller 9] Unfenced broker: UnfenceBrokerRecord(id=7, epoch=5) (org.apache.kafka.controller.ClusterControlManager)
<h9>: [2023-02-26 10:07:14,690] INFO [Controller 9] Unfenced broker: UnfenceBrokerRecord(id=4, epoch=1) (org.apache.kafka.controller.ClusterControlManager)
<h9>: [2023-02-26 10:07:14,691] INFO [Controller 9] Unfenced broker: UnfenceBrokerRecord(id=8, epoch=4) (org.apache.kafka.controller.ClusterControlManager)
<h9>: [2023-02-26 10:07:17,134] INFO [RaftManager nodeId=9] Vote request VoteRequestData(clusterId='JmL9ihFRQmSabrNWrYSpjg', topics=[TopicData(topicName='__cluster_metadata', partitions=[PartitionData(partitionIndex=0, candidateEpoch=1, candidateId=10, lastOffsetEpoch=0, lastOffset=0)])]) with epoch 1 is rejected (org.apache.kafka.raft.KafkaRaftClient)
<h9>: [2023-02-26 10:07:17,717] INFO [Controller 9] Registered new broker: RegisterBrokerRecord(brokerId=10, incarnationId=wkD6EoKsSYWHOwIUFXg-FQ, brokerEpoch=19, endPoints=[BrokerEndpoint(name='PLAINTEXT', host='10.0.0.10', port=9092, securityProtocol=0)], features=[], rack=null, fenced=true) (org.apache.kafka.controller.ClusterControlManager)
<h9>: [2023-02-26 10:07:18,107] INFO [Controller 9] Unfenced broker: UnfenceBrokerRecord(id=10, epoch=19) (org.apache.kafka.controller.ClusterControlManager)
<h9>: [2023-02-26 10:07:18,622] INFO [Controller 9] Created topic topic-1 with topic ID XtmP4FmURRuh8WuG1MOCdw. (org.apache.kafka.controller.ReplicationControlManager)
<h9>: [2023-02-26 10:07:18,634] INFO [Controller 9] Created partition topic-1-0 with topic ID XtmP4FmURRuh8WuG1MOCdw and PartitionRegistration(replicas=[9, 10, 1, 2, 3, 4, 5, 6, 7, 8], isr=[9, 10, 1, 2, 3, 4, 5, 6, 7, 8], removingReplicas=[], addingReplicas=[], leader=9, leaderEpoch=0, partitionEpoch=0). (org.apache.kafka.controller.ReplicationControlManager)
<h9>: [2023-02-26 10:07:18,637] INFO [ReplicaFetcherManager on broker 9] Removed fetcher for partitions Set(topic-1-0) (kafka.server.ReplicaFetcherManager)
<h9>: [2023-02-26 10:07:18,690] INFO [LogLoader partition=topic-1-0, dir=/home/visitor/neves/amnis-data-sync/./kafka-3.1.0/logs/kafka9] Loading producer state till offset 0 with message format version 2 (kafka.log.UnifiedLog$)
<h9>: [2023-02-26 10:07:18,726] INFO Created log for partition topic-1-0 in /home/visitor/neves/amnis-data-sync/./kafka-3.1.0/logs/kafka9/topic-1-0 with properties {} (kafka.log.LogManager)
<h9>: [2023-02-26 10:07:18,733] INFO [Partition topic-1-0 broker=9] No checkpointed highwatermark is found for partition topic-1-0 (kafka.cluster.Partition)
<h9>: [2023-02-26 10:07:18,734] INFO [Partition topic-1-0 broker=9] Log loaded for partition topic-1-0 with initial high watermark 0 (kafka.cluster.Partition)
<h9>: [2023-02-26 10:07:18,761] INFO Sent auto-creation request for Set(__consumer_offsets) to the active controller. (kafka.server.DefaultAutoTopicCreationManager)
<h9>: [2023-02-26 10:07:18,874] INFO Sent auto-creation request for Set(__consumer_offsets) to the active controller. (kafka.server.DefaultAutoTopicCreationManager)
<h9>: [2023-02-26 10:07:19,158] INFO Sent auto-creation request for Set(__consumer_offsets) to the active controller. (kafka.server.DefaultAutoTopicCreationManager)
<h9>: [2023-02-26 10:07:19,270] INFO Sent auto-creation request for Set(__consumer_offsets) to the active controller. (kafka.server.DefaultAutoTopicCreationManager)
<h9>: [2023-02-26 10:07:19,387] INFO [ReplicaFetcherManager on broker 9] Removed fetcher for partitions Set(__consumer_offsets-47, __consumer_offsets-7, __consumer_offsets-22, __consumer_offsets-11, __consumer_offsets-34) (kafka.server.ReplicaFetcherManager)
<h9>: [2023-02-26 10:07:19,394] INFO [Controller 9] ConfigResource(type=TOPIC, name='__consumer_offsets'): set configuration compression.type to producer (org.apache.kafka.controller.ConfigurationControlManager)
<h9>: [2023-02-26 10:07:19,394] INFO [Controller 9] ConfigResource(type=TOPIC, name='__consumer_offsets'): set configuration cleanup.policy to compact (org.apache.kafka.controller.ConfigurationControlManager)
<h9>: [2023-02-26 10:07:19,394] INFO [Controller 9] ConfigResource(type=TOPIC, name='__consumer_offsets'): set configuration segment.bytes to 104857600 (org.apache.kafka.controller.ConfigurationControlManager)
<h9>: [2023-02-26 10:07:19,394] INFO [Controller 9] Created topic __consumer_offsets with topic ID lTK_5yiEQm25Ip0wxTt2JQ. (org.apache.kafka.controller.ReplicationControlManager)
<h9>: [2023-02-26 10:07:19,394] INFO [Controller 9] Created partition __consumer_offsets-0 with topic ID lTK_5yiEQm25Ip0wxTt2JQ and PartitionRegistration(replicas=[2], isr=[2], removingReplicas=[], addingReplicas=[], leader=2, leaderEpoch=0, partitionEpoch=0). (org.apache.kafka.controller.ReplicationControlManager)
<h9>: [2023-02-26 10:07:19,394] INFO [Controller 9] Created partition __consumer_offsets-1 with topic ID lTK_5yiEQm25Ip0wxTt2JQ and PartitionRegistration(replicas=[3], isr=[3], removingReplicas=[], addingReplicas=[], leader=3, leaderEpoch=0, partitionEpoch=0). (org.apache.kafka.controller.ReplicationControlManager)
<h9>: [2023-02-26 10:07:19,394] INFO [Controller 9] Created partition __consumer_offsets-2 with topic ID lTK_5yiEQm25Ip0wxTt2JQ and PartitionRegistration(replicas=[4], isr=[4], removingReplicas=[], addingReplicas=[], leader=4, leaderEpoch=0, partitionEpoch=0). (org.apache.kafka.controller.ReplicationControlManager)
<h9>: [2023-02-26 10:07:19,394] INFO [Controller 9] Created partition __consumer_offsets-3 with topic ID lTK_5yiEQm25Ip0wxTt2JQ and PartitionRegistration(replicas=[5], isr=[5], removingReplicas=[], addingReplicas=[], leader=5, leaderEpoch=0, partitionEpoch=0). (org.apache.kafka.controller.ReplicationControlManager)
<h9>: [2023-02-26 10:07:19,394] INFO [Controller 9] Created partition __consumer_offsets-4 with topic ID lTK_5yiEQm25Ip0wxTt2JQ and PartitionRegistration(replicas=[6], isr=[6], removingReplicas=[], addingReplicas=[], leader=6, leaderEpoch=0, partitionEpoch=0). (org.apache.kafka.controller.ReplicationControlManager)
<h9>: [2023-02-26 10:07:19,394] INFO [Controller 9] Created partition __consumer_offsets-5 with topic ID lTK_5yiEQm25Ip0wxTt2JQ and PartitionRegistration(replicas=[7], isr=[7], removingReplicas=[], addingReplicas=[], leader=7, leaderEpoch=0, partitionEpoch=0). (org.apache.kafka.controller.ReplicationControlManager)
<h9>: [2023-02-26 10:07:19,394] INFO [Controller 9] Created partition __consumer_offsets-6 with topic ID lTK_5yiEQm25Ip0wxTt2JQ and PartitionRegistration(replicas=[8], isr=[8], removingReplicas=[], addingReplicas=[], leader=8, leaderEpoch=0, partitionEpoch=0). (org.apache.kafka.controller.ReplicationControlManager)
<h9>: [2023-02-26 10:07:19,394] INFO [Controller 9] Created partition __consumer_offsets-7 with topic ID lTK_5yiEQm25Ip0wxTt2JQ and PartitionRegistration(replicas=[9], isr=[9], removingReplicas=[], addingReplicas=[], leader=9, leaderEpoch=0, partitionEpoch=0). (org.apache.kafka.controller.ReplicationControlManager)
<h9>: [2023-02-26 10:07:19,395] INFO [Controller 9] Created partition __consumer_offsets-8 with topic ID lTK_5yiEQm25Ip0wxTt2JQ and PartitionRegistration(replicas=[10], isr=[10], removingReplicas=[], addingReplicas=[], leader=10, leaderEpoch=0, partitionEpoch=0). (org.apache.kafka.controller.ReplicationControlManager)
<h9>: [2023-02-26 10:07:19,395] INFO [Controller 9] Created partition __consumer_offsets-9 with topic ID lTK_5yiEQm25Ip0wxTt2JQ and PartitionRegistration(replicas=[1], isr=[1], removingReplicas=[], addingReplicas=[], leader=1, leaderEpoch=0, partitionEpoch=0). (org.apache.kafka.controller.ReplicationControlManager)
<h9>: [2023-02-26 10:07:19,395] INFO [Controller 9] Created partition __consumer_offsets-10 with topic ID lTK_5yiEQm25Ip0wxTt2JQ and PartitionRegistration(replicas=[7], isr=[7], removingReplicas=[], addingReplicas=[], leader=7, leaderEpoch=0, partitionEpoch=0). (org.apache.kafka.controller.ReplicationControlManager)
<h9>: [2023-02-26 10:07:19,395] INFO [Controller 9] Created partition __consumer_offsets-11 with topic ID lTK_5yiEQm25Ip0wxTt2JQ and PartitionRegistration(replicas=[9], isr=[9], removingReplicas=[], addingReplicas=[], leader=9, leaderEpoch=0, partitionEpoch=0). (org.apache.kafka.controller.ReplicationControlManager)
<h9>: [2023-02-26 10:07:19,395] INFO [Controller 9] Created partition __consumer_offsets-12 with topic ID lTK_5yiEQm25Ip0wxTt2JQ and PartitionRegistration(replicas=[2], isr=[2], removingReplicas=[], addingReplicas=[], leader=2, leaderEpoch=0, partitionEpoch=0). (org.apache.kafka.controller.ReplicationControlManager)
<h9>: [2023-02-26 10:07:19,395] INFO [Controller 9] Created partition __consumer_offsets-13 with topic ID lTK_5yiEQm25Ip0wxTt2JQ and PartitionRegistration(replicas=[10], isr=[10], removingReplicas=[], addingReplicas=[], leader=10, leaderEpoch=0, partitionEpoch=0). (org.apache.kafka.controller.ReplicationControlManager)
<h9>: [2023-02-26 10:07:19,403] INFO [Controller 9] Created partition __consumer_offsets-14 with topic ID lTK_5yiEQm25Ip0wxTt2JQ and PartitionRegistration(replicas=[4], isr=[4], removingReplicas=[], addingReplicas=[], leader=4, leaderEpoch=0, partitionEpoch=0). (org.apache.kafka.controller.ReplicationControlManager)
<h9>: [2023-02-26 10:07:19,403] INFO [Controller 9] Created partition __consumer_offsets-15 with topic ID lTK_5yiEQm25Ip0wxTt2JQ and PartitionRegistration(replicas=[5], isr=[5], removingReplicas=[], addingReplicas=[], leader=5, leaderEpoch=0, partitionEpoch=0). (org.apache.kafka.controller.ReplicationControlManager)
<h9>: [2023-02-26 10:07:19,403] INFO [Controller 9] Created partition __consumer_offsets-16 with topic ID lTK_5yiEQm25Ip0wxTt2JQ and PartitionRegistration(replicas=[8], isr=[8], removingReplicas=[], addingReplicas=[], leader=8, leaderEpoch=0, partitionEpoch=0). (org.apache.kafka.controller.ReplicationControlManager)
<h9>: [2023-02-26 10:07:19,403] INFO [Controller 9] Created partition __consumer_offsets-17 with topic ID lTK_5yiEQm25Ip0wxTt2JQ and PartitionRegistration(replicas=[6], isr=[6], removingReplicas=[], addingReplicas=[], leader=6, leaderEpoch=0, partitionEpoch=0). (org.apache.kafka.controller.ReplicationControlManager)
<h9>: [2023-02-26 10:07:19,403] INFO [Controller 9] Created partition __consumer_offsets-18 with topic ID lTK_5yiEQm25Ip0wxTt2JQ and PartitionRegistration(replicas=[1], isr=[1], removingReplicas=[], addingReplicas=[], leader=1, leaderEpoch=0, partitionEpoch=0). (org.apache.kafka.controller.ReplicationControlManager)
<h9>: [2023-02-26 10:07:19,403] INFO [Controller 9] Created partition __consumer_offsets-19 with topic ID lTK_5yiEQm25Ip0wxTt2JQ and PartitionRegistration(replicas=[3], isr=[3], removingReplicas=[], addingReplicas=[], leader=3, leaderEpoch=0, partitionEpoch=0). (org.apache.kafka.controller.ReplicationControlManager)
<h9>: [2023-02-26 10:07:19,404] INFO [Controller 9] Created partition __consumer_offsets-20 with topic ID lTK_5yiEQm25Ip0wxTt2JQ and PartitionRegistration(replicas=[7], isr=[7], removingReplicas=[], addingReplicas=[], leader=7, leaderEpoch=0, partitionEpoch=0). (org.apache.kafka.controller.ReplicationControlManager)
<h9>: [2023-02-26 10:07:19,404] INFO [Controller 9] Created partition __consumer_offsets-21 with topic ID lTK_5yiEQm25Ip0wxTt2JQ and PartitionRegistration(replicas=[1], isr=[1], removingReplicas=[], addingReplicas=[], leader=1, leaderEpoch=0, partitionEpoch=0). (org.apache.kafka.controller.ReplicationControlManager)
<h9>: [2023-02-26 10:07:19,404] INFO [Controller 9] Created partition __consumer_offsets-22 with topic ID lTK_5yiEQm25Ip0wxTt2JQ and PartitionRegistration(replicas=[9], isr=[9], removingReplicas=[], addingReplicas=[], leader=9, leaderEpoch=0, partitionEpoch=0). (org.apache.kafka.controller.ReplicationControlManager)
<h9>: [2023-02-26 10:07:19,404] INFO [Controller 9] Created partition __consumer_offsets-23 with topic ID lTK_5yiEQm25Ip0wxTt2JQ and PartitionRegistration(replicas=[6], isr=[6], removingReplicas=[], addingReplicas=[], leader=6, leaderEpoch=0, partitionEpoch=0). (org.apache.kafka.controller.ReplicationControlManager)
<h9>: [2023-02-26 10:07:19,404] INFO [Controller 9] Created partition __consumer_offsets-24 with topic ID lTK_5yiEQm25Ip0wxTt2JQ and PartitionRegistration(replicas=[5], isr=[5], removingReplicas=[], addingReplicas=[], leader=5, leaderEpoch=0, partitionEpoch=0). (org.apache.kafka.controller.ReplicationControlManager)
<h9>: [2023-02-26 10:07:19,404] INFO [Controller 9] Created partition __consumer_offsets-25 with topic ID lTK_5yiEQm25Ip0wxTt2JQ and PartitionRegistration(replicas=[2], isr=[2], removingReplicas=[], addingReplicas=[], leader=2, leaderEpoch=0, partitionEpoch=0). (org.apache.kafka.controller.ReplicationControlManager)
<h9>: [2023-02-26 10:07:19,404] INFO [Controller 9] Created partition __consumer_offsets-26 with topic ID lTK_5yiEQm25Ip0wxTt2JQ and PartitionRegistration(replicas=[8], isr=[8], removingReplicas=[], addingReplicas=[], leader=8, leaderEpoch=0, partitionEpoch=0). (org.apache.kafka.controller.ReplicationControlManager)
<h9>: [2023-02-26 10:07:19,404] INFO [Controller 9] Created partition __consumer_offsets-27 with topic ID lTK_5yiEQm25Ip0wxTt2JQ and PartitionRegistration(replicas=[10], isr=[10], removingReplicas=[], addingReplicas=[], leader=10, leaderEpoch=0, partitionEpoch=0). (org.apache.kafka.controller.ReplicationControlManager)
<h9>: [2023-02-26 10:07:19,404] INFO [Controller 9] Created partition __consumer_offsets-28 with topic ID lTK_5yiEQm25Ip0wxTt2JQ and PartitionRegistration(replicas=[4], isr=[4], removingReplicas=[], addingReplicas=[], leader=4, leaderEpoch=0, partitionEpoch=0). (org.apache.kafka.controller.ReplicationControlManager)
<h9>: [2023-02-26 10:07:19,404] INFO [Controller 9] Created partition __consumer_offsets-29 with topic ID lTK_5yiEQm25Ip0wxTt2JQ and PartitionRegistration(replicas=[3], isr=[3], removingReplicas=[], addingReplicas=[], leader=3, leaderEpoch=0, partitionEpoch=0). (org.apache.kafka.controller.ReplicationControlManager)
<h9>: [2023-02-26 10:07:19,404] INFO [Controller 9] Created partition __consumer_offsets-30 with topic ID lTK_5yiEQm25Ip0wxTt2JQ and PartitionRegistration(replicas=[8], isr=[8], removingReplicas=[], addingReplicas=[], leader=8, leaderEpoch=0, partitionEpoch=0). (org.apache.kafka.controller.ReplicationControlManager)
<h9>: [2023-02-26 10:07:19,404] INFO [Controller 9] Created partition __consumer_offsets-31 with topic ID lTK_5yiEQm25Ip0wxTt2JQ and PartitionRegistration(replicas=[1], isr=[1], removingReplicas=[], addingReplicas=[], leader=1, leaderEpoch=0, partitionEpoch=0). (org.apache.kafka.controller.ReplicationControlManager)
<h9>: [2023-02-26 10:07:19,405] INFO [Controller 9] Created partition __consumer_offsets-32 with topic ID lTK_5yiEQm25Ip0wxTt2JQ and PartitionRegistration(replicas=[4], isr=[4], removingReplicas=[], addingReplicas=[], leader=4, leaderEpoch=0, partitionEpoch=0). (org.apache.kafka.controller.ReplicationControlManager)
<h9>: [2023-02-26 10:07:19,405] INFO [Controller 9] Created partition __consumer_offsets-33 with topic ID lTK_5yiEQm25Ip0wxTt2JQ and PartitionRegistration(replicas=[10], isr=[10], removingReplicas=[], addingReplicas=[], leader=10, leaderEpoch=0, partitionEpoch=0). (org.apache.kafka.controller.ReplicationControlManager)
<h9>: [2023-02-26 10:07:19,405] INFO [Controller 9] Created partition __consumer_offsets-34 with topic ID lTK_5yiEQm25Ip0wxTt2JQ and PartitionRegistration(replicas=[9], isr=[9], removingReplicas=[], addingReplicas=[], leader=9, leaderEpoch=0, partitionEpoch=0). (org.apache.kafka.controller.ReplicationControlManager)
<h9>: [2023-02-26 10:07:19,405] INFO [Controller 9] Created partition __consumer_offsets-35 with topic ID lTK_5yiEQm25Ip0wxTt2JQ and PartitionRegistration(replicas=[2], isr=[2], removingReplicas=[], addingReplicas=[], leader=2, leaderEpoch=0, partitionEpoch=0). (org.apache.kafka.controller.ReplicationControlManager)
<h9>: [2023-02-26 10:07:19,405] INFO [Controller 9] Created partition __consumer_offsets-36 with topic ID lTK_5yiEQm25Ip0wxTt2JQ and PartitionRegistration(replicas=[3], isr=[3], removingReplicas=[], addingReplicas=[], leader=3, leaderEpoch=0, partitionEpoch=0). (org.apache.kafka.controller.ReplicationControlManager)
<h9>: [2023-02-26 10:07:19,405] INFO [Controller 9] Created partition __consumer_offsets-37 with topic ID lTK_5yiEQm25Ip0wxTt2JQ and PartitionRegistration(replicas=[5], isr=[5], removingReplicas=[], addingReplicas=[], leader=5, leaderEpoch=0, partitionEpoch=0). (org.apache.kafka.controller.ReplicationControlManager)
<h9>: [2023-02-26 10:07:19,405] INFO [Controller 9] Created partition __consumer_offsets-38 with topic ID lTK_5yiEQm25Ip0wxTt2JQ and PartitionRegistration(replicas=[7], isr=[7], removingReplicas=[], addingReplicas=[], leader=7, leaderEpoch=0, partitionEpoch=0). (org.apache.kafka.controller.ReplicationControlManager)
<h9>: [2023-02-26 10:07:19,405] INFO [Controller 9] Created partition __consumer_offsets-39 with topic ID lTK_5yiEQm25Ip0wxTt2JQ and PartitionRegistration(replicas=[6], isr=[6], removingReplicas=[], addingReplicas=[], leader=6, leaderEpoch=0, partitionEpoch=0). (org.apache.kafka.controller.ReplicationControlManager)
<h9>: [2023-02-26 10:07:19,405] INFO [Controller 9] Created partition __consumer_offsets-40 with topic ID lTK_5yiEQm25Ip0wxTt2JQ and PartitionRegistration(replicas=[7], isr=[7], removingReplicas=[], addingReplicas=[], leader=7, leaderEpoch=0, partitionEpoch=0). (org.apache.kafka.controller.ReplicationControlManager)
<h9>: [2023-02-26 10:07:19,405] INFO [Controller 9] Created partition __consumer_offsets-41 with topic ID lTK_5yiEQm25Ip0wxTt2JQ and PartitionRegistration(replicas=[4], isr=[4], removingReplicas=[], addingReplicas=[], leader=4, leaderEpoch=0, partitionEpoch=0). (org.apache.kafka.controller.ReplicationControlManager)
<h9>: [2023-02-26 10:07:19,405] INFO [Controller 9] Created partition __consumer_offsets-42 with topic ID lTK_5yiEQm25Ip0wxTt2JQ and PartitionRegistration(replicas=[2], isr=[2], removingReplicas=[], addingReplicas=[], leader=2, leaderEpoch=0, partitionEpoch=0). (org.apache.kafka.controller.ReplicationControlManager)
<h9>: [2023-02-26 10:07:19,405] INFO [Controller 9] Created partition __consumer_offsets-43 with topic ID lTK_5yiEQm25Ip0wxTt2JQ and PartitionRegistration(replicas=[8], isr=[8], removingReplicas=[], addingReplicas=[], leader=8, leaderEpoch=0, partitionEpoch=0). (org.apache.kafka.controller.ReplicationControlManager)
<h9>: [2023-02-26 10:07:19,405] INFO [Controller 9] Created partition __consumer_offsets-44 with topic ID lTK_5yiEQm25Ip0wxTt2JQ and PartitionRegistration(replicas=[6], isr=[6], removingReplicas=[], addingReplicas=[], leader=6, leaderEpoch=0, partitionEpoch=0). (org.apache.kafka.controller.ReplicationControlManager)
<h9>: [2023-02-26 10:07:19,406] INFO [Controller 9] Created partition __consumer_offsets-45 with topic ID lTK_5yiEQm25Ip0wxTt2JQ and PartitionRegistration(replicas=[3], isr=[3], removingReplicas=[], addingReplicas=[], leader=3, leaderEpoch=0, partitionEpoch=0). (org.apache.kafka.controller.ReplicationControlManager)
<h9>: [2023-02-26 10:07:19,406] INFO [Controller 9] Created partition __consumer_offsets-46 with topic ID lTK_5yiEQm25Ip0wxTt2JQ and PartitionRegistration(replicas=[5], isr=[5], removingReplicas=[], addingReplicas=[], leader=5, leaderEpoch=0, partitionEpoch=0). (org.apache.kafka.controller.ReplicationControlManager)
<h9>: [2023-02-26 10:07:19,406] INFO [Controller 9] Created partition __consumer_offsets-47 with topic ID lTK_5yiEQm25Ip0wxTt2JQ and PartitionRegistration(replicas=[9], isr=[9], removingReplicas=[], addingReplicas=[], leader=9, leaderEpoch=0, partitionEpoch=0). (org.apache.kafka.controller.ReplicationControlManager)
<h9>: [2023-02-26 10:07:19,406] INFO [Controller 9] Created partition __consumer_offsets-48 with topic ID lTK_5yiEQm25Ip0wxTt2JQ and PartitionRegistration(replicas=[1], isr=[1], removingReplicas=[], addingReplicas=[], leader=1, leaderEpoch=0, partitionEpoch=0). (org.apache.kafka.controller.ReplicationControlManager)
<h9>: [2023-02-26 10:07:19,406] INFO [Controller 9] Created partition __consumer_offsets-49 with topic ID lTK_5yiEQm25Ip0wxTt2JQ and PartitionRegistration(replicas=[10], isr=[10], removingReplicas=[], addingReplicas=[], leader=10, leaderEpoch=0, partitionEpoch=0). (org.apache.kafka.controller.ReplicationControlManager)
<h9>: [2023-02-26 10:07:19,452] INFO [LogLoader partition=__consumer_offsets-47, dir=/home/visitor/neves/amnis-data-sync/./kafka-3.1.0/logs/kafka9] Loading producer state till offset 0 with message format version 2 (kafka.log.UnifiedLog$)
<h9>: [2023-02-26 10:07:19,455] INFO Created log for partition __consumer_offsets-47 in /home/visitor/neves/amnis-data-sync/./kafka-3.1.0/logs/kafka9/__consumer_offsets-47 with properties {cleanup.policy=compact, compression.type="producer", segment.bytes=104857600} (kafka.log.LogManager)
<h9>: [2023-02-26 10:07:19,455] INFO [Partition __consumer_offsets-47 broker=9] No checkpointed highwatermark is found for partition __consumer_offsets-47 (kafka.cluster.Partition)
<h9>: [2023-02-26 10:07:19,455] INFO [Partition __consumer_offsets-47 broker=9] Log loaded for partition __consumer_offsets-47 with initial high watermark 0 (kafka.cluster.Partition)
<h9>: [2023-02-26 10:07:19,679] INFO [LogLoader partition=__consumer_offsets-7, dir=/home/visitor/neves/amnis-data-sync/./kafka-3.1.0/logs/kafka9] Loading producer state till offset 0 with message format version 2 (kafka.log.UnifiedLog$)
<h9>: [2023-02-26 10:07:19,681] INFO Created log for partition __consumer_offsets-7 in /home/visitor/neves/amnis-data-sync/./kafka-3.1.0/logs/kafka9/__consumer_offsets-7 with properties {cleanup.policy=compact, compression.type="producer", segment.bytes=104857600} (kafka.log.LogManager)
<h9>: [2023-02-26 10:07:19,681] INFO [Partition __consumer_offsets-7 broker=9] No checkpointed highwatermark is found for partition __consumer_offsets-7 (kafka.cluster.Partition)
<h9>: [2023-02-26 10:07:19,681] INFO [Partition __consumer_offsets-7 broker=9] Log loaded for partition __consumer_offsets-7 with initial high watermark 0 (kafka.cluster.Partition)
<h9>: [2023-02-26 10:07:19,889] INFO [LogLoader partition=__consumer_offsets-22, dir=/home/visitor/neves/amnis-data-sync/./kafka-3.1.0/logs/kafka9] Loading producer state till offset 0 with message format version 2 (kafka.log.UnifiedLog$)
<h9>: [2023-02-26 10:07:19,893] INFO Created log for partition __consumer_offsets-22 in /home/visitor/neves/amnis-data-sync/./kafka-3.1.0/logs/kafka9/__consumer_offsets-22 with properties {cleanup.policy=compact, compression.type="producer", segment.bytes=104857600} (kafka.log.LogManager)
<h9>: [2023-02-26 10:07:19,893] INFO [Partition __consumer_offsets-22 broker=9] No checkpointed highwatermark is found for partition __consumer_offsets-22 (kafka.cluster.Partition)
<h9>: [2023-02-26 10:07:19,893] INFO [Partition __consumer_offsets-22 broker=9] Log loaded for partition __consumer_offsets-22 with initial high watermark 0 (kafka.cluster.Partition)
<h9>: [2023-02-26 10:07:20,018] INFO [LogLoader partition=__consumer_offsets-11, dir=/home/visitor/neves/amnis-data-sync/./kafka-3.1.0/logs/kafka9] Loading producer state till offset 0 with message format version 2 (kafka.log.UnifiedLog$)
<h9>: [2023-02-26 10:07:20,019] INFO Created log for partition __consumer_offsets-11 in /home/visitor/neves/amnis-data-sync/./kafka-3.1.0/logs/kafka9/__consumer_offsets-11 with properties {cleanup.policy=compact, compression.type="producer", segment.bytes=104857600} (kafka.log.LogManager)
<h9>: [2023-02-26 10:07:20,019] INFO [Partition __consumer_offsets-11 broker=9] No checkpointed highwatermark is found for partition __consumer_offsets-11 (kafka.cluster.Partition)
<h9>: [2023-02-26 10:07:20,019] INFO [Partition __consumer_offsets-11 broker=9] Log loaded for partition __consumer_offsets-11 with initial high watermark 0 (kafka.cluster.Partition)
<h9>: [2023-02-26 10:07:20,169] INFO [LogLoader partition=__consumer_offsets-34, dir=/home/visitor/neves/amnis-data-sync/./kafka-3.1.0/logs/kafka9] Loading producer state till offset 0 with message format version 2 (kafka.log.UnifiedLog$)
<h9>: [2023-02-26 10:07:20,170] INFO Created log for partition __consumer_offsets-34 in /home/visitor/neves/amnis-data-sync/./kafka-3.1.0/logs/kafka9/__consumer_offsets-34 with properties {cleanup.policy=compact, compression.type="producer", segment.bytes=104857600} (kafka.log.LogManager)
<h9>: [2023-02-26 10:07:20,170] INFO [Partition __consumer_offsets-34 broker=9] No checkpointed highwatermark is found for partition __consumer_offsets-34 (kafka.cluster.Partition)
<h9>: [2023-02-26 10:07:20,170] INFO [Partition __consumer_offsets-34 broker=9] Log loaded for partition __consumer_offsets-34 with initial high watermark 0 (kafka.cluster.Partition)
<h9>: [2023-02-26 10:07:20,290] INFO [GroupCoordinator 9]: Elected as the group coordinator for partition 47 in epoch 0 (kafka.coordinator.group.GroupCoordinator)
<h9>: [2023-02-26 10:07:20,291] INFO [GroupMetadataManager brokerId=9] Scheduling loading of offsets and group metadata from __consumer_offsets-47 for epoch 0 (kafka.coordinator.group.GroupMetadataManager)
<h9>: [2023-02-26 10:07:20,291] INFO [GroupCoordinator 9]: Elected as the group coordinator for partition 11 in epoch 0 (kafka.coordinator.group.GroupCoordinator)
<h9>: [2023-02-26 10:07:20,291] INFO [GroupMetadataManager brokerId=9] Scheduling loading of offsets and group metadata from __consumer_offsets-11 for epoch 0 (kafka.coordinator.group.GroupMetadataManager)
<h9>: [2023-02-26 10:07:20,291] INFO [GroupCoordinator 9]: Elected as the group coordinator for partition 7 in epoch 0 (kafka.coordinator.group.GroupCoordinator)
<h9>: [2023-02-26 10:07:20,291] INFO [GroupMetadataManager brokerId=9] Scheduling loading of offsets and group metadata from __consumer_offsets-7 for epoch 0 (kafka.coordinator.group.GroupMetadataManager)
<h9>: [2023-02-26 10:07:20,291] INFO [GroupCoordinator 9]: Elected as the group coordinator for partition 22 in epoch 0 (kafka.coordinator.group.GroupCoordinator)
<h9>: [2023-02-26 10:07:20,291] INFO [GroupMetadataManager brokerId=9] Scheduling loading of offsets and group metadata from __consumer_offsets-22 for epoch 0 (kafka.coordinator.group.GroupMetadataManager)
<h9>: [2023-02-26 10:07:20,292] INFO [GroupCoordinator 9]: Elected as the group coordinator for partition 34 in epoch 0 (kafka.coordinator.group.GroupCoordinator)
<h9>: [2023-02-26 10:07:20,292] INFO [GroupMetadataManager brokerId=9] Scheduling loading of offsets and group metadata from __consumer_offsets-34 for epoch 0 (kafka.coordinator.group.GroupMetadataManager)
<h9>: [2023-02-26 10:07:20,300] INFO [GroupMetadataManager brokerId=9] Finished loading offsets and group metadata from __consumer_offsets-47 in 8 milliseconds for epoch 0, of which 3 milliseconds was spent in the scheduler. (kafka.coordinator.group.GroupMetadataManager)
<h9>: [2023-02-26 10:07:20,308] INFO [GroupMetadataManager brokerId=9] Finished loading offsets and group metadata from __consumer_offsets-11 in 17 milliseconds for epoch 0, of which 17 milliseconds was spent in the scheduler. (kafka.coordinator.group.GroupMetadataManager)
<h9>: [2023-02-26 10:07:20,309] INFO [GroupMetadataManager brokerId=9] Finished loading offsets and group metadata from __consumer_offsets-7 in 17 milliseconds for epoch 0, of which 17 milliseconds was spent in the scheduler. (kafka.coordinator.group.GroupMetadataManager)
<h9>: [2023-02-26 10:07:20,309] INFO [GroupMetadataManager brokerId=9] Finished loading offsets and group metadata from __consumer_offsets-22 in 17 milliseconds for epoch 0, of which 17 milliseconds was spent in the scheduler. (kafka.coordinator.group.GroupMetadataManager)
<h9>: [2023-02-26 10:07:20,309] INFO [GroupMetadataManager brokerId=9] Finished loading offsets and group metadata from __consumer_offsets-34 in 17 milliseconds for epoch 0, of which 17 milliseconds was spent in the scheduler. (kafka.coordinator.group.GroupMetadataManager)
<h9>: [2023-02-26 10:07:20,388] INFO [GroupCoordinator 9]: Dynamic Member with unknown member id joins group group-9 in Empty state. Created a new member id kafka-python-2.0.2-50aa5a85-b99b-4198-a6ab-7c0dbbd95063 for this member and add to the group. (kafka.coordinator.group.GroupCoordinator)
<h9>: [2023-02-26 10:07:20,396] INFO [GroupCoordinator 9]: Preparing to rebalance group group-9 in state PreparingRebalance with old generation 0 (__consumer_offsets-7) (reason: Adding new member kafka-python-2.0.2-50aa5a85-b99b-4198-a6ab-7c0dbbd95063 with group instance id None) (kafka.coordinator.group.GroupCoordinator)
<h9>: [2023-02-26 10:07:23,407] INFO [GroupCoordinator 9]: Stabilized group group-9 generation 1 (__consumer_offsets-7) with 1 members (kafka.coordinator.group.GroupCoordinator)
<h9>: [2023-02-26 10:07:23,432] INFO [GroupCoordinator 9]: Assignment received from leader kafka-python-2.0.2-50aa5a85-b99b-4198-a6ab-7c0dbbd95063 for group group-9 for generation 1. The group has 1 members, 0 of which are static. (kafka.coordinator.group.GroupCoordinator)
<h9>: [2023-02-26 10:09:24,069] INFO Sent auto-creation request for Set(topic-0) to the active controller. (kafka.server.DefaultAutoTopicCreationManager)
<h9>: [2023-02-26 10:09:24,292] INFO Sent auto-creation request for Set(topic-0) to the active controller. (kafka.server.DefaultAutoTopicCreationManager)
<h9>: [2023-02-26 10:09:24,404] INFO Sent auto-creation request for Set(topic-0) to the active controller. (kafka.server.DefaultAutoTopicCreationManager)
<h9>: [2023-02-26 10:09:24,515] INFO Sent auto-creation request for Set(topic-0) to the active controller. (kafka.server.DefaultAutoTopicCreationManager)
<h9>: [2023-02-26 10:09:24,630] INFO Sent auto-creation request for Set(topic-0) to the active controller. (kafka.server.DefaultAutoTopicCreationManager)
<h9>: [2023-02-26 10:09:24,743] INFO Sent auto-creation request for Set(topic-0) to the active controller. (kafka.server.DefaultAutoTopicCreationManager)
<h9>: [2023-02-26 10:09:24,794] INFO [Controller 9] Created topic topic-0 with topic ID qVG51mdKQxe53Xs6yqfsEw. (org.apache.kafka.controller.ReplicationControlManager)
<h9>: [2023-02-26 10:09:24,794] INFO [Controller 9] Created partition topic-0-0 with topic ID qVG51mdKQxe53Xs6yqfsEw and PartitionRegistration(replicas=[10], isr=[10], removingReplicas=[], addingReplicas=[], leader=10, leaderEpoch=0, partitionEpoch=0). (org.apache.kafka.controller.ReplicationControlManager)
<h9>: [2023-02-26 10:12:23,575] INFO [GroupCoordinator 9]: Preparing to rebalance group group-9 in state PreparingRebalance with old generation 1 (__consumer_offsets-7) (reason: Leader kafka-python-2.0.2-50aa5a85-b99b-4198-a6ab-7c0dbbd95063 re-joining group during Stable) (kafka.coordinator.group.GroupCoordinator)
<h9>: [2023-02-26 10:12:23,576] INFO [GroupCoordinator 9]: Stabilized group group-9 generation 2 (__consumer_offsets-7) with 1 members (kafka.coordinator.group.GroupCoordinator)
<h9>: [2023-02-26 10:12:23,578] INFO [GroupCoordinator 9]: Assignment received from leader kafka-python-2.0.2-50aa5a85-b99b-4198-a6ab-7c0dbbd95063 for group group-9 for generation 2. The group has 1 members, 0 of which are static. (kafka.coordinator.group.GroupCoordinator)
<h9>: [2023-02-26 10:14:38,252] INFO [RaftManager nodeId=9] Node 1 disconnected. (org.apache.kafka.clients.NetworkClient)
<h9>: [2023-02-26 10:14:38,254] INFO [BrokerToControllerChannelManager broker=9 name=forwarding] Node 1 disconnected. (org.apache.kafka.clients.NetworkClient)
<h9>: [2023-02-26 10:14:38,254] INFO [BrokerToControllerChannelManager broker=9 name=heartbeat] Node 1 disconnected. (org.apache.kafka.clients.NetworkClient)
<h9>: [2023-02-26 10:14:38,258] INFO [RaftManager nodeId=9] Cancelled in-flight FETCH request with correlation id 882 due to node 1 being disconnected (elapsed time since creation: 416ms, elapsed time since send: 416ms, request timeout: 120000ms) (org.apache.kafka.clients.NetworkClient)
<h9>: [2023-02-26 10:14:38,322] INFO [RaftManager nodeId=9] Node 1 disconnected. (org.apache.kafka.clients.NetworkClient)
<h9>: [2023-02-26 10:14:38,323] WARN [RaftManager nodeId=9] Connection to node 1 (/10.0.0.1:19092) could not be established. Broker may not be available. (org.apache.kafka.clients.NetworkClient)
<h9>: [2023-02-26 10:14:38,455] INFO [RaftManager nodeId=9] Node 1 disconnected. (org.apache.kafka.clients.NetworkClient)
<h9>: [2023-02-26 10:14:38,455] WARN [RaftManager nodeId=9] Connection to node 1 (/10.0.0.1:19092) could not be established. Broker may not be available. (org.apache.kafka.clients.NetworkClient)
