<h10>: [2023-02-26 10:07:02,951] INFO Registered kafka:type=kafka.Log4jController MBean (kafka.utils.Log4jControllerRegistration$)
<h10>: [2023-02-26 10:07:03,257] INFO Setting -D jdk.tls.rejectClientInitiatedRenegotiation=true to disable client-initiated TLS renegotiation (org.apache.zookeeper.common.X509Util)
<h10>: [2023-02-26 10:07:03,607] INFO [LogLoader partition=__cluster_metadata-0, dir=/home/visitor/neves/amnis-data-sync/./kafka-3.1.0/logs/kafka10] Loading producer state till offset 0 with message format version 2 (kafka.log.UnifiedLog$)
<h10>: [2023-02-26 10:07:03,608] INFO [LogLoader partition=__cluster_metadata-0, dir=/home/visitor/neves/amnis-data-sync/./kafka-3.1.0/logs/kafka10] Reloading from producer snapshot and rebuilding producer state from offset 0 (kafka.log.UnifiedLog$)
<h10>: [2023-02-26 10:07:03,610] INFO [LogLoader partition=__cluster_metadata-0, dir=/home/visitor/neves/amnis-data-sync/./kafka-3.1.0/logs/kafka10] Producer state recovery took 2ms for snapshot load and 0ms for segment recovery from offset 0 (kafka.log.UnifiedLog$)
<h10>: [2023-02-26 10:07:03,800] INFO [raft-expiration-reaper]: Starting (kafka.raft.TimingWheelExpirationService$ExpiredOperationReaper)
<h10>: [2023-02-26 10:07:04,024] INFO [RaftManager nodeId=10] Completed transition to Unattached(epoch=0, voters=[1, 2, 3, 4, 5, 6, 7, 8, 9, 10], electionTimeoutMs=13187) (org.apache.kafka.raft.QuorumState)
<h10>: [2023-02-26 10:07:04,049] INFO Registered signal handlers for TERM, INT, HUP (org.apache.kafka.common.utils.LoggingSignalHandler)
<h10>: [2023-02-26 10:07:04,055] INFO [kafka-raft-outbound-request-thread]: Starting (kafka.raft.RaftSendThread)
<h10>: [2023-02-26 10:07:04,055] INFO [kafka-raft-io-thread]: Starting (kafka.raft.KafkaRaftManager$RaftIoThread)
<h10>: [2023-02-26 10:07:04,056] INFO Starting controller (kafka.server.ControllerServer)
<h10>: [2023-02-26 10:07:04,402] INFO Updated connection-accept-rate max connection creation rate to 2147483647 (kafka.network.ConnectionQuotas)
<h10>: [2023-02-26 10:07:04,408] INFO Awaiting socket connections on 10.0.0.10:19101. (kafka.network.Acceptor)
<h10>: [2023-02-26 10:07:04,441] INFO [SocketServer listenerType=CONTROLLER, nodeId=10] Created data-plane acceptor and processors for endpoint : ListenerName(CONTROLLER) (kafka.network.SocketServer)
<h10>: [2023-02-26 10:07:04,466] INFO [RaftManager nodeId=10] Registered the listener org.apache.kafka.controller.QuorumController$QuorumMetaLogListener@1287566951 (org.apache.kafka.raft.KafkaRaftClient)
<h10>: [2023-02-26 10:07:04,473] INFO [ThrottledChannelReaper-Fetch]: Starting (kafka.server.ClientQuotaManager$ThrottledChannelReaper)
<h10>: [2023-02-26 10:07:04,473] INFO [ThrottledChannelReaper-Produce]: Starting (kafka.server.ClientQuotaManager$ThrottledChannelReaper)
<h10>: [2023-02-26 10:07:04,475] INFO [ThrottledChannelReaper-Request]: Starting (kafka.server.ClientQuotaManager$ThrottledChannelReaper)
<h10>: [2023-02-26 10:07:04,476] INFO [ThrottledChannelReaper-ControllerMutation]: Starting (kafka.server.ClientQuotaManager$ThrottledChannelReaper)
<h10>: [2023-02-26 10:07:04,494] INFO [ExpirationReaper-10-AlterAcls]: Starting (kafka.server.DelayedOperationPurgatory$ExpiredOperationReaper)
<h10>: [2023-02-26 10:07:04,500] INFO [SocketServer listenerType=CONTROLLER, nodeId=10] Starting socket server acceptors and processors (kafka.network.SocketServer)
<h10>: [2023-02-26 10:07:04,513] INFO [SocketServer listenerType=CONTROLLER, nodeId=10] Started data-plane acceptor and processor(s) for endpoint : ListenerName(CONTROLLER) (kafka.network.SocketServer)
<h10>: [2023-02-26 10:07:04,514] INFO [SocketServer listenerType=CONTROLLER, nodeId=10] Started socket server acceptors and processors (kafka.network.SocketServer)
<h10>: [2023-02-26 10:07:04,515] INFO [BrokerServer id=10] Transition from SHUTDOWN to STARTING (kafka.server.BrokerServer)
<h10>: [2023-02-26 10:07:04,516] INFO [BrokerServer id=10] Starting broker (kafka.server.BrokerServer)
<h10>: [2023-02-26 10:07:04,531] INFO [ThrottledChannelReaper-Fetch]: Starting (kafka.server.ClientQuotaManager$ThrottledChannelReaper)
<h10>: [2023-02-26 10:07:04,531] INFO [ThrottledChannelReaper-Produce]: Starting (kafka.server.ClientQuotaManager$ThrottledChannelReaper)
<h10>: [2023-02-26 10:07:04,531] INFO [ThrottledChannelReaper-Request]: Starting (kafka.server.ClientQuotaManager$ThrottledChannelReaper)
<h10>: [2023-02-26 10:07:04,532] INFO [ThrottledChannelReaper-ControllerMutation]: Starting (kafka.server.ClientQuotaManager$ThrottledChannelReaper)
<h10>: [2023-02-26 10:07:04,569] INFO [BrokerToControllerChannelManager broker=10 name=forwarding]: Starting (kafka.server.BrokerToControllerRequestThread)
<h10>: [2023-02-26 10:07:04,614] INFO Updated connection-accept-rate max connection creation rate to 2147483647 (kafka.network.ConnectionQuotas)
<h10>: [2023-02-26 10:07:04,614] INFO Awaiting socket connections on 0.0.0.0:9092. (kafka.network.Acceptor)
<h10>: [2023-02-26 10:07:04,623] INFO [SocketServer listenerType=BROKER, nodeId=10] Created data-plane acceptor and processors for endpoint : ListenerName(PLAINTEXT) (kafka.network.SocketServer)
<h10>: [2023-02-26 10:07:04,630] INFO [BrokerToControllerChannelManager broker=10 name=alterIsr]: Starting (kafka.server.BrokerToControllerRequestThread)
<h10>: [2023-02-26 10:07:04,645] INFO [ExpirationReaper-10-Produce]: Starting (kafka.server.DelayedOperationPurgatory$ExpiredOperationReaper)
<h10>: [2023-02-26 10:07:04,646] INFO [ExpirationReaper-10-Fetch]: Starting (kafka.server.DelayedOperationPurgatory$ExpiredOperationReaper)
<h10>: [2023-02-26 10:07:04,647] INFO [ExpirationReaper-10-DeleteRecords]: Starting (kafka.server.DelayedOperationPurgatory$ExpiredOperationReaper)
<h10>: [2023-02-26 10:07:04,648] INFO [ExpirationReaper-10-ElectLeader]: Starting (kafka.server.DelayedOperationPurgatory$ExpiredOperationReaper)
<h10>: [2023-02-26 10:07:04,666] INFO [ExpirationReaper-10-Heartbeat]: Starting (kafka.server.DelayedOperationPurgatory$ExpiredOperationReaper)
<h10>: [2023-02-26 10:07:04,666] INFO [ExpirationReaper-10-Rebalance]: Starting (kafka.server.DelayedOperationPurgatory$ExpiredOperationReaper)
<h10>: [2023-02-26 10:07:04,729] INFO [RaftManager nodeId=10] Registered the listener kafka.server.metadata.BrokerMetadataListener@771154117 (org.apache.kafka.raft.KafkaRaftClient)
<h10>: [2023-02-26 10:07:04,730] INFO [BrokerToControllerChannelManager broker=10 name=heartbeat]: Starting (kafka.server.BrokerToControllerRequestThread)
<h10>: [2023-02-26 10:07:04,737] INFO [BrokerLifecycleManager id=10] Incarnation wkD6EoKsSYWHOwIUFXg-FQ of broker 10 in cluster JmL9ihFRQmSabrNWrYSpjg is now STARTING. (kafka.server.BrokerLifecycleManager)
<h10>: [2023-02-26 10:07:04,756] INFO [ExpirationReaper-10-AlterAcls]: Starting (kafka.server.DelayedOperationPurgatory$ExpiredOperationReaper)
<h10>: [2023-02-26 10:07:17,051] INFO [RaftManager nodeId=10] Completed transition to CandidateState(localId=10, epoch=1, retries=1, electionTimeoutMs=11709) (org.apache.kafka.raft.QuorumState)
<h10>: [2023-02-26 10:07:17,176] INFO [RaftManager nodeId=10] Completed transition to FollowerState(fetchTimeoutMs=20000, epoch=1, leaderId=1, voters=[1, 2, 3, 4, 5, 6, 7, 8, 9, 10], highWatermark=Optional.empty, fetchingSnapshot=Optional.empty) (org.apache.kafka.raft.QuorumState)
<h10>: [2023-02-26 10:07:17,188] INFO [BrokerToControllerChannelManager broker=10 name=heartbeat]: Recorded new controller, from now on will use broker 10.0.0.1:19092 (id: 1 rack: null) (kafka.server.BrokerToControllerRequestThread)
<h10>: [2023-02-26 10:07:17,190] INFO [BrokerToControllerChannelManager broker=10 name=alterIsr]: Recorded new controller, from now on will use broker 10.0.0.1:19092 (id: 1 rack: null) (kafka.server.BrokerToControllerRequestThread)
<h10>: [2023-02-26 10:07:17,235] INFO [BrokerToControllerChannelManager broker=10 name=forwarding]: Recorded new controller, from now on will use broker 10.0.0.1:19092 (id: 1 rack: null) (kafka.server.BrokerToControllerRequestThread)
<h10>: [2023-02-26 10:07:17,338] INFO [BrokerLifecycleManager id=10] Successfully registered broker 10 with broker epoch 19 (kafka.server.BrokerLifecycleManager)
<h10>: [2023-02-26 10:07:17,352] INFO [Controller 10] Registered new broker: RegisterBrokerRecord(brokerId=1, incarnationId=e1EuIXt8RlKoH-4VyqgMXg, brokerEpoch=0, endPoints=[BrokerEndpoint(name='PLAINTEXT', host='10.0.0.1', port=9092, securityProtocol=0)], features=[], rack=null, fenced=true) (org.apache.kafka.controller.ClusterControlManager)
<h10>: [2023-02-26 10:07:17,352] INFO [Controller 10] Registered new broker: RegisterBrokerRecord(brokerId=4, incarnationId=QhBR1oQjRx6UTaM3bmM7ww, brokerEpoch=1, endPoints=[BrokerEndpoint(name='PLAINTEXT', host='10.0.0.4', port=9092, securityProtocol=0)], features=[], rack=null, fenced=true) (org.apache.kafka.controller.ClusterControlManager)
<h10>: [2023-02-26 10:07:17,353] INFO [Controller 10] Registered new broker: RegisterBrokerRecord(brokerId=9, incarnationId=lHD11-pNQNKCgNz9naUZSw, brokerEpoch=3, endPoints=[BrokerEndpoint(name='PLAINTEXT', host='10.0.0.9', port=9092, securityProtocol=0)], features=[], rack=null, fenced=true) (org.apache.kafka.controller.ClusterControlManager)
<h10>: [2023-02-26 10:07:17,353] INFO [Controller 10] Registered new broker: RegisterBrokerRecord(brokerId=8, incarnationId=3htMB3DHSjqBZPPygSO9lA, brokerEpoch=4, endPoints=[BrokerEndpoint(name='PLAINTEXT', host='10.0.0.8', port=9092, securityProtocol=0)], features=[], rack=null, fenced=true) (org.apache.kafka.controller.ClusterControlManager)
<h10>: [2023-02-26 10:07:17,353] INFO [Controller 10] Registered new broker: RegisterBrokerRecord(brokerId=7, incarnationId=Kvy8a1n8STm2cgX4isEgoA, brokerEpoch=5, endPoints=[BrokerEndpoint(name='PLAINTEXT', host='10.0.0.7', port=9092, securityProtocol=0)], features=[], rack=null, fenced=true) (org.apache.kafka.controller.ClusterControlManager)
<h10>: [2023-02-26 10:07:17,354] INFO [Controller 10] Registered new broker: RegisterBrokerRecord(brokerId=2, incarnationId=v2HvlcVFSg6TC-cf-RbEaA, brokerEpoch=6, endPoints=[BrokerEndpoint(name='PLAINTEXT', host='10.0.0.2', port=9092, securityProtocol=0)], features=[], rack=null, fenced=true) (org.apache.kafka.controller.ClusterControlManager)
<h10>: [2023-02-26 10:07:17,354] INFO [Controller 10] Registered new broker: RegisterBrokerRecord(brokerId=3, incarnationId=jQYheGchRpWp47aYi00IRg, brokerEpoch=7, endPoints=[BrokerEndpoint(name='PLAINTEXT', host='10.0.0.3', port=9092, securityProtocol=0)], features=[], rack=null, fenced=true) (org.apache.kafka.controller.ClusterControlManager)
<h10>: [2023-02-26 10:07:17,354] INFO [Controller 10] Registered new broker: RegisterBrokerRecord(brokerId=5, incarnationId=Ih6-Y3HAQjem0CjQVoK7Zw, brokerEpoch=8, endPoints=[BrokerEndpoint(name='PLAINTEXT', host='10.0.0.5', port=9092, securityProtocol=0)], features=[], rack=null, fenced=true) (org.apache.kafka.controller.ClusterControlManager)
<h10>: [2023-02-26 10:07:17,354] INFO [Controller 10] Registered new broker: RegisterBrokerRecord(brokerId=6, incarnationId=GrTQiIdWSf-BvTgX2f5sHg, brokerEpoch=9, endPoints=[BrokerEndpoint(name='PLAINTEXT', host='10.0.0.6', port=9092, securityProtocol=0)], features=[], rack=null, fenced=true) (org.apache.kafka.controller.ClusterControlManager)
<h10>: [2023-02-26 10:07:17,354] INFO [Controller 10] Unfenced broker: UnfenceBrokerRecord(id=1, epoch=0) (org.apache.kafka.controller.ClusterControlManager)
<h10>: [2023-02-26 10:07:17,354] INFO [Controller 10] Unfenced broker: UnfenceBrokerRecord(id=9, epoch=3) (org.apache.kafka.controller.ClusterControlManager)
<h10>: [2023-02-26 10:07:17,354] INFO [Controller 10] Unfenced broker: UnfenceBrokerRecord(id=6, epoch=9) (org.apache.kafka.controller.ClusterControlManager)
<h10>: [2023-02-26 10:07:17,355] INFO [Controller 10] Unfenced broker: UnfenceBrokerRecord(id=3, epoch=7) (org.apache.kafka.controller.ClusterControlManager)
<h10>: [2023-02-26 10:07:17,355] INFO [Controller 10] Unfenced broker: UnfenceBrokerRecord(id=2, epoch=6) (org.apache.kafka.controller.ClusterControlManager)
<h10>: [2023-02-26 10:07:17,355] INFO [Controller 10] Unfenced broker: UnfenceBrokerRecord(id=5, epoch=8) (org.apache.kafka.controller.ClusterControlManager)
<h10>: [2023-02-26 10:07:17,355] INFO [Controller 10] Unfenced broker: UnfenceBrokerRecord(id=7, epoch=5) (org.apache.kafka.controller.ClusterControlManager)
<h10>: [2023-02-26 10:07:17,355] INFO [Controller 10] Unfenced broker: UnfenceBrokerRecord(id=4, epoch=1) (org.apache.kafka.controller.ClusterControlManager)
<h10>: [2023-02-26 10:07:17,355] INFO [Controller 10] Unfenced broker: UnfenceBrokerRecord(id=8, epoch=4) (org.apache.kafka.controller.ClusterControlManager)
<h10>: [2023-02-26 10:07:17,380] INFO [Controller 10] Registered new broker: RegisterBrokerRecord(brokerId=10, incarnationId=wkD6EoKsSYWHOwIUFXg-FQ, brokerEpoch=19, endPoints=[BrokerEndpoint(name='PLAINTEXT', host='10.0.0.10', port=9092, securityProtocol=0)], features=[], rack=null, fenced=true) (org.apache.kafka.controller.ClusterControlManager)
<h10>: [2023-02-26 10:07:17,404] INFO [BrokerLifecycleManager id=10] The broker has caught up. Transitioning from STARTING to RECOVERY. (kafka.server.BrokerLifecycleManager)
<h10>: [2023-02-26 10:07:17,408] INFO [BrokerMetadataListener id=10] Starting to publish metadata events at offset 19. (kafka.server.metadata.BrokerMetadataListener)
<h10>: [2023-02-26 10:07:17,410] INFO [BrokerMetadataPublisher id=10] Publishing initial metadata at offset OffsetAndEpoch(offset=19, epoch=1). (kafka.server.metadata.BrokerMetadataPublisher)
<h10>: [2023-02-26 10:07:17,412] INFO Loading logs from log dirs ArraySeq(/home/visitor/neves/amnis-data-sync/./kafka-3.1.0/logs/kafka10) (kafka.log.LogManager)
<h10>: [2023-02-26 10:07:17,414] INFO Attempting recovery for all logs in /home/visitor/neves/amnis-data-sync/./kafka-3.1.0/logs/kafka10 since no clean shutdown file was found (kafka.log.LogManager)
<h10>: [2023-02-26 10:07:17,420] INFO Loaded 0 logs in 8ms. (kafka.log.LogManager)
<h10>: [2023-02-26 10:07:17,420] INFO Starting log cleanup with a period of 300000 ms. (kafka.log.LogManager)
<h10>: [2023-02-26 10:07:17,422] INFO Starting log flusher with a default period of 9223372036854775807 ms. (kafka.log.LogManager)
<h10>: [2023-02-26 10:07:17,423] INFO [BrokerLifecycleManager id=10] The broker is in RECOVERY. (kafka.server.BrokerLifecycleManager)
<h10>: [2023-02-26 10:07:17,516] INFO [LogDirFailureHandler]: Starting (kafka.server.ReplicaManager$LogDirFailureHandler)
<h10>: [2023-02-26 10:07:17,517] INFO [GroupCoordinator 10]: Starting up. (kafka.coordinator.group.GroupCoordinator)
<h10>: [2023-02-26 10:07:17,518] INFO [GroupCoordinator 10]: Startup complete. (kafka.coordinator.group.GroupCoordinator)
<h10>: [2023-02-26 10:07:17,519] INFO [TransactionCoordinator id=10] Starting up. (kafka.coordinator.transaction.TransactionCoordinator)
<h10>: [2023-02-26 10:07:17,523] INFO [TransactionCoordinator id=10] Startup complete. (kafka.coordinator.transaction.TransactionCoordinator)
<h10>: [2023-02-26 10:07:17,523] INFO [Transaction Marker Channel Manager 10]: Starting (kafka.coordinator.transaction.TransactionMarkerChannelManager)
<h10>: [2023-02-26 10:07:17,534] INFO KafkaConfig values: 
<h10>: 	advertised.listeners = PLAINTEXT://10.0.0.10:9092
<h10>: 	alter.config.policy.class.name = null
<h10>: 	alter.log.dirs.replication.quota.window.num = 11
<h10>: 	alter.log.dirs.replication.quota.window.size.seconds = 1
<h10>: 	authorizer.class.name = 
<h10>: 	auto.create.topics.enable = true
<h10>: 	auto.leader.rebalance.enable = true
<h10>: 	background.threads = 10
<h10>: 	broker.heartbeat.interval.ms = 2000
<h10>: 	broker.id = 10
<h10>: 	broker.id.generation.enable = true
<h10>: 	broker.rack = null
<h10>: 	broker.session.timeout.ms = 120000
<h10>: 	client.quota.callback.class = null
<h10>: 	compression.type = producer
<h10>: 	connection.failed.authentication.delay.ms = 100
<h10>: 	connections.max.idle.ms = 600000
<h10>: 	connections.max.reauth.ms = 0
<h10>: 	control.plane.listener.name = null
<h10>: 	controlled.shutdown.enable = true
<h10>: 	controlled.shutdown.max.retries = 3
<h10>: 	controlled.shutdown.retry.backoff.ms = 5000
<h10>: 	controller.listener.names = CONTROLLER
<h10>: 	controller.quorum.append.linger.ms = 25
<h10>: 	controller.quorum.election.backoff.max.ms = 10000
<h10>: 	controller.quorum.election.timeout.ms = 10000
<h10>: 	controller.quorum.fetch.timeout.ms = 20000
<h10>: 	controller.quorum.request.timeout.ms = 120000
<h10>: 	controller.quorum.retry.backoff.ms = 20
<h10>: 	controller.quorum.voters = [1@10.0.0.1:19092, 2@10.0.0.2:19093, 3@10.0.0.3:19094, 4@10.0.0.4:19095, 5@10.0.0.5:19096, 6@10.0.0.6:19097, 7@10.0.0.7:19098, 8@10.0.0.8:19099, 9@10.0.0.9:19100, 10@10.0.0.10:19101:9093]
<h10>: 	controller.quota.window.num = 11
<h10>: 	controller.quota.window.size.seconds = 1
<h10>: 	controller.socket.timeout.ms = 300000
<h10>: 	create.topic.policy.class.name = null
<h10>: 	default.replication.factor = 1
<h10>: 	delegation.token.expiry.check.interval.ms = 3600000
<h10>: 	delegation.token.expiry.time.ms = 86400000
<h10>: 	delegation.token.master.key = null
<h10>: 	delegation.token.max.lifetime.ms = 604800000
<h10>: 	delegation.token.secret.key = null
<h10>: 	delete.records.purgatory.purge.interval.requests = 1
<h10>: 	delete.topic.enable = true
<h10>: 	fetch.max.bytes = 57671680
<h10>: 	fetch.purgatory.purge.interval.requests = 1000
<h10>: 	group.initial.rebalance.delay.ms = 3000
<h10>: 	group.max.session.timeout.ms = 1800000
<h10>: 	group.max.size = 2147483647
<h10>: 	group.min.session.timeout.ms = 6000
<h10>: 	initial.broker.registration.timeout.ms = 180000
<h10>: 	inter.broker.listener.name = PLAINTEXT
<h10>: 	inter.broker.protocol.version = 3.1-IV0
<h10>: 	kafka.metrics.polling.interval.secs = 10
<h10>: 	kafka.metrics.reporters = []
<h10>: 	leader.imbalance.check.interval.seconds = 300
<h10>: 	leader.imbalance.per.broker.percentage = 10
<h10>: 	listener.security.protocol.map = PLAINTEXT:PLAINTEXT,SSL:SSL,SASL_PLAINTEXT:SASL_PLAINTEXT,SASL_SSL:SASL_SSL
<h10>: 	listeners = PLAINTEXT://:9092,CONTROLLER://10.0.0.10:19101
<h10>: 	log.cleaner.backoff.ms = 15000
<h10>: 	log.cleaner.dedupe.buffer.size = 134217728
<h10>: 	log.cleaner.delete.retention.ms = 86400000
<h10>: 	log.cleaner.enable = true
<h10>: 	log.cleaner.io.buffer.load.factor = 0.9
<h10>: 	log.cleaner.io.buffer.size = 524288
<h10>: 	log.cleaner.io.max.bytes.per.second = 1.7976931348623157E308
<h10>: 	log.cleaner.max.compaction.lag.ms = 9223372036854775807
<h10>: 	log.cleaner.min.cleanable.ratio = 0.5
<h10>: 	log.cleaner.min.compaction.lag.ms = 0
<h10>: 	log.cleaner.threads = 1
<h10>: 	log.cleanup.policy = [delete]
<h10>: 	log.dir = /tmp/kafka-logs
<h10>: 	log.dirs = ./kafka-3.1.0/logs/kafka10
<h10>: 	log.flush.interval.messages = 9223372036854775807
<h10>: 	log.flush.interval.ms = null
<h10>: 	log.flush.offset.checkpoint.interval.ms = 60000
<h10>: 	log.flush.scheduler.interval.ms = 9223372036854775807
<h10>: 	log.flush.start.offset.checkpoint.interval.ms = 60000
<h10>: 	log.index.interval.bytes = 4096
<h10>: 	log.index.size.max.bytes = 10485760
<h10>: 	log.message.downconversion.enable = true
<h10>: 	log.message.format.version = 3.0-IV1
<h10>: 	log.message.timestamp.difference.max.ms = 9223372036854775807
<h10>: 	log.message.timestamp.type = CreateTime
<h10>: 	log.preallocate = false
<h10>: 	log.retention.bytes = -1
<h10>: 	log.retention.check.interval.ms = 300000
<h10>: 	log.retention.hours = 168
<h10>: 	log.retention.minutes = null
<h10>: 	log.retention.ms = null
<h10>: 	log.roll.hours = 168
<h10>: 	log.roll.jitter.hours = 0
<h10>: 	log.roll.jitter.ms = null
<h10>: 	log.roll.ms = null
<h10>: 	log.segment.bytes = 1073741824
<h10>: 	log.segment.delete.delay.ms = 60000
<h10>: 	max.connection.creation.rate = 2147483647
<h10>: 	max.connections = 2147483647
<h10>: 	max.connections.per.ip = 2147483647
<h10>: 	max.connections.per.ip.overrides = 
<h10>: 	max.incremental.fetch.session.cache.slots = 1000
<h10>: 	message.max.bytes = 1048588
<h10>: 	metadata.log.dir = null
<h10>: 	metadata.log.max.record.bytes.between.snapshots = 20971520
<h10>: 	metadata.log.segment.bytes = 1073741824
<h10>: 	metadata.log.segment.min.bytes = 8388608
<h10>: 	metadata.log.segment.ms = 604800000
<h10>: 	metadata.max.retention.bytes = -1
<h10>: 	metadata.max.retention.ms = 604800000
<h10>: 	metric.reporters = []
<h10>: 	metrics.num.samples = 2
<h10>: 	metrics.recording.level = INFO
<h10>: 	metrics.sample.window.ms = 30000
<h10>: 	min.insync.replicas = 1
<h10>: 	node.id = 10
<h10>: 	num.io.threads = 8
<h10>: 	num.network.threads = 3
<h10>: 	num.partitions = 1
<h10>: 	num.recovery.threads.per.data.dir = 1
<h10>: 	num.replica.alter.log.dirs.threads = null
<h10>: 	num.replica.fetchers = 1
<h10>: 	offset.metadata.max.bytes = 4096
<h10>: 	offsets.commit.required.acks = -1
<h10>: 	offsets.commit.timeout.ms = 5000
<h10>: 	offsets.load.buffer.size = 5242880
<h10>: 	offsets.retention.check.interval.ms = 600000
<h10>: 	offsets.retention.minutes = 10080
<h10>: 	offsets.topic.compression.codec = 0
<h10>: 	offsets.topic.num.partitions = 50
<h10>: 	offsets.topic.replication.factor = 1
<h10>: 	offsets.topic.segment.bytes = 104857600
<h10>: 	password.encoder.cipher.algorithm = AES/CBC/PKCS5Padding
<h10>: 	password.encoder.iterations = 4096
<h10>: 	password.encoder.key.length = 128
<h10>: 	password.encoder.keyfactory.algorithm = null
<h10>: 	password.encoder.old.secret = null
<h10>: 	password.encoder.secret = null
<h10>: 	principal.builder.class = class org.apache.kafka.common.security.authenticator.DefaultKafkaPrincipalBuilder
<h10>: 	process.roles = [broker, controller]
<h10>: 	producer.purgatory.purge.interval.requests = 1000
<h10>: 	queued.max.request.bytes = -1
<h10>: 	queued.max.requests = 500
<h10>: 	quota.window.num = 11
<h10>: 	quota.window.size.seconds = 1
<h10>: 	remote.log.index.file.cache.total.size.bytes = 1073741824
<h10>: 	remote.log.manager.task.interval.ms = 30000
<h10>: 	remote.log.manager.task.retry.backoff.max.ms = 30000
<h10>: 	remote.log.manager.task.retry.backoff.ms = 500
<h10>: 	remote.log.manager.task.retry.jitter = 0.2
<h10>: 	remote.log.manager.thread.pool.size = 10
<h10>: 	remote.log.metadata.manager.class.name = null
<h10>: 	remote.log.metadata.manager.class.path = null
<h10>: 	remote.log.metadata.manager.impl.prefix = null
<h10>: 	remote.log.metadata.manager.listener.name = null
<h10>: 	remote.log.reader.max.pending.tasks = 100
<h10>: 	remote.log.reader.threads = 10
<h10>: 	remote.log.storage.manager.class.name = null
<h10>: 	remote.log.storage.manager.class.path = null
<h10>: 	remote.log.storage.manager.impl.prefix = null
<h10>: 	remote.log.storage.system.enable = false
<h10>: 	replica.fetch.backoff.ms = 1000
<h10>: 	replica.fetch.max.bytes = 1048576
<h10>: 	replica.fetch.min.bytes = 1
<h10>: 	replica.fetch.response.max.bytes = 10485760
<h10>: 	replica.fetch.wait.max.ms = 500
<h10>: 	replica.high.watermark.checkpoint.interval.ms = 5000
<h10>: 	replica.lag.time.max.ms = 30000
<h10>: 	replica.selector.class = null
<h10>: 	replica.socket.receive.buffer.bytes = 65536
<h10>: 	replica.socket.timeout.ms = 30000
<h10>: 	replication.quota.window.num = 11
<h10>: 	replication.quota.window.size.seconds = 1
<h10>: 	request.timeout.ms = 300000
<h10>: 	reserved.broker.max.id = 1000
<h10>: 	sasl.client.callback.handler.class = null
<h10>: 	sasl.enabled.mechanisms = [GSSAPI]
<h10>: 	sasl.jaas.config = null
<h10>: 	sasl.kerberos.kinit.cmd = /usr/bin/kinit
<h10>: 	sasl.kerberos.min.time.before.relogin = 60000
<h10>: 	sasl.kerberos.principal.to.local.rules = [DEFAULT]
<h10>: 	sasl.kerberos.service.name = null
<h10>: 	sasl.kerberos.ticket.renew.jitter = 0.05
<h10>: 	sasl.kerberos.ticket.renew.window.factor = 0.8
<h10>: 	sasl.login.callback.handler.class = null
<h10>: 	sasl.login.class = null
<h10>: 	sasl.login.connect.timeout.ms = null
<h10>: 	sasl.login.read.timeout.ms = null
<h10>: 	sasl.login.refresh.buffer.seconds = 300
<h10>: 	sasl.login.refresh.min.period.seconds = 60
<h10>: 	sasl.login.refresh.window.factor = 0.8
<h10>: 	sasl.login.refresh.window.jitter = 0.05
<h10>: 	sasl.login.retry.backoff.max.ms = 10000
<h10>: 	sasl.login.retry.backoff.ms = 100
<h10>: 	sasl.mechanism.controller.protocol = GSSAPI
<h10>: 	sasl.mechanism.inter.broker.protocol = GSSAPI
<h10>: 	sasl.oauthbearer.clock.skew.seconds = 30
<h10>: 	sasl.oauthbearer.expected.audience = null
<h10>: 	sasl.oauthbearer.expected.issuer = null
<h10>: 	sasl.oauthbearer.jwks.endpoint.refresh.ms = 3600000
<h10>: 	sasl.oauthbearer.jwks.endpoint.retry.backoff.max.ms = 10000
<h10>: 	sasl.oauthbearer.jwks.endpoint.retry.backoff.ms = 100
<h10>: 	sasl.oauthbearer.jwks.endpoint.url = null
<h10>: 	sasl.oauthbearer.scope.claim.name = scope
<h10>: 	sasl.oauthbearer.sub.claim.name = sub
<h10>: 	sasl.oauthbearer.token.endpoint.url = null
<h10>: 	sasl.server.callback.handler.class = null
<h10>: 	security.inter.broker.protocol = PLAINTEXT
<h10>: 	security.providers = null
<h10>: 	socket.connection.setup.timeout.max.ms = 300000
<h10>: 	socket.connection.setup.timeout.ms = 120000
<h10>: 	socket.receive.buffer.bytes = 102400
<h10>: 	socket.request.max.bytes = 104857600
<h10>: 	socket.send.buffer.bytes = 102400
<h10>: 	ssl.cipher.suites = []
<h10>: 	ssl.client.auth = none
<h10>: 	ssl.enabled.protocols = [TLSv1.2, TLSv1.3]
<h10>: 	ssl.endpoint.identification.algorithm = https
<h10>: 	ssl.engine.factory.class = null
<h10>: 	ssl.key.password = null
<h10>: 	ssl.keymanager.algorithm = SunX509
<h10>: 	ssl.keystore.certificate.chain = null
<h10>: 	ssl.keystore.key = null
<h10>: 	ssl.keystore.location = null
<h10>: 	ssl.keystore.password = null
<h10>: 	ssl.keystore.type = JKS
<h10>: 	ssl.principal.mapping.rules = DEFAULT
<h10>: 	ssl.protocol = TLSv1.3
<h10>: 	ssl.provider = null
<h10>: 	ssl.secure.random.implementation = null
<h10>: 	ssl.trustmanager.algorithm = PKIX
<h10>: 	ssl.truststore.certificates = null
<h10>: 	ssl.truststore.location = null
<h10>: 	ssl.truststore.password = null
<h10>: 	ssl.truststore.type = JKS
<h10>: 	transaction.abort.timed.out.transaction.cleanup.interval.ms = 10000
<h10>: 	transaction.max.timeout.ms = 900000
<h10>: 	transaction.remove.expired.transaction.cleanup.interval.ms = 3600000
<h10>: 	transaction.state.log.load.buffer.size = 5242880
<h10>: 	transaction.state.log.min.isr = 1
<h10>: 	transaction.state.log.num.partitions = 50
<h10>: 	transaction.state.log.replication.factor = 1
<h10>: 	transaction.state.log.segment.bytes = 104857600
<h10>: 	transactional.id.expiration.ms = 604800000
<h10>: 	unclean.leader.election.enable = false
<h10>: 	zookeeper.clientCnxnSocket = null
<h10>: 	zookeeper.connect = null
<h10>: 	zookeeper.connection.timeout.ms = null
<h10>: 	zookeeper.max.in.flight.requests = 10
<h10>: 	zookeeper.session.timeout.ms = 18000
<h10>: 	zookeeper.set.acl = false
<h10>: 	zookeeper.ssl.cipher.suites = null
<h10>: 	zookeeper.ssl.client.enable = false
<h10>: 	zookeeper.ssl.crl.enable = false
<h10>: 	zookeeper.ssl.enabled.protocols = null
<h10>: 	zookeeper.ssl.endpoint.identification.algorithm = HTTPS
<h10>: 	zookeeper.ssl.keystore.location = null
<h10>: 	zookeeper.ssl.keystore.password = null
<h10>: 	zookeeper.ssl.keystore.type = null
<h10>: 	zookeeper.ssl.ocsp.enable = false
<h10>: 	zookeeper.ssl.protocol = TLSv1.2
<h10>: 	zookeeper.ssl.truststore.location = null
<h10>: 	zookeeper.ssl.truststore.password = null
<h10>: 	zookeeper.ssl.truststore.type = null
<h10>: 	zookeeper.sync.time.ms = 2000
<h10>:  (kafka.server.KafkaConfig)
<h10>: [2023-02-26 10:07:17,547] INFO [SocketServer listenerType=BROKER, nodeId=10] Starting socket server acceptors and processors (kafka.network.SocketServer)
<h10>: [2023-02-26 10:07:17,549] INFO [SocketServer listenerType=BROKER, nodeId=10] Started data-plane acceptor and processor(s) for endpoint : ListenerName(PLAINTEXT) (kafka.network.SocketServer)
<h10>: [2023-02-26 10:07:17,550] INFO [SocketServer listenerType=BROKER, nodeId=10] Started socket server acceptors and processors (kafka.network.SocketServer)
<h10>: [2023-02-26 10:07:17,550] INFO [BrokerServer id=10] Transition from STARTING to STARTED (kafka.server.BrokerServer)
<h10>: [2023-02-26 10:07:17,551] INFO Kafka version: 3.1.0 (org.apache.kafka.common.utils.AppInfoParser)
<h10>: [2023-02-26 10:07:17,551] INFO Kafka commitId: unknown (org.apache.kafka.common.utils.AppInfoParser)
<h10>: [2023-02-26 10:07:17,551] INFO Kafka startTimeMs: 1677420437550 (org.apache.kafka.common.utils.AppInfoParser)
<h10>: [2023-02-26 10:07:17,552] INFO Kafka Server started (kafka.server.KafkaRaftServer)
<h10>: [2023-02-26 10:07:17,730] INFO [BrokerLifecycleManager id=10] The broker has been unfenced. Transitioning from RECOVERY to RUNNING. (kafka.server.BrokerLifecycleManager)
<h10>: [2023-02-26 10:07:18,108] INFO [Controller 10] Unfenced broker: UnfenceBrokerRecord(id=10, epoch=19) (org.apache.kafka.controller.ClusterControlManager)
<h10>: [2023-02-26 10:07:18,625] INFO [Controller 10] Created topic topic-1 with topic ID XtmP4FmURRuh8WuG1MOCdw. (org.apache.kafka.controller.ReplicationControlManager)
<h10>: [2023-02-26 10:07:18,633] INFO [Controller 10] Created partition topic-1-0 with topic ID XtmP4FmURRuh8WuG1MOCdw and PartitionRegistration(replicas=[9, 10, 1, 2, 3, 4, 5, 6, 7, 8], isr=[9, 10, 1, 2, 3, 4, 5, 6, 7, 8], removingReplicas=[], addingReplicas=[], leader=9, leaderEpoch=0, partitionEpoch=0). (org.apache.kafka.controller.ReplicationControlManager)
<h10>: [2023-02-26 10:07:18,699] INFO [LogLoader partition=topic-1-0, dir=/home/visitor/neves/amnis-data-sync/./kafka-3.1.0/logs/kafka10] Loading producer state till offset 0 with message format version 2 (kafka.log.UnifiedLog$)
<h10>: [2023-02-26 10:07:18,715] INFO Created log for partition topic-1-0 in /home/visitor/neves/amnis-data-sync/./kafka-3.1.0/logs/kafka10/topic-1-0 with properties {} (kafka.log.LogManager)
<h10>: [2023-02-26 10:07:18,717] INFO [Partition topic-1-0 broker=10] No checkpointed highwatermark is found for partition topic-1-0 (kafka.cluster.Partition)
<h10>: [2023-02-26 10:07:18,718] INFO [Partition topic-1-0 broker=10] Log loaded for partition topic-1-0 with initial high watermark 0 (kafka.cluster.Partition)
<h10>: [2023-02-26 10:07:18,727] INFO [ReplicaFetcherManager on broker 10] Removed fetcher for partitions Set(topic-1-0) (kafka.server.ReplicaFetcherManager)
<h10>: [2023-02-26 10:07:18,771] INFO Sent auto-creation request for Set(__consumer_offsets) to the active controller. (kafka.server.DefaultAutoTopicCreationManager)
<h10>: [2023-02-26 10:07:18,816] INFO [ReplicaFetcher replicaId=10, leaderId=9, fetcherId=0] Starting (kafka.server.ReplicaFetcherThread)
<h10>: [2023-02-26 10:07:18,820] INFO [ReplicaFetcherManager on broker 10] Added fetcher to broker 9 for partitions HashMap(topic-1-0 -> InitialFetchState(Some(XtmP4FmURRuh8WuG1MOCdw),BrokerEndPoint(id=9, host=10.0.0.9:9092),0,0)) (kafka.server.ReplicaFetcherManager)
<h10>: [2023-02-26 10:07:18,823] INFO [ReplicaFetcher replicaId=10, leaderId=9, fetcherId=0] Truncating partition topic-1-0 with TruncationState(offset=0, completed=true) due to local high watermark 0 (kafka.server.ReplicaFetcherThread)
<h10>: [2023-02-26 10:07:18,825] INFO [UnifiedLog partition=topic-1-0, dir=/home/visitor/neves/amnis-data-sync/./kafka-3.1.0/logs/kafka10] Truncating to 0 has no effect as the largest offset in the log is -1 (kafka.log.UnifiedLog)
<h10>: [2023-02-26 10:07:18,876] INFO Sent auto-creation request for Set(__consumer_offsets) to the active controller. (kafka.server.DefaultAutoTopicCreationManager)
<h10>: [2023-02-26 10:07:19,081] INFO Sent auto-creation request for Set(__consumer_offsets) to the active controller. (kafka.server.DefaultAutoTopicCreationManager)
<h10>: [2023-02-26 10:07:19,184] INFO Sent auto-creation request for Set(__consumer_offsets) to the active controller. (kafka.server.DefaultAutoTopicCreationManager)
<h10>: [2023-02-26 10:07:19,290] INFO Sent auto-creation request for Set(__consumer_offsets) to the active controller. (kafka.server.DefaultAutoTopicCreationManager)
<h10>: [2023-02-26 10:07:19,379] INFO [Controller 10] ConfigResource(type=TOPIC, name='__consumer_offsets'): set configuration compression.type to producer (org.apache.kafka.controller.ConfigurationControlManager)
<h10>: [2023-02-26 10:07:19,379] INFO [Controller 10] ConfigResource(type=TOPIC, name='__consumer_offsets'): set configuration cleanup.policy to compact (org.apache.kafka.controller.ConfigurationControlManager)
<h10>: [2023-02-26 10:07:19,379] INFO [Controller 10] ConfigResource(type=TOPIC, name='__consumer_offsets'): set configuration segment.bytes to 104857600 (org.apache.kafka.controller.ConfigurationControlManager)
<h10>: [2023-02-26 10:07:19,379] INFO [Controller 10] Created topic __consumer_offsets with topic ID lTK_5yiEQm25Ip0wxTt2JQ. (org.apache.kafka.controller.ReplicationControlManager)
<h10>: [2023-02-26 10:07:19,379] INFO [Controller 10] Created partition __consumer_offsets-0 with topic ID lTK_5yiEQm25Ip0wxTt2JQ and PartitionRegistration(replicas=[2], isr=[2], removingReplicas=[], addingReplicas=[], leader=2, leaderEpoch=0, partitionEpoch=0). (org.apache.kafka.controller.ReplicationControlManager)
<h10>: [2023-02-26 10:07:19,380] INFO [Controller 10] Created partition __consumer_offsets-1 with topic ID lTK_5yiEQm25Ip0wxTt2JQ and PartitionRegistration(replicas=[3], isr=[3], removingReplicas=[], addingReplicas=[], leader=3, leaderEpoch=0, partitionEpoch=0). (org.apache.kafka.controller.ReplicationControlManager)
<h10>: [2023-02-26 10:07:19,380] INFO [Controller 10] Created partition __consumer_offsets-2 with topic ID lTK_5yiEQm25Ip0wxTt2JQ and PartitionRegistration(replicas=[4], isr=[4], removingReplicas=[], addingReplicas=[], leader=4, leaderEpoch=0, partitionEpoch=0). (org.apache.kafka.controller.ReplicationControlManager)
<h10>: [2023-02-26 10:07:19,380] INFO [Controller 10] Created partition __consumer_offsets-3 with topic ID lTK_5yiEQm25Ip0wxTt2JQ and PartitionRegistration(replicas=[5], isr=[5], removingReplicas=[], addingReplicas=[], leader=5, leaderEpoch=0, partitionEpoch=0). (org.apache.kafka.controller.ReplicationControlManager)
<h10>: [2023-02-26 10:07:19,380] INFO [Controller 10] Created partition __consumer_offsets-4 with topic ID lTK_5yiEQm25Ip0wxTt2JQ and PartitionRegistration(replicas=[6], isr=[6], removingReplicas=[], addingReplicas=[], leader=6, leaderEpoch=0, partitionEpoch=0). (org.apache.kafka.controller.ReplicationControlManager)
<h10>: [2023-02-26 10:07:19,380] INFO [Controller 10] Created partition __consumer_offsets-5 with topic ID lTK_5yiEQm25Ip0wxTt2JQ and PartitionRegistration(replicas=[7], isr=[7], removingReplicas=[], addingReplicas=[], leader=7, leaderEpoch=0, partitionEpoch=0). (org.apache.kafka.controller.ReplicationControlManager)
<h10>: [2023-02-26 10:07:19,380] INFO [Controller 10] Created partition __consumer_offsets-6 with topic ID lTK_5yiEQm25Ip0wxTt2JQ and PartitionRegistration(replicas=[8], isr=[8], removingReplicas=[], addingReplicas=[], leader=8, leaderEpoch=0, partitionEpoch=0). (org.apache.kafka.controller.ReplicationControlManager)
<h10>: [2023-02-26 10:07:19,380] INFO [Controller 10] Created partition __consumer_offsets-7 with topic ID lTK_5yiEQm25Ip0wxTt2JQ and PartitionRegistration(replicas=[9], isr=[9], removingReplicas=[], addingReplicas=[], leader=9, leaderEpoch=0, partitionEpoch=0). (org.apache.kafka.controller.ReplicationControlManager)
<h10>: [2023-02-26 10:07:19,380] INFO [Controller 10] Created partition __consumer_offsets-8 with topic ID lTK_5yiEQm25Ip0wxTt2JQ and PartitionRegistration(replicas=[10], isr=[10], removingReplicas=[], addingReplicas=[], leader=10, leaderEpoch=0, partitionEpoch=0). (org.apache.kafka.controller.ReplicationControlManager)
<h10>: [2023-02-26 10:07:19,380] INFO [Controller 10] Created partition __consumer_offsets-9 with topic ID lTK_5yiEQm25Ip0wxTt2JQ and PartitionRegistration(replicas=[1], isr=[1], removingReplicas=[], addingReplicas=[], leader=1, leaderEpoch=0, partitionEpoch=0). (org.apache.kafka.controller.ReplicationControlManager)
<h10>: [2023-02-26 10:07:19,380] INFO [Controller 10] Created partition __consumer_offsets-10 with topic ID lTK_5yiEQm25Ip0wxTt2JQ and PartitionRegistration(replicas=[7], isr=[7], removingReplicas=[], addingReplicas=[], leader=7, leaderEpoch=0, partitionEpoch=0). (org.apache.kafka.controller.ReplicationControlManager)
<h10>: [2023-02-26 10:07:19,380] INFO [Controller 10] Created partition __consumer_offsets-11 with topic ID lTK_5yiEQm25Ip0wxTt2JQ and PartitionRegistration(replicas=[9], isr=[9], removingReplicas=[], addingReplicas=[], leader=9, leaderEpoch=0, partitionEpoch=0). (org.apache.kafka.controller.ReplicationControlManager)
<h10>: [2023-02-26 10:07:19,380] INFO [Controller 10] Created partition __consumer_offsets-12 with topic ID lTK_5yiEQm25Ip0wxTt2JQ and PartitionRegistration(replicas=[2], isr=[2], removingReplicas=[], addingReplicas=[], leader=2, leaderEpoch=0, partitionEpoch=0). (org.apache.kafka.controller.ReplicationControlManager)
<h10>: [2023-02-26 10:07:19,381] INFO [Controller 10] Created partition __consumer_offsets-13 with topic ID lTK_5yiEQm25Ip0wxTt2JQ and PartitionRegistration(replicas=[10], isr=[10], removingReplicas=[], addingReplicas=[], leader=10, leaderEpoch=0, partitionEpoch=0). (org.apache.kafka.controller.ReplicationControlManager)
<h10>: [2023-02-26 10:07:19,381] INFO [Controller 10] Created partition __consumer_offsets-14 with topic ID lTK_5yiEQm25Ip0wxTt2JQ and PartitionRegistration(replicas=[4], isr=[4], removingReplicas=[], addingReplicas=[], leader=4, leaderEpoch=0, partitionEpoch=0). (org.apache.kafka.controller.ReplicationControlManager)
<h10>: [2023-02-26 10:07:19,381] INFO [Controller 10] Created partition __consumer_offsets-15 with topic ID lTK_5yiEQm25Ip0wxTt2JQ and PartitionRegistration(replicas=[5], isr=[5], removingReplicas=[], addingReplicas=[], leader=5, leaderEpoch=0, partitionEpoch=0). (org.apache.kafka.controller.ReplicationControlManager)
<h10>: [2023-02-26 10:07:19,381] INFO [Controller 10] Created partition __consumer_offsets-16 with topic ID lTK_5yiEQm25Ip0wxTt2JQ and PartitionRegistration(replicas=[8], isr=[8], removingReplicas=[], addingReplicas=[], leader=8, leaderEpoch=0, partitionEpoch=0). (org.apache.kafka.controller.ReplicationControlManager)
<h10>: [2023-02-26 10:07:19,381] INFO [Controller 10] Created partition __consumer_offsets-17 with topic ID lTK_5yiEQm25Ip0wxTt2JQ and PartitionRegistration(replicas=[6], isr=[6], removingReplicas=[], addingReplicas=[], leader=6, leaderEpoch=0, partitionEpoch=0). (org.apache.kafka.controller.ReplicationControlManager)
<h10>: [2023-02-26 10:07:19,381] INFO [Controller 10] Created partition __consumer_offsets-18 with topic ID lTK_5yiEQm25Ip0wxTt2JQ and PartitionRegistration(replicas=[1], isr=[1], removingReplicas=[], addingReplicas=[], leader=1, leaderEpoch=0, partitionEpoch=0). (org.apache.kafka.controller.ReplicationControlManager)
<h10>: [2023-02-26 10:07:19,381] INFO [Controller 10] Created partition __consumer_offsets-19 with topic ID lTK_5yiEQm25Ip0wxTt2JQ and PartitionRegistration(replicas=[3], isr=[3], removingReplicas=[], addingReplicas=[], leader=3, leaderEpoch=0, partitionEpoch=0). (org.apache.kafka.controller.ReplicationControlManager)
<h10>: [2023-02-26 10:07:19,381] INFO [Controller 10] Created partition __consumer_offsets-20 with topic ID lTK_5yiEQm25Ip0wxTt2JQ and PartitionRegistration(replicas=[7], isr=[7], removingReplicas=[], addingReplicas=[], leader=7, leaderEpoch=0, partitionEpoch=0). (org.apache.kafka.controller.ReplicationControlManager)
<h10>: [2023-02-26 10:07:19,381] INFO [Controller 10] Created partition __consumer_offsets-21 with topic ID lTK_5yiEQm25Ip0wxTt2JQ and PartitionRegistration(replicas=[1], isr=[1], removingReplicas=[], addingReplicas=[], leader=1, leaderEpoch=0, partitionEpoch=0). (org.apache.kafka.controller.ReplicationControlManager)
<h10>: [2023-02-26 10:07:19,381] INFO [Controller 10] Created partition __consumer_offsets-22 with topic ID lTK_5yiEQm25Ip0wxTt2JQ and PartitionRegistration(replicas=[9], isr=[9], removingReplicas=[], addingReplicas=[], leader=9, leaderEpoch=0, partitionEpoch=0). (org.apache.kafka.controller.ReplicationControlManager)
<h10>: [2023-02-26 10:07:19,381] INFO [Controller 10] Created partition __consumer_offsets-23 with topic ID lTK_5yiEQm25Ip0wxTt2JQ and PartitionRegistration(replicas=[6], isr=[6], removingReplicas=[], addingReplicas=[], leader=6, leaderEpoch=0, partitionEpoch=0). (org.apache.kafka.controller.ReplicationControlManager)
<h10>: [2023-02-26 10:07:19,381] INFO [Controller 10] Created partition __consumer_offsets-24 with topic ID lTK_5yiEQm25Ip0wxTt2JQ and PartitionRegistration(replicas=[5], isr=[5], removingReplicas=[], addingReplicas=[], leader=5, leaderEpoch=0, partitionEpoch=0). (org.apache.kafka.controller.ReplicationControlManager)
<h10>: [2023-02-26 10:07:19,381] INFO [Controller 10] Created partition __consumer_offsets-25 with topic ID lTK_5yiEQm25Ip0wxTt2JQ and PartitionRegistration(replicas=[2], isr=[2], removingReplicas=[], addingReplicas=[], leader=2, leaderEpoch=0, partitionEpoch=0). (org.apache.kafka.controller.ReplicationControlManager)
<h10>: [2023-02-26 10:07:19,382] INFO [Controller 10] Created partition __consumer_offsets-26 with topic ID lTK_5yiEQm25Ip0wxTt2JQ and PartitionRegistration(replicas=[8], isr=[8], removingReplicas=[], addingReplicas=[], leader=8, leaderEpoch=0, partitionEpoch=0). (org.apache.kafka.controller.ReplicationControlManager)
<h10>: [2023-02-26 10:07:19,382] INFO [Controller 10] Created partition __consumer_offsets-27 with topic ID lTK_5yiEQm25Ip0wxTt2JQ and PartitionRegistration(replicas=[10], isr=[10], removingReplicas=[], addingReplicas=[], leader=10, leaderEpoch=0, partitionEpoch=0). (org.apache.kafka.controller.ReplicationControlManager)
<h10>: [2023-02-26 10:07:19,382] INFO [Controller 10] Created partition __consumer_offsets-28 with topic ID lTK_5yiEQm25Ip0wxTt2JQ and PartitionRegistration(replicas=[4], isr=[4], removingReplicas=[], addingReplicas=[], leader=4, leaderEpoch=0, partitionEpoch=0). (org.apache.kafka.controller.ReplicationControlManager)
<h10>: [2023-02-26 10:07:19,382] INFO [Controller 10] Created partition __consumer_offsets-29 with topic ID lTK_5yiEQm25Ip0wxTt2JQ and PartitionRegistration(replicas=[3], isr=[3], removingReplicas=[], addingReplicas=[], leader=3, leaderEpoch=0, partitionEpoch=0). (org.apache.kafka.controller.ReplicationControlManager)
<h10>: [2023-02-26 10:07:19,382] INFO [Controller 10] Created partition __consumer_offsets-30 with topic ID lTK_5yiEQm25Ip0wxTt2JQ and PartitionRegistration(replicas=[8], isr=[8], removingReplicas=[], addingReplicas=[], leader=8, leaderEpoch=0, partitionEpoch=0). (org.apache.kafka.controller.ReplicationControlManager)
<h10>: [2023-02-26 10:07:19,382] INFO [Controller 10] Created partition __consumer_offsets-31 with topic ID lTK_5yiEQm25Ip0wxTt2JQ and PartitionRegistration(replicas=[1], isr=[1], removingReplicas=[], addingReplicas=[], leader=1, leaderEpoch=0, partitionEpoch=0). (org.apache.kafka.controller.ReplicationControlManager)
<h10>: [2023-02-26 10:07:19,382] INFO [Controller 10] Created partition __consumer_offsets-32 with topic ID lTK_5yiEQm25Ip0wxTt2JQ and PartitionRegistration(replicas=[4], isr=[4], removingReplicas=[], addingReplicas=[], leader=4, leaderEpoch=0, partitionEpoch=0). (org.apache.kafka.controller.ReplicationControlManager)
<h10>: [2023-02-26 10:07:19,382] INFO [Controller 10] Created partition __consumer_offsets-33 with topic ID lTK_5yiEQm25Ip0wxTt2JQ and PartitionRegistration(replicas=[10], isr=[10], removingReplicas=[], addingReplicas=[], leader=10, leaderEpoch=0, partitionEpoch=0). (org.apache.kafka.controller.ReplicationControlManager)
<h10>: [2023-02-26 10:07:19,382] INFO [Controller 10] Created partition __consumer_offsets-34 with topic ID lTK_5yiEQm25Ip0wxTt2JQ and PartitionRegistration(replicas=[9], isr=[9], removingReplicas=[], addingReplicas=[], leader=9, leaderEpoch=0, partitionEpoch=0). (org.apache.kafka.controller.ReplicationControlManager)
<h10>: [2023-02-26 10:07:19,382] INFO [Controller 10] Created partition __consumer_offsets-35 with topic ID lTK_5yiEQm25Ip0wxTt2JQ and PartitionRegistration(replicas=[2], isr=[2], removingReplicas=[], addingReplicas=[], leader=2, leaderEpoch=0, partitionEpoch=0). (org.apache.kafka.controller.ReplicationControlManager)
<h10>: [2023-02-26 10:07:19,382] INFO [Controller 10] Created partition __consumer_offsets-36 with topic ID lTK_5yiEQm25Ip0wxTt2JQ and PartitionRegistration(replicas=[3], isr=[3], removingReplicas=[], addingReplicas=[], leader=3, leaderEpoch=0, partitionEpoch=0). (org.apache.kafka.controller.ReplicationControlManager)
<h10>: [2023-02-26 10:07:19,382] INFO [Controller 10] Created partition __consumer_offsets-37 with topic ID lTK_5yiEQm25Ip0wxTt2JQ and PartitionRegistration(replicas=[5], isr=[5], removingReplicas=[], addingReplicas=[], leader=5, leaderEpoch=0, partitionEpoch=0). (org.apache.kafka.controller.ReplicationControlManager)
<h10>: [2023-02-26 10:07:19,382] INFO [Controller 10] Created partition __consumer_offsets-38 with topic ID lTK_5yiEQm25Ip0wxTt2JQ and PartitionRegistration(replicas=[7], isr=[7], removingReplicas=[], addingReplicas=[], leader=7, leaderEpoch=0, partitionEpoch=0). (org.apache.kafka.controller.ReplicationControlManager)
<h10>: [2023-02-26 10:07:19,383] INFO [Controller 10] Created partition __consumer_offsets-39 with topic ID lTK_5yiEQm25Ip0wxTt2JQ and PartitionRegistration(replicas=[6], isr=[6], removingReplicas=[], addingReplicas=[], leader=6, leaderEpoch=0, partitionEpoch=0). (org.apache.kafka.controller.ReplicationControlManager)
<h10>: [2023-02-26 10:07:19,383] INFO [Controller 10] Created partition __consumer_offsets-40 with topic ID lTK_5yiEQm25Ip0wxTt2JQ and PartitionRegistration(replicas=[7], isr=[7], removingReplicas=[], addingReplicas=[], leader=7, leaderEpoch=0, partitionEpoch=0). (org.apache.kafka.controller.ReplicationControlManager)
<h10>: [2023-02-26 10:07:19,383] INFO [Controller 10] Created partition __consumer_offsets-41 with topic ID lTK_5yiEQm25Ip0wxTt2JQ and PartitionRegistration(replicas=[4], isr=[4], removingReplicas=[], addingReplicas=[], leader=4, leaderEpoch=0, partitionEpoch=0). (org.apache.kafka.controller.ReplicationControlManager)
<h10>: [2023-02-26 10:07:19,383] INFO [Controller 10] Created partition __consumer_offsets-42 with topic ID lTK_5yiEQm25Ip0wxTt2JQ and PartitionRegistration(replicas=[2], isr=[2], removingReplicas=[], addingReplicas=[], leader=2, leaderEpoch=0, partitionEpoch=0). (org.apache.kafka.controller.ReplicationControlManager)
<h10>: [2023-02-26 10:07:19,383] INFO [Controller 10] Created partition __consumer_offsets-43 with topic ID lTK_5yiEQm25Ip0wxTt2JQ and PartitionRegistration(replicas=[8], isr=[8], removingReplicas=[], addingReplicas=[], leader=8, leaderEpoch=0, partitionEpoch=0). (org.apache.kafka.controller.ReplicationControlManager)
<h10>: [2023-02-26 10:07:19,383] INFO [Controller 10] Created partition __consumer_offsets-44 with topic ID lTK_5yiEQm25Ip0wxTt2JQ and PartitionRegistration(replicas=[6], isr=[6], removingReplicas=[], addingReplicas=[], leader=6, leaderEpoch=0, partitionEpoch=0). (org.apache.kafka.controller.ReplicationControlManager)
<h10>: [2023-02-26 10:07:19,383] INFO [Controller 10] Created partition __consumer_offsets-45 with topic ID lTK_5yiEQm25Ip0wxTt2JQ and PartitionRegistration(replicas=[3], isr=[3], removingReplicas=[], addingReplicas=[], leader=3, leaderEpoch=0, partitionEpoch=0). (org.apache.kafka.controller.ReplicationControlManager)
<h10>: [2023-02-26 10:07:19,383] INFO [Controller 10] Created partition __consumer_offsets-46 with topic ID lTK_5yiEQm25Ip0wxTt2JQ and PartitionRegistration(replicas=[5], isr=[5], removingReplicas=[], addingReplicas=[], leader=5, leaderEpoch=0, partitionEpoch=0). (org.apache.kafka.controller.ReplicationControlManager)
<h10>: [2023-02-26 10:07:19,383] INFO [Controller 10] Created partition __consumer_offsets-47 with topic ID lTK_5yiEQm25Ip0wxTt2JQ and PartitionRegistration(replicas=[9], isr=[9], removingReplicas=[], addingReplicas=[], leader=9, leaderEpoch=0, partitionEpoch=0). (org.apache.kafka.controller.ReplicationControlManager)
<h10>: [2023-02-26 10:07:19,411] INFO [ReplicaFetcherManager on broker 10] Removed fetcher for partitions Set(__consumer_offsets-8, __consumer_offsets-13, __consumer_offsets-27, __consumer_offsets-33, __consumer_offsets-49) (kafka.server.ReplicaFetcherManager)
<h10>: [2023-02-26 10:07:19,411] INFO [Controller 10] Created partition __consumer_offsets-48 with topic ID lTK_5yiEQm25Ip0wxTt2JQ and PartitionRegistration(replicas=[1], isr=[1], removingReplicas=[], addingReplicas=[], leader=1, leaderEpoch=0, partitionEpoch=0). (org.apache.kafka.controller.ReplicationControlManager)
<h10>: [2023-02-26 10:07:19,427] INFO [Controller 10] Created partition __consumer_offsets-49 with topic ID lTK_5yiEQm25Ip0wxTt2JQ and PartitionRegistration(replicas=[10], isr=[10], removingReplicas=[], addingReplicas=[], leader=10, leaderEpoch=0, partitionEpoch=0). (org.apache.kafka.controller.ReplicationControlManager)
<h10>: [2023-02-26 10:07:19,439] INFO [LogLoader partition=__consumer_offsets-8, dir=/home/visitor/neves/amnis-data-sync/./kafka-3.1.0/logs/kafka10] Loading producer state till offset 0 with message format version 2 (kafka.log.UnifiedLog$)
<h10>: [2023-02-26 10:07:19,440] INFO Created log for partition __consumer_offsets-8 in /home/visitor/neves/amnis-data-sync/./kafka-3.1.0/logs/kafka10/__consumer_offsets-8 with properties {cleanup.policy=compact, compression.type="producer", segment.bytes=104857600} (kafka.log.LogManager)
<h10>: [2023-02-26 10:07:19,440] INFO [Partition __consumer_offsets-8 broker=10] No checkpointed highwatermark is found for partition __consumer_offsets-8 (kafka.cluster.Partition)
<h10>: [2023-02-26 10:07:19,440] INFO [Partition __consumer_offsets-8 broker=10] Log loaded for partition __consumer_offsets-8 with initial high watermark 0 (kafka.cluster.Partition)
<h10>: [2023-02-26 10:07:19,690] INFO [LogLoader partition=__consumer_offsets-13, dir=/home/visitor/neves/amnis-data-sync/./kafka-3.1.0/logs/kafka10] Loading producer state till offset 0 with message format version 2 (kafka.log.UnifiedLog$)
<h10>: [2023-02-26 10:07:19,691] INFO Created log for partition __consumer_offsets-13 in /home/visitor/neves/amnis-data-sync/./kafka-3.1.0/logs/kafka10/__consumer_offsets-13 with properties {cleanup.policy=compact, compression.type="producer", segment.bytes=104857600} (kafka.log.LogManager)
<h10>: [2023-02-26 10:07:19,691] INFO [Partition __consumer_offsets-13 broker=10] No checkpointed highwatermark is found for partition __consumer_offsets-13 (kafka.cluster.Partition)
<h10>: [2023-02-26 10:07:19,691] INFO [Partition __consumer_offsets-13 broker=10] Log loaded for partition __consumer_offsets-13 with initial high watermark 0 (kafka.cluster.Partition)
<h10>: [2023-02-26 10:07:19,893] INFO [LogLoader partition=__consumer_offsets-27, dir=/home/visitor/neves/amnis-data-sync/./kafka-3.1.0/logs/kafka10] Loading producer state till offset 0 with message format version 2 (kafka.log.UnifiedLog$)
<h10>: [2023-02-26 10:07:19,894] INFO Created log for partition __consumer_offsets-27 in /home/visitor/neves/amnis-data-sync/./kafka-3.1.0/logs/kafka10/__consumer_offsets-27 with properties {cleanup.policy=compact, compression.type="producer", segment.bytes=104857600} (kafka.log.LogManager)
<h10>: [2023-02-26 10:07:19,894] INFO [Partition __consumer_offsets-27 broker=10] No checkpointed highwatermark is found for partition __consumer_offsets-27 (kafka.cluster.Partition)
<h10>: [2023-02-26 10:07:19,894] INFO [Partition __consumer_offsets-27 broker=10] Log loaded for partition __consumer_offsets-27 with initial high watermark 0 (kafka.cluster.Partition)
<h10>: [2023-02-26 10:07:20,019] INFO [LogLoader partition=__consumer_offsets-33, dir=/home/visitor/neves/amnis-data-sync/./kafka-3.1.0/logs/kafka10] Loading producer state till offset 0 with message format version 2 (kafka.log.UnifiedLog$)
<h10>: [2023-02-26 10:07:20,020] INFO Created log for partition __consumer_offsets-33 in /home/visitor/neves/amnis-data-sync/./kafka-3.1.0/logs/kafka10/__consumer_offsets-33 with properties {cleanup.policy=compact, compression.type="producer", segment.bytes=104857600} (kafka.log.LogManager)
<h10>: [2023-02-26 10:07:20,020] INFO [Partition __consumer_offsets-33 broker=10] No checkpointed highwatermark is found for partition __consumer_offsets-33 (kafka.cluster.Partition)
<h10>: [2023-02-26 10:07:20,021] INFO [Partition __consumer_offsets-33 broker=10] Log loaded for partition __consumer_offsets-33 with initial high watermark 0 (kafka.cluster.Partition)
<h10>: [2023-02-26 10:07:20,180] INFO [LogLoader partition=__consumer_offsets-49, dir=/home/visitor/neves/amnis-data-sync/./kafka-3.1.0/logs/kafka10] Loading producer state till offset 0 with message format version 2 (kafka.log.UnifiedLog$)
<h10>: [2023-02-26 10:07:20,181] INFO Created log for partition __consumer_offsets-49 in /home/visitor/neves/amnis-data-sync/./kafka-3.1.0/logs/kafka10/__consumer_offsets-49 with properties {cleanup.policy=compact, compression.type="producer", segment.bytes=104857600} (kafka.log.LogManager)
<h10>: [2023-02-26 10:07:20,181] INFO [Partition __consumer_offsets-49 broker=10] No checkpointed highwatermark is found for partition __consumer_offsets-49 (kafka.cluster.Partition)
<h10>: [2023-02-26 10:07:20,181] INFO [Partition __consumer_offsets-49 broker=10] Log loaded for partition __consumer_offsets-49 with initial high watermark 0 (kafka.cluster.Partition)
<h10>: [2023-02-26 10:07:20,303] INFO [GroupCoordinator 10]: Elected as the group coordinator for partition 13 in epoch 0 (kafka.coordinator.group.GroupCoordinator)
<h10>: [2023-02-26 10:07:20,304] INFO [GroupMetadataManager brokerId=10] Scheduling loading of offsets and group metadata from __consumer_offsets-13 for epoch 0 (kafka.coordinator.group.GroupMetadataManager)
<h10>: [2023-02-26 10:07:20,311] INFO [GroupCoordinator 10]: Elected as the group coordinator for partition 27 in epoch 0 (kafka.coordinator.group.GroupCoordinator)
<h10>: [2023-02-26 10:07:20,311] INFO [GroupMetadataManager brokerId=10] Scheduling loading of offsets and group metadata from __consumer_offsets-27 for epoch 0 (kafka.coordinator.group.GroupMetadataManager)
<h10>: [2023-02-26 10:07:20,312] INFO [GroupCoordinator 10]: Elected as the group coordinator for partition 8 in epoch 0 (kafka.coordinator.group.GroupCoordinator)
<h10>: [2023-02-26 10:07:20,312] INFO [GroupMetadataManager brokerId=10] Scheduling loading of offsets and group metadata from __consumer_offsets-8 for epoch 0 (kafka.coordinator.group.GroupMetadataManager)
<h10>: [2023-02-26 10:07:20,312] INFO [GroupCoordinator 10]: Elected as the group coordinator for partition 33 in epoch 0 (kafka.coordinator.group.GroupCoordinator)
<h10>: [2023-02-26 10:07:20,312] INFO [GroupMetadataManager brokerId=10] Scheduling loading of offsets and group metadata from __consumer_offsets-33 for epoch 0 (kafka.coordinator.group.GroupMetadataManager)
<h10>: [2023-02-26 10:07:20,312] INFO [GroupCoordinator 10]: Elected as the group coordinator for partition 49 in epoch 0 (kafka.coordinator.group.GroupCoordinator)
<h10>: [2023-02-26 10:07:20,312] INFO [GroupMetadataManager brokerId=10] Scheduling loading of offsets and group metadata from __consumer_offsets-49 for epoch 0 (kafka.coordinator.group.GroupMetadataManager)
<h10>: [2023-02-26 10:07:20,312] INFO [GroupMetadataManager brokerId=10] Finished loading offsets and group metadata from __consumer_offsets-13 in 7 milliseconds for epoch 0, of which 4 milliseconds was spent in the scheduler. (kafka.coordinator.group.GroupMetadataManager)
<h10>: [2023-02-26 10:07:20,318] INFO [GroupMetadataManager brokerId=10] Finished loading offsets and group metadata from __consumer_offsets-27 in 6 milliseconds for epoch 0, of which 6 milliseconds was spent in the scheduler. (kafka.coordinator.group.GroupMetadataManager)
<h10>: [2023-02-26 10:07:20,318] INFO [GroupMetadataManager brokerId=10] Finished loading offsets and group metadata from __consumer_offsets-8 in 6 milliseconds for epoch 0, of which 6 milliseconds was spent in the scheduler. (kafka.coordinator.group.GroupMetadataManager)
<h10>: [2023-02-26 10:07:20,318] INFO [GroupMetadataManager brokerId=10] Finished loading offsets and group metadata from __consumer_offsets-33 in 6 milliseconds for epoch 0, of which 6 milliseconds was spent in the scheduler. (kafka.coordinator.group.GroupMetadataManager)
<h10>: [2023-02-26 10:07:20,318] INFO [GroupMetadataManager brokerId=10] Finished loading offsets and group metadata from __consumer_offsets-49 in 6 milliseconds for epoch 0, of which 6 milliseconds was spent in the scheduler. (kafka.coordinator.group.GroupMetadataManager)
<h10>: [2023-02-26 10:07:20,439] INFO [GroupCoordinator 10]: Dynamic Member with unknown member id joins group group-1 in Empty state. Created a new member id kafka-python-2.0.2-5209524c-77d0-434b-8034-7ae0b76e57ec for this member and add to the group. (kafka.coordinator.group.GroupCoordinator)
<h10>: [2023-02-26 10:07:20,446] INFO [GroupCoordinator 10]: Preparing to rebalance group group-1 in state PreparingRebalance with old generation 0 (__consumer_offsets-49) (reason: Adding new member kafka-python-2.0.2-5209524c-77d0-434b-8034-7ae0b76e57ec with group instance id None) (kafka.coordinator.group.GroupCoordinator)
<h10>: [2023-02-26 10:07:23,457] INFO [GroupCoordinator 10]: Stabilized group group-1 generation 1 (__consumer_offsets-49) with 1 members (kafka.coordinator.group.GroupCoordinator)
<h10>: [2023-02-26 10:07:23,478] INFO [GroupCoordinator 10]: Assignment received from leader kafka-python-2.0.2-5209524c-77d0-434b-8034-7ae0b76e57ec for group group-1 for generation 1. The group has 1 members, 0 of which are static. (kafka.coordinator.group.GroupCoordinator)
<h10>: [2023-02-26 10:09:24,054] INFO Sent auto-creation request for Set(topic-0) to the active controller. (kafka.server.DefaultAutoTopicCreationManager)
<h10>: [2023-02-26 10:09:24,390] INFO Sent auto-creation request for Set(topic-0) to the active controller. (kafka.server.DefaultAutoTopicCreationManager)
<h10>: [2023-02-26 10:09:24,503] INFO Sent auto-creation request for Set(topic-0) to the active controller. (kafka.server.DefaultAutoTopicCreationManager)
<h10>: [2023-02-26 10:09:24,624] INFO Sent auto-creation request for Set(topic-0) to the active controller. (kafka.server.DefaultAutoTopicCreationManager)
<h10>: [2023-02-26 10:09:24,737] INFO Sent auto-creation request for Set(topic-0) to the active controller. (kafka.server.DefaultAutoTopicCreationManager)
<h10>: [2023-02-26 10:09:24,795] INFO [Controller 10] Created topic topic-0 with topic ID qVG51mdKQxe53Xs6yqfsEw. (org.apache.kafka.controller.ReplicationControlManager)
<h10>: [2023-02-26 10:09:24,795] INFO [Controller 10] Created partition topic-0-0 with topic ID qVG51mdKQxe53Xs6yqfsEw and PartitionRegistration(replicas=[10], isr=[10], removingReplicas=[], addingReplicas=[], leader=10, leaderEpoch=0, partitionEpoch=0). (org.apache.kafka.controller.ReplicationControlManager)
<h10>: [2023-02-26 10:09:24,795] INFO [ReplicaFetcherManager on broker 10] Removed fetcher for partitions Set(topic-0-0) (kafka.server.ReplicaFetcherManager)
<h10>: [2023-02-26 10:09:24,799] INFO [LogLoader partition=topic-0-0, dir=/home/visitor/neves/amnis-data-sync/./kafka-3.1.0/logs/kafka10] Loading producer state till offset 0 with message format version 2 (kafka.log.UnifiedLog$)
<h10>: [2023-02-26 10:09:24,801] INFO Created log for partition topic-0-0 in /home/visitor/neves/amnis-data-sync/./kafka-3.1.0/logs/kafka10/topic-0-0 with properties {} (kafka.log.LogManager)
<h10>: [2023-02-26 10:09:24,803] INFO [Partition topic-0-0 broker=10] No checkpointed highwatermark is found for partition topic-0-0 (kafka.cluster.Partition)
<h10>: [2023-02-26 10:09:24,803] INFO [Partition topic-0-0 broker=10] Log loaded for partition topic-0-0 with initial high watermark 0 (kafka.cluster.Partition)
<h10>: [2023-02-26 10:12:23,609] INFO [GroupCoordinator 10]: Preparing to rebalance group group-1 in state PreparingRebalance with old generation 1 (__consumer_offsets-49) (reason: Leader kafka-python-2.0.2-5209524c-77d0-434b-8034-7ae0b76e57ec re-joining group during Stable) (kafka.coordinator.group.GroupCoordinator)
<h10>: [2023-02-26 10:12:23,610] INFO [GroupCoordinator 10]: Stabilized group group-1 generation 2 (__consumer_offsets-49) with 1 members (kafka.coordinator.group.GroupCoordinator)
<h10>: [2023-02-26 10:12:23,619] INFO [GroupCoordinator 10]: Assignment received from leader kafka-python-2.0.2-5209524c-77d0-434b-8034-7ae0b76e57ec for group group-1 for generation 2. The group has 1 members, 0 of which are static. (kafka.coordinator.group.GroupCoordinator)
<h10>: [2023-02-26 10:14:38,249] INFO [BrokerToControllerChannelManager broker=10 name=forwarding] Node 1 disconnected. (org.apache.kafka.clients.NetworkClient)
<h10>: [2023-02-26 10:14:38,251] INFO [BrokerToControllerChannelManager broker=10 name=heartbeat] Node 1 disconnected. (org.apache.kafka.clients.NetworkClient)
<h10>: [2023-02-26 10:14:38,251] INFO [RaftManager nodeId=10] Node 1 disconnected. (org.apache.kafka.clients.NetworkClient)
<h10>: [2023-02-26 10:14:38,256] INFO [RaftManager nodeId=10] Cancelled in-flight FETCH request with correlation id 889 due to node 1 being disconnected (elapsed time since creation: 441ms, elapsed time since send: 441ms, request timeout: 120000ms) (org.apache.kafka.clients.NetworkClient)
<h10>: [2023-02-26 10:14:38,297] INFO [RaftManager nodeId=10] Node 2 disconnected. (org.apache.kafka.clients.NetworkClient)
<h10>: [2023-02-26 10:14:38,323] INFO [RaftManager nodeId=10] Node 1 disconnected. (org.apache.kafka.clients.NetworkClient)
<h10>: [2023-02-26 10:14:38,323] WARN [RaftManager nodeId=10] Connection to node 1 (/10.0.0.1:19092) could not be established. Broker may not be available. (org.apache.kafka.clients.NetworkClient)
<h10>: [2023-02-26 10:14:38,338] INFO [RaftManager nodeId=10] Node 3 disconnected. (org.apache.kafka.clients.NetworkClient)
<h10>: [2023-02-26 10:14:38,379] INFO [RaftManager nodeId=10] Node 4 disconnected. (org.apache.kafka.clients.NetworkClient)
<h10>: [2023-02-26 10:14:38,421] INFO [RaftManager nodeId=10] Node 5 disconnected. (org.apache.kafka.clients.NetworkClient)
<h10>: [2023-02-26 10:14:38,440] INFO [RaftManager nodeId=10] Node 1 disconnected. (org.apache.kafka.clients.NetworkClient)
<h10>: [2023-02-26 10:14:38,441] WARN [RaftManager nodeId=10] Connection to node 1 (/10.0.0.1:19092) could not be established. Broker may not be available. (org.apache.kafka.clients.NetworkClient)
<h10>: [2023-02-26 10:14:38,467] INFO [RaftManager nodeId=10] Node 6 disconnected. (org.apache.kafka.clients.NetworkClient)
<h10>: [2023-02-26 10:14:38,512] INFO [RaftManager nodeId=10] Node 7 disconnected. (org.apache.kafka.clients.NetworkClient)
<h10>: [2023-02-26 10:14:38,551] INFO [RaftManager nodeId=10] Node 8 disconnected. (org.apache.kafka.clients.NetworkClient)
