2.3
88.5
0.6
36.0
0.6
5.1
1.1
6.9
2.4
1.1
95.6
17.0
20.3
0.6
8.4
15.3
11.6
31.0
6.3
87.9
5.0
15.6
2.3
32.4
0.0
6.1
45.1
1.1
89.5
27.4
21.5
0.6
33.7
0.6
7.3
67.1
0.0
80.9
20.5
7.5
13.1
27.9
0.6
16.3
64.2
0.6
83.7
24.7
6.4
16.6
25.3
0.0
10.0
66.3
42.2
92.5
72.4
62.9
68.4
63.3
54.3
45.1
91.2
45.4
73.7
31.0
9.7
5.6
8.8
30.9
3.4
92.5
2.3
83.2
32.2
30.3
27.3
33.0
63.2
25.8
92.7
90.8
56.9
17.0
12.0
32.1
5.6
86.1
2.2
14.0
8.0
12.9
12.5
11.0
62.5
6.7
69.8
5.6
10.3
1.8
11.3
5.6
5.0
87.5
8.4
47.5
2.3
22.7
4.5
7.7
26.6
4.5
93.5
1.1
14.3
10.4
9.0
6.1
9.7
67.6
1.7
72.3
3.9
8.9
5.6
8.8
26.2
8.6
90.8
2.2
12.4
17.1
13.2
8.4
6.2
72.8
4.0
54.5
1.7
13.0
2.3
7.3
60.7
3.4
72.6
14.8
14.4
7.9
13.4
45.4
5.6
66.8
7.1
6.8
2.2
11.7
44.4
1.1
90.7
4.0
7.4
3.9
9.0
27.1
6.6
91.7
19.0
6.5
1.1
9.3
8.7
5.2
92.9
14.5
27.2
2.2
7.6
7.7
8.2
32.8
17.4
93.6
2.8
29.7
2.8
12.3
6.2
7.3
42.5
7.5
93.2
2.2
18.1
1.7
9.7
6.6
9.3
43.8
0.6
92.0
22.5
32.5
9.3
11.2
2.2
7.9
49.2
22.5
86.9
1.7
17.9
11.5
6.0
2.8
15.7
50.5
1.7
81.2
9.6
9.0
2.2
5.7
4.5
57.7
47.1
73.5
90.0
61.6
80.7
65.5
49.4
77.3
50.3
93.6
46.6
57.1
37.8
46.2
56.2
48.9
92.2
34.9
58.0
33.9
39.2
35.1
30.1
62.4
34.1
91.6
50.0
47.1
26.8
42.0
41.2
42.4
88.7
43.8
51.8
31.6
28.1
30.9
33.5
90.9
41.3
90.9
51.1
53.4
33.7
28.2
74.5
33.7
88.0
41.9
48.9
28.4
41.3
48.3
35.2
87.8
39.7
72.8
48.8
48.9
33.1
39.5
93.0
47.7
86.4
49.4
59.5
37.0
76.5
64.3
29.8
92.6
29.4
46.4
32.4
36.0
26.0
34.6
77.0
24.4
92.0
41.6
55.6
33.9
54.1
38.1
28.7
91.1
30.0
61.4
26.7
27.1
27.4
33.3
54.3
31.7
88.7
28.8
59.5
34.5
33.5
35.1
32.4
72.3
28.7
88.3
25.6
54.4
30.1
33.0
22.9
35.1
88.7
29.5
51.9
28.8
32.7
33.3
27.4
64.5
19.7
89.3
22.7
57.7
27.7
37.8
22.9
31.0
58.9
29.2
92.2
34.1
42.7
19.2
35.7
44.7
25.1
87.7
30.1
60.4
28.9
36.2
27.7
32.9
55.9
25.9
72.2
24.9
43.2
31.0
33.9
32.2
31.4
46.8
27.7
91.3
15.5
70.9
28.6
35.4
28.6
33.1
22.8
30.7
64.9
33.5
92.3
32.2
64.2
31.7
23.9
32.4
34.1
39.6
35.2
93.0
29.4
60.0
27.3
39.2
32.1
31.0
31.6
27.7
69.1
31.8
87.7
29.8
48.1
20.2
36.4
29.1
25.6
56.0
28.7
89.0
31.8
89.3
23.9
33.3
27.0
34.3
79.4
75.1
86.0
70.2
88.2
37.6
69.8
36.7
46.3
48.3
35.9
77.8
40.9
91.3
39.3
56.3
37.9
41.1
37.1
40.9
61.7
38.4
92.0
33.3
62.0
34.7
42.1
39.8
43.5
33.3
34.9
88.9
36.9
90.6
36.5
50.3
36.3
37.0
35.1
38.2
71.6
32.7
90.2
34.5
73.7
38.0
52.4
38.9
39.7
53.2
34.1
91.4
36.3
84.7
37.4
40.1
36.2
38.7
36.9
41.8
54.8
37.1
90.0
36.2
86.9
38.9
38.6
39.0
39.6
36.2
38.6
54.3
32.5
89.4
36.2
86.1
30.8
51.8
39.5
44.8
38.7
36.7
79.9
36.0
90.3
37.5
59.0
34.7
40.1
39.2
37.5
53.2
34.5
90.9
37.2
80.0
39.8
37.9
31.2
36.5
38.8
34.9
89.6
29.6
84.0
31.0
45.0
34.8
35.7
33.7
38.7
75.8
36.3
89.9
35.6
70.3
38.2
40.7
32.8
45.3
49.5
37.6
90.5
35.8
76.2
31.1
44.0
36.3
40.4
37.6
43.4
59.4
34.5
89.9
35.7
65.4
47.6
40.0
35.1
41.5
35.8
41.0
74.3
36.0
89.9
43.5
54.2
43.4
62.3
49.4
56.1
61.8
39.2
87.7
14.5
37.4
4.5
10.4
0.6
6.9
0.6
5.0
59.1
1.1
90.4
0.6
18.3
0.6
5.1
0.6
5.6
0.0
3.9
52.3
0.6
89.7
0.0
23.5
0.6
6.2
0.6
5.7
1.7
3.5
68.6
0.6
91.7
0.6
43.2
0.0
6.7
0.0
6.9
0.6
6.2
0.6
4.5
50.8
0.6
86.9
0.6
8.5
1.1
6.3
0.6
5.7
0.6
7.3
0.6
3.9
80.9
89.2
