12181.4
12179.2
12181.3
12180.7
12182.0
12182.2
12184.6
12182.7
12182.7
12184.2
12184.5
12214.8
12240.5
12250.6
12246.2
12254.3
12260.9
12260.7
12261.9
12312.0
12314.5
12311.2
12321.0
12359.6
12308.0
12309.3
12367.1
12308.3
12308.0
12367.0
12308.8
12318.8
12369.6
12309.6
12318.8
12368.8
12308.1
12324.0
12374.9
12307.8
12340.2
12375.6
12307.5
12339.7
12372.4
12306.2
12335.3
12378.6
12309.1
12348.1
12372.1
12307.4
12343.4
12404.8
12555.7
12708.3
12915.9
13057.7
13225.8
13389.2
13548.5
13686.2
13839.5
14004.7
14084.3
14128.6
14128.2
14127.2
14118.7
14110.4
14112.1
14110.2
14109.0
14239.7
14415.1
14841.4
15659.3
15672.4
15631.6
15661.8
15822.8
15868.8
15874.9
15888.1
15889.9
15876.6
15877.6
15879.0
15881.8
15882.9
15886.7
15886.3
15889.7
15893.0
15894.5
15897.3
15897.8
15898.6
15898.5
15900.3
15899.0
15898.1
15900.4
15902.3
15904.1
15903.5
15904.4
15903.2
15904.3
15905.3
15904.3
15906.6
15907.9
15909.0
15910.9
15911.3
15925.3
15925.7
15950.2
15938.3
15939.4
15929.0
15930.7
15929.5
15931.2
15923.8
15927.8
15933.8
15931.5
15931.4
15931.1
15931.9
15931.3
15940.3
15938.7
15936.7
15938.0
15937.8
15942.2
15948.7
15949.9
15948.3
15945.9
15947.4
15946.0
15948.2
15945.9
15946.1
15946.5
15946.5
15947.6
15946.3
15949.5
15950.0
15949.7
15948.5
15947.1
15950.3
15953.4
15954.0
15951.2
15946.0
15945.8
15948.4
15948.8
15948.4
15949.4
15946.2
15948.1
15944.7
15948.2
15947.5
15946.6
15947.2
15947.1
15948.1
15952.1
15950.0
15961.2
15962.4
15956.2
15952.8
15958.1
15955.9
15955.1
15954.8
15955.2
15956.0
15955.4
15957.8
15955.7
15956.7
15956.1
15957.3
15957.6
15958.2
15958.2
15955.6
15957.4
15959.3
15960.5
15963.6
15964.1
15963.8
15963.0
15963.7
15964.5
15968.3
15966.2
15966.8
15964.9
15966.1
15967.1
15969.1
15978.8
15976.9
15978.1
15977.5
15975.3
15974.8
15976.3
15975.8
15975.0
16073.4
16076.0
16142.8
16174.8
16146.8
16191.8
16227.8
16154.7
16167.4
16189.9
16266.3
16265.7
16275.0
16266.6
16263.2
16266.2
16277.1
16278.9
16289.4
16291.0
16302.3
16324.8
16326.3
16323.7
16323.7
16327.4
16327.4
16356.6
16357.6
16359.3
16359.7
16360.1
16367.3
16362.1
16361.3
16359.6
16361.0
16365.1
16368.1
16373.7
16369.1
16369.3
16370.0
16373.0
16387.8
16390.1
16390.0
16388.0
16389.3
16388.1
16389.2
16419.6
16431.1
16434.5
16432.2
16433.2
16436.0
16440.8
16442.3
16448.2
16467.0
16482.3
16499.0
16531.6
16559.7
16578.0
16604.6
16626.9
16641.4
16697.2
16719.9
16717.3
16715.9
16706.3
16699.6
16695.3
16686.8
16685.8
16685.6
16680.1
16675.3
16674.1
16676.7
16684.0
16681.8
16684.8
16682.8
16685.2
16683.0
16700.9
16697.8
16698.4
16698.0
16701.7
16703.3
16707.8
16709.2
16710.4
16710.6
16711.3
16715.3
16716.1
16713.5
16714.9
16712.5
16713.4
16713.5
16716.6
16716.0
16729.2
16746.5
16777.2
16780.5
16781.4
16782.2
16780.5
16780.2
16780.7
16782.4
16785.0
16781.3
16783.5
16785.2
16787.4
16790.3
16795.6
16798.2
16798.6
16802.4
16803.3
16807.9
16809.6
16815.7
16817.6
16827.8
16852.1
16876.3
16901.5
16907.9
16909.1
16910.2
16914.0
16914.8
16916.6
16920.2
16916.8
16918.5
16917.3
16917.4
16918.6
16920.0
16918.8
16918.1
16919.5
16919.3
16918.0
16920.1
16922.9
16924.5
16926.8
16925.8
16925.3
16927.2
16930.0
16929.6
16929.0
16958.0
16957.2
16957.7
16960.3
16967.1
16967.1
16965.5
16964.8
16964.8
16969.4
16967.3
16968.1
16969.6
16970.1
16968.0
16970.3
16968.3
16968.5
16968.7
16968.9
16970.8
16971.8
16970.9
16969.7
16972.8
16974.6
16975.8
16982.2
16981.8
16987.0
17007.9
17040.4
17041.9
17047.5
17047.4
17050.5
17054.0
17109.7
17119.2
17149.0
17152.8
17144.2
17144.7
17146.2
17148.5
17147.5
17154.9
17153.7
17152.4
17155.3
17156.3
17159.2
17166.5
17163.3
17170.1
17183.7
17194.5
17205.5
17220.2
17228.3
17237.9
17250.0
17259.9
17273.4
17285.2
17283.5
17284.8
17285.2
17285.4
17285.6
17290.1
17288.3
17287.9
17289.2
17288.7
17290.7
17293.5
17291.4
17291.2
17290.7
17292.9
17290.1
17296.1
17292.2
17292.3
17292.4
17293.2
17292.9
17297.5
17307.3
17317.2
17328.1
17327.4
17327.4
17331.4
17334.9
17340.4
17338.6
17339.1
17338.8
17342.0
17343.6
17346.5
17345.6
17347.5
17347.6
17350.6
17352.3
17355.5
17354.9
17353.1
17354.7
17354.5
17358.6
17357.1
17357.8
17356.8
17359.2
17360.8
17361.8
17374.9
17392.2
17401.4
17399.6
17403.7
17402.7
17403.5
17406.1
17405.0
17406.0
17407.3
17407.9
17406.9
17410.6
17408.9
17408.6
17409.4
17408.4
17409.9
17412.8
17414.1
17411.5
17411.6
17412.4
17412.8
17415.1
17413.8
17416.5
17412.8
17414.8
17415.9
17420.9
17426.6
17440.9
17452.0
17458.1
17462.0
17482.2
17489.0
17493.1
17497.1
17497.9
17499.7
17502.5
17507.4
17508.1
17509.9
17513.4
17515.2
17517.5
17519.3
17521.0
17523.7
17525.8
17555.8
17559.0
17559.8
17558.5
17560.5
17562.7
17565.6
17584.4
17595.5
17597.8
17615.0
17644.7
17665.6
17628.5
17670.1
17505.9
12309.3
12312.4
12312.7
12261.1
12254.7
12198.5
12196.1
12195.3
12190.8
12188.9
12189.8
12188.5
12189.7
12188.1
12189.7
12189.2
12190.4
12189.8
12189.3
12189.9
12188.3
12189.7
12190.1
12191.5
12190.1
12190.7
12190.9
12190.6
12190.7
12190.1
12190.7
12191.0
12191.0
12189.3
12190.5
12188.4
12190.2
12189.6
12190.4
12189.8
12189.7
12190.4
12189.0
12189.7
12188.2
12190.2
12189.3
12190.3
12191.2
12191.8
12190.0
12191.1
12189.4
12189.2
12190.9
12191.5
12191.3
12190.0
12190.6
12189.2
