2420.4
2421.7
2424.0
2424.2
2425.2
2425.2
2428.4
2432.2
2432.4
2433.1
2434.6
2434.8
2387.5
2383.5
2389.6
2503.6
2526.2
2520.7
2521.9
2523.0
2500.3
2500.5
2501.7
2499.7
2507.9
2529.7
2538.9
2536.7
2538.3
2541.9
2549.3
2551.7
2553.9
2555.1
2558.5
2559.5
2557.2
2554.0
2554.2
2553.9
2550.7
2550.7
2550.9
2551.9
2551.6
2552.8
2549.3
2546.4
2547.0
2547.3
2548.0
2546.2
2546.9
2566.7
2605.2
2595.6
2599.4
2609.4
2617.3
2618.9
2623.8
2625.7
2626.2
2622.5
2622.0
2621.2
2620.2
2615.4
2616.9
2616.7
2617.1
2617.6
2612.9
2613.3
2612.7
2612.0
2614.4
2602.7
2603.5
2606.6
2606.8
2602.2
2652.2
2665.2
2663.3
2672.2
2678.2
2682.1
2686.5
2685.0
2686.3
2687.1
2686.3
2688.8
2687.8
2687.5
2686.8
2686.2
2684.1
2683.4
2660.5
2658.5
2660.9
2662.4
2666.2
2692.6
2668.1
2703.0
2703.4
2698.7
2732.3
2693.9
2693.6
2692.5
2692.7
2701.0
2704.4
2732.1
2735.4
2734.2
2740.4
2745.9
2751.4
2753.6
2757.1
2758.8
2758.8
2758.4
2758.0
2741.8
2739.1
2742.7
2742.0
2742.0
2742.0
2740.7
2740.7
2738.7
2738.9
2736.2
2770.7
2754.9
2773.5
2774.3
2776.1
2768.3
2790.8
2802.3
2764.1
2766.1
2766.5
2766.7
2791.4
2776.7
2804.2
2801.4
2798.1
2804.1
2809.7
2817.7
2821.6
2821.3
2822.8
2822.2
2823.7
2822.7
2821.9
2818.6
2818.6
2819.1
2818.3
2807.0
2808.4
2808.6
2808.3
2808.8
2831.9
2841.6
2831.6
2845.1
2845.0
2846.1
2847.4
2877.3
2882.1
2837.0
2833.6
2829.0
2827.3
2862.5
2850.3
2893.8
2890.1
2896.6
2902.0
2901.2
2900.2
2900.8
2901.2
2883.3
2884.0
2882.3
2881.1
2884.4
2881.2
2882.0
2883.2
2882.7
2886.1
2888.1
2886.6
2886.3
2886.8
2886.7
2917.4
2885.6
2915.1
2917.9
2911.7
2915.9
2913.6
2941.6
2944.2
2898.1
2901.4
2901.6
2901.5
2933.0
2912.1
2942.4
2938.0
2936.7
2945.1
2951.9
2961.9
2961.9
2959.4
2959.7
2960.9
2962.2
2961.8
2940.7
2941.2
2943.1
2944.8
2943.3
2946.3
2947.2
2949.9
2949.9
2947.2
2935.6
2965.4
2973.7
2979.6
2971.6
2975.9
2980.4
2949.2
2990.8
3006.7
3009.2
2964.4
2967.4
2969.6
2971.9
2999.9
2975.8
3015.0
3033.9
3009.7
3014.3
3021.9
3023.7
3023.9
3026.2
3026.7
3027.4
3028.3
3026.4
3025.7
3021.6
3023.5
3022.3
3024.3
3024.4
3024.7
3022.9
3012.3
3013.7
3016.9
3052.4
3038.0
3048.2
3050.8
3054.6
3055.6
3056.0
3042.4
3073.5
3075.6
3074.4
3031.6
3028.8
3031.4
3030.9
3051.9
3059.0
3047.0
3096.7
3072.8
3070.1
3078.9
3089.7
3095.0
3101.4
3101.8
3102.8
3102.7
3101.6
3101.3
3096.1
3082.6
3084.3
3084.8
3076.2
3077.4
3078.6
3079.3
3083.2
3084.4
3101.7
3103.2
3110.5
3123.3
3124.8
3128.8
3128.7
3131.0
3115.1
3153.2
3153.6
3154.0
3112.2
3116.8
3113.5
3111.8
3147.4
3150.4
3124.6
3150.7
3142.1
3152.6
3157.5
3163.3
3164.8
3166.6
3168.2
3184.1
3158.0
3163.1
3165.8
3162.9
3154.4
3155.4
3157.8
3158.6
3160.0
3160.2
3158.5
3155.9
3168.3
3153.6
3163.9
3180.6
3190.1
3190.7
3192.8
3193.8
3193.7
3195.5
3195.1
3209.8
3220.8
3220.2
3179.2
3179.9
3176.9
3178.8
3176.8
3208.6
3209.8
3187.7
3227.8
3234.3
3236.2
3245.5
3252.3
3257.1
3255.8
3257.9
3255.0
3259.9
3258.7
3258.4
3256.7
3249.0
3250.2
3252.3
3247.8
3229.9
3230.3
3230.3
3212.9
3217.6
3223.4
3248.9
3253.4
3262.1
3265.0
3268.1
3275.4
3276.1
3275.5
3241.9
3279.2
3294.5
3301.0
3303.9
3259.6
3259.6
3258.0
3251.1
3261.3
3265.7
3221.6
3228.0
3230.7
3233.4
3232.6
3230.1
3231.5
3217.3
3217.3
3216.0
3219.4
3220.8
3221.8
3222.5
3224.5
3226.9
3229.8
3222.1
3222.7
3226.8
3213.6
3218.0
3218.5
3223.3
3222.3
3226.0
3227.2
3207.0
3210.7
3218.5
3224.9
3216.0
3216.5
3221.6
3224.6
3297.6
3321.1
3329.9
3340.3
3343.8
3344.5
3351.5
3355.5
3357.5
3362.0
3347.3
3349.5
3358.0
3345.7
3348.4
3350.1
3350.4
3350.8
3351.3
3356.0
3358.4
3358.9
3361.8
3362.6
3363.4
3364.2
3363.8
3363.8
3363.3
3346.1
3347.8
3349.5
3346.9
3344.0
3342.7
3347.4
3357.0
3356.7
3361.7
3357.7
3356.2
3357.1
3350.2
3351.9
3364.4
3363.7
3365.1
3429.6
3488.8
3501.6
3505.0
3504.8
3516.9
3537.0
3508.0
3512.3
3515.0
3537.9
3555.8
3550.4
3526.2
3527.9
3528.4
3540.8
3543.4
3518.8
3520.9
3539.4
3549.9
3537.7
3550.5
3526.7
3530.8
3526.3
3525.6
3535.3
3525.1
3528.1
3561.5
3583.5
3543.7
3549.9
3526.1
3523.7
3523.2
3534.1
3559.8
3530.4
3526.6
3529.8
3532.7
3537.5
3538.6
3542.6
3537.8
3547.7
3541.5
3525.5
3529.7
3540.8
3579.8
3566.7
3520.8
3538.6
3544.2
3557.6
3534.6
3532.8
3538.7
3563.3
3574.6
3560.0
3534.6
3536.9
3535.0
3541.7
3543.3
3540.6
3542.4
3567.8
3597.1
3571.3
3565.8
3531.8
3530.2
3536.4
3553.8
3569.7
3537.4
3542.8
3560.5
3539.8
3536.6
3535.0
3531.7
3539.6
3548.3
3569.5
3538.7
3536.7
3543.7
3550.6
3589.7
3544.4
3532.2
3541.8
3555.9
3562.1
3530.1
3533.7
3553.1
3541.9
3551.3
3565.5
3536.6
3538.3
3546.8
3540.8
3543.3
3549.2
3544.5
3567.9
3599.4
3630.4
3579.5
3553.8
3558.0
3548.6
3567.6
3582.5
3543.6
3539.0
3537.6
3545.3
3547.6
3554.7
3550.1
3546.9
3560.9
3574.8
3549.1
3555.8
3559.7
3561.2
3579.7
3608.1
3546.2
3547.6
3549.0
3576.9
3559.1
3552.6
3567.4
3583.5
3555.8
3557.0
3585.1
3579.2
3543.3
3546.3
3557.9
3561.6
3555.7
3559.2
3555.9
3573.3
3609.7
3608.8
3580.8
3544.3
3546.0
3549.9
3580.7
3576.6
3565.5
3561.5
3551.8
3553.8
3553.7
3557.6
3562.8
3557.9
3573.5
3584.1
3558.6
3554.7
3565.4
3573.1
3600.2
3598.8
3564.9
3557.3
3576.1
3567.0
3568.7
3570.5
3615.7
3632.1
3606.0
3621.7
3659.6
3611.7
3607.9
3616.5
3600.8
3616.4
3613.4
3609.7
3621.7
3651.1
2546.7
2539.2
2551.3
2520.8
2541.3
2580.5
2585.0
2603.1
2600.3
2600.5
2601.5
2602.5
2616.3
2651.0
2639.7
2647.0
2654.8
2661.3
2670.0
2669.6
2669.9
2667.6
2669.0
2667.2
2665.5
2661.5
2660.1
2659.8
2661.1
2659.4
2661.8
2664.0
2661.3
2662.2
2661.1
2665.1
2698.8
2735.1
2722.9
2740.3
2731.1
2732.6
2727.4
2749.5
2810.3
2821.6
2822.8
2825.5
2827.0
2786.8
2787.2
2786.4
2786.9
2821.7
2859.9
2931.7
2928.3
2921.6
2923.5
2923.8
2923.4
2923.6
2923.6
2925.1
2924.8
2923.5
2923.5
2923.7
2923.9
2922.9
2924.6
2925.3
2925.7
2921.2
2921.1
2921.4
2921.6
2918.6
2918.8
2919.8
2918.9
2919.0
2919.9
2914.9
2916.6
2917.1
2914.1
2914.3
2899.1
2901.7
2899.3
2901.4
2901.6
2904.1
2905.7
2905.6
2903.4
2907.1
2907.8
2908.2
2910.7
2911.6
2911.6
2911.8
2912.1
2912.2
2912.0
2912.0
2908.5
2911.4
2911.8
2911.8
2500.3
2518.3
2520.9
2521.4
2528.2
2533.9
2539.4
2540.7
2541.2
2543.6
2514.7
2569.8
2579.4
2579.1
2583.4
2581.8
2583.0
2586.2
2587.3
2586.8
2593.9
2641.6
2711.2
2750.3
2750.8
2751.7
2750.9
2750.7
2753.8
2756.0
2755.0
2755.2
2757.8
2756.3
2756.3
2751.5
2751.8
2754.7
2755.0
2755.2
2755.6
2754.9
2755.1
2753.4
2755.3
2755.0
2755.0
2743.4
2744.6
2745.6
2745.5
2744.8
2747.5
2748.2
2747.9
2748.6
2749.6
2749.0
2750.2
2751.2
2752.9
2751.3
2751.3
2754.3
2754.8
2758.2
2760.1
2758.4
2758.1
2760.3
2760.1
2760.3
2760.6
2758.1
2761.0
2765.7
2766.2
2765.9
2768.8
2768.8
2769.1
2768.8
2765.8
2762.6
2763.4
2763.7
2766.7
2767.2
2765.4
2766.1
2762.9
2764.1
2759.9
2761.4
2762.8
2762.8
2765.0
2766.5
2767.0
2765.9
2766.1
2763.9
2764.8
2765.8
2762.8
2759.6
2761.1
2761.1
2759.6
2761.8
2761.3
2761.5
2761.0
2762.5
2762.4
2763.1
2762.6
2762.1
2752.0
2753.0
2753.0
2753.7
2754.4
2756.6
2757.1
2758.8
2762.2
2763.2
2763.9
2769.8
2769.8
2775.7
2776.4
2776.6
2778.6
2775.1
2775.8
2776.3
2775.3
2774.3
2780.6
2782.8
2781.8
2782.5
2782.2
2780.2
2780.5
2776.7
2775.2
2775.4
2775.4
2772.2
2770.4
2771.4
2772.4
2773.1
2773.3
2774.1
2774.3
2774.5
2773.3
2771.2
2771.7
2771.4
2774.1
2773.3
2772.0
2773.0
2772.5
2771.1
2771.2
2769.8
2769.9
2769.4
2773.3
2772.1
2772.8
2772.8
2769.6
2770.3
2770.3
2765.3
2762.9
2762.6
2766.0
2766.5
2766.5
2766.3
2767.0
2753.8
2753.2
2754.4
2755.9
2758.1
2758.9
2759.1
2759.8
2758.4
2758.1
2759.0
2761.7
2760.0
2761.2
2757.7
2756.7
2759.1
2762.3
2763.0
2763.2
2763.7
2762.5
2762.2
2762.9
2762.9
2762.4
2761.6
2761.1
2760.6
2759.1
2763.0
2764.0
2763.7
2765.9
2766.4
2765.9
2765.1
2763.3
2764.0
2764.0
2764.5
2765.9
2760.5
2761.2
2763.2
2766.3
2767.1
2769.5
2767.8
2765.3
2767.0
2768.7
2768.7
2769.2
2769.4
2769.6
2770.2
2770.1
2769.9
2769.6
2767.1
2767.3
2765.8
2767.5
2765.5
2765.5
2765.7
2769.9
2770.1
2770.1
2766.4
2751.0
2754.2
2756.2
2756.1
2759.1
2761.5
2762.2
2763.2
2763.2
2762.5
2761.7
2762.5
2762.4
2762.7
2765.3
2765.3
2763.9
2764.3
2764.8
2763.3
2763.5
2764.0
2764.2
2761.5
2762.5
2764.1
2766.1
2772.8
2775.9
2774.4
2770.9
2773.3
2772.5
2772.0
2772.2
2767.3
2764.7
2765.2
2764.4
2764.9
2768.0
2769.8
2770.0
2772.2
2772.9
2772.0
2772.6
2775.3
2775.3
2775.5
2775.8
2774.0
2772.7
2766.0
2770.3
2766.7
2768.9
2771.1
2771.0
2769.6
2769.6
2769.0
2770.5
2769.5
2770.9
2767.9
2772.4
2772.8
2769.9
2770.3
2776.9
2761.4
2763.1
2761.6
2762.8
2763.3
2763.5
2767.0
2768.2
2768.6
2775.3
2775.3
2777.7
2778.2
2778.2
2778.4
2777.9
2780.4
2780.6
2780.1
2779.6
2780.6
2777.6
2777.9
2778.1
2778.8
2779.6
2779.6
2779.8
2780.3
2779.5
2780.5
2781.2
2780.0
2779.9
2778.7
2778.7
2775.7
2777.0
2778.9
2780.4
2783.3
2783.3
2784.0
2784.2
2784.0
2782.2
2783.9
2784.1
2784.1
2781.1
2783.6
2784.8
2784.8
2785.7
2782.5
2783.5
2783.9
2783.4
2783.2
2782.4
2783.6
2788.2
2790.9
2788.7
2789.6
2791.0
2791.0
2793.9
2793.9
2794.6
2802.5
2775.2
2775.6
2776.8
2775.9
2776.5
2779.0
2776.3
2777.0
2779.7
2779.7
2781.1
2781.9
2781.9
2781.8
2781.1
2779.8
2779.8
2779.8
2783.4
2785.6
2784.7
2783.4
2786.8
2784.8
2786.3
2786.5
2786.9
2786.4
2787.6
2787.6
2788.1
2785.8
2784.6
2785.3
2786.3
2788.7
2788.2
2786.4
2786.4
2786.7
2787.9
2788.6
2788.6
2791.5
2794.3
2794.7
2793.5
2795.6
2796.1
2796.8
2798.2
2798.2
2798.0
2797.7
2796.7
2798.9
2797.9
2800.4
2798.8
2796.4
2796.6
2794.1
2792.9
2793.6
2793.6
2792.4
2788.4
2790.4
2790.1
2787.4
2798.2
2772.8
2776.0
2776.5
2777.2
2779.4
2783.4
2784.1
2788.3
2790.2
2789.7
2791.4
2792.3
2791.1
2788.1
2788.6
2788.8
2789.3
2791.0
2790.3
2790.5
2788.0
2785.2
2786.5
2786.7
2788.7
2801.2
2802.2
2805.7
2805.4
2805.1
2803.8
2802.1
2802.8
2805.8
2805.8
2804.3
2804.0
2803.5
2803.5
2804.2
2804.2
2802.3
2801.2
2802.2
2802.4
2799.7
2800.2
2800.4
2794.9
2796.1
2796.6
2797.7
2798.7
2798.7
2796.9
2797.6
2797.8
2797.8
2799.8
2801.2
2803.3
2804.1
2804.1
2804.6
2803.4
2803.9
2804.4
2804.3
2804.8
2805.0
2795.4
2798.4
2798.9
2798.3
2801.5
2801.8
2802.7
2803.2
2808.9
2459.6
2458.8
2459.2
2457.5
2458.0
2458.8
2461.4
2464.0
2464.7
2465.4
2465.2
2462.2
2462.2
2462.5
2461.7
2462.2
2461.6
2462.2
2462.6
2461.9
2462.6
