0.0
0.6
4.3
0.0
1.2
0.0
0.6
2.4
1.8
0.0
1.2
5.4
0.0
4.7
4.8
24.2
7.0
7.0
0.6
0.6
8.2
0.0
1.8
1.8
7.1
7.2
9.6
7.8
8.5
11.6
0.0
1.2
2.4
7.6
1.2
0.6
0.6
3.0
2.4
0.6
1.2
0.6
9.4
0.6
0.6
1.2
7.8
0.0
0.6
1.2
1.2
5.3
0.6
15.2
10.8
16.7
7.7
8.4
11.3
4.7
3.5
0.6
0.0
1.2
5.3
1.8
2.4
1.2
8.2
1.8
0.0
1.2
5.3
0.6
0.0
1.8
3.6
13.2
0.6
0.6
0.0
17.8
8.9
7.8
8.3
13.4
10.4
2.3
0.6
2.4
0.6
4.7
0.0
1.2
5.8
0.6
1.2
2.3
6.4
0.0
11.9
0.6
5.9
0.6
1.2
13.0
14.6
7.8
1.2
17.5
6.5
10.0
1.8
1.2
0.6
6.4
5.9
10.4
9.5
8.4
16.7
9.0
0.6
0.6
8.6
1.2
1.2
1.2
0.6
0.6
0.6
1.7
1.2
5.8
1.2
0.6
1.2
6.4
1.2
1.8
16.9
9.1
7.7
2.3
2.3
15.1
14.1
6.4
1.2
2.3
7.0
0.6
17.2
7.9
9.8
9.4
7.6
7.3
5.4
5.9
4.2
1.8
1.2
2.4
1.8
1.2
4.8
0.6
2.3
0.0
0.6
1.2
7.1
1.2
2.4
1.2
12.7
12.0
9.2
1.2
3.6
13.1
15.7
7.5
1.2
5.9
1.2
1.2
1.7
14.3
12.0
9.6
7.1
9.5
16.2
4.1
0.6
3.5
0.6
14.2
0.6
1.8
1.2
10.2
1.7
2.4
0.0
5.3
1.2
2.3
0.6
2.3
2.9
1.2
14.5
16.5
8.8
3.5
4.1
1.7
14.5
8.1
2.3
1.7
1.7
6.4
1.8
12.8
11.6
10.2
9.6
10.6
9.6
13.9
6.5
0.6
1.2
1.7
0.6
2.3
4.8
2.4
1.8
7.7
1.7
1.7
1.7
2.4
0.6
2.3
0.6
1.8
13.5
15.5
10.2
3.4
9.3
2.9
3.4
13.3
5.2
4.8
1.8
1.2
2.3
9.9
15.9
1.2
11.1
9.5
9.4
8.3
9.9
2.3
10.5
0.6
1.8
1.2
8.2
1.2
0.6
1.2
1.7
2.3
1.2
1.7
0.6
9.4
4.7
1.7
1.2
18.3
12.0
3.0
0.6
2.9
11.2
2.3
13.5
11.6
7.1
1.7
3.0
1.2
2.9
1.8
14.6
1.7
8.3
17.9
7.6
8.9
8.5
7.7
2.3
1.2
0.6
0.6
10.1
1.8
2.9
1.2
6.4
1.2
2.3
4.7
1.2
4.0
0.6
0.6
0.6
9.9
16.7
17.0
8.2
2.9
5.2
3.4
2.3
16.6
16.0
2.3
3.4
6.0
1.2
2.9
3.0
13.7
3.0
16.0
10.3
9.8
12.4
15.2
8.1
0.6
2.3
2.4
4.0
1.7
1.2
1.2
8.2
1.2
1.7
0.6
4.1
1.1
2.3
1.2
2.3
7.5
0.6
9.8
16.0
10.6
2.9
3.4
3.5
3.6
8.2
16.3
9.9
4.6
8.6
8.9
2.3
2.3
1.2
7.6
15.7
1.1
8.9
16.1
10.9
10.1
9.9
10.7
5.9
1.2
2.9
1.7
9.9
0.6
1.1
1.2
4.7
1.8
1.2
1.8
8.0
6.3
1.7
2.3
0.6
4.6
13.2
16.1
9.9
3.5
7.7
5.1
3.0
4.0
13.3
9.5
4.5
1.7
2.9
7.6
0.6
2.3
2.3
27.5
1.2
2.4
2.4
2.3
5.8
5.2
0.6
0.6
6.9
2.3
2.3
5.2
0.6
1.2
0.6
1.2
1.7
5.8
2.3
1.2
1.2
2.3
2.3
1.2
1.2
0.6
5.8
1.7
14.1
1.7
6.4
1.7
1.2
1.7
1.7
6.3
8.3
8.1
16.9
7.6
2.3
2.9
6.2
2.9
0.6
1.2
9.6
2.9
11.8
3.5
1.1
1.7
0.6
2.4
2.3
2.3
1.7
9.0
1.2
1.7
1.7
4.7
1.7
1.7
1.7
1.7
8.1
1.2
1.7
2.3
1.2
2.9
1.2
1.7
2.3
7.0
1.8
2.3
0.6
4.1
1.1
2.3
2.3
1.2
53.6
56.2
56.6
57.0
57.5
58.8
57.1
53.5
60.2
54.3
52.8
56.8
54.1
55.3
55.9
55.9
54.6
57.9
56.3
55.8
58.2
55.5
56.3
57.0
54.8
57.8
57.6
54.9
55.5
58.0
57.4
54.5
55.6
55.6
55.2
56.1
56.7
57.1
55.8
55.9
56.2
57.5
57.3
57.4
57.3
58.6
56.9
54.4
55.4
55.3
59.7
57.7
58.6
55.8
56.5
55.9
55.4
51.7
58.8
56.8
51.0
53.8
55.7
56.2
58.0
55.6
55.8
53.7
54.9
55.7
59.9
55.1
55.5
55.7
57.3
56.9
56.9
55.2
58.2
56.4
57.2
55.8
55.5
55.6
56.3
58.0
55.8
57.5
58.1
57.0
55.6
55.9
55.6
56.2
56.9
56.0
56.3
54.8
54.2
57.1
55.2
55.4
54.9
60.2
58.8
55.1
55.3
57.7
55.8
55.9
56.3
56.3
57.2
57.1
59.4
54.9
55.7
56.8
55.2
55.5
58.1
56.1
58.2
58.0
54.0
53.9
53.2
54.9
57.8
55.5
59.0
54.7
56.7
56.5
57.0
55.0
56.1
55.5
55.0
57.9
57.2
55.9
57.9
56.2
54.0
58.5
57.2
56.8
54.8
52.0
56.4
55.7
55.7
52.2
55.6
58.3
55.6
56.3
58.7
59.1
54.9
55.5
51.0
57.1
57.9
54.8
56.7
55.9
50.8
59.4
54.4
57.3
54.9
59.7
53.6
55.9
56.0
53.0
55.1
55.2
53.9
54.3
57.7
57.2
52.4
57.1
53.3
55.2
57.2
57.4
55.0
59.9
60.2
58.5
58.5
57.3
57.4
56.4
56.5
55.0
53.7
56.8
12.0
13.8
8.9
2.4
25.4
10.2
19.3
18.5
18.5
18.8
26.4
19.6
30.1
29.3
30.1
25.8
27.5
22.9
19.3
22.9
20.2
20.1
20.0
27.8
19.0
18.9
19.3
24.1
20.4
18.5
19.6
19.2
19.0
19.0
18.7
19.0
26.3
20.2
19.6
11.4
17.9
10.2
11.2
10.0
11.4
10.7
11.2
10.7
9.6
18.0
12.1
10.7
10.9
18.0
11.2
10.7
10.7
11.0
11.8
10.7
10.7
13.6
18.0
10.1
12.5
10.7
13.3
10.1
10.1
10.1
11.3
13.8
10.7
10.8
10.7
16.9
11.8
11.2
12.4
9.7
10.7
10.7
10.7
10.1
16.5
10.3
10.2
12.5
18.6
10.1
10.8
10.1
18.6
11.4
10.7
9.5
11.4
10.4
10.2
11.8
10.2
16.9
10.1
10.1
10.7
13.3
13.1
10.1
10.1
13.5
14.5
10.2
18.4
10.7
16.8
13.0
10.7
10.7
15.0
10.8
10.7
12.0
10.7
16.7
11.8
10.7
10.7
18.9
11.4
10.8
10.8
9.8
11.2
10.6
9.6
11.8
14.8
11.1
10.6
10.6
19.6
10.7
10.8
10.2
16.2
10.7
11.2
11.7
10.2
10.7
10.1
10.7
10.1
18.5
9.6
10.7
11.2
14.5
10.7
11.3
10.2
10.2
10.8
10.8
10.2
11.0
13.3
10.7
10.8
10.7
17.5
11.8
10.7
10.2
17.0
10.1
10.9
12.5
11.2
10.2
11.9
10.7
10.7
18.3
10.4
10.2
10.8
16.3
10.1
11.5
10.4
13.9
10.8
10.8
10.2
11.2
17.1
10.7
10.4
10.8
14.9
11.2
10.7
10.7
10.8
11.2
10.2
11.3
10.1
16.8
11.2
10.2
10.7
16.2
11.2
10.1
10.8
11.8
10.7
11.4
10.2
10.8
16.1
10.7
10.2
11.3
17.1
10.7
11.4
10.7
13.3
11.8
10.8
10.7
10.2
16.0
10.7
11.8
10.4
19.9
11.2
10.0
10.7
16.2
10.7
10.7
10.7
10.3
12.0
11.8
10.1
10.8
19.8
10.7
10.2
11.3
11.2
11.9
11.2
11.7
11.3
18.3
10.7
11.2
11.1
18.7
10.3
11.8
10.1
12.1
10.1
10.2
10.2
11.9
19.4
10.8
11.4
10.7
17.5
12.7
10.1
10.7
13.2
10.1
10.7
11.4
9.8
12.9
10.8
10.7
10.7
18.7
10.3
10.1
10.8
11.3
11.2
12.0
10.1
10.7
17.4
10.7
10.7
11.8
16.8
10.7
9.7
10.3
11.2
11.9
10.7
11.9
10.7
18.0
10.1
11.8
10.8
18.2
10.7
10.4
10.9
11.6
9.7
10.4
10.7
10.7
18.1
10.7
10.2
10.8
14.9
10.2
10.8
10.7
11.9
10.7
10.1
10.8
11.4
16.3
10.2
11.2
10.8
17.6
11.5
10.7
10.2
11.4
11.0
10.7
10.8
10.7
15.0
10.8
10.2
10.7
19.8
9.6
10.3
11.2
15.4
9.7
10.7
9.8
10.2
12.4
10.1
10.7
11.5
16.9
10.7
10.7
10.1
16.6
11.9
9.6
11.8
11.7
10.7
10.8
11.4
10.8
16.9
11.3
10.7
10.2
18.6
10.1
10.2
10.2
10.9
10.2
12.0
10.2
11.3
15.7
10.8
10.7
11.4
18.3
10.2
10.2
11.4
13.3
10.2
10.4
10.7
10.3
15.0
10.8
12.0
11.3
16.9
11.8
10.8
10.6
13.9
10.1
10.8
11.4
9.6
14.5
11.9
10.3
10.7
20.2
10.1
10.7
11.3
13.3
9.8
10.2
10.9
10.4
11.8
10.7
10.1
11.4
17.3
10.7
10.8
10.7
18.3
10.7
10.7
10.8
13.3
9.6
10.8
11.4
10.2
12.5
11.4
10.7
10.1
19.2
10.1
10.7
11.9
13.3
10.7
10.7
10.8
10.8
12.4
10.8
10.2
12.1
16.5
10.2
12.0
10.7
13.9
10.9
10.2
10.7
11.4
15.1
10.2
10.8
10.2
15.2
11.4
10.1
10.7
13.9
10.8
9.6
10.8
10.3
15.0
10.7
10.2
10.1
19.8
10.7
10.8
11.4
11.6
10.7
10.8
10.2
10.2
16.4
11.9
10.2
11.5
18.0
10.7
10.8
10.3
16.4
10.8
10.8
10.1
10.8
12.4
10.7
11.4
10.2
17.5
10.8
10.7
10.8
13.3
11.2
10.4
10.7
10.3
16.3
12.4
10.8
10.2
14.5
10.8
10.8
11.9
9.8
11.9
11.3
10.7
11.0
16.4
10.7
10.2
11.8
17.0
10.8
11.9
10.1
10.1
11.9
9.6
10.7
11.8
17.9
10.7
11.5
10.6
17.0
11.9
10.1
10.7
10.4
11.2
10.7
12.1
10.1
16.7
11.2
10.7
10.8
14.5
10.3
10.1
10.7
10.2
13.3
11.4
10.2
10.2
19.0
10.2
10.1
11.3
14.4
10.7
11.4
10.7
10.4
13.8
10.7
10.7
11.4
19.8
10.1
11.3
11.4
12.1
10.7
11.2
10.7
10.8
10.4
10.1
11.4
9.6
18.1
10.7
10.8
10.1
16.7
10.1
11.4
10.2
12.7
10.7
10.2
10.7
12.4
10.4
10.8
10.8
10.3
14.7
12.0
10.2
10.8
17.9
10.2
10.2
12.0
13.3
10.2
10.8
10.9
10.4
14.8
10.1
10.1
10.7
16.9
10.8
11.3
10.3
13.3
10.4
10.7
11.5
11.4
14.2
10.2
11.2
10.8
17.4
11.8
10.7
10.2
16.7
10.8
10.7
12.0
10.2
10.8
10.1
1.2
0.0
7.2
0.0
0.6
8.3
0.6
1.8
0.6
6.7
1.2
0.0
1.2
7.1
0.6
1.2
0.6
0.6
5.4
1.8
