2419.5
2418.6
2418.1
2419.6
2426.1
2382.3
2383.7
2383.8
2426.6
2526.9
2519.9
2519.4
2519.5
2499.4
2499.0
2495.7
2495.4
2495.2
2518.8
2518.2
2522.5
2530.1
2542.1
2546.1
2545.5
2545.5
2547.9
2549.6
2549.6
2545.4
2546.5
2546.5
2546.5
2547.2
2548.9
2548.1
2550.0
2550.9
2550.9
2547.4
2543.4
2543.2
2541.2
2542.9
2540.6
2541.3
2543.5
2591.1
2606.8
2610.7
2610.9
2617.2
2622.7
2628.1
2630.5
2632.3
2632.2
2626.7
2626.2
2626.2
2622.7
2618.1
2617.4
2617.6
2618.1
2618.2
2617.7
2622.6
2618.6
2617.3
2646.2
2607.5
2611.8
2610.3
2625.1
2628.2
2667.0
2652.9
2660.2
2670.5
2676.1
2680.7
2681.9
2684.9
2687.3
2687.8
2680.7
2683.2
2681.7
2678.7
2678.6
2677.8
2684.3
2676.7
2660.9
2662.6
2665.8
2668.1
2670.5
2704.0
2677.4
2709.7
2711.8
2688.3
2724.4
2737.5
2692.2
2691.1
2687.1
2697.1
2695.7
2724.1
2737.0
2737.6
2743.2
2745.1
2753.0
2760.2
2759.9
2761.6
2762.7
2758.8
2748.3
2748.0
2750.7
2749.4
2749.4
2749.4
2751.5
2751.6
2762.1
2754.6
2754.7
2755.2
2788.1
2750.3
2777.5
2778.3
2779.1
2770.5
2799.3
2804.9
2756.3
2759.3
2762.7
2763.7
2799.5
2775.4
2821.1
2798.0
2798.3
2810.3
2819.4
2823.2
2823.9
2826.1
2828.1
2828.6
2828.0
2826.0
2820.3
2815.9
2815.1
2817.2
2800.6
2803.0
2801.1
2801.2
2802.7
2805.2
2816.3
2827.0
2837.1
2843.5
2845.3
2845.5
2813.8
2849.1
2874.1
2875.0
2829.0
2827.8
2828.9
2830.2
2851.1
2835.7
2862.8
2867.9
2868.8
2876.6
2886.4
2887.5
2904.3
2884.2
2887.4
2885.4
2888.9
2890.7
2890.9
2892.4
2886.0
2885.7
2888.7
2889.1
2889.8
2889.8
2890.0
2888.7
2888.2
2921.7
2903.6
2929.5
2926.4
2926.8
2927.3
2894.5
2921.5
2936.0
2939.3
2896.6
2896.6
2897.8
2893.0
2928.1
2906.3
2940.2
2945.0
2946.0
2956.2
2960.9
2963.0
2964.5
2968.4
2971.7
2970.5
2962.9
2961.9
2963.8
2961.5
2960.2
2960.4
2961.0
2962.4
2958.7
2958.6
2955.5
2937.4
2935.4
2948.1
2962.8
2980.3
2983.4
2987.3
2990.6
2991.5
2985.2
3011.7
3016.1
3014.5
2971.5
2972.5
2971.9
2967.7
2989.0
2993.1
2992.2
3008.2
3005.5
3011.1
3016.4
3024.0
3033.3
3033.8
3034.0
3033.3
3032.3
3036.7
3037.8
3034.6
3031.9
3025.9
3026.6
3004.2
3013.0
3016.9
3016.9
3017.6
3017.6
3045.2
3015.1
3048.9
3053.5
3057.4
3053.7
3054.8
3055.5
3060.1
3078.8
3083.5
3084.2
3037.9
3028.4
3027.8
3023.8
3065.8
3054.0
3055.9
3075.4
3078.8
3083.3
3089.5
3094.2
3094.5
3094.9
3100.8
3100.1
3079.4
3085.0
3088.9
3092.3
3084.6
3095.8
3097.6
3095.8
3095.9
3095.8
3098.3
3098.3
3094.6
3124.7
3102.6
3126.4
3129.4
3124.0
3124.0
3126.7
3124.3
3122.6
3147.7
3161.8
3163.5
3163.5
3120.8
3120.8
3115.0
3145.7
3147.1
3127.7
3151.6
3159.3
3167.8
3177.1
3180.3
3181.4
3181.6
3183.6
3186.5
3187.4
3178.8
3178.2
3178.2
3178.4
3181.1
3178.6
3184.2
3182.7
3179.5
3179.7
3177.7
3157.8
3162.2
3163.1
3172.6
3184.5
3205.8
3186.6
3195.1
3196.4
3195.9
3174.3
3210.0
3226.7
3234.8
3237.4
3181.8
3178.6
3157.7
3159.8
3196.3
3217.7
3180.9
3225.8
3235.5
3243.7
3252.2
3257.9
3260.9
3260.4
3249.3
3250.5
3253.3
3255.6
3250.6
3233.5
3232.7
3233.9
3237.3
3241.6
3241.9
3242.4
3253.7
3223.7
3225.9
3229.0
3236.7
3260.7
3271.9
3272.4
3273.7
3280.1
3284.0
3283.6
3272.5
3268.9
3297.9
3315.3
3311.1
3313.5
3276.9
3250.2
3252.5
3250.2
3298.1
3298.9
3255.0
3255.7
3251.4
3250.3
3246.0
3231.6
3236.2
3241.0
3244.9
3245.1
3243.0
3239.0
3239.8
3241.7
3242.4
3243.1
3243.6
3244.3
3245.0
3248.6
3230.2
3232.6
3226.2
3232.5
3236.7
3238.2
3227.4
3232.0
3232.8
3233.5
3234.7
3236.4
3236.4
3237.3
3227.7
3325.6
3341.2
3342.9
3345.7
3352.9
3357.8
3361.2
3364.0
3366.3
3366.8
3367.0
3377.3
3361.4
3365.2
3366.9
3367.3
3370.0
3370.0
3371.1
3372.6
3372.8
3375.6
3377.1
3358.6
3359.9
3368.9
3369.1
3371.8
3353.5
3378.0
3351.3
3357.6
3357.6
3361.0
3361.4
3366.4
3368.3
3370.8
3372.8
3373.0
3360.3
3360.8
3363.7
3370.8
3374.8
3372.8
3359.3
3435.7
3448.2
3459.9
3464.4
3464.3
3469.1
3471.2
3487.9
3474.7
3479.8
3463.0
3467.6
3468.0
3474.4
3478.2
3481.4
3483.1
3483.7
3484.9
3485.1
3486.6
3488.7
3474.4
3476.7
3479.6
3484.4
3486.3
3480.5
3484.4
3508.6
3512.7
3609.1
3614.9
3621.3
3633.1
3615.5
3626.0
3630.5
3639.8
3647.2
3658.2
3659.0
3659.3
3661.3
3657.9
3656.1
3649.5
3650.4
3649.9
3650.0
3653.5
3638.6
3658.9
3631.9
3635.1
3638.4
3646.2
3649.2
3660.2
3655.6
3656.8
3660.1
3661.9
3647.3
3656.2
3656.4
3664.9
3680.0
3681.2
3675.8
3683.1
3681.6
3681.7
3685.2
3682.9
3683.6
3681.8
3684.3
3679.1
3681.4
3693.9
3692.7
3697.5
3695.0
3701.5
3711.6
3704.9
3743.6
3744.3
3740.3
3735.2
3733.8
3727.5
3733.3
3731.5
3732.6
3732.8
3732.7
3725.7
3724.6
3721.0
3726.0
3723.8
3722.0
3731.8
3731.8
3735.8
3732.9
3727.4
3715.6
3712.9
3706.0
3698.1
3694.3
3697.9
3694.9
3696.9
3700.5
3703.9
3716.6
3716.0
3719.0
3721.5
3707.9
3712.6
3711.8
3707.1
3710.9
3719.9
3719.4
3713.6
3714.6
3713.2
3709.0
3707.8
3704.4
3705.8
3706.9
3702.4
3686.9
3686.5
3709.5
3709.1
3707.4
3706.5
3700.5
3697.4
3696.7
3677.5
3676.9
3677.3
3675.4
3677.8
3679.4
3667.5
3665.7
3664.5
3660.4
3653.5
3655.2
3655.0
3654.1
3662.2
3635.9
3634.5
3650.0
3655.0
3649.4
3650.2
3652.5
3653.1
3654.9
3650.1
3650.0
3652.7
3644.8
3644.9
3653.8
3653.3
3682.5
3680.8
3683.7
3685.4
3685.8
3686.7
3687.4
3693.7
3685.7
3692.2
3689.5
3699.0
3694.5
3683.4
3688.6
3682.8
3688.8
3702.9
3698.9
3694.1
3705.2
3707.6
3724.7
3725.3
3722.6
3709.5
3708.8
3721.0
3722.1
3722.1
3756.4
3730.2
3731.3
3731.6
3735.3
3744.0
3747.4
3745.9
3740.8
3725.8
3727.3
3729.4
3720.5
3720.1
3719.9
3722.3
3723.0
3722.7
3729.2
3729.4
3725.7
3718.6
3719.0
3720.6
3719.6
3716.1
3715.7
3729.9
3741.1
3727.9
3729.9
3724.3
3722.8
3721.8
3723.4
3716.6
3742.5
3709.4
3712.3
3720.2
3721.2
3717.8
3716.4
3715.9
3714.1
3719.8
3719.9
3719.2
3711.2
3714.9
3714.8
3718.1
3722.7
3713.4
3734.6
3726.1
3721.2
3716.3
3725.2
3725.2
3723.4
3729.7
3738.0
3739.3
3738.1
3758.3
3754.0
3752.9
3763.6
3760.3
3755.3
3744.6
3746.7
3755.1
3757.4
3758.6
3753.6
3748.3
3748.8
3744.6
3763.6
3761.9
3762.5
3767.1
3761.5
3767.3
3761.1
3774.7
3773.8
3772.3
3775.3
3771.8
3778.0
3773.7
3776.8
3778.5
3791.0
3789.3
3788.4
3793.8
3788.9
3787.5
3792.0
3790.2
3791.4
3794.1
3790.8
3776.8
3781.0
3780.3
3777.3
3787.6
3782.7
3787.7
3786.1
3792.5
3791.6
3795.6
3821.8
3793.2
3791.0
3793.9
3796.6
3799.3
3793.6
3795.7
3793.4
3796.8
3799.1
3795.1
3801.3
3804.8
3803.3
3801.7
3799.5
3796.3
3808.7
3803.8
3802.5
3805.3
3814.7
3808.5
2613.5
2544.1
2506.5
2546.9
2611.8
2615.9
2617.3
2614.0
2611.0
2609.9
2616.6
2617.9
2613.8
2650.7
2701.2
2671.6
2674.1
2682.4
2688.7
2710.6
2725.7
2730.4
2728.4
2755.5
2756.9
2766.2
2754.1
2771.6
2796.5
2798.9
2800.2
2798.5
2797.1
2798.2
2798.8
2797.6
2799.8
2799.7
2798.0
2798.2
2798.4
2798.7
2799.0
2798.9
2801.2
2797.7
2797.6
2797.5
2796.0
2814.4
2796.4
2792.8
2792.9
2791.9
2793.5
2792.7
2792.2
2791.0
2790.7
2791.9
2791.2
2589.9
2602.8
2609.9
2609.1
2616.1
2618.1
2622.1
2624.9
2624.3
2621.2
2584.5
2635.1
2641.2
2641.2
2647.3
2653.4
2657.7
2706.4
2741.0
2740.0
2741.0
2740.2
2739.5
2741.9
2741.6
2742.6
2742.0
2736.9
2720.1
2722.5
2723.0
2723.0
2721.3
2721.7
2722.2
2726.4
2730.3
2730.7
2731.0
2732.2
2731.6
2730.8
2732.4
2733.8
2739.5
2739.6
2738.7
2739.9
2741.3
2741.5
2742.8
2742.7
2742.7
2742.7
2741.6
2741.9
2741.6
2740.3
2737.6
2736.1
2736.3
2735.8
2738.0
2736.5
2736.5
2738.0
2737.9
2736.9
2737.9
2737.4
2739.6
2739.8
2739.1
2739.3
2737.8
2738.1
2739.7
2739.5
2739.5
2737.9
2736.5
2745.6
2743.0
2752.1
2753.3
2754.0
2754.5
2749.6
2750.5
2750.0
2750.7
2753.9
2752.4
2757.8
2756.3
2753.8
2750.8
2749.5
2749.0
2729.8
2731.0
2733.0
2731.2
2731.7
2737.1
2739.1
2739.1
2711.6
2713.4
2714.9
2706.4
2705.1
2690.8
2690.1
2690.1
2683.1
2683.3
2677.0
2676.9
2670.1
2670.5
2671.4
2668.2
2668.7
2670.9
2670.4
2669.9
2670.7
2671.3
2670.5
2672.9
2673.7
2673.1
2673.1
2671.8
2670.8
2671.0
2673.5
2669.0
2669.3
2668.7
2667.6
2667.2
2665.2
2669.9
2670.6
2670.8
2673.8
2669.1
2671.2
2672.6
2667.4
2667.9
2666.9
2666.3
2666.3
2662.8
2659.8
2660.8
2660.5
2661.2
2660.0
2657.2
2658.2
2657.2
2661.6
2660.1
2660.0
2660.0
2660.4
2638.3
2639.3
2639.5
2642.7
2646.1
2647.6
2647.6
2647.8
2648.3
2648.3
2647.6
2647.6
2648.0
2647.8
2650.0
2650.7
2650.9
2651.9
2652.1
2657.5
2653.1
2654.6
2654.9
2656.1
2656.0
2659.9
2682.6
2682.4
2682.5
2679.3
2677.3
2675.3
2684.9
2711.7
2694.7
2731.1
2693.7
2709.0
2707.0
2707.0
2707.4
2707.7
2707.4
2713.3
2713.5
2746.0
2670.6
2667.1
2665.9
2668.1
2668.3
2667.1
2668.3
2666.8
2666.8
2663.3
2663.6
2664.0
2663.5
2662.0
2662.8
2662.0
2660.8
2661.2
2657.5
2657.8
2658.5
2657.0
2655.2
2656.7
2657.6
2638.7
2638.7
2643.3
2647.0
2649.5
2649.5
2648.7
2649.7
2653.1
2654.1
2654.1
2654.1
2655.3
2655.6
2656.1
2658.8
2658.1
2656.4
2658.2
2659.2
2659.1
2659.3
2659.8
2659.8
2662.5
2661.3
2662.2
2661.0
2657.7
2655.0
2654.7
2655.7
2656.2
2652.9
2655.9
2652.4
2652.9
2652.8
2659.3
2662.8
2665.3
2665.8
2667.0
2663.5
2664.7
2665.4
2662.4
2666.1
2666.1
2666.1
2664.8
2664.8
2667.5
2668.0
2667.5
2665.2
2667.2
2663.5
2663.5
2664.4
2664.6
2660.9
2661.4
2662.3
2661.8
2658.6
2659.6
2658.6
2659.5
2662.2
2663.2
2654.3
2657.3
2658.5
2662.9
2662.6
2661.9
2661.6
2665.0
2665.0
2664.3
2667.4
2667.7
2665.0
2664.9
2662.9
2663.6
2664.8
2665.1
2664.3
2664.6
2665.2
2665.7
2666.0
2667.1
2667.9
2668.3
2667.8
2665.0
2665.0
2665.2
2670.1
2672.9
2675.0
2674.7
2674.2
2674.4
2675.8
2675.9
2677.8
2677.8
2676.8
2675.5
2675.0
2675.7
2675.9
2673.0
2668.3
2668.7
2670.9
2667.9
2669.2
2669.4
2670.3
2672.3
2671.6
2672.8
2671.5
2673.4
2672.2
2676.9
2676.8
2677.5
2676.5
2676.2
2676.2
2678.2
2677.4
2676.6
2676.9
2675.6
2672.4
2665.3
2664.5
2666.2
2665.0
2663.7
2667.9
2668.1
2668.3
2671.3
2671.0
2671.2
2668.2
2673.7
2673.8
2674.0
2673.3
2674.7
2673.4
2675.9
2674.6
2675.8
2674.8
2671.3
2671.9
2675.5
2681.7
2682.9
2684.6
2685.8
2686.7
2686.2
2684.8
2685.5
2685.5
2684.9
2685.9
2685.9
2686.1
2682.4
2683.0
2684.1
2684.1
2682.8
2681.6
2685.7
2685.5
2686.2
2684.9
2683.1
2683.8
2684.8
2680.1
2682.7
2682.4
2680.2
2682.6
2683.8
2681.9
2681.9
2679.4
2683.0
2683.5
2683.8
2681.3
2679.3
2679.3
2679.4
2681.9
2682.4
2682.9
2682.8
2673.7
2677.7
2680.1
2678.8
2678.6
2679.0
2679.3
2676.0
2676.0
2676.2
2676.9
2678.9
2678.9
2675.9
2676.9
2677.3
2677.5
2677.8
2678.3
2680.7
2678.6
2678.5
2678.7
2678.4
2675.9
2677.1
2677.6
2678.3
2676.6
2677.1
2676.3
2677.0
2676.0
2676.0
2676.7
2675.9
2679.1
2681.8
2681.8
2682.3
2684.7
2684.9
2684.7
2687.9
2687.1
2687.4
2687.3
2686.9
2686.1
2687.6
2687.8
2687.6
2685.8
2686.6
2685.9
2691.9
2688.6
2686.6
2685.6
2685.9
2688.6
2683.3
2680.3
2680.3
2680.0
2680.2
2680.6
2681.6
2681.6
2680.8
2688.5
2672.2
2673.4
2676.4
2675.9
2676.8
2677.1
2676.1
2680.9
2684.4
2686.5
2686.8
2686.0
2689.6
2690.1
2690.1
2689.6
2689.8
2690.8
2691.0
2689.3
2689.5
2690.0
2688.5
2689.4
2689.6
2689.6
2692.7
2691.8
2691.8
2690.5
2689.0
2688.5
2688.5
2685.2
2686.7
2686.2
2689.2
2690.9
2691.4
2689.9
2689.9
2687.5
2695.9
2687.6
2690.2
2691.2
2691.5
2688.2
2687.9
2687.9
2682.8
2683.5
2682.0
2682.0
2682.7
2681.0
2683.2
2685.1
2680.4
2683.8
2683.1
2685.0
2685.3
2683.3
2685.0
2685.0
2685.2
2687.4
2688.0
2686.6
2686.1
2670.5
2670.7
2672.0
2673.2
2676.3
2677.3
2676.6
2679.0
2679.5
2676.5
2679.7
2687.6
2685.3
2684.1
2684.3
2681.6
2685.7
2686.7
2686.9
2686.6
2685.4
2686.4
2695.7
2694.2
2696.5
2696.8
2693.3
2692.5
2692.4
2693.0
2694.1
2689.1
2689.1
2686.9
2687.3
2689.3
2688.1
2687.0
2687.7
2689.2
2685.7
2682.5
2682.7
2682.4
2682.7
2683.4
2685.1
2685.0
2684.7
2684.7
2682.5
2682.7
2683.0
2683.2
2680.8
2681.2
2683.4
2683.6
2683.6
2683.9
2684.3
2684.3
2683.8
2684.3
2684.6
2684.5
2684.0
2465.3
2427.4
2428.1
2425.9
2414.8
2415.3
2416.5
2419.4
2416.7
2417.7
2417.6
