3.0
0.0
0.6
0.0
2.4
5.9
0.6
0.6
30.4
11.1
5.4
2.4
0.6
6.5
0.0
0.6
0.6
5.4
9.5
9.9
8.3
8.4
14.8
12.9
0.6
0.6
5.4
0.0
0.6
2.4
0.0
1.8
0.6
0.6
0.6
8.3
1.2
0.6
0.6
8.2
1.2
2.4
0.6
0.6
1.7
0.6
1.2
10.4
15.3
7.8
9.5
10.8
2.4
1.7
1.2
0.0
0.0
4.7
0.6
5.3
1.2
7.6
0.0
0.6
0.0
6.0
1.2
1.2
1.7
0.0
17.1
0.6
4.1
0.0
4.7
8.5
9.9
7.6
18.9
9.6
11.3
1.2
1.2
0.6
2.9
1.2
0.6
7.5
0.6
0.6
2.9
7.2
0.0
1.2
0.6
2.4
1.8
1.2
0.0
15.5
22.5
4.7
1.8
6.1
16.9
2.9
1.2
1.8
1.8
4.7
1.2
10.1
7.3
12.6
9.5
13.5
0.6
8.3
0.6
1.2
1.2
2.9
2.9
0.0
0.6
0.6
0.6
4.1
0.6
0.6
5.4
0.6
0.6
2.3
20.4
12.5
7.0
2.9
1.8
13.8
13.1
1.7
6.6
4.7
1.2
2.3
16.4
8.8
11.1
7.1
7.1
8.3
14.4
0.6
0.6
0.0
3.5
1.2
2.9
0.6
0.0
6.4
0.6
0.6
13.6
1.8
0.6
0.6
0.6
0.6
2.9
12.4
16.5
1.8
8.9
2.3
5.2
9.3
6.3
2.3
1.2
0.6
3.0
5.3
17.1
1.2
10.0
13.8
9.0
10.6
13.0
0.6
6.0
0.6
1.2
2.9
8.9
0.6
0.6
1.2
4.7
2.9
0.6
0.0
0.6
4.1
0.6
2.3
1.2
19.5
11.6
2.3
1.2
2.4
9.4
5.3
9.3
5.3
3.0
0.6
1.7
4.0
0.6
19.9
9.5
10.0
10.7
13.5
7.8
10.5
0.6
1.2
2.3
1.2
1.1
0.6
5.8
1.2
2.4
0.6
6.4
1.2
0.6
0.6
3.5
1.8
10.1
0.0
13.2
11.5
3.0
2.9
1.2
8.8
1.2
17.8
10.6
4.8
4.1
0.6
0.6
0.6
4.7
15.6
1.2
7.2
17.0
9.5
9.5
10.8
1.8
5.8
0.0
0.6
0.6
5.8
4.0
3.6
0.6
0.0
2.3
1.1
4.6
4.6
10.2
0.6
0.6
1.2
16.8
19.5
2.9
3.5
1.7
9.2
2.3
5.2
8.8
14.2
1.2
1.7
0.6
2.3
1.7
1.2
14.7
1.2
13.7
12.3
9.6
9.4
10.2
1.7
1.2
1.7
3.6
5.8
1.7
0.6
0.6
6.9
6.3
0.6
1.7
2.9
1.2
0.0
4.0
1.2
17.5
14.0
13.9
1.2
4.8
2.4
1.2
4.1
2.9
21.8
10.7
3.5
1.2
7.1
0.6
1.1
1.2
14.7
0.0
0.6
13.7
8.4
8.9
8.8
9.8
1.2
1.2
0.0
0.6
5.8
11.5
1.7
1.2
7.0
0.0
1.7
1.2
1.8
8.7
2.9
1.2
1.2
3.5
15.4
12.8
4.6
2.3
12.6
4.7
2.3
1.2
7.8
12.7
2.9
4.7
0.6
10.5
0.0
4.7
1.2
17.1
9.2
8.8
10.5
11.1
14.2
9.5
7.6
1.2
0.6
6.4
1.2
3.6
0.6
10.1
0.6
1.7
1.2
1.2
2.4
1.2
1.7
1.7
8.1
0.0
2.3
9.6
17.4
1.2
6.4
1.2
3.0
6.5
3.5
8.5
17.9
15.3
2.4
2.3
4.6
2.4
7.6
2.9
1.2
6.9
5.8
1.8
1.7
4.7
2.3
4.1
13.4
1.2
0.0
6.8
1.2
1.7
3.4
1.7
4.1
2.4
1.2
1.2
7.1
1.7
1.7
1.1
4.1
15.5
1.2
1.2
0.6
5.2
2.9
2.3
3.5
0.0
4.0
0.6
1.2
2.3
44.1
13.8
1.2
1.2
1.2
4.5
4.6
1.2
1.7
7.4
3.4
1.2
2.3
0.6
2.3
1.7
1.7
2.3
11.0
1.1
1.2
0.6
6.4
14.5
4.0
0.6
4.1
2.3
12.9
1.2
2.9
7.1
1.7
1.2
1.7
10.7
2.3
7.1
0.6
0.6
14.9
2.3
0.6
6.4
7.6
0.6
1.2
51.5
1.2
6.9
0.6
2.3
2.3
10.3
3.5
6.3
6.4
12.0
11.4
6.3
5.8
6.4
8.9
4.7
5.8
5.8
5.2
10.9
8.0
5.2
5.3
4.8
9.0
4.6
7.4
7.0
15.8
6.4
44.4
7.0
8.0
13.2
6.5
7.3
30.7
20.3
4.7
10.4
10.8
10.2
11.4
26.6
9.9
16.0
15.2
19.0
11.6
9.6
18.2
16.0
12.3
12.6
13.6
9.7
11.0
13.2
18.1
13.3
19.7
14.5
16.5
7.1
19.8
17.3
7.0
22.4
17.5
11.8
15.4
18.5
12.8
4.9
15.2
23.0
7.7
8.5
17.8
16.0
4.9
16.0
7.1
8.3
13.4
24.1
16.5
12.1
19.4
9.8
11.0
23.5
15.2
11.8
10.4
25.9
13.1
8.6
13.0
32.9
11.7
12.0
23.2
14.3
8.8
25.1
9.7
11.2
12.9
17.9
13.3
11.8
10.5
13.1
21.7
7.5
29.6
8.9
11.5
23.4
12.4
7.3
15.7
13.9
9.5
9.8
21.8
13.8
6.3
8.7
17.8
12.0
20.5
13.5
7.5
25.1
22.4
11.2
21.8
25.6
8.9
17.6
7.3
10.6
19.2
9.1
23.8
13.7
6.1
11.4
21.2
6.4
13.9
13.9
9.4
8.8
17.5
10.1
4.8
14.7
11.5
7.9
7.8
19.4
15.4
9.9
17.6
8.8
12.7
12.3
14.3
8.2
11.2
15.3
20.7
7.1
14.9
15.4
12.8
6.7
5.5
10.7
19.2
15.8
10.6
8.3
8.8
8.8
13.6
24.2
14.9
11.8
21.9
8.4
14.2
16.9
18.2
8.8
9.5
6.7
32.4
8.3
9.4
17.8
13.3
13.9
12.2
10.7
24.4
12.7
14.0
10.7
6.5
6.6
13.6
8.9
5.3
19.8
9.3
12.7
9.3
9.5
10.5
19.4
25.7
15.9
6.7
16.8
9.2
12.0
6.5
18.3
20.2
15.7
13.5
7.1
14.0
12.0
12.5
14.0
13.3
11.5
13.1
15.1
17.3
6.7
16.0
23.3
12.9
10.7
24.0
10.9
10.4
26.9
17.6
11.9
15.0
12.1
14.7
10.6
12.0
17.5
14.5
20.6
12.7
8.8
14.9
17.8
17.6
9.6
7.7
10.0
13.4
30.3
23.5
10.6
12.7
15.2
13.2
8.2
12.4
13.9
15.3
10.8
10.5
6.8
14.6
10.7
24.1
10.2
12.3
9.4
10.8
32.4
14.0
21.8
5.3
7.2
22.1
22.4
11.4
13.8
22.4
9.9
15.3
13.6
10.8
12.6
20.6
11.0
10.1
6.6
22.1
10.4
14.0
8.9
16.0
12.0
10.7
17.2
7.2
17.9
17.5
34.3
14.2
15.8
11.7
15.2
18.9
20.5
9.5
12.7
22.2
13.8
13.5
15.3
8.8
13.0
11.5
8.4
15.5
12.0
18.0
17.4
17.6
14.2
11.2
10.1
13.5
25.3
12.6
9.3
1.2
9.7
9.7
20.0
20.2
25.8
19.2
18.8
19.9
24.4
21.3
28.3
29.2
28.0
28.4
27.4
20.1
20.1
25.2
22.0
10.1
10.7
12.7
13.1
23.2
11.2
10.2
17.6
13.0
10.7
13.6
17.5
10.8
11.7
11.2
10.2
11.4
10.8
10.1
10.7
18.5
13.6
10.7
10.8
18.0
10.7
11.4
17.3
12.0
10.7
10.2
10.7
14.6
11.4
9.7
11.1
10.1
20.7
12.0
16.3
9.7
13.8
13.3
10.8
14.8
9.7
13.7
10.3
10.1
14.2
19.6
10.7
10.6
10.7
14.1
10.1
12.9
10.8
9.9
10.8
10.3
10.1
11.8
18.5
10.8
10.2
10.7
14.2
12.4
11.2
10.2
9.8
11.3
10.8
11.8
10.7
15.2
10.7
10.1
10.3
17.7
10.7
10.2
10.1
11.1
10.7
11.9
10.3
10.7
17.8
11.4
10.7
12.4
19.8
10.7
10.2
10.2
13.9
12.7
10.7
10.7
9.8
14.2
10.2
12.5
10.7
17.6
10.7
10.8
10.6
16.3
10.3
10.8
10.3
10.6
14.4
12.5
10.2
10.2
17.9
10.2
10.2
13.0
10.9
10.7
10.8
11.3
10.7
17.5
11.8
10.7
10.7
19.0
10.2
11.3
10.7
12.2
11.3
10.3
10.9
11.5
17.3
10.1
9.8
10.7
18.6
10.7
10.7
10.1
13.3
10.8
11.9
10.3
10.3
11.2
10.1
10.1
11.8
19.1
10.7
10.3
10.1
17.3
11.4
10.9
10.3
12.9
10.8
10.7
11.9
10.7
14.5
10.1
10.7
10.7
17.1
10.7
11.2
10.1
12.1
9.6
12.4
10.9
10.3
14.3
10.2
10.7
12.6
16.4
10.3
11.3
10.8
13.3
12.0
10.7
10.2
10.7
18.2
10.1
12.6
10.6
16.4
10.1
10.1
10.2
13.3
10.7
10.3
10.8
10.1
13.0
11.4
10.9
10.2
16.4
10.7
10.3
11.4
10.7
11.0
10.2
10.2
10.7
19.2
10.7
10.1
10.1
18.9
10.7
11.9
10.7
12.6
14.7
10.8
10.1
13.1
14.7
10.2
11.3
10.7
16.2
16.7
18.8
18.5
20.0
19.6
13.7
12.5
10.1
18.5
10.2
10.7
10.1
17.3
20.2
10.1
10.7
10.3
13.3
11.9
10.2
10.2
16.9
10.2
10.7
12.5
13.3
10.2
10.2
10.2
10.2
18.5
10.7
10.1
10.2
16.1
10.8
11.8
10.7
11.2
10.7
10.2
10.7
11.9
18.3
10.1
10.7
10.7
13.2
12.5
9.6
10.2
10.1
12.0
10.1
10.7
11.9
19.4
9.6
10.6
10.2
16.9
11.4
10.2
11.3
10.8
10.7
11.9
10.7
11.3
18.3
10.1
10.7
11.9
15.1
10.7
10.1
11.3
10.7
14.1
11.3
10.1
10.7
17.5
10.1
12.6
10.2
11.4
10.7
10.7
10.2
11.4
17.0
10.3
9.6
10.2
15.8
11.3
10.7
10.8
10.2
15.4
10.7
10.7
10.9
17.3
10.2
10.7
10.7
16.3
10.7
9.6
10.8
10.9
11.4
11.3
10.2
10.3
15.7
10.8
10.7
11.0
16.6
10.1
10.8
10.1
10.8
10.8
10.2
10.3
10.8
17.9
10.8
11.9
10.2
17.7
10.7
10.8
11.0
10.8
10.7
10.7
10.7
10.7
17.9
11.4
10.1
10.7
18.1
10.6
11.3
10.8
14.5
10.7
10.1
10.7
10.8
13.0
10.7
10.7
10.2
17.4
11.8
10.1
10.2
16.9
10.7
10.2
10.7
10.4
11.9
10.8
10.1
11.8
16.3
10.7
10.1
10.1
18.0
10.2
12.4
10.2
12.2
10.7
10.2
10.2
12.6
15.8
10.1
11.8
11.2
18.5
12.0
10.8
10.2
17.0
10.7
10.3
11.8
12.0
10.2
10.7
11.2
10.8
17.0
10.7
10.2
10.2
17.5
12.0
11.9
10.1
13.1
10.1
10.2
11.3
11.6
13.8
12.9
10.7
10.8
15.2
11.2
10.4
10.2
12.0
10.7
11.0
11.3
11.3
14.4
10.7
10.8
11.5
15.8
10.1
10.7
10.7
12.6
11.9
10.2
10.6
10.2
12.9
10.7
11.3
10.2
16.4
10.7
10.7
11.3
15.6
11.3
9.6
10.8
10.4
10.7
13.3
9.8
10.7
15.7
10.8
9.6
12.4
15.6
9.5
10.1
10.1
13.2
12.5
10.0
10.2
10.2
18.0
11.3
12.0
10.2
18.0
9.8
10.7
9.8
18.4
10.2
10.1
10.1
12.8
10.8
12.4
10.7
10.8
10.8
10.7
10.1
11.9
15.2
10.7
10.2
10.1
16.8
12.0
10.2
10.2
15.8
10.1
10.2
12.4
10.4
10.7
10.1
10.3
10.7
17.8
10.2
10.7
10.8
16.2
10.8
11.4
10.2
13.3
10.8
9.6
11.2
12.0
14.2
10.7
10.2
10.1
17.4
13.1
10.7
10.9
12.3
10.7
10.7
12.5
10.2
17.0
10.4
10.8
10.2
18.8
10.8
10.4
10.3
13.7
10.7
12.0
10.2
9.8
14.0
9.6
11.2
10.8
18.1
10.1
9.8
10.2
12.1
13.1
10.7
10.8
11.0
14.5
10.7
11.9
10.8
17.5
10.4
10.7
11.3
15.9
10.7
10.9
10.1
10.1
14.2
12.4
10.7
9.7
17.2
10.3
12.2
10.8
13.9
10.7
10.1
10.3
12.8
10.8
10.7
10.7
10.1
16.4
11.3
10.2
9.6
18.5
10.7
10.7
12.7
11.5
10.2
10.2
10.4
10.8
19.3
10.4
10.2
10.2
17.0
11.2
13.1
10.2
10.1
10.2
10.2
10.7
11.9
14.3
10.8
10.2
10.2
17.1
12.0
10.3
10.7
12.2
10.1
10.2
11.3
9.8
13.4
10.3
10.1
11.9
18.0
10.2
9.7
10.7
10.4
12.0
11.2
10.7
10.4
13.6
10.3
11.3
10.7
19.4
10.2
10.8
10.6
12.8
10.8
10.8
10.2
10.2
16.7
11.9
10.2
9.5
9.9
0.6
0.6
2.4
0.0
0.6
1.2
0.6
0.6
6.0
0.0
