12723.8
12724.9
12723.5
12724.3
12724.6
12727.5
12726.9
12728.4
12728.2
12727.4
12764.3
12794.8
12797.2
12792.2
12818.9
12817.4
12819.5
12866.4
12871.4
12870.7
12869.2
12869.2
12870.8
12865.6
12861.9
12861.9
12861.1
12862.1
12861.6
12862.2
12863.0
12864.2
12862.2
12863.3
12863.8
12863.2
12863.6
12863.5
12864.5
12862.7
12864.3
12863.4
12865.5
12863.7
12866.0
12865.1
12866.2
12865.2
12866.0
12866.1
12865.6
12867.4
12866.7
12866.1
12864.8
12865.9
12863.3
12865.3
12865.9
12865.9
12866.9
12866.3
12866.3
12865.3
12866.4
12867.1
12868.6
12866.6
12867.7
12867.4
12868.0
12866.7
12865.7
12865.1
12866.0
12865.0
12864.6
12865.7
12863.6
12864.5
12864.0
12864.7
12864.4
12866.2
12864.6
12866.4
12865.8
12866.6
12866.7
12864.8
12866.9
12867.6
12868.3
12867.4
12868.3
12866.4
12867.4
12865.4
12866.8
12867.0
12867.1
12867.3
12867.8
12868.0
12868.1
12869.4
12867.5
12869.2
12868.1
12869.0
12867.7
12868.1
12867.2
12867.1
12866.7
12867.8
12868.5
12868.3
12868.9
12869.8
12870.5
12870.2
12869.0
12868.8
12868.9
12869.2
12869.7
12870.6
12868.4
12869.5
12868.7
12870.0
12869.0
12869.3
12868.9
12867.9
12868.4
12869.0
12870.6
12869.7
12870.4
12871.0
12870.8
12870.5
12871.5
12870.2
12869.4
12869.6
12869.0
12869.5
12868.7
12869.6
12870.4
12870.9
12870.4
12872.1
12872.2
12870.1
12871.1
12870.6
12872.4
12872.5
12873.3
12872.4
12873.4
12873.6
12872.8
12872.0
12872.3
12872.4
12871.9
12872.4
12871.0
12873.9
12872.7
12873.2
12872.3
12873.5
12874.5
12874.0
12875.4
12875.2
12875.2
12872.7
12874.5
12875.0
12875.1
12875.3
12875.2
12875.0
12875.7
12874.8
12873.5
12873.1
12872.8
12873.7
12874.7
12874.0
12873.0
12874.4
12853.5
12854.1
12853.1
12853.4
12850.8
12851.2
12851.7
12850.5
12851.4
12850.3
12850.9
12848.6
12850.9
12850.6
12851.9
12850.9
12851.8
12851.3
12851.2
12850.1
12850.5
12850.4
12850.8
12851.6
12850.4
12850.3
12862.8
12875.9
12882.3
12906.1
12930.5
12860.8
12879.3
12932.0
12858.3
12876.2
12940.7
12856.6
12899.6
12932.1
12859.5
12890.5
12932.9
12856.0
12904.3
12935.3
12857.3
12897.3
12930.3
12856.2
12899.8
12936.6
12857.4
12917.5
12937.6
12855.8
12906.5
12857.2
12858.1
12910.1
13052.1
13182.3
13400.1
13525.1
13719.8
13843.2
14035.0
14201.9
14370.6
14538.8
14646.4
14745.1
14759.8
14761.1
14758.8
14756.9
14754.8
14768.7
14797.2
14799.1
14949.9
14959.0
14938.0
14919.5
14910.9
14913.4
14906.7
14904.8
14921.6
14916.4
14916.3
14948.4
14933.2
14938.2
14936.5
14938.1
14987.2
14988.0
14959.2
14965.1
14980.4
14989.4
15167.4
15193.9
15188.8
15183.8
15185.9
15187.2
15185.6
15177.2
15176.1
15177.3
15179.6
16487.9
16490.0
16490.0
16491.3
16492.7
16496.7
16494.4
16495.6
16493.4
16492.1
16492.7
16496.1
16460.5
16501.8
16512.8
16513.7
16515.0
16516.3
16518.0
16518.1
16518.7
16517.9
16518.8
16521.3
16519.8
16521.4
16520.7
16520.8
16521.6
16522.4
16523.0
16522.4
16535.5
16544.4
16550.6
16552.1
16557.9
16560.3
16564.1
16567.0
16568.2
16568.3
16570.3
16573.9
16576.4
16579.7
16580.9
16583.9
16587.0
16590.4
16590.1
16596.4
16599.8
16598.7
16601.8
16601.4
16601.6
16601.0
16603.0
16602.5
16608.2
16607.5
16607.4
16607.6
16620.5
16614.9
16617.0
16616.6
16617.0
16617.0
16614.8
16607.8
16611.7
16610.3
16612.0
16610.6
16611.4
16610.9
16614.3
16610.1
16610.6
16610.5
16610.3
16611.1
16617.3
16618.2
16618.3
16620.0
16619.5
16619.6
16618.9
16618.8
16615.3
16614.7
16616.7
16617.9
16618.8
16620.1
16620.1
16617.5
16617.5
16617.0
16618.3
16620.8
16619.9
16619.6
16619.4
16619.0
16619.7
16619.8
16618.3
16617.4
16619.9
16616.7
16617.3
16621.9
16620.9
16620.2
16619.9
16619.3
16619.0
16625.9
16622.8
16624.5
16625.1
16625.6
16623.4
16624.2
16622.5
16621.1
16622.8
16622.8
16623.7
16627.8
16625.7
16624.8
16624.8
16624.6
16625.1
16626.4
16625.7
16628.9
16628.9
16630.1
16629.6
16631.5
16629.4
16627.6
16629.2
16628.8
16630.4
16622.8
16622.1
16622.6
16621.9
16622.3
16621.8
16623.2
16623.7
16625.9
16629.1
16629.1
16629.0
16629.6
16629.9
16628.9
16630.9
16631.6
16634.0
16632.9
16640.1
16636.6
16636.1
16648.3
16738.2
16796.5
16828.7
16830.1
16831.5
16833.1
16832.2
16833.0
16837.3
16836.3
16835.9
16837.1
16837.4
16838.5
16849.0
16854.1
16853.7
16825.5
16858.5
16860.6
16852.5
16855.8
16853.0
16855.4
16862.3
16859.0
16860.0
16866.4
16870.2
16870.8
16870.0
16875.7
16870.7
16874.9
16874.1
16875.3
16877.0
16878.6
16875.0
16879.7
16883.8
16883.3
16882.7
16881.4
16800.7
16802.8
16805.7
16804.5
16806.1
16804.7
16805.9
16804.8
16805.0
16806.2
16810.9
16815.0
16816.1
16818.0
16819.1
16819.6
16819.6
16820.1
16820.3
16818.4
16821.7
16819.2
16821.1
16821.5
16820.4
16821.6
16823.4
16824.4
16829.6
16832.2
16832.3
16850.3
16859.8
16861.5
16861.2
16846.6
16843.9
16845.0
16847.4
16849.2
16849.4
16850.3
16852.6
16853.5
16854.2
16856.8
16852.6
16854.2
16854.0
16853.9
16854.9
16856.8
16854.7
16857.2
16855.4
16855.9
16855.0
16857.8
16857.6
16856.4
16857.4
16858.2
16860.8
16865.5
16866.6
16872.0
16871.4
16871.3
16872.0
16874.0
16872.8
16870.9
16873.0
16873.1
16874.0
16874.5
16877.6
16876.5
16876.5
16878.0
16878.7
16878.2
16878.0
16878.9
16876.8
16881.2
16881.9
16883.5
16884.5
16883.4
16884.1
16884.8
16885.7
16886.7
16887.5
16887.8
16887.7
16889.1
16888.8
16889.6
16890.3
16890.7
16887.8
16888.1
16889.6
16889.5
16897.6
16896.2
16895.5
16895.6
16896.4
16898.9
16900.3
16900.9
16899.2
16901.1
16900.3
16901.3
16901.9
16904.3
16904.3
16906.0
16909.0
16907.7
16911.8
16911.5
16911.7
16911.0
16911.0
16910.2
16917.8
16920.0
16919.5
16920.3
16921.6
16921.3
16921.6
16925.5
16925.2
16923.3
16924.2
16922.7
16922.7
16926.9
16924.3
16923.9
16924.6
16924.4
16928.3
16935.2
16937.0
16937.6
16941.1
16940.3
16939.7
16940.3
16944.0
16943.7
16945.3
16942.9
16943.4
16943.5
16946.6
16946.2
16941.8
16942.9
16942.9
16943.0
16948.2
16946.7
16947.7
16949.6
16950.9
16951.0
16952.3
16951.6
16949.6
16952.5
16952.4
16952.3
16954.2
16954.2
16954.3
16957.4
16959.1
16959.9
16962.1
16961.5
16960.7
16958.9
16958.3
16958.9
16958.7
16960.4
16960.4
16962.1
16963.2
16963.8
16966.2
16962.4
16963.7
16963.1
16964.6
16964.3
16968.4
16967.3
16966.1
16967.5
16967.1
16970.3
16970.9
16975.2
16973.0
16974.6
16975.1
16974.4
16975.4
16979.5
16978.4
16977.2
16978.4
16976.7
16977.2
16985.4
16984.2
16984.6
16984.8
16984.4
16986.0
16987.3
16988.7
16987.5
16989.4
16990.1
16991.0
16990.1
16991.0
16991.7
16990.7
16992.7
16991.0
16992.2
16995.3
16995.8
16995.7
16994.2
16997.4
16995.7
16999.0
16997.5
16998.5
16998.0
16995.6
16998.2
16999.3
17000.9
16999.3
17001.2
17002.5
17003.1
17003.2
17008.3
17019.8
17021.2
17020.9
17021.3
17022.6
17012.9
17011.8
17012.7
17014.1
17014.0
17013.6
17016.6
17016.8
17017.7
17018.2
17017.0
17011.9
17022.7
17021.5
17023.8
17025.6
17026.5
17023.1
17025.9
17024.6
17025.9
17023.3
17031.8
17030.4
17033.2
17030.2
17030.4
17030.7
17031.3
17031.3
17034.1
17065.2
17049.6
17048.4
17046.4
17047.5
17050.9
17051.3
17051.0
17049.3
17033.3
17030.6
17031.0
17034.6
17034.5
17033.2
17037.4
17036.4
17035.7
17041.1
17041.7
17042.1
17041.9
17047.9
17068.2
17087.3
17085.5
17073.3
17079.7
17086.9
17099.2
17102.9
17104.9
17105.3
17104.5
17094.6
17112.9
17110.7
17110.3
17108.9
17101.2
17120.1
17109.5
17144.1
17176.8
17176.9
17176.5
17176.4
17175.7
17177.2
17178.7
17175.9
17177.8
17179.2
17179.7
17180.3
17187.5
17188.7
17188.6
17187.0
17187.7
17188.8
17192.6
17109.4
17158.4
17188.8
17183.7
17184.2
17194.1
17190.3
17192.1
17192.3
17193.5
17194.8
17196.5
17198.7
17194.0
17197.4
17197.3
17198.2
17198.3
17205.4
17202.1
17202.4
14293.1
12877.3
12877.9
12854.0
12821.7
12762.3
12759.7
12757.9
12756.1
12756.5
12755.5
12755.6
12757.0
12756.8
12757.4
12756.4
12757.4
12757.3
12756.3
12755.3
12755.2
12757.4
12756.3
12757.6
12758.1
12757.2
12757.4
12755.8
12756.6
12757.4
12757.7
12757.5
12757.6
12757.1
12756.9
12759.4
12759.4
12758.4
12758.0
12760.1
12758.0
12758.5
12759.6
12758.4
12758.5
12759.0
12760.1
12758.5
12758.4
12758.0
12757.1
12758.5
12757.1
12758.4
12756.4
12757.6
12756.2
12753.6
12756.3
12757.1
12757.5
12757.2
12758.2
12756.5
12757.7
12758.5
12757.9
12757.7
12758.2
12760.0
12759.3
12759.6
12759.8
12758.0
12759.0
12758.7
12760.8
12760.0
12759.9
12758.7
12758.7
12760.3
12759.1
12759.6
12760.2
12761.2
12761.1
12760.1
12760.4
12760.0
12761.7
12761.4
12761.6
12762.6
12764.4
12761.7
12761.4
12761.5
12760.0
12762.6
12761.4
12762.1
12762.1
12761.7
12761.8
12759.8
12763.5
12763.5
12763.8
12761.7
12762.2
12763.0
12762.4
12763.9
12763.7
12763.3
12762.4
12763.7
12762.9
12763.7
12763.5
12763.1
12764.4
12765.2
12766.2
12763.6
12764.8
12763.5
12763.3
12763.7
12762.4
12763.6
12763.7
12763.8
12763.6
12764.2
12765.5
12764.4
12764.7
12763.9
12764.4
12765.4
12764.8
12765.7
12765.6
12765.4
12765.2
12763.8
12765.1
12765.7
12765.6
12764.3
12765.0
12765.9
12766.3
12766.3
12764.7
12766.1
12765.2
12764.7
12764.1
12765.0
12765.3
12762.9
12763.6
12762.0
12762.6
12762.9
12763.2
12762.1
12761.9
12763.0
12763.2
12763.1
12763.2
12763.7
12763.4
12763.0
12761.8
12762.7
12763.1
12764.3
12764.8
12765.5
12764.1
12764.3
12766.1
12766.8
12767.2
12765.1
12766.7
12767.5
12767.9
12766.6
12766.3
12765.8
12763.8
12764.7
12765.8
12766.4
12767.3
12765.3
12767.0
