72.8
10.3
18.6
11.0
15.6
10.3
15.2
11.3
15.6
10.9
25.1
67.0
11.3
94.9
38.2
57.4
16.8
29.0
13.3
17.4
10.6
16.6
11.7
15.8
33.7
11.3
94.8
10.9
76.0
10.9
24.0
10.7
15.9
10.2
16.8
10.6
14.7
48.3
10.8
93.7
9.9
64.1
10.3
17.0
10.3
15.8
10.6
17.2
10.6
13.3
53.4
10.9
91.5
10.7
54.2
10.1
15.6
10.7
16.0
10.3
16.1
10.9
15.3
34.5
12.6
94.3
10.3
83.4
10.3
20.6
10.6
15.3
10.7
15.2
10.9
15.6
19.0
12.6
86.4
11.3
72.7
10.3
21.1
10.2
15.3
10.3
16.3
10.3
16.9
10.5
14.1
55.4
10.9
95.0
10.6
44.9
11.0
19.0
10.9
16.3
10.7
15.5
10.9
16.3
42.3
11.2
92.0
10.2
56.3
10.2
17.2
10.7
17.2
10.3
15.6
16.5
11.4
93.7
10.8
49.7
11.9
15.6
10.7
15.7
10.2
14.4
59.6
11.4
92.7
10.4
22.2
10.9
15.2
10.3
15.3
11.0
13.5
64.2
10.9
92.8
10.7
19.2
10.2
15.3
10.7
15.2
32.7
12.0
92.5
11.5
34.4
11.5
15.0
10.3
16.0
10.9
13.6
65.7
10.6
71.2
10.7
27.1
10.9
17.6
10.8
15.6
10.6
16.2
13.0
12.7
81.5
10.2
91.9
10.8
51.3
10.8
15.3
11.0
14.9
10.2
16.0
10.7
15.3
54.3
10.9
90.9
10.9
55.9
10.8
17.3
11.0
14.7
10.6
15.6
11.2
14.4
44.6
10.7
93.7
10.8
83.5
10.8
15.8
10.8
16.0
11.2
15.2
11.4
14.9
52.0
10.8
97.3
10.6
48.6
10.4
17.7
10.3
16.9
11.4
15.2
10.8
17.0
42.3
11.4
93.0
10.7
53.2
15.3
20.7
34.4
28.7
10.4
17.2
31.8
15.7
39.0
40.6
91.7
27.3
79.8
10.6
25.5
26.7
17.6
33.5
39.1
11.4
35.2
59.3
12.1
94.4
22.6
39.8
36.2
32.0
10.7
39.0
15.3
13.4
95.2
52.8
78.6
75.1
73.9
47.7
75.9
82.5
78.2
76.2
71.3
93.8
41.5
41.9
14.3
19.8
20.6
17.2
38.6
23.6
96.5
70.2
60.6
19.7
16.1
12.8
27.2
17.0
13.6
93.2
11.4
55.2
28.0
18.2
14.0
15.6
11.9
35.4
63.1
11.8
94.4
13.5
24.7
36.8
37.6
12.2
17.2
34.8
14.8
94.7
14.1
35.5
11.3
18.4
30.9
16.9
14.3
14.2
86.6
12.5
91.7
12.2
21.8
15.2
24.7
17.3
35.7
39.8
16.9
95.8
11.4
74.7
12.4
18.1
13.0
16.9
16.4
22.3
56.3
11.4
91.9
12.9
32.0
13.1
19.1
19.9
27.7
31.0
14.0
93.0
15.8
60.4
25.1
27.2
13.0
19.0
22.3
20.0
96.1
13.8
45.4
12.8
21.0
25.1
22.8
16.7
15.9
55.1
17.4
93.5
14.2
45.3
12.6
16.7
15.5
16.0
35.0
15.2
93.1
12.8
38.4
12.2
29.3
16.5
16.8
22.9
21.6
91.6
17.4
75.1
14.2
31.6
13.9
21.5
13.1
27.0
46.2
11.4
90.5
17.3
34.2
12.0
17.4
11.2
18.9
18.2
16.3
78.7
12.4
90.4
13.4
29.3
11.4
17.7
11.2
16.8
31.2
16.7
91.9
12.9
26.7
12.7
15.9
20.9
23.1
35.7
11.2
48.9
13.0
61.1
12.2
16.8
11.6
18.8
14.9
15.3
95.3
11.5
48.4
11.7
20.0
14.8
21.0
18.1
13.0
96.6
13.3
47.1
10.3
17.1
12.4
17.8
17.4
13.8
94.0
13.7
34.9
10.7
16.7
14.1
17.5
18.5
14.9
93.5
11.2
40.7
11.8
15.5
16.8
17.3
24.1
13.9
57.2
11.5
63.4
16.1
25.4
12.1
19.1
44.3
12.2
89.7
28.5
17.2
14.4
19.3
21.9
16.7
64.2
45.6
92.4
16.9
17.9
14.9
22.1
16.9
22.7
69.1
14.2
92.8
16.8
24.7
17.1
20.9
23.4
42.5
70.9
15.5
87.8
17.1
22.2
14.0
30.3
14.3
20.9
72.7
17.6
94.0
14.4
28.3
26.6
25.0
16.9
17.6
71.8
14.0
87.9
20.9
33.0
14.6
20.6
20.3
15.6
88.7
17.4
54.0
15.2
23.2
14.1
21.3
40.9
22.8
93.2
14.9
39.2
18.9
23.8
13.4
20.5
72.4
13.1
85.9
21.7
21.8
15.7
17.6
24.6
15.6
74.7
18.4
93.3
16.9
36.4
14.2
21.2
13.7
23.5
18.0
19.2
56.3
17.2
88.8
24.4
52.7
29.2
22.7
17.1
32.8
16.0
17.0
29.5
16.1
93.2
18.8
35.6
13.7
21.0
15.4
23.0
44.4
17.8
93.3
14.8
29.3
42.1
20.2
30.0
14.3
95.1
13.6
22.5
14.4
22.3
19.2
22.0
78.2
33.1
85.9
23.4
31.7
18.6
19.1
40.7
19.8
92.3
15.8
25.4
17.1
22.8
17.4
33.5
85.6
16.0
72.3
17.2
18.4
28.3
23.3
38.9
15.6
92.8
15.9
31.8
26.0
25.4
14.5
23.5
90.2
18.8
51.2
15.3
23.2
14.5
22.2
52.3
14.5
89.1
15.9
30.7
17.2
29.1
18.8
27.8
84.0
17.1
76.8
16.4
22.2
15.2
24.0
44.4
23.3
93.2
21.2
22.1
18.1
21.7
41.0
14.5
91.0
13.5
20.1
21.2
21.3
14.6
24.4
80.0
14.1
92.8
18.4
24.0
24.3
24.6
14.2
18.3
81.8
19.1
85.1
14.9
23.3
15.2
21.9
36.6
17.7
92.8
14.4
28.6
13.6
18.8
21.7
20.9
92.1
18.9
37.1
14.3
21.1
26.1
18.4
75.0
15.7
77.7
13.3
22.4
15.3
17.4
40.5
26.0
94.9
16.9
27.3
17.1
18.3
19.8
19.8
78.9
27.7
85.3
14.7
24.0
15.1
23.4
36.3
11.0
93.8
21.3
29.1
15.3
18.9
15.9
15.6
92.4
17.8
34.8
17.2
21.7
20.3
28.9
67.4
15.9
75.2
26.3
23.9
17.7
19.1
40.3
30.1
91.7
26.4
30.0
15.7
22.0
14.0
18.8
74.1
17.0
85.8
24.7
29.9
13.2
25.0
57.2
14.9
86.6
18.8
25.6
24.6
20.2
16.5
15.8
92.2
20.2
47.8
15.5
18.2
19.7
15.4
92.3
29.5
21.5
22.1
24.6
46.6
22.0
93.0
15.6
29.9
17.2
21.4
43.1
15.4
81.6
15.9
22.0
15.0
28.1
46.4
26.4
89.0
17.1
22.7
22.7
27.7
56.0
13.1
80.5
16.3
19.3
16.7
20.6
51.2
28.7
96.0
15.5
36.2
20.6
20.0
47.7
21.9
79.5
18.9
37.4
19.4
22.9
74.9
13.6
74.5
15.3
24.6
16.7
22.4
72.2
15.1
90.1
18.5
20.7
14.6
20.3
60.5
16.9
81.8
16.1
18.0
16.4
20.4
62.0
30.3
77.3
13.8
18.7
21.0
21.8
75.1
12.4
63.9
16.9
19.8
18.4
24.9
68.9
12.0
91.5
14.9
32.1
37.5
23.2
48.9
13.3
74.9
14.8
25.7
14.9
18.1
51.4
14.5
92.5
23.1
20.7
16.3
23.6
42.1
14.9
91.4
25.8
56.9
35.2
20.1
47.2
28.4
94.9
32.0
26.7
19.2
20.2
48.6
14.8
87.6
18.1
23.9
26.0
26.4
43.9
14.1
92.3
22.2
28.8
24.8
19.8
40.5
10.9
93.0
10.4
16.3
10.2
15.2
10.3
13.1
94.5
10.7
34.6
10.9
14.5
10.4
14.9
82.7
10.3
59.2
11.4
14.4
10.7
15.9
56.0
11.4
93.2
11.1
14.4
10.8
16.6
43.2
10.8
80.9
11.2
16.0
10.5
15.3
34.7
11.2
92.3
10.3
22.7
10.3
16.3
10.8
13.6
71.3
10.7
71.1
11.0
17.8
10.9
16.9
31.1
10.4
94.0
11.0
32.6
10.7
16.4
10.3
13.7
78.7
10.9
75.6
10.5
16.9
10.9
16.6
34.9
11.0
91.8
10.4
16.9
10.3
16.3
9.9
14.5
79.1
10.1
58.7
9.7
15.0
11.1
15.5
44.2
10.9
94.9
10.4
28.7
11.0
15.6
10.9
14.4
81.2
10.3
72.0
10.9
17.0
11.0
16.6
33.5
10.8
96.2
10.3
22.0
12.0
16.8
10.9
12.6
94.3
10.6
30.5
11.0
16.6
11.0
16.1
70.5
10.3
74.1
10.2
15.8
10.3
16.3
37.4
10.8
93.9
11.0
18.4
10.7
16.8
55.8
10.4
70.2
10.9
15.3
10.5
13.5
76.3
10.9
50.0
10.6
16.4
11.0
11.4
95.7
11.0
17.1
10.9
16.2
42.8
10.8
88.7
10.3
49.7
10.8
14.9
10.4
14.8
21.5
11.4
93.0
10.7
35.3
10.2
16.9
10.9
15.3
36.8
11.4
93.6
10.9
24.2
10.9
16.4
10.9
13.6
76.1
94.3
10.2
48.6
11.2
17.7
10.8
15.7
82.7
10.9
36.0
10.3
16.1
10.7
14.0
80.8
10.8
58.0
10.5
15.6
10.9
16.1
11.0
