<h5>: [2023-02-25 09:16:33,862] INFO Registered kafka:type=kafka.Log4jController MBean (kafka.utils.Log4jControllerRegistration$)
<h5>: [2023-02-25 09:16:34,180] INFO Setting -D jdk.tls.rejectClientInitiatedRenegotiation=true to disable client-initiated TLS renegotiation (org.apache.zookeeper.common.X509Util)
<h5>: [2023-02-25 09:16:34,752] INFO [LogLoader partition=__cluster_metadata-0, dir=/home/visitor/neves/amnis-data-sync/./kafka-3.1.0/logs/kafka5] Loading producer state till offset 0 with message format version 2 (kafka.log.UnifiedLog$)
<h5>: [2023-02-25 09:16:34,753] INFO [LogLoader partition=__cluster_metadata-0, dir=/home/visitor/neves/amnis-data-sync/./kafka-3.1.0/logs/kafka5] Reloading from producer snapshot and rebuilding producer state from offset 0 (kafka.log.UnifiedLog$)
<h5>: [2023-02-25 09:16:34,754] INFO [LogLoader partition=__cluster_metadata-0, dir=/home/visitor/neves/amnis-data-sync/./kafka-3.1.0/logs/kafka5] Producer state recovery took 1ms for snapshot load and 0ms for segment recovery from offset 0 (kafka.log.UnifiedLog$)
<h5>: [2023-02-25 09:16:34,845] INFO [raft-expiration-reaper]: Starting (kafka.raft.TimingWheelExpirationService$ExpiredOperationReaper)
<h5>: [2023-02-25 09:16:35,080] INFO [RaftManager nodeId=5] Completed transition to Unattached(epoch=0, voters=[1, 2, 3, 4, 5, 6, 7, 8, 9, 10], electionTimeoutMs=18171) (org.apache.kafka.raft.QuorumState)
<h5>: [2023-02-25 09:16:35,110] INFO Registered signal handlers for TERM, INT, HUP (org.apache.kafka.common.utils.LoggingSignalHandler)
<h5>: [2023-02-25 09:16:35,117] INFO [kafka-raft-outbound-request-thread]: Starting (kafka.raft.RaftSendThread)
<h5>: [2023-02-25 09:16:35,118] INFO [kafka-raft-io-thread]: Starting (kafka.raft.KafkaRaftManager$RaftIoThread)
<h5>: [2023-02-25 09:16:35,118] INFO Starting controller (kafka.server.ControllerServer)
<h5>: [2023-02-25 09:16:35,474] INFO Updated connection-accept-rate max connection creation rate to 2147483647 (kafka.network.ConnectionQuotas)
<h5>: [2023-02-25 09:16:35,480] INFO Awaiting socket connections on 10.0.0.5:19096. (kafka.network.Acceptor)
<h5>: [2023-02-25 09:16:35,514] INFO [SocketServer listenerType=CONTROLLER, nodeId=5] Created data-plane acceptor and processors for endpoint : ListenerName(CONTROLLER) (kafka.network.SocketServer)
<h5>: [2023-02-25 09:16:35,543] INFO [RaftManager nodeId=5] Registered the listener org.apache.kafka.controller.QuorumController$QuorumMetaLogListener@1240455996 (org.apache.kafka.raft.KafkaRaftClient)
<h5>: [2023-02-25 09:16:35,550] INFO [ThrottledChannelReaper-Fetch]: Starting (kafka.server.ClientQuotaManager$ThrottledChannelReaper)
<h5>: [2023-02-25 09:16:35,551] INFO [ThrottledChannelReaper-Produce]: Starting (kafka.server.ClientQuotaManager$ThrottledChannelReaper)
<h5>: [2023-02-25 09:16:35,552] INFO [ThrottledChannelReaper-Request]: Starting (kafka.server.ClientQuotaManager$ThrottledChannelReaper)
<h5>: [2023-02-25 09:16:35,555] INFO [ThrottledChannelReaper-ControllerMutation]: Starting (kafka.server.ClientQuotaManager$ThrottledChannelReaper)
<h5>: [2023-02-25 09:16:35,575] INFO [ExpirationReaper-5-AlterAcls]: Starting (kafka.server.DelayedOperationPurgatory$ExpiredOperationReaper)
<h5>: [2023-02-25 09:16:35,605] INFO [SocketServer listenerType=CONTROLLER, nodeId=5] Starting socket server acceptors and processors (kafka.network.SocketServer)
<h5>: [2023-02-25 09:16:35,631] INFO [SocketServer listenerType=CONTROLLER, nodeId=5] Started data-plane acceptor and processor(s) for endpoint : ListenerName(CONTROLLER) (kafka.network.SocketServer)
<h5>: [2023-02-25 09:16:35,632] INFO [SocketServer listenerType=CONTROLLER, nodeId=5] Started socket server acceptors and processors (kafka.network.SocketServer)
<h5>: [2023-02-25 09:16:35,633] INFO [BrokerServer id=5] Transition from SHUTDOWN to STARTING (kafka.server.BrokerServer)
<h5>: [2023-02-25 09:16:35,633] INFO [BrokerServer id=5] Starting broker (kafka.server.BrokerServer)
<h5>: [2023-02-25 09:16:35,651] INFO [ThrottledChannelReaper-Fetch]: Starting (kafka.server.ClientQuotaManager$ThrottledChannelReaper)
<h5>: [2023-02-25 09:16:35,652] INFO [ThrottledChannelReaper-Request]: Starting (kafka.server.ClientQuotaManager$ThrottledChannelReaper)
<h5>: [2023-02-25 09:16:35,652] INFO [ThrottledChannelReaper-ControllerMutation]: Starting (kafka.server.ClientQuotaManager$ThrottledChannelReaper)
<h5>: [2023-02-25 09:16:35,652] INFO [ThrottledChannelReaper-Produce]: Starting (kafka.server.ClientQuotaManager$ThrottledChannelReaper)
<h5>: [2023-02-25 09:16:35,691] INFO [BrokerToControllerChannelManager broker=5 name=forwarding]: Starting (kafka.server.BrokerToControllerRequestThread)
<h5>: [2023-02-25 09:16:35,739] INFO Updated connection-accept-rate max connection creation rate to 2147483647 (kafka.network.ConnectionQuotas)
<h5>: [2023-02-25 09:16:35,739] INFO Awaiting socket connections on 0.0.0.0:9092. (kafka.network.Acceptor)
<h5>: [2023-02-25 09:16:35,751] INFO [SocketServer listenerType=BROKER, nodeId=5] Created data-plane acceptor and processors for endpoint : ListenerName(PLAINTEXT) (kafka.network.SocketServer)
<h5>: [2023-02-25 09:16:35,760] INFO [BrokerToControllerChannelManager broker=5 name=alterIsr]: Starting (kafka.server.BrokerToControllerRequestThread)
<h5>: [2023-02-25 09:16:35,778] INFO [ExpirationReaper-5-Produce]: Starting (kafka.server.DelayedOperationPurgatory$ExpiredOperationReaper)
<h5>: [2023-02-25 09:16:35,779] INFO [ExpirationReaper-5-Fetch]: Starting (kafka.server.DelayedOperationPurgatory$ExpiredOperationReaper)
<h5>: [2023-02-25 09:16:35,780] INFO [ExpirationReaper-5-DeleteRecords]: Starting (kafka.server.DelayedOperationPurgatory$ExpiredOperationReaper)
<h5>: [2023-02-25 09:16:35,788] INFO [ExpirationReaper-5-ElectLeader]: Starting (kafka.server.DelayedOperationPurgatory$ExpiredOperationReaper)
<h5>: [2023-02-25 09:16:35,809] INFO [ExpirationReaper-5-Heartbeat]: Starting (kafka.server.DelayedOperationPurgatory$ExpiredOperationReaper)
<h5>: [2023-02-25 09:16:35,813] INFO [ExpirationReaper-5-Rebalance]: Starting (kafka.server.DelayedOperationPurgatory$ExpiredOperationReaper)
<h5>: [2023-02-25 09:16:35,922] INFO [RaftManager nodeId=5] Registered the listener kafka.server.metadata.BrokerMetadataListener@40550308 (org.apache.kafka.raft.KafkaRaftClient)
<h5>: [2023-02-25 09:16:35,944] INFO [BrokerLifecycleManager id=5] Incarnation BxzCTH5xSiangvVUPol76Q of broker 5 in cluster JmL9ihFRQmSabrNWrYSpjg is now STARTING. (kafka.server.BrokerLifecycleManager)
<h5>: [2023-02-25 09:16:35,955] INFO [BrokerToControllerChannelManager broker=5 name=heartbeat]: Starting (kafka.server.BrokerToControllerRequestThread)
<h5>: [2023-02-25 09:16:36,040] INFO [ExpirationReaper-5-AlterAcls]: Starting (kafka.server.DelayedOperationPurgatory$ExpiredOperationReaper)
<h5>: [2023-02-25 09:16:43,931] INFO [RaftManager nodeId=5] Completed transition to Unattached(epoch=1, voters=[1, 2, 3, 4, 5, 6, 7, 8, 9, 10], electionTimeoutMs=9249) (org.apache.kafka.raft.QuorumState)
<h5>: [2023-02-25 09:16:44,125] INFO [RaftManager nodeId=5] Completed transition to Voted(epoch=1, votedId=3, voters=[1, 2, 3, 4, 5, 6, 7, 8, 9, 10], electionTimeoutMs=15404) (org.apache.kafka.raft.QuorumState)
<h5>: [2023-02-25 09:16:44,126] INFO [RaftManager nodeId=5] Vote request VoteRequestData(clusterId='JmL9ihFRQmSabrNWrYSpjg', topics=[TopicData(topicName='__cluster_metadata', partitions=[PartitionData(partitionIndex=0, candidateEpoch=1, candidateId=3, lastOffsetEpoch=0, lastOffset=0)])]) with epoch 1 is granted (org.apache.kafka.raft.KafkaRaftClient)
<h5>: [2023-02-25 09:16:44,139] INFO [RaftManager nodeId=5] Vote request VoteRequestData(clusterId='JmL9ihFRQmSabrNWrYSpjg', topics=[TopicData(topicName='__cluster_metadata', partitions=[PartitionData(partitionIndex=0, candidateEpoch=1, candidateId=1, lastOffsetEpoch=0, lastOffset=0)])]) with epoch 1 is rejected (org.apache.kafka.raft.KafkaRaftClient)
<h5>: [2023-02-25 09:16:44,559] INFO [RaftManager nodeId=5] Completed transition to Unattached(epoch=2, voters=[1, 2, 3, 4, 5, 6, 7, 8, 9, 10], electionTimeoutMs=14921) (org.apache.kafka.raft.QuorumState)
<h5>: [2023-02-25 09:16:44,646] INFO [RaftManager nodeId=5] Completed transition to Voted(epoch=2, votedId=3, voters=[1, 2, 3, 4, 5, 6, 7, 8, 9, 10], electionTimeoutMs=19567) (org.apache.kafka.raft.QuorumState)
<h5>: [2023-02-25 09:16:44,646] INFO [RaftManager nodeId=5] Vote request VoteRequestData(clusterId='JmL9ihFRQmSabrNWrYSpjg', topics=[TopicData(topicName='__cluster_metadata', partitions=[PartitionData(partitionIndex=0, candidateEpoch=2, candidateId=3, lastOffsetEpoch=0, lastOffset=0)])]) with epoch 2 is granted (org.apache.kafka.raft.KafkaRaftClient)
<h5>: [2023-02-25 09:16:45,007] INFO [RaftManager nodeId=5] Completed transition to FollowerState(fetchTimeoutMs=20000, epoch=2, leaderId=3, voters=[1, 2, 3, 4, 5, 6, 7, 8, 9, 10], highWatermark=Optional.empty, fetchingSnapshot=Optional.empty) (org.apache.kafka.raft.QuorumState)
<h5>: [2023-02-25 09:16:45,011] INFO [BrokerToControllerChannelManager broker=5 name=alterIsr]: Recorded new controller, from now on will use broker 10.0.0.3:19094 (id: 3 rack: null) (kafka.server.BrokerToControllerRequestThread)
<h5>: [2023-02-25 09:16:45,054] INFO [BrokerToControllerChannelManager broker=5 name=forwarding]: Recorded new controller, from now on will use broker 10.0.0.3:19094 (id: 3 rack: null) (kafka.server.BrokerToControllerRequestThread)
<h5>: [2023-02-25 09:16:45,100] INFO [BrokerToControllerChannelManager broker=5 name=heartbeat]: Recorded new controller, from now on will use broker 10.0.0.3:19094 (id: 3 rack: null) (kafka.server.BrokerToControllerRequestThread)
<h5>: [2023-02-25 09:16:45,573] INFO [BrokerLifecycleManager id=5] Successfully registered broker 5 with broker epoch 8 (kafka.server.BrokerLifecycleManager)
<h5>: [2023-02-25 09:16:46,093] INFO [Controller 5] Registered new broker: RegisterBrokerRecord(brokerId=3, incarnationId=It5_UZ_sTO6X_1bsY7tLFA, brokerEpoch=0, endPoints=[BrokerEndpoint(name='PLAINTEXT', host='10.0.0.3', port=9092, securityProtocol=0)], features=[], rack=null, fenced=true) (org.apache.kafka.controller.ClusterControlManager)
<h5>: [2023-02-25 09:16:46,093] INFO [Controller 5] Registered new broker: RegisterBrokerRecord(brokerId=1, incarnationId=CEwPCcPZTWSOQX4Ksh0bQw, brokerEpoch=2, endPoints=[BrokerEndpoint(name='PLAINTEXT', host='10.0.0.1', port=9092, securityProtocol=0)], features=[], rack=null, fenced=true) (org.apache.kafka.controller.ClusterControlManager)
<h5>: [2023-02-25 09:16:46,093] INFO [Controller 5] Registered new broker: RegisterBrokerRecord(brokerId=8, incarnationId=FCERQozVS06AfXhm5yGeYg, brokerEpoch=3, endPoints=[BrokerEndpoint(name='PLAINTEXT', host='10.0.0.8', port=9092, securityProtocol=0)], features=[], rack=null, fenced=true) (org.apache.kafka.controller.ClusterControlManager)
<h5>: [2023-02-25 09:16:46,093] INFO [Controller 5] Registered new broker: RegisterBrokerRecord(brokerId=9, incarnationId=oPZm9L18SdSQ7D3RW3Ql3g, brokerEpoch=4, endPoints=[BrokerEndpoint(name='PLAINTEXT', host='10.0.0.9', port=9092, securityProtocol=0)], features=[], rack=null, fenced=true) (org.apache.kafka.controller.ClusterControlManager)
<h5>: [2023-02-25 09:16:46,094] INFO [Controller 5] Registered new broker: RegisterBrokerRecord(brokerId=7, incarnationId=KqlvJ4dVQbiuPmAZrs56Tg, brokerEpoch=5, endPoints=[BrokerEndpoint(name='PLAINTEXT', host='10.0.0.7', port=9092, securityProtocol=0)], features=[], rack=null, fenced=true) (org.apache.kafka.controller.ClusterControlManager)
<h5>: [2023-02-25 09:16:46,094] INFO [Controller 5] Registered new broker: RegisterBrokerRecord(brokerId=4, incarnationId=emFy0K8aQzGRfHb2SCP3lA, brokerEpoch=6, endPoints=[BrokerEndpoint(name='PLAINTEXT', host='10.0.0.4', port=9092, securityProtocol=0)], features=[], rack=null, fenced=true) (org.apache.kafka.controller.ClusterControlManager)
<h5>: [2023-02-25 09:16:46,094] INFO [Controller 5] Registered new broker: RegisterBrokerRecord(brokerId=6, incarnationId=uT7Gd04YTUSpKUEBmcUjsg, brokerEpoch=7, endPoints=[BrokerEndpoint(name='PLAINTEXT', host='10.0.0.6', port=9092, securityProtocol=0)], features=[], rack=null, fenced=true) (org.apache.kafka.controller.ClusterControlManager)
<h5>: [2023-02-25 09:16:46,094] INFO [Controller 5] Registered new broker: RegisterBrokerRecord(brokerId=5, incarnationId=BxzCTH5xSiangvVUPol76Q, brokerEpoch=8, endPoints=[BrokerEndpoint(name='PLAINTEXT', host='10.0.0.5', port=9092, securityProtocol=0)], features=[], rack=null, fenced=true) (org.apache.kafka.controller.ClusterControlManager)
<h5>: [2023-02-25 09:16:46,094] INFO [Controller 5] Registered new broker: RegisterBrokerRecord(brokerId=2, incarnationId=jLlp7Zd5R2mrzud6UkqoNg, brokerEpoch=9, endPoints=[BrokerEndpoint(name='PLAINTEXT', host='10.0.0.2', port=9092, securityProtocol=0)], features=[], rack=null, fenced=true) (org.apache.kafka.controller.ClusterControlManager)
<h5>: [2023-02-25 09:16:46,603] INFO [Controller 5] Unfenced broker: UnfenceBrokerRecord(id=3, epoch=0) (org.apache.kafka.controller.ClusterControlManager)
<h5>: [2023-02-25 09:16:46,621] INFO [BrokerLifecycleManager id=5] The broker has caught up. Transitioning from STARTING to RECOVERY. (kafka.server.BrokerLifecycleManager)
<h5>: [2023-02-25 09:16:46,623] INFO [BrokerMetadataListener id=5] Starting to publish metadata events at offset 10. (kafka.server.metadata.BrokerMetadataListener)
<h5>: [2023-02-25 09:16:46,625] INFO [BrokerMetadataPublisher id=5] Publishing initial metadata at offset OffsetAndEpoch(offset=10, epoch=2). (kafka.server.metadata.BrokerMetadataPublisher)
<h5>: [2023-02-25 09:16:46,626] INFO Loading logs from log dirs ArraySeq(/home/visitor/neves/amnis-data-sync/./kafka-3.1.0/logs/kafka5) (kafka.log.LogManager)
<h5>: [2023-02-25 09:16:46,627] INFO Attempting recovery for all logs in /home/visitor/neves/amnis-data-sync/./kafka-3.1.0/logs/kafka5 since no clean shutdown file was found (kafka.log.LogManager)
<h5>: [2023-02-25 09:16:46,631] INFO Loaded 0 logs in 5ms. (kafka.log.LogManager)
<h5>: [2023-02-25 09:16:46,632] INFO Starting log cleanup with a period of 300000 ms. (kafka.log.LogManager)
<h5>: [2023-02-25 09:16:46,634] INFO Starting log flusher with a default period of 9223372036854775807 ms. (kafka.log.LogManager)
<h5>: [2023-02-25 09:16:46,645] INFO [BrokerLifecycleManager id=5] The broker is in RECOVERY. (kafka.server.BrokerLifecycleManager)
<h5>: [2023-02-25 09:16:46,843] INFO [GroupCoordinator 5]: Starting up. (kafka.coordinator.group.GroupCoordinator)
<h5>: [2023-02-25 09:16:46,854] INFO [LogDirFailureHandler]: Starting (kafka.server.ReplicaManager$LogDirFailureHandler)
<h5>: [2023-02-25 09:16:46,855] INFO [GroupCoordinator 5]: Startup complete. (kafka.coordinator.group.GroupCoordinator)
<h5>: [2023-02-25 09:16:46,891] INFO [TransactionCoordinator id=5] Starting up. (kafka.coordinator.transaction.TransactionCoordinator)
<h5>: [2023-02-25 09:16:46,900] INFO [TransactionCoordinator id=5] Startup complete. (kafka.coordinator.transaction.TransactionCoordinator)
<h5>: [2023-02-25 09:16:46,934] INFO [Transaction Marker Channel Manager 5]: Starting (kafka.coordinator.transaction.TransactionMarkerChannelManager)
<h5>: [2023-02-25 09:16:46,957] INFO KafkaConfig values: 
<h5>: 	advertised.listeners = PLAINTEXT://10.0.0.5:9092
<h5>: 	alter.config.policy.class.name = null
<h5>: 	alter.log.dirs.replication.quota.window.num = 11
<h5>: 	alter.log.dirs.replication.quota.window.size.seconds = 1
<h5>: 	authorizer.class.name = 
<h5>: 	auto.create.topics.enable = true
<h5>: 	auto.leader.rebalance.enable = true
<h5>: 	background.threads = 10
<h5>: 	broker.heartbeat.interval.ms = 2000
<h5>: 	broker.id = 5
<h5>: 	broker.id.generation.enable = true
<h5>: 	broker.rack = null
<h5>: 	broker.session.timeout.ms = 120000
<h5>: 	client.quota.callback.class = null
<h5>: 	compression.type = producer
<h5>: 	connection.failed.authentication.delay.ms = 100
<h5>: 	connections.max.idle.ms = 600000
<h5>: 	connections.max.reauth.ms = 0
<h5>: 	control.plane.listener.name = null
<h5>: 	controlled.shutdown.enable = true
<h5>: 	controlled.shutdown.max.retries = 3
<h5>: 	controlled.shutdown.retry.backoff.ms = 5000
<h5>: 	controller.listener.names = CONTROLLER
<h5>: 	controller.quorum.append.linger.ms = 25
<h5>: 	controller.quorum.election.backoff.max.ms = 10000
<h5>: 	controller.quorum.election.timeout.ms = 10000
<h5>: 	controller.quorum.fetch.timeout.ms = 20000
<h5>: 	controller.quorum.request.timeout.ms = 120000
<h5>: 	controller.quorum.retry.backoff.ms = 20
<h5>: 	controller.quorum.voters = [1@10.0.0.1:19092, 2@10.0.0.2:19093, 3@10.0.0.3:19094, 4@10.0.0.4:19095, 5@10.0.0.5:19096, 6@10.0.0.6:19097, 7@10.0.0.7:19098, 8@10.0.0.8:19099, 9@10.0.0.9:19100, 10@10.0.0.10:19101:9093]
<h5>: 	controller.quota.window.num = 11
<h5>: 	controller.quota.window.size.seconds = 1
<h5>: 	controller.socket.timeout.ms = 300000
<h5>: 	create.topic.policy.class.name = null
<h5>: 	default.replication.factor = 1
<h5>: 	delegation.token.expiry.check.interval.ms = 3600000
<h5>: 	delegation.token.expiry.time.ms = 86400000
<h5>: 	delegation.token.master.key = null
<h5>: 	delegation.token.max.lifetime.ms = 604800000
<h5>: 	delegation.token.secret.key = null
<h5>: 	delete.records.purgatory.purge.interval.requests = 1
<h5>: 	delete.topic.enable = true
<h5>: 	fetch.max.bytes = 57671680
<h5>: 	fetch.purgatory.purge.interval.requests = 1000
<h5>: 	group.initial.rebalance.delay.ms = 3000
<h5>: 	group.max.session.timeout.ms = 1800000
<h5>: 	group.max.size = 2147483647
<h5>: 	group.min.session.timeout.ms = 6000
<h5>: 	initial.broker.registration.timeout.ms = 180000
<h5>: 	inter.broker.listener.name = PLAINTEXT
<h5>: 	inter.broker.protocol.version = 3.1-IV0
<h5>: 	kafka.metrics.polling.interval.secs = 10
<h5>: 	kafka.metrics.reporters = []
<h5>: 	leader.imbalance.check.interval.seconds = 300
<h5>: 	leader.imbalance.per.broker.percentage = 10
<h5>: 	listener.security.protocol.map = PLAINTEXT:PLAINTEXT,SSL:SSL,SASL_PLAINTEXT:SASL_PLAINTEXT,SASL_SSL:SASL_SSL
<h5>: 	listeners = PLAINTEXT://:9092,CONTROLLER://10.0.0.5:19096
<h5>: 	log.cleaner.backoff.ms = 15000
<h5>: 	log.cleaner.dedupe.buffer.size = 134217728
<h5>: 	log.cleaner.delete.retention.ms = 86400000
<h5>: 	log.cleaner.enable = true
<h5>: 	log.cleaner.io.buffer.load.factor = 0.9
<h5>: 	log.cleaner.io.buffer.size = 524288
<h5>: 	log.cleaner.io.max.bytes.per.second = 1.7976931348623157E308
<h5>: 	log.cleaner.max.compaction.lag.ms = 9223372036854775807
<h5>: 	log.cleaner.min.cleanable.ratio = 0.5
<h5>: 	log.cleaner.min.compaction.lag.ms = 0
<h5>: 	log.cleaner.threads = 1
<h5>: 	log.cleanup.policy = [delete]
<h5>: 	log.dir = /tmp/kafka-logs
<h5>: 	log.dirs = ./kafka-3.1.0/logs/kafka5
<h5>: 	log.flush.interval.messages = 9223372036854775807
<h5>: 	log.flush.interval.ms = null
<h5>: 	log.flush.offset.checkpoint.interval.ms = 60000
<h5>: 	log.flush.scheduler.interval.ms = 9223372036854775807
<h5>: 	log.flush.start.offset.checkpoint.interval.ms = 60000
<h5>: 	log.index.interval.bytes = 4096
<h5>: 	log.index.size.max.bytes = 10485760
<h5>: 	log.message.downconversion.enable = true
<h5>: 	log.message.format.version = 3.0-IV1
<h5>: 	log.message.timestamp.difference.max.ms = 9223372036854775807
<h5>: 	log.message.timestamp.type = CreateTime
<h5>: 	log.preallocate = false
<h5>: 	log.retention.bytes = -1
<h5>: 	log.retention.check.interval.ms = 300000
<h5>: 	log.retention.hours = 168
<h5>: 	log.retention.minutes = null
<h5>: 	log.retention.ms = null
<h5>: 	log.roll.hours = 168
<h5>: 	log.roll.jitter.hours = 0
<h5>: 	log.roll.jitter.ms = null
<h5>: 	log.roll.ms = null
<h5>: 	log.segment.bytes = 1073741824
<h5>: 	log.segment.delete.delay.ms = 60000
<h5>: 	max.connection.creation.rate = 2147483647
<h5>: 	max.connections = 2147483647
<h5>: 	max.connections.per.ip = 2147483647
<h5>: 	max.connections.per.ip.overrides = 
<h5>: 	max.incremental.fetch.session.cache.slots = 1000
<h5>: 	message.max.bytes = 1048588
<h5>: 	metadata.log.dir = null
<h5>: 	metadata.log.max.record.bytes.between.snapshots = 20971520
<h5>: 	metadata.log.segment.bytes = 1073741824
<h5>: 	metadata.log.segment.min.bytes = 8388608
<h5>: 	metadata.log.segment.ms = 604800000
<h5>: 	metadata.max.retention.bytes = -1
<h5>: 	metadata.max.retention.ms = 604800000
<h5>: 	metric.reporters = []
<h5>: 	metrics.num.samples = 2
<h5>: 	metrics.recording.level = INFO
<h5>: 	metrics.sample.window.ms = 30000
<h5>: 	min.insync.replicas = 1
<h5>: 	node.id = 5
<h5>: 	num.io.threads = 8
<h5>: 	num.network.threads = 3
<h5>: 	num.partitions = 1
<h5>: 	num.recovery.threads.per.data.dir = 1
<h5>: 	num.replica.alter.log.dirs.threads = null
<h5>: 	num.replica.fetchers = 1
<h5>: 	offset.metadata.max.bytes = 4096
<h5>: 	offsets.commit.required.acks = -1
<h5>: 	offsets.commit.timeout.ms = 5000
<h5>: 	offsets.load.buffer.size = 5242880
<h5>: 	offsets.retention.check.interval.ms = 600000
<h5>: 	offsets.retention.minutes = 10080
<h5>: 	offsets.topic.compression.codec = 0
<h5>: 	offsets.topic.num.partitions = 50
<h5>: 	offsets.topic.replication.factor = 1
<h5>: 	offsets.topic.segment.bytes = 104857600
<h5>: 	password.encoder.cipher.algorithm = AES/CBC/PKCS5Padding
<h5>: 	password.encoder.iterations = 4096
<h5>: 	password.encoder.key.length = 128
<h5>: 	password.encoder.keyfactory.algorithm = null
<h5>: 	password.encoder.old.secret = null
<h5>: 	password.encoder.secret = null
<h5>: 	principal.builder.class = class org.apache.kafka.common.security.authenticator.DefaultKafkaPrincipalBuilder
<h5>: 	process.roles = [broker, controller]
<h5>: 	producer.purgatory.purge.interval.requests = 1000
<h5>: 	queued.max.request.bytes = -1
<h5>: 	queued.max.requests = 500
<h5>: 	quota.window.num = 11
<h5>: 	quota.window.size.seconds = 1
<h5>: 	remote.log.index.file.cache.total.size.bytes = 1073741824
<h5>: 	remote.log.manager.task.interval.ms = 30000
<h5>: 	remote.log.manager.task.retry.backoff.max.ms = 30000
<h5>: 	remote.log.manager.task.retry.backoff.ms = 500
<h5>: 	remote.log.manager.task.retry.jitter = 0.2
<h5>: 	remote.log.manager.thread.pool.size = 10
<h5>: 	remote.log.metadata.manager.class.name = null
<h5>: 	remote.log.metadata.manager.class.path = null
<h5>: 	remote.log.metadata.manager.impl.prefix = null
<h5>: 	remote.log.metadata.manager.listener.name = null
<h5>: 	remote.log.reader.max.pending.tasks = 100
<h5>: 	remote.log.reader.threads = 10
<h5>: 	remote.log.storage.manager.class.name = null
<h5>: 	remote.log.storage.manager.class.path = null
<h5>: 	remote.log.storage.manager.impl.prefix = null
<h5>: 	remote.log.storage.system.enable = false
<h5>: 	replica.fetch.backoff.ms = 1000
<h5>: 	replica.fetch.max.bytes = 1048576
<h5>: 	replica.fetch.min.bytes = 200000
<h5>: 	replica.fetch.response.max.bytes = 10485760
<h5>: 	replica.fetch.wait.max.ms = 5000
<h5>: 	replica.high.watermark.checkpoint.interval.ms = 5000
<h5>: 	replica.lag.time.max.ms = 30000
<h5>: 	replica.selector.class = null
<h5>: 	replica.socket.receive.buffer.bytes = 65536
<h5>: 	replica.socket.timeout.ms = 30000
<h5>: 	replication.quota.window.num = 11
<h5>: 	replication.quota.window.size.seconds = 1
<h5>: 	request.timeout.ms = 300000
<h5>: 	reserved.broker.max.id = 1000
<h5>: 	sasl.client.callback.handler.class = null
<h5>: 	sasl.enabled.mechanisms = [GSSAPI]
<h5>: 	sasl.jaas.config = null
<h5>: 	sasl.kerberos.kinit.cmd = /usr/bin/kinit
<h5>: 	sasl.kerberos.min.time.before.relogin = 60000
<h5>: 	sasl.kerberos.principal.to.local.rules = [DEFAULT]
<h5>: 	sasl.kerberos.service.name = null
<h5>: 	sasl.kerberos.ticket.renew.jitter = 0.05
<h5>: 	sasl.kerberos.ticket.renew.window.factor = 0.8
<h5>: 	sasl.login.callback.handler.class = null
<h5>: 	sasl.login.class = null
<h5>: 	sasl.login.connect.timeout.ms = null
<h5>: 	sasl.login.read.timeout.ms = null
<h5>: 	sasl.login.refresh.buffer.seconds = 300
<h5>: 	sasl.login.refresh.min.period.seconds = 60
<h5>: 	sasl.login.refresh.window.factor = 0.8
<h5>: 	sasl.login.refresh.window.jitter = 0.05
<h5>: 	sasl.login.retry.backoff.max.ms = 10000
<h5>: 	sasl.login.retry.backoff.ms = 100
<h5>: 	sasl.mechanism.controller.protocol = GSSAPI
<h5>: 	sasl.mechanism.inter.broker.protocol = GSSAPI
<h5>: 	sasl.oauthbearer.clock.skew.seconds = 30
<h5>: 	sasl.oauthbearer.expected.audience = null
<h5>: 	sasl.oauthbearer.expected.issuer = null
<h5>: 	sasl.oauthbearer.jwks.endpoint.refresh.ms = 3600000
<h5>: 	sasl.oauthbearer.jwks.endpoint.retry.backoff.max.ms = 10000
<h5>: 	sasl.oauthbearer.jwks.endpoint.retry.backoff.ms = 100
<h5>: 	sasl.oauthbearer.jwks.endpoint.url = null
<h5>: 	sasl.oauthbearer.scope.claim.name = scope
<h5>: 	sasl.oauthbearer.sub.claim.name = sub
<h5>: 	sasl.oauthbearer.token.endpoint.url = null
<h5>: 	sasl.server.callback.handler.class = null
<h5>: 	security.inter.broker.protocol = PLAINTEXT
<h5>: 	security.providers = null
<h5>: 	socket.connection.setup.timeout.max.ms = 300000
<h5>: 	socket.connection.setup.timeout.ms = 120000
<h5>: 	socket.receive.buffer.bytes = 102400
<h5>: 	socket.request.max.bytes = 104857600
<h5>: 	socket.send.buffer.bytes = 102400
<h5>: 	ssl.cipher.suites = []
<h5>: 	ssl.client.auth = none
<h5>: 	ssl.enabled.protocols = [TLSv1.2, TLSv1.3]
<h5>: 	ssl.endpoint.identification.algorithm = https
<h5>: 	ssl.engine.factory.class = null
<h5>: 	ssl.key.password = null
<h5>: 	ssl.keymanager.algorithm = SunX509
<h5>: 	ssl.keystore.certificate.chain = null
<h5>: 	ssl.keystore.key = null
<h5>: 	ssl.keystore.location = null
<h5>: 	ssl.keystore.password = null
<h5>: 	ssl.keystore.type = JKS
<h5>: 	ssl.principal.mapping.rules = DEFAULT
<h5>: 	ssl.protocol = TLSv1.3
<h5>: 	ssl.provider = null
<h5>: 	ssl.secure.random.implementation = null
<h5>: 	ssl.trustmanager.algorithm = PKIX
<h5>: 	ssl.truststore.certificates = null
<h5>: 	ssl.truststore.location = null
<h5>: 	ssl.truststore.password = null
<h5>: 	ssl.truststore.type = JKS
<h5>: 	transaction.abort.timed.out.transaction.cleanup.interval.ms = 10000
<h5>: 	transaction.max.timeout.ms = 900000
<h5>: 	transaction.remove.expired.transaction.cleanup.interval.ms = 3600000
<h5>: 	transaction.state.log.load.buffer.size = 5242880
<h5>: 	transaction.state.log.min.isr = 1
<h5>: 	transaction.state.log.num.partitions = 50
<h5>: 	transaction.state.log.replication.factor = 1
<h5>: 	transaction.state.log.segment.bytes = 104857600
<h5>: 	transactional.id.expiration.ms = 604800000
<h5>: 	unclean.leader.election.enable = false
<h5>: 	zookeeper.clientCnxnSocket = null
<h5>: 	zookeeper.connect = null
<h5>: 	zookeeper.connection.timeout.ms = null
<h5>: 	zookeeper.max.in.flight.requests = 10
<h5>: 	zookeeper.session.timeout.ms = 18000
<h5>: 	zookeeper.set.acl = false
<h5>: 	zookeeper.ssl.cipher.suites = null
<h5>: 	zookeeper.ssl.client.enable = false
<h5>: 	zookeeper.ssl.crl.enable = false
<h5>: 	zookeeper.ssl.enabled.protocols = null
<h5>: 	zookeeper.ssl.endpoint.identification.algorithm = HTTPS
<h5>: 	zookeeper.ssl.keystore.location = null
<h5>: 	zookeeper.ssl.keystore.password = null
<h5>: 	zookeeper.ssl.keystore.type = null
<h5>: 	zookeeper.ssl.ocsp.enable = false
<h5>: 	zookeeper.ssl.protocol = TLSv1.2
<h5>: 	zookeeper.ssl.truststore.location = null
<h5>: 	zookeeper.ssl.truststore.password = null
<h5>: 	zookeeper.ssl.truststore.type = null
<h5>: 	zookeeper.sync.time.ms = 2000
<h5>:  (kafka.server.KafkaConfig)
<h5>: [2023-02-25 09:16:46,972] INFO [SocketServer listenerType=BROKER, nodeId=5] Starting socket server acceptors and processors (kafka.network.SocketServer)
<h5>: [2023-02-25 09:16:46,975] INFO [SocketServer listenerType=BROKER, nodeId=5] Started data-plane acceptor and processor(s) for endpoint : ListenerName(PLAINTEXT) (kafka.network.SocketServer)
<h5>: [2023-02-25 09:16:46,975] INFO [SocketServer listenerType=BROKER, nodeId=5] Started socket server acceptors and processors (kafka.network.SocketServer)
<h5>: [2023-02-25 09:16:46,975] INFO [BrokerServer id=5] Transition from STARTING to STARTED (kafka.server.BrokerServer)
<h5>: [2023-02-25 09:16:46,976] INFO Kafka version: 3.1.0 (org.apache.kafka.common.utils.AppInfoParser)
<h5>: [2023-02-25 09:16:46,976] INFO Kafka commitId: unknown (org.apache.kafka.common.utils.AppInfoParser)
<h5>: [2023-02-25 09:16:46,976] INFO Kafka startTimeMs: 1677331006976 (org.apache.kafka.common.utils.AppInfoParser)
<h5>: [2023-02-25 09:16:46,977] INFO Kafka Server started (kafka.server.KafkaRaftServer)
<h5>: [2023-02-25 09:16:47,370] INFO [Controller 5] Unfenced broker: UnfenceBrokerRecord(id=6, epoch=7) (org.apache.kafka.controller.ClusterControlManager)
<h5>: [2023-02-25 09:16:47,383] INFO [BrokerLifecycleManager id=5] The broker has been unfenced. Transitioning from RECOVERY to RUNNING. (kafka.server.BrokerLifecycleManager)
<h5>: [2023-02-25 09:16:47,887] INFO [Controller 5] Unfenced broker: UnfenceBrokerRecord(id=2, epoch=9) (org.apache.kafka.controller.ClusterControlManager)
<h5>: [2023-02-25 09:16:47,888] INFO [Controller 5] Unfenced broker: UnfenceBrokerRecord(id=5, epoch=8) (org.apache.kafka.controller.ClusterControlManager)
<h5>: [2023-02-25 09:16:47,888] INFO [Controller 5] Unfenced broker: UnfenceBrokerRecord(id=8, epoch=3) (org.apache.kafka.controller.ClusterControlManager)
<h5>: [2023-02-25 09:16:47,888] INFO [Controller 5] Unfenced broker: UnfenceBrokerRecord(id=7, epoch=5) (org.apache.kafka.controller.ClusterControlManager)
<h5>: [2023-02-25 09:16:47,888] INFO [Controller 5] Unfenced broker: UnfenceBrokerRecord(id=9, epoch=4) (org.apache.kafka.controller.ClusterControlManager)
<h5>: [2023-02-25 09:16:47,888] INFO [Controller 5] Unfenced broker: UnfenceBrokerRecord(id=1, epoch=2) (org.apache.kafka.controller.ClusterControlManager)
<h5>: [2023-02-25 09:16:47,888] INFO [Controller 5] Unfenced broker: UnfenceBrokerRecord(id=4, epoch=6) (org.apache.kafka.controller.ClusterControlManager)
<h5>: [2023-02-25 09:16:52,202] INFO [Controller 5] Registered new broker: RegisterBrokerRecord(brokerId=10, incarnationId=yNElGIcEQIuyQQIDVR8phA, brokerEpoch=19, endPoints=[BrokerEndpoint(name='PLAINTEXT', host='10.0.0.10', port=9092, securityProtocol=0)], features=[], rack=null, fenced=true) (org.apache.kafka.controller.ClusterControlManager)
<h5>: [2023-02-25 09:16:52,720] INFO [Controller 5] Unfenced broker: UnfenceBrokerRecord(id=10, epoch=19) (org.apache.kafka.controller.ClusterControlManager)
<h5>: [2023-02-25 09:16:53,780] INFO [Controller 5] Created topic topic-1 with topic ID oGwPzbFSSIy6DAxOljWhiQ. (org.apache.kafka.controller.ReplicationControlManager)
<h5>: [2023-02-25 09:16:53,780] INFO [Controller 5] Created partition topic-1-0 with topic ID oGwPzbFSSIy6DAxOljWhiQ and PartitionRegistration(replicas=[5, 6, 7, 8, 9, 10, 1, 2, 3, 4], isr=[5, 6, 7, 8, 9, 10, 1, 2, 3, 4], removingReplicas=[], addingReplicas=[], leader=5, leaderEpoch=0, partitionEpoch=0). (org.apache.kafka.controller.ReplicationControlManager)
<h5>: [2023-02-25 09:16:53,792] INFO [ReplicaFetcherManager on broker 5] Removed fetcher for partitions Set(topic-1-0) (kafka.server.ReplicaFetcherManager)
<h5>: [2023-02-25 09:16:53,840] INFO [LogLoader partition=topic-1-0, dir=/home/visitor/neves/amnis-data-sync/./kafka-3.1.0/logs/kafka5] Loading producer state till offset 0 with message format version 2 (kafka.log.UnifiedLog$)
<h5>: [2023-02-25 09:16:53,850] INFO Created log for partition topic-1-0 in /home/visitor/neves/amnis-data-sync/./kafka-3.1.0/logs/kafka5/topic-1-0 with properties {} (kafka.log.LogManager)
<h5>: [2023-02-25 09:16:53,855] INFO [Partition topic-1-0 broker=5] No checkpointed highwatermark is found for partition topic-1-0 (kafka.cluster.Partition)
<h5>: [2023-02-25 09:16:53,861] INFO [Partition topic-1-0 broker=5] Log loaded for partition topic-1-0 with initial high watermark 0 (kafka.cluster.Partition)
<h5>: [2023-02-25 09:16:54,227] INFO Sent auto-creation request for Set(__consumer_offsets) to the active controller. (kafka.server.DefaultAutoTopicCreationManager)
<h5>: [2023-02-25 09:16:54,330] INFO Sent auto-creation request for Set(__consumer_offsets) to the active controller. (kafka.server.DefaultAutoTopicCreationManager)
<h5>: [2023-02-25 09:16:54,754] INFO [Controller 5] ConfigResource(type=TOPIC, name='__consumer_offsets'): set configuration compression.type to producer (org.apache.kafka.controller.ConfigurationControlManager)
<h5>: [2023-02-25 09:16:54,754] INFO [Controller 5] ConfigResource(type=TOPIC, name='__consumer_offsets'): set configuration cleanup.policy to compact (org.apache.kafka.controller.ConfigurationControlManager)
<h5>: [2023-02-25 09:16:54,754] INFO [Controller 5] ConfigResource(type=TOPIC, name='__consumer_offsets'): set configuration segment.bytes to 104857600 (org.apache.kafka.controller.ConfigurationControlManager)
<h5>: [2023-02-25 09:16:54,754] INFO [Controller 5] Created topic __consumer_offsets with topic ID veR5ItFETJyxVnb70roSfA. (org.apache.kafka.controller.ReplicationControlManager)
<h5>: [2023-02-25 09:16:54,754] INFO [Controller 5] Created partition __consumer_offsets-0 with topic ID veR5ItFETJyxVnb70roSfA and PartitionRegistration(replicas=[1], isr=[1], removingReplicas=[], addingReplicas=[], leader=1, leaderEpoch=0, partitionEpoch=0). (org.apache.kafka.controller.ReplicationControlManager)
<h5>: [2023-02-25 09:16:54,754] INFO [Controller 5] Created partition __consumer_offsets-1 with topic ID veR5ItFETJyxVnb70roSfA and PartitionRegistration(replicas=[2], isr=[2], removingReplicas=[], addingReplicas=[], leader=2, leaderEpoch=0, partitionEpoch=0). (org.apache.kafka.controller.ReplicationControlManager)
<h5>: [2023-02-25 09:16:54,754] INFO [Controller 5] Created partition __consumer_offsets-2 with topic ID veR5ItFETJyxVnb70roSfA and PartitionRegistration(replicas=[3], isr=[3], removingReplicas=[], addingReplicas=[], leader=3, leaderEpoch=0, partitionEpoch=0). (org.apache.kafka.controller.ReplicationControlManager)
<h5>: [2023-02-25 09:16:54,755] INFO [Controller 5] Created partition __consumer_offsets-3 with topic ID veR5ItFETJyxVnb70roSfA and PartitionRegistration(replicas=[4], isr=[4], removingReplicas=[], addingReplicas=[], leader=4, leaderEpoch=0, partitionEpoch=0). (org.apache.kafka.controller.ReplicationControlManager)
<h5>: [2023-02-25 09:16:54,755] INFO [Controller 5] Created partition __consumer_offsets-4 with topic ID veR5ItFETJyxVnb70roSfA and PartitionRegistration(replicas=[5], isr=[5], removingReplicas=[], addingReplicas=[], leader=5, leaderEpoch=0, partitionEpoch=0). (org.apache.kafka.controller.ReplicationControlManager)
<h5>: [2023-02-25 09:16:54,755] INFO [Controller 5] Created partition __consumer_offsets-5 with topic ID veR5ItFETJyxVnb70roSfA and PartitionRegistration(replicas=[6], isr=[6], removingReplicas=[], addingReplicas=[], leader=6, leaderEpoch=0, partitionEpoch=0). (org.apache.kafka.controller.ReplicationControlManager)
<h5>: [2023-02-25 09:16:54,755] INFO [Controller 5] Created partition __consumer_offsets-6 with topic ID veR5ItFETJyxVnb70roSfA and PartitionRegistration(replicas=[7], isr=[7], removingReplicas=[], addingReplicas=[], leader=7, leaderEpoch=0, partitionEpoch=0). (org.apache.kafka.controller.ReplicationControlManager)
<h5>: [2023-02-25 09:16:54,755] INFO [Controller 5] Created partition __consumer_offsets-7 with topic ID veR5ItFETJyxVnb70roSfA and PartitionRegistration(replicas=[8], isr=[8], removingReplicas=[], addingReplicas=[], leader=8, leaderEpoch=0, partitionEpoch=0). (org.apache.kafka.controller.ReplicationControlManager)
<h5>: [2023-02-25 09:16:54,755] INFO [Controller 5] Created partition __consumer_offsets-8 with topic ID veR5ItFETJyxVnb70roSfA and PartitionRegistration(replicas=[9], isr=[9], removingReplicas=[], addingReplicas=[], leader=9, leaderEpoch=0, partitionEpoch=0). (org.apache.kafka.controller.ReplicationControlManager)
<h5>: [2023-02-25 09:16:54,755] INFO [Controller 5] Created partition __consumer_offsets-9 with topic ID veR5ItFETJyxVnb70roSfA and PartitionRegistration(replicas=[10], isr=[10], removingReplicas=[], addingReplicas=[], leader=10, leaderEpoch=0, partitionEpoch=0). (org.apache.kafka.controller.ReplicationControlManager)
<h5>: [2023-02-25 09:16:54,755] INFO [Controller 5] Created partition __consumer_offsets-10 with topic ID veR5ItFETJyxVnb70roSfA and PartitionRegistration(replicas=[8], isr=[8], removingReplicas=[], addingReplicas=[], leader=8, leaderEpoch=0, partitionEpoch=0). (org.apache.kafka.controller.ReplicationControlManager)
<h5>: [2023-02-25 09:16:54,756] INFO [Controller 5] Created partition __consumer_offsets-11 with topic ID veR5ItFETJyxVnb70roSfA and PartitionRegistration(replicas=[6], isr=[6], removingReplicas=[], addingReplicas=[], leader=6, leaderEpoch=0, partitionEpoch=0). (org.apache.kafka.controller.ReplicationControlManager)
<h5>: [2023-02-25 09:16:54,756] INFO [Controller 5] Created partition __consumer_offsets-12 with topic ID veR5ItFETJyxVnb70roSfA and PartitionRegistration(replicas=[2], isr=[2], removingReplicas=[], addingReplicas=[], leader=2, leaderEpoch=0, partitionEpoch=0). (org.apache.kafka.controller.ReplicationControlManager)
<h5>: [2023-02-25 09:16:54,756] INFO [Controller 5] Created partition __consumer_offsets-13 with topic ID veR5ItFETJyxVnb70roSfA and PartitionRegistration(replicas=[9], isr=[9], removingReplicas=[], addingReplicas=[], leader=9, leaderEpoch=0, partitionEpoch=0). (org.apache.kafka.controller.ReplicationControlManager)
<h5>: [2023-02-25 09:16:54,756] INFO [Controller 5] Created partition __consumer_offsets-14 with topic ID veR5ItFETJyxVnb70roSfA and PartitionRegistration(replicas=[4], isr=[4], removingReplicas=[], addingReplicas=[], leader=4, leaderEpoch=0, partitionEpoch=0). (org.apache.kafka.controller.ReplicationControlManager)
<h5>: [2023-02-25 09:16:54,756] INFO [Controller 5] Created partition __consumer_offsets-15 with topic ID veR5ItFETJyxVnb70roSfA and PartitionRegistration(replicas=[1], isr=[1], removingReplicas=[], addingReplicas=[], leader=1, leaderEpoch=0, partitionEpoch=0). (org.apache.kafka.controller.ReplicationControlManager)
<h5>: [2023-02-25 09:16:54,756] INFO [Controller 5] Created partition __consumer_offsets-16 with topic ID veR5ItFETJyxVnb70roSfA and PartitionRegistration(replicas=[7], isr=[7], removingReplicas=[], addingReplicas=[], leader=7, leaderEpoch=0, partitionEpoch=0). (org.apache.kafka.controller.ReplicationControlManager)
<h5>: [2023-02-25 09:16:54,756] INFO [Controller 5] Created partition __consumer_offsets-17 with topic ID veR5ItFETJyxVnb70roSfA and PartitionRegistration(replicas=[10], isr=[10], removingReplicas=[], addingReplicas=[], leader=10, leaderEpoch=0, partitionEpoch=0). (org.apache.kafka.controller.ReplicationControlManager)
<h5>: [2023-02-25 09:16:54,757] INFO [Controller 5] Created partition __consumer_offsets-18 with topic ID veR5ItFETJyxVnb70roSfA and PartitionRegistration(replicas=[5], isr=[5], removingReplicas=[], addingReplicas=[], leader=5, leaderEpoch=0, partitionEpoch=0). (org.apache.kafka.controller.ReplicationControlManager)
<h5>: [2023-02-25 09:16:54,757] INFO [Controller 5] Created partition __consumer_offsets-19 with topic ID veR5ItFETJyxVnb70roSfA and PartitionRegistration(replicas=[3], isr=[3], removingReplicas=[], addingReplicas=[], leader=3, leaderEpoch=0, partitionEpoch=0). (org.apache.kafka.controller.ReplicationControlManager)
<h5>: [2023-02-25 09:16:54,757] INFO [Controller 5] Created partition __consumer_offsets-20 with topic ID veR5ItFETJyxVnb70roSfA and PartitionRegistration(replicas=[4], isr=[4], removingReplicas=[], addingReplicas=[], leader=4, leaderEpoch=0, partitionEpoch=0). (org.apache.kafka.controller.ReplicationControlManager)
<h5>: [2023-02-25 09:16:54,757] INFO [Controller 5] Created partition __consumer_offsets-21 with topic ID veR5ItFETJyxVnb70roSfA and PartitionRegistration(replicas=[1], isr=[1], removingReplicas=[], addingReplicas=[], leader=1, leaderEpoch=0, partitionEpoch=0). (org.apache.kafka.controller.ReplicationControlManager)
<h5>: [2023-02-25 09:16:54,757] INFO [Controller 5] Created partition __consumer_offsets-22 with topic ID veR5ItFETJyxVnb70roSfA and PartitionRegistration(replicas=[10], isr=[10], removingReplicas=[], addingReplicas=[], leader=10, leaderEpoch=0, partitionEpoch=0). (org.apache.kafka.controller.ReplicationControlManager)
<h5>: [2023-02-25 09:16:54,757] INFO [Controller 5] Created partition __consumer_offsets-23 with topic ID veR5ItFETJyxVnb70roSfA and PartitionRegistration(replicas=[7], isr=[7], removingReplicas=[], addingReplicas=[], leader=7, leaderEpoch=0, partitionEpoch=0). (org.apache.kafka.controller.ReplicationControlManager)
<h5>: [2023-02-25 09:16:54,757] INFO [Controller 5] Created partition __consumer_offsets-24 with topic ID veR5ItFETJyxVnb70roSfA and PartitionRegistration(replicas=[8], isr=[8], removingReplicas=[], addingReplicas=[], leader=8, leaderEpoch=0, partitionEpoch=0). (org.apache.kafka.controller.ReplicationControlManager)
<h5>: [2023-02-25 09:16:54,757] INFO [ReplicaFetcherManager on broker 5] Removed fetcher for partitions Set(__consumer_offsets-27, __consumer_offsets-43, __consumer_offsets-4, __consumer_offsets-18, __consumer_offsets-34) (kafka.server.ReplicaFetcherManager)
<h5>: [2023-02-25 09:16:54,758] INFO [Controller 5] Created partition __consumer_offsets-25 with topic ID veR5ItFETJyxVnb70roSfA and PartitionRegistration(replicas=[9], isr=[9], removingReplicas=[], addingReplicas=[], leader=9, leaderEpoch=0, partitionEpoch=0). (org.apache.kafka.controller.ReplicationControlManager)
<h5>: [2023-02-25 09:16:54,758] INFO [Controller 5] Created partition __consumer_offsets-26 with topic ID veR5ItFETJyxVnb70roSfA and PartitionRegistration(replicas=[3], isr=[3], removingReplicas=[], addingReplicas=[], leader=3, leaderEpoch=0, partitionEpoch=0). (org.apache.kafka.controller.ReplicationControlManager)
<h5>: [2023-02-25 09:16:54,758] INFO [Controller 5] Created partition __consumer_offsets-27 with topic ID veR5ItFETJyxVnb70roSfA and PartitionRegistration(replicas=[5], isr=[5], removingReplicas=[], addingReplicas=[], leader=5, leaderEpoch=0, partitionEpoch=0). (org.apache.kafka.controller.ReplicationControlManager)
<h5>: [2023-02-25 09:16:54,758] INFO [Controller 5] Created partition __consumer_offsets-28 with topic ID veR5ItFETJyxVnb70roSfA and PartitionRegistration(replicas=[2], isr=[2], removingReplicas=[], addingReplicas=[], leader=2, leaderEpoch=0, partitionEpoch=0). (org.apache.kafka.controller.ReplicationControlManager)
<h5>: [2023-02-25 09:16:54,758] INFO [Controller 5] Created partition __consumer_offsets-29 with topic ID veR5ItFETJyxVnb70roSfA and PartitionRegistration(replicas=[6], isr=[6], removingReplicas=[], addingReplicas=[], leader=6, leaderEpoch=0, partitionEpoch=0). (org.apache.kafka.controller.ReplicationControlManager)
<h5>: [2023-02-25 09:16:54,758] INFO [Controller 5] Created partition __consumer_offsets-30 with topic ID veR5ItFETJyxVnb70roSfA and PartitionRegistration(replicas=[4], isr=[4], removingReplicas=[], addingReplicas=[], leader=4, leaderEpoch=0, partitionEpoch=0). (org.apache.kafka.controller.ReplicationControlManager)
<h5>: [2023-02-25 09:16:54,758] INFO [Controller 5] Created partition __consumer_offsets-31 with topic ID veR5ItFETJyxVnb70roSfA and PartitionRegistration(replicas=[7], isr=[7], removingReplicas=[], addingReplicas=[], leader=7, leaderEpoch=0, partitionEpoch=0). (org.apache.kafka.controller.ReplicationControlManager)
<h5>: [2023-02-25 09:16:54,758] INFO [Controller 5] Created partition __consumer_offsets-32 with topic ID veR5ItFETJyxVnb70roSfA and PartitionRegistration(replicas=[1], isr=[1], removingReplicas=[], addingReplicas=[], leader=1, leaderEpoch=0, partitionEpoch=0). (org.apache.kafka.controller.ReplicationControlManager)
<h5>: [2023-02-25 09:16:54,759] INFO [Controller 5] Created partition __consumer_offsets-33 with topic ID veR5ItFETJyxVnb70roSfA and PartitionRegistration(replicas=[2], isr=[2], removingReplicas=[], addingReplicas=[], leader=2, leaderEpoch=0, partitionEpoch=0). (org.apache.kafka.controller.ReplicationControlManager)
<h5>: [2023-02-25 09:16:54,759] INFO [Controller 5] Created partition __consumer_offsets-34 with topic ID veR5ItFETJyxVnb70roSfA and PartitionRegistration(replicas=[5], isr=[5], removingReplicas=[], addingReplicas=[], leader=5, leaderEpoch=0, partitionEpoch=0). (org.apache.kafka.controller.ReplicationControlManager)
<h5>: [2023-02-25 09:16:54,759] INFO [Controller 5] Created partition __consumer_offsets-35 with topic ID veR5ItFETJyxVnb70roSfA and PartitionRegistration(replicas=[8], isr=[8], removingReplicas=[], addingReplicas=[], leader=8, leaderEpoch=0, partitionEpoch=0). (org.apache.kafka.controller.ReplicationControlManager)
<h5>: [2023-02-25 09:16:54,759] INFO [Controller 5] Created partition __consumer_offsets-36 with topic ID veR5ItFETJyxVnb70roSfA and PartitionRegistration(replicas=[9], isr=[9], removingReplicas=[], addingReplicas=[], leader=9, leaderEpoch=0, partitionEpoch=0). (org.apache.kafka.controller.ReplicationControlManager)
<h5>: [2023-02-25 09:16:54,759] INFO [Controller 5] Created partition __consumer_offsets-37 with topic ID veR5ItFETJyxVnb70roSfA and PartitionRegistration(replicas=[3], isr=[3], removingReplicas=[], addingReplicas=[], leader=3, leaderEpoch=0, partitionEpoch=0). (org.apache.kafka.controller.ReplicationControlManager)
<h5>: [2023-02-25 09:16:54,776] INFO [Controller 5] Created partition __consumer_offsets-38 with topic ID veR5ItFETJyxVnb70roSfA and PartitionRegistration(replicas=[10], isr=[10], removingReplicas=[], addingReplicas=[], leader=10, leaderEpoch=0, partitionEpoch=0). (org.apache.kafka.controller.ReplicationControlManager)
<h5>: [2023-02-25 09:16:54,776] INFO [Controller 5] Created partition __consumer_offsets-39 with topic ID veR5ItFETJyxVnb70roSfA and PartitionRegistration(replicas=[6], isr=[6], removingReplicas=[], addingReplicas=[], leader=6, leaderEpoch=0, partitionEpoch=0). (org.apache.kafka.controller.ReplicationControlManager)
<h5>: [2023-02-25 09:16:54,776] INFO [Controller 5] Created partition __consumer_offsets-40 with topic ID veR5ItFETJyxVnb70roSfA and PartitionRegistration(replicas=[3], isr=[3], removingReplicas=[], addingReplicas=[], leader=3, leaderEpoch=0, partitionEpoch=0). (org.apache.kafka.controller.ReplicationControlManager)
<h5>: [2023-02-25 09:16:54,776] INFO [Controller 5] Created partition __consumer_offsets-41 with topic ID veR5ItFETJyxVnb70roSfA and PartitionRegistration(replicas=[4], isr=[4], removingReplicas=[], addingReplicas=[], leader=4, leaderEpoch=0, partitionEpoch=0). (org.apache.kafka.controller.ReplicationControlManager)
<h5>: [2023-02-25 09:16:54,776] INFO [Controller 5] Created partition __consumer_offsets-42 with topic ID veR5ItFETJyxVnb70roSfA and PartitionRegistration(replicas=[8], isr=[8], removingReplicas=[], addingReplicas=[], leader=8, leaderEpoch=0, partitionEpoch=0). (org.apache.kafka.controller.ReplicationControlManager)
<h5>: [2023-02-25 09:16:54,776] INFO [Controller 5] Created partition __consumer_offsets-43 with topic ID veR5ItFETJyxVnb70roSfA and PartitionRegistration(replicas=[5], isr=[5], removingReplicas=[], addingReplicas=[], leader=5, leaderEpoch=0, partitionEpoch=0). (org.apache.kafka.controller.ReplicationControlManager)
<h5>: [2023-02-25 09:16:54,776] INFO [Controller 5] Created partition __consumer_offsets-44 with topic ID veR5ItFETJyxVnb70roSfA and PartitionRegistration(replicas=[1], isr=[1], removingReplicas=[], addingReplicas=[], leader=1, leaderEpoch=0, partitionEpoch=0). (org.apache.kafka.controller.ReplicationControlManager)
<h5>: [2023-02-25 09:16:54,776] INFO [Controller 5] Created partition __consumer_offsets-45 with topic ID veR5ItFETJyxVnb70roSfA and PartitionRegistration(replicas=[2], isr=[2], removingReplicas=[], addingReplicas=[], leader=2, leaderEpoch=0, partitionEpoch=0). (org.apache.kafka.controller.ReplicationControlManager)
<h5>: [2023-02-25 09:16:54,777] INFO [Controller 5] Created partition __consumer_offsets-46 with topic ID veR5ItFETJyxVnb70roSfA and PartitionRegistration(replicas=[9], isr=[9], removingReplicas=[], addingReplicas=[], leader=9, leaderEpoch=0, partitionEpoch=0). (org.apache.kafka.controller.ReplicationControlManager)
<h5>: [2023-02-25 09:16:54,777] INFO [Controller 5] Created partition __consumer_offsets-47 with topic ID veR5ItFETJyxVnb70roSfA and PartitionRegistration(replicas=[7], isr=[7], removingReplicas=[], addingReplicas=[], leader=7, leaderEpoch=0, partitionEpoch=0). (org.apache.kafka.controller.ReplicationControlManager)
<h5>: [2023-02-25 09:16:54,777] INFO [Controller 5] Created partition __consumer_offsets-48 with topic ID veR5ItFETJyxVnb70roSfA and PartitionRegistration(replicas=[6], isr=[6], removingReplicas=[], addingReplicas=[], leader=6, leaderEpoch=0, partitionEpoch=0). (org.apache.kafka.controller.ReplicationControlManager)
<h5>: [2023-02-25 09:16:54,777] INFO [Controller 5] Created partition __consumer_offsets-49 with topic ID veR5ItFETJyxVnb70roSfA and PartitionRegistration(replicas=[10], isr=[10], removingReplicas=[], addingReplicas=[], leader=10, leaderEpoch=0, partitionEpoch=0). (org.apache.kafka.controller.ReplicationControlManager)
<h5>: [2023-02-25 09:16:54,806] INFO [LogLoader partition=__consumer_offsets-27, dir=/home/visitor/neves/amnis-data-sync/./kafka-3.1.0/logs/kafka5] Loading producer state till offset 0 with message format version 2 (kafka.log.UnifiedLog$)
<h5>: [2023-02-25 09:16:54,807] INFO Created log for partition __consumer_offsets-27 in /home/visitor/neves/amnis-data-sync/./kafka-3.1.0/logs/kafka5/__consumer_offsets-27 with properties {cleanup.policy=compact, compression.type="producer", segment.bytes=104857600} (kafka.log.LogManager)
<h5>: [2023-02-25 09:16:54,807] INFO [Partition __consumer_offsets-27 broker=5] No checkpointed highwatermark is found for partition __consumer_offsets-27 (kafka.cluster.Partition)
<h5>: [2023-02-25 09:16:54,807] INFO [Partition __consumer_offsets-27 broker=5] Log loaded for partition __consumer_offsets-27 with initial high watermark 0 (kafka.cluster.Partition)
<h5>: [2023-02-25 09:16:55,038] INFO [LogLoader partition=__consumer_offsets-43, dir=/home/visitor/neves/amnis-data-sync/./kafka-3.1.0/logs/kafka5] Loading producer state till offset 0 with message format version 2 (kafka.log.UnifiedLog$)
<h5>: [2023-02-25 09:16:55,039] INFO Created log for partition __consumer_offsets-43 in /home/visitor/neves/amnis-data-sync/./kafka-3.1.0/logs/kafka5/__consumer_offsets-43 with properties {cleanup.policy=compact, compression.type="producer", segment.bytes=104857600} (kafka.log.LogManager)
<h5>: [2023-02-25 09:16:55,039] INFO [Partition __consumer_offsets-43 broker=5] No checkpointed highwatermark is found for partition __consumer_offsets-43 (kafka.cluster.Partition)
<h5>: [2023-02-25 09:16:55,046] INFO [Partition __consumer_offsets-43 broker=5] Log loaded for partition __consumer_offsets-43 with initial high watermark 0 (kafka.cluster.Partition)
<h5>: [2023-02-25 09:16:55,434] INFO [LogLoader partition=__consumer_offsets-4, dir=/home/visitor/neves/amnis-data-sync/./kafka-3.1.0/logs/kafka5] Loading producer state till offset 0 with message format version 2 (kafka.log.UnifiedLog$)
<h5>: [2023-02-25 09:16:55,440] INFO Created log for partition __consumer_offsets-4 in /home/visitor/neves/amnis-data-sync/./kafka-3.1.0/logs/kafka5/__consumer_offsets-4 with properties {cleanup.policy=compact, compression.type="producer", segment.bytes=104857600} (kafka.log.LogManager)
<h5>: [2023-02-25 09:16:55,441] INFO [Partition __consumer_offsets-4 broker=5] No checkpointed highwatermark is found for partition __consumer_offsets-4 (kafka.cluster.Partition)
<h5>: [2023-02-25 09:16:55,441] INFO [Partition __consumer_offsets-4 broker=5] Log loaded for partition __consumer_offsets-4 with initial high watermark 0 (kafka.cluster.Partition)
<h5>: [2023-02-25 09:16:55,722] INFO [LogLoader partition=__consumer_offsets-18, dir=/home/visitor/neves/amnis-data-sync/./kafka-3.1.0/logs/kafka5] Loading producer state till offset 0 with message format version 2 (kafka.log.UnifiedLog$)
<h5>: [2023-02-25 09:16:55,724] INFO Created log for partition __consumer_offsets-18 in /home/visitor/neves/amnis-data-sync/./kafka-3.1.0/logs/kafka5/__consumer_offsets-18 with properties {cleanup.policy=compact, compression.type="producer", segment.bytes=104857600} (kafka.log.LogManager)
<h5>: [2023-02-25 09:16:55,725] INFO [Partition __consumer_offsets-18 broker=5] No checkpointed highwatermark is found for partition __consumer_offsets-18 (kafka.cluster.Partition)
<h5>: [2023-02-25 09:16:55,725] INFO [Partition __consumer_offsets-18 broker=5] Log loaded for partition __consumer_offsets-18 with initial high watermark 0 (kafka.cluster.Partition)
<h5>: [2023-02-25 09:16:55,959] INFO [LogLoader partition=__consumer_offsets-34, dir=/home/visitor/neves/amnis-data-sync/./kafka-3.1.0/logs/kafka5] Loading producer state till offset 0 with message format version 2 (kafka.log.UnifiedLog$)
<h5>: [2023-02-25 09:16:55,960] INFO Created log for partition __consumer_offsets-34 in /home/visitor/neves/amnis-data-sync/./kafka-3.1.0/logs/kafka5/__consumer_offsets-34 with properties {cleanup.policy=compact, compression.type="producer", segment.bytes=104857600} (kafka.log.LogManager)
<h5>: [2023-02-25 09:16:55,961] INFO [Partition __consumer_offsets-34 broker=5] No checkpointed highwatermark is found for partition __consumer_offsets-34 (kafka.cluster.Partition)
<h5>: [2023-02-25 09:16:55,961] INFO [Partition __consumer_offsets-34 broker=5] Log loaded for partition __consumer_offsets-34 with initial high watermark 0 (kafka.cluster.Partition)
<h5>: [2023-02-25 09:16:56,091] INFO [GroupCoordinator 5]: Elected as the group coordinator for partition 27 in epoch 0 (kafka.coordinator.group.GroupCoordinator)
<h5>: [2023-02-25 09:16:56,092] INFO [GroupMetadataManager brokerId=5] Scheduling loading of offsets and group metadata from __consumer_offsets-27 for epoch 0 (kafka.coordinator.group.GroupMetadataManager)
<h5>: [2023-02-25 09:16:56,093] INFO [GroupCoordinator 5]: Elected as the group coordinator for partition 43 in epoch 0 (kafka.coordinator.group.GroupCoordinator)
<h5>: [2023-02-25 09:16:56,093] INFO [GroupMetadataManager brokerId=5] Scheduling loading of offsets and group metadata from __consumer_offsets-43 for epoch 0 (kafka.coordinator.group.GroupMetadataManager)
<h5>: [2023-02-25 09:16:56,093] INFO [GroupCoordinator 5]: Elected as the group coordinator for partition 4 in epoch 0 (kafka.coordinator.group.GroupCoordinator)
<h5>: [2023-02-25 09:16:56,093] INFO [GroupMetadataManager brokerId=5] Scheduling loading of offsets and group metadata from __consumer_offsets-4 for epoch 0 (kafka.coordinator.group.GroupMetadataManager)
<h5>: [2023-02-25 09:16:56,093] INFO [GroupCoordinator 5]: Elected as the group coordinator for partition 18 in epoch 0 (kafka.coordinator.group.GroupCoordinator)
<h5>: [2023-02-25 09:16:56,093] INFO [GroupMetadataManager brokerId=5] Scheduling loading of offsets and group metadata from __consumer_offsets-18 for epoch 0 (kafka.coordinator.group.GroupMetadataManager)
<h5>: [2023-02-25 09:16:56,093] INFO [GroupCoordinator 5]: Elected as the group coordinator for partition 34 in epoch 0 (kafka.coordinator.group.GroupCoordinator)
<h5>: [2023-02-25 09:16:56,093] INFO [GroupMetadataManager brokerId=5] Scheduling loading of offsets and group metadata from __consumer_offsets-34 for epoch 0 (kafka.coordinator.group.GroupMetadataManager)
<h5>: [2023-02-25 09:16:56,098] INFO [GroupMetadataManager brokerId=5] Finished loading offsets and group metadata from __consumer_offsets-27 in 5 milliseconds for epoch 0, of which 2 milliseconds was spent in the scheduler. (kafka.coordinator.group.GroupMetadataManager)
<h5>: [2023-02-25 09:16:56,110] INFO [GroupMetadataManager brokerId=5] Finished loading offsets and group metadata from __consumer_offsets-43 in 17 milliseconds for epoch 0, of which 17 milliseconds was spent in the scheduler. (kafka.coordinator.group.GroupMetadataManager)
<h5>: [2023-02-25 09:16:56,110] INFO [GroupMetadataManager brokerId=5] Finished loading offsets and group metadata from __consumer_offsets-4 in 17 milliseconds for epoch 0, of which 17 milliseconds was spent in the scheduler. (kafka.coordinator.group.GroupMetadataManager)
<h5>: [2023-02-25 09:16:56,110] INFO [GroupMetadataManager brokerId=5] Finished loading offsets and group metadata from __consumer_offsets-18 in 17 milliseconds for epoch 0, of which 17 milliseconds was spent in the scheduler. (kafka.coordinator.group.GroupMetadataManager)
<h5>: [2023-02-25 09:16:56,111] INFO [GroupMetadataManager brokerId=5] Finished loading offsets and group metadata from __consumer_offsets-34 in 18 milliseconds for epoch 0, of which 18 milliseconds was spent in the scheduler. (kafka.coordinator.group.GroupMetadataManager)
<h5>: [2023-02-25 09:16:56,211] INFO [GroupCoordinator 5]: Dynamic Member with unknown member id joins group group-6 in Empty state. Created a new member id kafka-python-2.0.2-1a7be5c2-3716-4800-b6bf-f190a7aaf1c2 for this member and add to the group. (kafka.coordinator.group.GroupCoordinator)
<h5>: [2023-02-25 09:16:56,218] INFO [GroupCoordinator 5]: Preparing to rebalance group group-6 in state PreparingRebalance with old generation 0 (__consumer_offsets-4) (reason: Adding new member kafka-python-2.0.2-1a7be5c2-3716-4800-b6bf-f190a7aaf1c2 with group instance id None) (kafka.coordinator.group.GroupCoordinator)
<h5>: [2023-02-25 09:16:59,231] INFO [GroupCoordinator 5]: Stabilized group group-6 generation 1 (__consumer_offsets-4) with 1 members (kafka.coordinator.group.GroupCoordinator)
<h5>: [2023-02-25 09:16:59,248] INFO [GroupCoordinator 5]: Assignment received from leader kafka-python-2.0.2-1a7be5c2-3716-4800-b6bf-f190a7aaf1c2 for group group-6 for generation 1. The group has 1 members, 0 of which are static. (kafka.coordinator.group.GroupCoordinator)
<h5>: [2023-02-25 09:19:00,163] INFO [ReplicaFetcherManager on broker 5] Removed fetcher for partitions Set(topic-0-0) (kafka.server.ReplicaFetcherManager)
<h5>: [2023-02-25 09:19:00,164] INFO [Controller 5] Created topic topic-0 with topic ID -kBPRdSvRgKAzxC1QkqV0Q. (org.apache.kafka.controller.ReplicationControlManager)
<h5>: [2023-02-25 09:19:00,164] INFO [Controller 5] Created partition topic-0-0 with topic ID -kBPRdSvRgKAzxC1QkqV0Q and PartitionRegistration(replicas=[5], isr=[5], removingReplicas=[], addingReplicas=[], leader=5, leaderEpoch=0, partitionEpoch=0). (org.apache.kafka.controller.ReplicationControlManager)
<h5>: [2023-02-25 09:19:00,166] INFO [LogLoader partition=topic-0-0, dir=/home/visitor/neves/amnis-data-sync/./kafka-3.1.0/logs/kafka5] Loading producer state till offset 0 with message format version 2 (kafka.log.UnifiedLog$)
<h5>: [2023-02-25 09:19:00,169] INFO Created log for partition topic-0-0 in /home/visitor/neves/amnis-data-sync/./kafka-3.1.0/logs/kafka5/topic-0-0 with properties {} (kafka.log.LogManager)
<h5>: [2023-02-25 09:19:00,170] INFO [Partition topic-0-0 broker=5] No checkpointed highwatermark is found for partition topic-0-0 (kafka.cluster.Partition)
<h5>: [2023-02-25 09:19:00,170] INFO [Partition topic-0-0 broker=5] Log loaded for partition topic-0-0 with initial high watermark 0 (kafka.cluster.Partition)
<h5>: [2023-02-25 09:21:59,387] INFO [GroupCoordinator 5]: Preparing to rebalance group group-6 in state PreparingRebalance with old generation 1 (__consumer_offsets-4) (reason: Leader kafka-python-2.0.2-1a7be5c2-3716-4800-b6bf-f190a7aaf1c2 re-joining group during Stable) (kafka.coordinator.group.GroupCoordinator)
<h5>: [2023-02-25 09:21:59,388] INFO [GroupCoordinator 5]: Stabilized group group-6 generation 2 (__consumer_offsets-4) with 1 members (kafka.coordinator.group.GroupCoordinator)
<h5>: [2023-02-25 09:21:59,398] INFO [GroupCoordinator 5]: Assignment received from leader kafka-python-2.0.2-1a7be5c2-3716-4800-b6bf-f190a7aaf1c2 for group group-6 for generation 2. The group has 1 members, 0 of which are static. (kafka.coordinator.group.GroupCoordinator)
<h5>: [2023-02-25 09:24:09,196] INFO [RaftManager nodeId=5] Node 3 disconnected. (org.apache.kafka.clients.NetworkClient)
<h5>: [2023-02-25 09:24:09,198] INFO [BrokerToControllerChannelManager broker=5 name=forwarding] Node 3 disconnected. (org.apache.kafka.clients.NetworkClient)
<h5>: [2023-02-25 09:24:09,199] INFO [RaftManager nodeId=5] Cancelled in-flight FETCH request with correlation id 874 due to node 3 being disconnected (elapsed time since creation: 299ms, elapsed time since send: 299ms, request timeout: 120000ms) (org.apache.kafka.clients.NetworkClient)
<h5>: [2023-02-25 09:24:09,202] INFO [BrokerToControllerChannelManager broker=5 name=heartbeat] Node 3 disconnected. (org.apache.kafka.clients.NetworkClient)
