15.1
10.3
16.2
29.0
12.6
92.6
11.0
59.2
10.9
18.1
17.5
15.8
13.4
20.1
73.4
14.9
92.5
13.6
31.5
12.8
19.8
33.0
15.5
13.3
40.1
84.1
12.1
72.5
10.5
17.9
30.3
15.7
23.5
38.3
44.2
18.2
92.9
11.0
36.6
31.8
15.7
32.1
34.3
33.2
31.8
89.8
10.9
51.8
30.9
15.1
26.5
42.4
58.7
51.4
93.7
81.4
94.1
76.2
68.0
62.0
58.4
66.7
57.3
92.2
19.7
48.7
13.6
83.1
63.7
45.7
87.8
17.7
93.6
41.6
56.0
48.6
37.2
27.0
68.8
79.1
37.5
93.5
14.1
15.7
18.5
21.9
12.0
17.6
61.3
12.7
92.7
13.9
50.8
14.4
20.2
13.7
27.1
11.8
14.9
63.9
15.9
93.6
17.1
35.8
15.1
16.3
14.0
19.2
11.9
18.1
40.9
18.2
92.2
12.4
46.5
18.4
16.9
16.3
20.8
12.3
18.9
43.8
14.8
93.1
21.9
39.3
15.6
17.6
16.9
23.5
35.4
13.8
72.8
14.8
41.6
39.8
16.7
14.7
25.3
30.0
11.8
95.4
19.1
36.5
12.2
20.7
19.0
19.1
51.6
13.1
91.3
11.8
34.4
12.6
16.7
13.3
33.1
49.4
11.3
93.9
13.5
35.3
17.7
26.1
16.9
16.3
40.3
13.9
91.9
11.8
26.3
12.4
26.2
21.3
23.8
55.4
23.0
84.7
11.7
26.8
17.2
25.8
16.0
18.3
18.5
12.4
18.8
51.4
22.9
92.6
16.0
24.7
11.5
15.8
16.1
19.7
41.5
90.9
12.7
41.2
14.4
18.8
12.9
17.2
22.5
14.6
92.5
14.5
52.2
12.8
16.9
12.6
18.8
12.6
24.0
78.7
24.1
95.1
31.4
64.5
36.2
38.9
40.4
21.9
11.6
25.6
15.4
21.2
44.8
22.5
96.4
11.9
67.9
19.3
34.4
14.0
38.4
35.9
22.9
13.7
15.5
86.8
12.9
78.2
18.6
23.6
15.4
18.9
13.9
20.2
40.5
16.4
93.0
16.5
47.6
23.9
35.7
14.5
25.3
14.2
23.3
63.6
18.2
75.0
16.1
49.0
11.9
28.7
22.8
22.4
13.5
18.9
91.3
35.0
61.3
12.6
21.6
13.3
21.8
17.9
22.5
45.1
13.9
93.4
29.1
35.9
14.2
22.0
18.1
24.3
32.4
17.0
88.1
18.0
87.8
25.1
47.0
14.1
21.7
18.1
18.9
23.9
20.2
80.3
16.1
92.3
21.6
58.3
15.9
19.0
13.8
20.3
19.9
18.9
93.4
16.8
58.6
16.1
26.1
14.9
17.3
15.3
24.2
18.0
17.0
50.3
15.7
93.0
12.4
53.7
16.7
21.5
16.6
25.8
17.0
23.3
56.0
14.1
94.2
16.7
59.7
12.5
24.4
14.2
23.2
16.9
29.8
68.6
19.6
93.6
13.6
69.8
16.2
31.4
12.4
23.2
12.6
29.4
52.5
14.0
63.2
16.6
62.7
14.4
36.9
20.0
20.8
15.9
17.5
34.7
18.5
92.2
16.0
82.3
21.3
28.5
14.5
23.8
14.6
26.4
11.5
25.4
72.7
19.5
94.3
17.3
27.5
15.5
18.9
15.7
18.1
23.6
20.0
67.8
17.0
95.8
14.9
28.8
14.2
17.9
18.1
20.3
22.5
18.3
66.9
13.4
91.0
38.0
45.6
21.9
17.7
29.3
19.6
13.3
19.4
61.4
16.4
91.7
17.2
63.4
91.5
91.7
39.4
27.9
39.2
25.4
94.3
24.6
67.6
22.2
26.3
23.0
19.0
19.9
22.4
38.7
28.2
94.7
25.3
63.7
13.6
35.0
29.6
35.1
13.3
29.4
36.8
25.6
92.4
21.1
92.0
31.5
30.7
24.1
16.5
33.9
26.4
34.2
29.7
84.8
23.3
91.6
16.2
40.4
16.2
20.7
20.1
28.1
24.6
18.0
62.9
13.2
92.7
20.0
52.2
26.8
21.8
20.8
16.0
11.8
23.5
64.8
24.6
92.8
15.3
43.3
12.7
19.0
13.5
17.6
31.4
34.1
69.7
16.6
94.4
16.1
58.7
19.1
25.4
13.6
19.0
15.5
19.8
48.8
30.3
93.1
13.2
55.7
20.1
27.3
28.6
20.1
34.1
21.9
44.1
24.4
95.1
24.4
47.7
14.4
29.6
17.7
32.7
34.3
25.6
16.8
12.6
93.4
16.9
78.4
18.5
31.1
27.8
18.8
13.5
27.0
42.6
34.3
92.5
13.2
51.9
17.1
27.3
18.0
29.5
25.9
35.2
63.5
16.4
93.4
17.4
75.6
23.6
36.3
12.5
22.5
19.7
22.0
51.9
11.7
87.5
43.0
69.6
28.4
49.7
33.7
33.0
27.0
23.2
68.6
14.0
93.5
11.4
54.8
10.7
14.9
10.3
15.6
10.3
14.2
34.0
10.9
36.7
9.8
93.9
