12746.8
12748.2
12747.9
12747.6
12749.3
12750.1
12749.7
12751.1
12751.5
12769.0
12808.3
12814.1
12807.3
12821.8
12824.9
12828.4
12827.9
12878.7
12876.9
12875.9
12897.3
12939.2
12874.3
12874.9
12936.2
12874.7
12899.9
12937.1
12875.1
12890.7
12943.9
12874.5
12906.6
12941.5
12873.7
12906.0
12939.7
12875.4
12901.5
12944.5
12873.5
12916.1
12939.8
12872.7
12914.0
12939.4
12876.1
12900.3
12939.6
12873.1
12913.2
13006.6
13136.1
13284.7
13445.2
13644.6
13773.3
13967.1
14101.9
14297.2
14433.5
14601.7
14683.6
14709.4
14712.9
14709.1
14718.3
14860.3
14884.0
15052.2
16184.1
16177.0
16173.5
16229.4
16252.5
16231.4
16420.5
16442.9
16491.4
16504.0
16512.1
16516.0
16519.5
16518.9
16531.5
16533.3
16530.6
16534.6
16538.5
16529.0
16534.0
16534.3
16534.8
16535.3
16538.7
16538.1
16538.5
16539.5
16539.7
16536.7
16541.2
16539.6
16541.3
16540.7
16543.8
16545.1
16546.5
16546.4
16545.0
16547.3
16548.3
16550.5
16550.6
16555.6
16554.8
16548.7
16547.5
16549.1
16549.6
16549.8
16549.7
16550.2
16550.8
16552.1
16556.2
16560.4
16561.6
16562.3
16561.7
16562.3
16561.4
16562.4
16560.9
16560.8
16563.0
16562.0
16563.3
16565.7
16589.3
16587.4
16575.9
16576.3
16577.6
16575.8
16578.6
16579.0
16578.6
16577.6
16576.6
16577.9
16576.5
16578.5
16577.2
16578.6
16578.2
16576.8
16579.9
16580.4
16581.5
16579.4
16580.7
16580.8
16583.7
16581.9
16581.2
16581.5
16579.3
16580.7
16585.3
16583.7
16581.2
16582.0
16581.8
16582.9
16586.1
16584.4
16585.2
16583.8
16584.2
16583.7
16587.4
16583.3
16582.9
16584.3
16587.2
16585.0
16585.6
16584.1
16585.1
16585.6
16589.1
16589.7
16589.9
16588.6
16587.9
16586.9
16589.1
16587.5
16587.1
16587.8
16588.8
16584.9
16586.9
16586.7
16589.1
16590.6
16587.5
16588.9
16589.9
16591.2
16591.0
16590.8
16592.3
16593.2
16591.0
16589.3
16696.3
16724.7
16769.7
16714.7
16769.4
16792.0
16713.7
16713.8
16715.0
16715.7
16716.6
16716.0
16720.9
16727.3
16726.4
16728.4
16728.8
16729.7
16730.8
16733.0
16730.5
16731.6
16741.1
16739.2
16741.4
16740.9
16742.2
16742.5
16744.2
16742.7
16744.4
16743.4
16743.8
16747.5
16751.6
16752.8
16753.7
16754.6
16754.4
16751.0
16751.2
16750.4
16756.3
16755.4
16757.7
16747.2
16755.1
16751.7
16753.1
16755.1
16755.0
16754.5
16760.1
16756.9
16756.0
16757.2
16757.1
16758.7
16761.3
16760.1
16759.2
16759.3
16757.7
16758.3
16760.4
16759.6
16762.2
16763.7
16765.9
16767.7
16768.6
16769.9
16768.7
16767.5
16765.1
16766.7
16767.1
16766.3
16764.7
16766.4
16764.5
16766.0
16767.2
16767.2
16766.4
16767.5
16768.4
16768.2
16771.5
16775.0
16773.0
16773.5
16780.5
16780.9
16780.9
16783.4
16774.0
16773.7
16775.3
16774.6
16774.3
16778.2
16774.4
16774.7
16775.6
16775.5
16776.6
16778.3
16777.6
16777.5
16778.3
16777.8
16778.7
16779.3
16781.3
16782.1
16780.0
16780.0
16779.3
16778.9
16781.8
16783.2
16781.2
16781.1
16781.8
16783.0
16783.7
16784.7
16783.8
16784.9
16789.3
16789.7
16790.9
16790.9
16791.7
16790.6
16796.6
16795.7
16805.1
16808.0
16808.4
16801.5
16800.1
16801.4
16800.4
16806.6
16805.6
16805.6
16805.2
16806.0
16805.6
16805.0
16803.5
16803.0
16804.5
16806.6
16807.5
16810.4
16809.0
16807.1
16808.2
16808.0
16808.6
16812.2
16810.5
16809.0
16809.0
16809.4
16808.4
16813.1
16810.6
16818.4
16818.1
16818.1
16817.4
16817.9
16818.0
16817.4
16818.3
16819.7
16820.8
16820.8
16819.0
16818.0
16818.6
16819.0
16818.2
16820.7
16821.2
16821.9
16822.5
16834.3
16828.9
16829.6
16829.6
16830.5
16827.5
16827.1
16827.3
16854.5
16858.3
16858.3
16859.7
16868.4
17007.6
17050.2
17035.1
17054.8
17068.1
17054.7
17073.6
17072.0
17056.3
17049.4
17046.9
17048.5
17045.8
17069.3
17071.3
17069.0
17070.3
17071.4
17074.9
17064.4
17067.9
17071.0
17114.6
17038.2
17029.7
17031.5
17027.5
17053.3
17051.8
17053.6
17049.1
17050.9
17043.1
17053.4
17052.4
17049.2
17043.9
17043.6
17039.6
17043.0
17049.2
17049.6
17050.2
17055.4
17051.9
17043.0
17039.7
17040.3
17040.9
17041.8
17042.8
17043.8
17041.6
17043.6
17043.6
17044.8
17043.2
17046.8
17045.9
17046.1
17046.0
17045.4
17045.9
17047.9
17049.3
17048.5
17049.5
17049.1
17054.2
17059.2
17056.7
17056.9
17057.1
17058.1
17061.5
17065.2
17062.8
17064.3
17064.2
17064.4
17064.9
17068.8
17071.1
17069.1
17069.2
17069.9
17065.8
17067.6
17069.3
17067.4
17069.1
17068.8
17071.9
17071.6
17072.1
17072.4
17076.3
17080.9
17083.0
17084.0
17084.3
17084.8
17083.2
17087.5
17092.0
17093.8
17097.6
17095.8
17097.1
17102.0
17101.5
17102.7
17100.8
17101.9
17101.2
17106.6
17107.9
17108.3
17108.1
17109.2
17112.0
17113.1
17113.5
17112.3
17112.6
17113.2
17115.7
17116.9
17117.1
17115.9
17116.7
17117.3
17121.5
17120.3
17127.1
17127.3
17128.2
17129.7
17105.4
17108.1
17092.7
17142.2
17176.3
17126.2
17165.5
17196.6
13247.8
12875.9
12878.7
12822.4
12762.2
12758.7
12760.3
12756.9
12758.1
12755.5
12756.1
12755.9
12755.1
12756.2
12755.6
12755.0
12755.4
