<h13>: [2023-02-26 20:29:31,543] INFO Registered kafka:type=kafka.Log4jController MBean (kafka.utils.Log4jControllerRegistration$)
<h13>: [2023-02-26 20:29:31,862] INFO Setting -D jdk.tls.rejectClientInitiatedRenegotiation=true to disable client-initiated TLS renegotiation (org.apache.zookeeper.common.X509Util)
<h13>: [2023-02-26 20:29:32,111] INFO [LogLoader partition=__cluster_metadata-0, dir=/home/visitor/neves/amnis-data-sync/./kafka-3.1.0/logs/kafka13] Loading producer state till offset 0 with message format version 2 (kafka.log.UnifiedLog$)
<h13>: [2023-02-26 20:29:32,112] INFO [LogLoader partition=__cluster_metadata-0, dir=/home/visitor/neves/amnis-data-sync/./kafka-3.1.0/logs/kafka13] Reloading from producer snapshot and rebuilding producer state from offset 0 (kafka.log.UnifiedLog$)
<h13>: [2023-02-26 20:29:32,113] INFO [LogLoader partition=__cluster_metadata-0, dir=/home/visitor/neves/amnis-data-sync/./kafka-3.1.0/logs/kafka13] Producer state recovery took 1ms for snapshot load and 0ms for segment recovery from offset 0 (kafka.log.UnifiedLog$)
<h13>: [2023-02-26 20:29:32,213] INFO [raft-expiration-reaper]: Starting (kafka.raft.TimingWheelExpirationService$ExpiredOperationReaper)
<h13>: [2023-02-26 20:29:32,756] INFO [RaftManager nodeId=13] Completed transition to Unattached(epoch=0, voters=[1, 2, 3, 4, 5, 6, 7, 8, 9, 10, 11, 12, 13, 14, 15, 16, 17, 18, 19, 20], electionTimeoutMs=14100) (org.apache.kafka.raft.QuorumState)
<h13>: [2023-02-26 20:29:32,799] INFO Registered signal handlers for TERM, INT, HUP (org.apache.kafka.common.utils.LoggingSignalHandler)
<h13>: [2023-02-26 20:29:32,831] INFO [kafka-raft-outbound-request-thread]: Starting (kafka.raft.RaftSendThread)
<h13>: [2023-02-26 20:29:32,835] INFO Starting controller (kafka.server.ControllerServer)
<h13>: [2023-02-26 20:29:32,838] INFO [kafka-raft-io-thread]: Starting (kafka.raft.KafkaRaftManager$RaftIoThread)
<h13>: [2023-02-26 20:29:33,826] INFO Updated connection-accept-rate max connection creation rate to 2147483647 (kafka.network.ConnectionQuotas)
<h13>: [2023-02-26 20:29:33,833] INFO Awaiting socket connections on 10.0.0.13:19104. (kafka.network.Acceptor)
<h13>: [2023-02-26 20:29:33,869] INFO [SocketServer listenerType=CONTROLLER, nodeId=13] Created data-plane acceptor and processors for endpoint : ListenerName(CONTROLLER) (kafka.network.SocketServer)
<h13>: [2023-02-26 20:29:33,897] INFO [RaftManager nodeId=13] Registered the listener org.apache.kafka.controller.QuorumController$QuorumMetaLogListener@1987183496 (org.apache.kafka.raft.KafkaRaftClient)
<h13>: [2023-02-26 20:29:33,919] INFO [ThrottledChannelReaper-Fetch]: Starting (kafka.server.ClientQuotaManager$ThrottledChannelReaper)
<h13>: [2023-02-26 20:29:33,920] INFO [ThrottledChannelReaper-Produce]: Starting (kafka.server.ClientQuotaManager$ThrottledChannelReaper)
<h13>: [2023-02-26 20:29:33,922] INFO [ThrottledChannelReaper-Request]: Starting (kafka.server.ClientQuotaManager$ThrottledChannelReaper)
<h13>: [2023-02-26 20:29:33,926] INFO [ThrottledChannelReaper-ControllerMutation]: Starting (kafka.server.ClientQuotaManager$ThrottledChannelReaper)
<h13>: [2023-02-26 20:29:33,947] INFO [ExpirationReaper-13-AlterAcls]: Starting (kafka.server.DelayedOperationPurgatory$ExpiredOperationReaper)
<h13>: [2023-02-26 20:29:33,958] INFO [SocketServer listenerType=CONTROLLER, nodeId=13] Starting socket server acceptors and processors (kafka.network.SocketServer)
<h13>: [2023-02-26 20:29:33,981] INFO [SocketServer listenerType=CONTROLLER, nodeId=13] Started data-plane acceptor and processor(s) for endpoint : ListenerName(CONTROLLER) (kafka.network.SocketServer)
<h13>: [2023-02-26 20:29:33,981] INFO [SocketServer listenerType=CONTROLLER, nodeId=13] Started socket server acceptors and processors (kafka.network.SocketServer)
<h13>: [2023-02-26 20:29:33,982] INFO [BrokerServer id=13] Transition from SHUTDOWN to STARTING (kafka.server.BrokerServer)
<h13>: [2023-02-26 20:29:33,983] INFO [BrokerServer id=13] Starting broker (kafka.server.BrokerServer)
<h13>: [2023-02-26 20:29:34,000] INFO [ThrottledChannelReaper-Fetch]: Starting (kafka.server.ClientQuotaManager$ThrottledChannelReaper)
<h13>: [2023-02-26 20:29:34,004] INFO [ThrottledChannelReaper-Request]: Starting (kafka.server.ClientQuotaManager$ThrottledChannelReaper)
<h13>: [2023-02-26 20:29:34,004] INFO [ThrottledChannelReaper-ControllerMutation]: Starting (kafka.server.ClientQuotaManager$ThrottledChannelReaper)
<h13>: [2023-02-26 20:29:34,004] INFO [ThrottledChannelReaper-Produce]: Starting (kafka.server.ClientQuotaManager$ThrottledChannelReaper)
<h13>: [2023-02-26 20:29:34,133] INFO [BrokerToControllerChannelManager broker=13 name=forwarding]: Starting (kafka.server.BrokerToControllerRequestThread)
<h13>: [2023-02-26 20:29:34,183] INFO Updated connection-accept-rate max connection creation rate to 2147483647 (kafka.network.ConnectionQuotas)
<h13>: [2023-02-26 20:29:34,183] INFO Awaiting socket connections on 0.0.0.0:9092. (kafka.network.Acceptor)
<h13>: [2023-02-26 20:29:34,193] INFO [SocketServer listenerType=BROKER, nodeId=13] Created data-plane acceptor and processors for endpoint : ListenerName(PLAINTEXT) (kafka.network.SocketServer)
<h13>: [2023-02-26 20:29:34,206] INFO [BrokerToControllerChannelManager broker=13 name=alterIsr]: Starting (kafka.server.BrokerToControllerRequestThread)
<h13>: [2023-02-26 20:29:34,251] INFO [ExpirationReaper-13-Produce]: Starting (kafka.server.DelayedOperationPurgatory$ExpiredOperationReaper)
<h13>: [2023-02-26 20:29:34,255] INFO [ExpirationReaper-13-Fetch]: Starting (kafka.server.DelayedOperationPurgatory$ExpiredOperationReaper)
<h13>: [2023-02-26 20:29:34,298] INFO [ExpirationReaper-13-ElectLeader]: Starting (kafka.server.DelayedOperationPurgatory$ExpiredOperationReaper)
<h13>: [2023-02-26 20:29:34,298] INFO [ExpirationReaper-13-DeleteRecords]: Starting (kafka.server.DelayedOperationPurgatory$ExpiredOperationReaper)
<h13>: [2023-02-26 20:29:34,356] INFO [ExpirationReaper-13-Heartbeat]: Starting (kafka.server.DelayedOperationPurgatory$ExpiredOperationReaper)
<h13>: [2023-02-26 20:29:34,381] INFO [ExpirationReaper-13-Rebalance]: Starting (kafka.server.DelayedOperationPurgatory$ExpiredOperationReaper)
<h13>: [2023-02-26 20:29:34,450] INFO [BrokerToControllerChannelManager broker=13 name=heartbeat]: Starting (kafka.server.BrokerToControllerRequestThread)
<h13>: [2023-02-26 20:29:34,453] INFO [BrokerLifecycleManager id=13] Incarnation ASDOl6kTROCykY11g3mL_A of broker 13 in cluster JmL9ihFRQmSabrNWrYSpjg is now STARTING. (kafka.server.BrokerLifecycleManager)
<h13>: [2023-02-26 20:29:34,492] INFO [ExpirationReaper-13-AlterAcls]: Starting (kafka.server.DelayedOperationPurgatory$ExpiredOperationReaper)
<h13>: [2023-02-26 20:29:34,509] INFO [BrokerToControllerChannelManager broker=13 name=alterIsr]: Recorded new controller, from now on will use broker 10.0.0.1:19092 (id: 1 rack: null) (kafka.server.BrokerToControllerRequestThread)
<h13>: [2023-02-26 20:29:34,501] INFO [RaftManager nodeId=13] Completed transition to FollowerState(fetchTimeoutMs=20000, epoch=1, leaderId=1, voters=[1, 2, 3, 4, 5, 6, 7, 8, 9, 10, 11, 12, 13, 14, 15, 16, 17, 18, 19, 20], highWatermark=Optional.empty, fetchingSnapshot=Optional.empty) (org.apache.kafka.raft.QuorumState)
<h13>: [2023-02-26 20:29:34,548] INFO [RaftManager nodeId=13] Registered the listener kafka.server.metadata.BrokerMetadataListener@584417615 (org.apache.kafka.raft.KafkaRaftClient)
<h13>: [2023-02-26 20:29:34,548] INFO [BrokerToControllerChannelManager broker=13 name=forwarding]: Recorded new controller, from now on will use broker 10.0.0.1:19092 (id: 1 rack: null) (kafka.server.BrokerToControllerRequestThread)
<h13>: [2023-02-26 20:29:34,553] INFO [BrokerToControllerChannelManager broker=13 name=heartbeat]: Recorded new controller, from now on will use broker 10.0.0.1:19092 (id: 1 rack: null) (kafka.server.BrokerToControllerRequestThread)
<h13>: [2023-02-26 20:29:34,741] INFO [BrokerLifecycleManager id=13] Successfully registered broker 13 with broker epoch 14 (kafka.server.BrokerLifecycleManager)
<h13>: [2023-02-26 20:29:34,837] INFO [Controller 13] Registered new broker: RegisterBrokerRecord(brokerId=1, incarnationId=6rIgwvzsRMObLP09_LWn5A, brokerEpoch=0, endPoints=[BrokerEndpoint(name='PLAINTEXT', host='10.0.0.1', port=9092, securityProtocol=0)], features=[], rack=null, fenced=true) (org.apache.kafka.controller.ClusterControlManager)
<h13>: [2023-02-26 20:29:34,837] INFO [Controller 13] Registered new broker: RegisterBrokerRecord(brokerId=6, incarnationId=tWJGIuImQuOPSh9jHcvzcQ, brokerEpoch=2, endPoints=[BrokerEndpoint(name='PLAINTEXT', host='10.0.0.6', port=9092, securityProtocol=0)], features=[], rack=null, fenced=true) (org.apache.kafka.controller.ClusterControlManager)
<h13>: [2023-02-26 20:29:34,838] INFO [Controller 13] Registered new broker: RegisterBrokerRecord(brokerId=7, incarnationId=O1z5PGXXQRqq0Ox8ftec9w, brokerEpoch=3, endPoints=[BrokerEndpoint(name='PLAINTEXT', host='10.0.0.7', port=9092, securityProtocol=0)], features=[], rack=null, fenced=true) (org.apache.kafka.controller.ClusterControlManager)
<h13>: [2023-02-26 20:29:34,841] INFO [Controller 13] Registered new broker: RegisterBrokerRecord(brokerId=12, incarnationId=l7BYBuzYSheQw-kIzb6D2A, brokerEpoch=4, endPoints=[BrokerEndpoint(name='PLAINTEXT', host='10.0.0.12', port=9092, securityProtocol=0)], features=[], rack=null, fenced=true) (org.apache.kafka.controller.ClusterControlManager)
<h13>: [2023-02-26 20:29:34,842] INFO [Controller 13] Registered new broker: RegisterBrokerRecord(brokerId=2, incarnationId=muwjgDb5Qvu5EYbOfhl71A, brokerEpoch=5, endPoints=[BrokerEndpoint(name='PLAINTEXT', host='10.0.0.2', port=9092, securityProtocol=0)], features=[], rack=null, fenced=true) (org.apache.kafka.controller.ClusterControlManager)
<h13>: [2023-02-26 20:29:34,842] INFO [Controller 13] Registered new broker: RegisterBrokerRecord(brokerId=5, incarnationId=en4z4Pd0RhGZ9fpLM1HXJQ, brokerEpoch=6, endPoints=[BrokerEndpoint(name='PLAINTEXT', host='10.0.0.5', port=9092, securityProtocol=0)], features=[], rack=null, fenced=true) (org.apache.kafka.controller.ClusterControlManager)
<h13>: [2023-02-26 20:29:34,843] INFO [Controller 13] Registered new broker: RegisterBrokerRecord(brokerId=3, incarnationId=OLs9mZoTToi95TKnegOEug, brokerEpoch=7, endPoints=[BrokerEndpoint(name='PLAINTEXT', host='10.0.0.3', port=9092, securityProtocol=0)], features=[], rack=null, fenced=true) (org.apache.kafka.controller.ClusterControlManager)
<h13>: [2023-02-26 20:29:34,843] INFO [Controller 13] Registered new broker: RegisterBrokerRecord(brokerId=10, incarnationId=w_JJdsbjRIWECHGlzrAvtQ, brokerEpoch=8, endPoints=[BrokerEndpoint(name='PLAINTEXT', host='10.0.0.10', port=9092, securityProtocol=0)], features=[], rack=null, fenced=true) (org.apache.kafka.controller.ClusterControlManager)
<h13>: [2023-02-26 20:29:34,844] INFO [Controller 13] Registered new broker: RegisterBrokerRecord(brokerId=8, incarnationId=u0aWgOCAS92KIIb382hzZw, brokerEpoch=9, endPoints=[BrokerEndpoint(name='PLAINTEXT', host='10.0.0.8', port=9092, securityProtocol=0)], features=[], rack=null, fenced=true) (org.apache.kafka.controller.ClusterControlManager)
<h13>: [2023-02-26 20:29:34,845] INFO [Controller 13] Registered new broker: RegisterBrokerRecord(brokerId=9, incarnationId=DoHwaS4STcS5kiFGsI8DHg, brokerEpoch=10, endPoints=[BrokerEndpoint(name='PLAINTEXT', host='10.0.0.9', port=9092, securityProtocol=0)], features=[], rack=null, fenced=true) (org.apache.kafka.controller.ClusterControlManager)
<h13>: [2023-02-26 20:29:34,845] INFO [Controller 13] Registered new broker: RegisterBrokerRecord(brokerId=4, incarnationId=ysYN0e7DSYyNQOeizVdmXA, brokerEpoch=11, endPoints=[BrokerEndpoint(name='PLAINTEXT', host='10.0.0.4', port=9092, securityProtocol=0)], features=[], rack=null, fenced=true) (org.apache.kafka.controller.ClusterControlManager)
<h13>: [2023-02-26 20:29:34,845] INFO [Controller 13] Registered new broker: RegisterBrokerRecord(brokerId=11, incarnationId=vltlAgYgTRioxypHOQ8BSQ, brokerEpoch=12, endPoints=[BrokerEndpoint(name='PLAINTEXT', host='10.0.0.11', port=9092, securityProtocol=0)], features=[], rack=null, fenced=true) (org.apache.kafka.controller.ClusterControlManager)
<h13>: [2023-02-26 20:29:34,852] INFO [Controller 13] Unfenced broker: UnfenceBrokerRecord(id=1, epoch=0) (org.apache.kafka.controller.ClusterControlManager)
<h13>: [2023-02-26 20:29:34,862] INFO [Controller 13] Registered new broker: RegisterBrokerRecord(brokerId=13, incarnationId=ASDOl6kTROCykY11g3mL_A, brokerEpoch=14, endPoints=[BrokerEndpoint(name='PLAINTEXT', host='10.0.0.13', port=9092, securityProtocol=0)], features=[], rack=null, fenced=true) (org.apache.kafka.controller.ClusterControlManager)
<h13>: [2023-02-26 20:29:34,879] INFO [BrokerLifecycleManager id=13] The broker has caught up. Transitioning from STARTING to RECOVERY. (kafka.server.BrokerLifecycleManager)
<h13>: [2023-02-26 20:29:34,882] INFO [BrokerMetadataListener id=13] Starting to publish metadata events at offset 14. (kafka.server.metadata.BrokerMetadataListener)
<h13>: [2023-02-26 20:29:34,884] INFO [BrokerMetadataPublisher id=13] Publishing initial metadata at offset OffsetAndEpoch(offset=14, epoch=1). (kafka.server.metadata.BrokerMetadataPublisher)
<h13>: [2023-02-26 20:29:34,885] INFO Loading logs from log dirs ArraySeq(/home/visitor/neves/amnis-data-sync/./kafka-3.1.0/logs/kafka13) (kafka.log.LogManager)
<h13>: [2023-02-26 20:29:34,886] INFO Attempting recovery for all logs in /home/visitor/neves/amnis-data-sync/./kafka-3.1.0/logs/kafka13 since no clean shutdown file was found (kafka.log.LogManager)
<h13>: [2023-02-26 20:29:34,892] INFO Loaded 0 logs in 8ms. (kafka.log.LogManager)
<h13>: [2023-02-26 20:29:34,893] INFO Starting log cleanup with a period of 300000 ms. (kafka.log.LogManager)
<h13>: [2023-02-26 20:29:34,895] INFO Starting log flusher with a default period of 9223372036854775807 ms. (kafka.log.LogManager)
<h13>: [2023-02-26 20:29:34,901] INFO [BrokerLifecycleManager id=13] The broker is in RECOVERY. (kafka.server.BrokerLifecycleManager)
<h13>: [2023-02-26 20:29:35,067] INFO [GroupCoordinator 13]: Starting up. (kafka.coordinator.group.GroupCoordinator)
<h13>: [2023-02-26 20:29:35,068] INFO [LogDirFailureHandler]: Starting (kafka.server.ReplicaManager$LogDirFailureHandler)
<h13>: [2023-02-26 20:29:35,076] INFO [GroupCoordinator 13]: Startup complete. (kafka.coordinator.group.GroupCoordinator)
<h13>: [2023-02-26 20:29:35,077] INFO [TransactionCoordinator id=13] Starting up. (kafka.coordinator.transaction.TransactionCoordinator)
<h13>: [2023-02-26 20:29:35,098] INFO [TransactionCoordinator id=13] Startup complete. (kafka.coordinator.transaction.TransactionCoordinator)
<h13>: [2023-02-26 20:29:35,112] INFO [Transaction Marker Channel Manager 13]: Starting (kafka.coordinator.transaction.TransactionMarkerChannelManager)
<h13>: [2023-02-26 20:29:35,115] INFO KafkaConfig values: 
<h13>: 	advertised.listeners = PLAINTEXT://10.0.0.13:9092
<h13>: 	alter.config.policy.class.name = null
<h13>: 	alter.log.dirs.replication.quota.window.num = 11
<h13>: 	alter.log.dirs.replication.quota.window.size.seconds = 1
<h13>: 	authorizer.class.name = 
<h13>: 	auto.create.topics.enable = true
<h13>: 	auto.leader.rebalance.enable = true
<h13>: 	background.threads = 10
<h13>: 	broker.heartbeat.interval.ms = 2000
<h13>: 	broker.id = 13
<h13>: 	broker.id.generation.enable = true
<h13>: 	broker.rack = null
<h13>: 	broker.session.timeout.ms = 120000
<h13>: 	client.quota.callback.class = null
<h13>: 	compression.type = producer
<h13>: 	connection.failed.authentication.delay.ms = 100
<h13>: 	connections.max.idle.ms = 600000
<h13>: 	connections.max.reauth.ms = 0
<h13>: 	control.plane.listener.name = null
<h13>: 	controlled.shutdown.enable = true
<h13>: 	controlled.shutdown.max.retries = 3
<h13>: 	controlled.shutdown.retry.backoff.ms = 5000
<h13>: 	controller.listener.names = CONTROLLER
<h13>: 	controller.quorum.append.linger.ms = 25
<h13>: 	controller.quorum.election.backoff.max.ms = 10000
<h13>: 	controller.quorum.election.timeout.ms = 10000
<h13>: 	controller.quorum.fetch.timeout.ms = 20000
<h13>: 	controller.quorum.request.timeout.ms = 120000
<h13>: 	controller.quorum.retry.backoff.ms = 20
<h13>: 	controller.quorum.voters = [1@10.0.0.1:19092, 2@10.0.0.2:19093, 3@10.0.0.3:19094, 4@10.0.0.4:19095, 5@10.0.0.5:19096, 6@10.0.0.6:19097, 7@10.0.0.7:19098, 8@10.0.0.8:19099, 9@10.0.0.9:19100, 10@10.0.0.10:19101, 11@10.0.0.11:19102, 12@10.0.0.12:19103, 13@10.0.0.13:19104, 14@10.0.0.14:19105, 15@10.0.0.15:19106, 16@10.0.0.16:19107, 17@10.0.0.17:19108, 18@10.0.0.18:19109, 19@10.0.0.19:19110, 20@10.0.0.20:19111:9093]
<h13>: 	controller.quota.window.num = 11
<h13>: 	controller.quota.window.size.seconds = 1
<h13>: 	controller.socket.timeout.ms = 300000
<h13>: 	create.topic.policy.class.name = null
<h13>: 	default.replication.factor = 1
<h13>: 	delegation.token.expiry.check.interval.ms = 3600000
<h13>: 	delegation.token.expiry.time.ms = 86400000
<h13>: 	delegation.token.master.key = null
<h13>: 	delegation.token.max.lifetime.ms = 604800000
<h13>: 	delegation.token.secret.key = null
<h13>: 	delete.records.purgatory.purge.interval.requests = 1
<h13>: 	delete.topic.enable = true
<h13>: 	fetch.max.bytes = 57671680
<h13>: 	fetch.purgatory.purge.interval.requests = 1000
<h13>: 	group.initial.rebalance.delay.ms = 3000
<h13>: 	group.max.session.timeout.ms = 1800000
<h13>: 	group.max.size = 2147483647
<h13>: 	group.min.session.timeout.ms = 6000
<h13>: 	initial.broker.registration.timeout.ms = 180000
<h13>: 	inter.broker.listener.name = PLAINTEXT
<h13>: 	inter.broker.protocol.version = 3.1-IV0
<h13>: 	kafka.metrics.polling.interval.secs = 10
<h13>: 	kafka.metrics.reporters = []
<h13>: 	leader.imbalance.check.interval.seconds = 300
<h13>: 	leader.imbalance.per.broker.percentage = 10
<h13>: 	listener.security.protocol.map = PLAINTEXT:PLAINTEXT,SSL:SSL,SASL_PLAINTEXT:SASL_PLAINTEXT,SASL_SSL:SASL_SSL
<h13>: 	listeners = PLAINTEXT://:9092,CONTROLLER://10.0.0.13:19104
<h13>: 	log.cleaner.backoff.ms = 15000
<h13>: 	log.cleaner.dedupe.buffer.size = 134217728
<h13>: 	log.cleaner.delete.retention.ms = 86400000
<h13>: 	log.cleaner.enable = true
<h13>: 	log.cleaner.io.buffer.load.factor = 0.9
<h13>: 	log.cleaner.io.buffer.size = 524288
<h13>: 	log.cleaner.io.max.bytes.per.second = 1.7976931348623157E308
<h13>: 	log.cleaner.max.compaction.lag.ms = 9223372036854775807
<h13>: 	log.cleaner.min.cleanable.ratio = 0.5
<h13>: 	log.cleaner.min.compaction.lag.ms = 0
<h13>: 	log.cleaner.threads = 1
<h13>: 	log.cleanup.policy = [delete]
<h13>: 	log.dir = /tmp/kafka-logs
<h13>: 	log.dirs = ./kafka-3.1.0/logs/kafka13
<h13>: 	log.flush.interval.messages = 9223372036854775807
<h13>: 	log.flush.interval.ms = null
<h13>: 	log.flush.offset.checkpoint.interval.ms = 60000
<h13>: 	log.flush.scheduler.interval.ms = 9223372036854775807
<h13>: 	log.flush.start.offset.checkpoint.interval.ms = 60000
<h13>: 	log.index.interval.bytes = 4096
<h13>: 	log.index.size.max.bytes = 10485760
<h13>: 	log.message.downconversion.enable = true
<h13>: 	log.message.format.version = 3.0-IV1
<h13>: 	log.message.timestamp.difference.max.ms = 9223372036854775807
<h13>: 	log.message.timestamp.type = CreateTime
<h13>: 	log.preallocate = false
<h13>: 	log.retention.bytes = -1
<h13>: 	log.retention.check.interval.ms = 300000
<h13>: 	log.retention.hours = 168
<h13>: 	log.retention.minutes = null
<h13>: 	log.retention.ms = null
<h13>: 	log.roll.hours = 168
<h13>: 	log.roll.jitter.hours = 0
<h13>: 	log.roll.jitter.ms = null
<h13>: 	log.roll.ms = null
<h13>: 	log.segment.bytes = 1073741824
<h13>: 	log.segment.delete.delay.ms = 60000
<h13>: 	max.connection.creation.rate = 2147483647
<h13>: 	max.connections = 2147483647
<h13>: 	max.connections.per.ip = 2147483647
<h13>: 	max.connections.per.ip.overrides = 
<h13>: 	max.incremental.fetch.session.cache.slots = 1000
<h13>: 	message.max.bytes = 1048588
<h13>: 	metadata.log.dir = null
<h13>: 	metadata.log.max.record.bytes.between.snapshots = 20971520
<h13>: 	metadata.log.segment.bytes = 1073741824
<h13>: 	metadata.log.segment.min.bytes = 8388608
<h13>: 	metadata.log.segment.ms = 604800000
<h13>: 	metadata.max.retention.bytes = -1
<h13>: 	metadata.max.retention.ms = 604800000
<h13>: 	metric.reporters = []
<h13>: 	metrics.num.samples = 2
<h13>: 	metrics.recording.level = INFO
<h13>: 	metrics.sample.window.ms = 30000
<h13>: 	min.insync.replicas = 1
<h13>: 	node.id = 13
<h13>: 	num.io.threads = 8
<h13>: 	num.network.threads = 3
<h13>: 	num.partitions = 1
<h13>: 	num.recovery.threads.per.data.dir = 1
<h13>: 	num.replica.alter.log.dirs.threads = null
<h13>: 	num.replica.fetchers = 1
<h13>: 	offset.metadata.max.bytes = 4096
<h13>: 	offsets.commit.required.acks = -1
<h13>: 	offsets.commit.timeout.ms = 5000
<h13>: 	offsets.load.buffer.size = 5242880
<h13>: 	offsets.retention.check.interval.ms = 600000
<h13>: 	offsets.retention.minutes = 10080
<h13>: 	offsets.topic.compression.codec = 0
<h13>: 	offsets.topic.num.partitions = 50
<h13>: 	offsets.topic.replication.factor = 1
<h13>: 	offsets.topic.segment.bytes = 104857600
<h13>: 	password.encoder.cipher.algorithm = AES/CBC/PKCS5Padding
<h13>: 	password.encoder.iterations = 4096
<h13>: 	password.encoder.key.length = 128
<h13>: 	password.encoder.keyfactory.algorithm = null
<h13>: 	password.encoder.old.secret = null
<h13>: 	password.encoder.secret = null
<h13>: 	principal.builder.class = class org.apache.kafka.common.security.authenticator.DefaultKafkaPrincipalBuilder
<h13>: 	process.roles = [broker, controller]
<h13>: 	producer.purgatory.purge.interval.requests = 1000
<h13>: 	queued.max.request.bytes = -1
<h13>: 	queued.max.requests = 500
<h13>: 	quota.window.num = 11
<h13>: 	quota.window.size.seconds = 1
<h13>: 	remote.log.index.file.cache.total.size.bytes = 1073741824
<h13>: 	remote.log.manager.task.interval.ms = 30000
<h13>: 	remote.log.manager.task.retry.backoff.max.ms = 30000
<h13>: 	remote.log.manager.task.retry.backoff.ms = 500
<h13>: 	remote.log.manager.task.retry.jitter = 0.2
<h13>: 	remote.log.manager.thread.pool.size = 10
<h13>: 	remote.log.metadata.manager.class.name = null
<h13>: 	remote.log.metadata.manager.class.path = null
<h13>: 	remote.log.metadata.manager.impl.prefix = null
<h13>: 	remote.log.metadata.manager.listener.name = null
<h13>: 	remote.log.reader.max.pending.tasks = 100
<h13>: 	remote.log.reader.threads = 10
<h13>: 	remote.log.storage.manager.class.name = null
<h13>: 	remote.log.storage.manager.class.path = null
<h13>: 	remote.log.storage.manager.impl.prefix = null
<h13>: 	remote.log.storage.system.enable = false
<h13>: 	replica.fetch.backoff.ms = 1000
<h13>: 	replica.fetch.max.bytes = 1048576
<h13>: 	replica.fetch.min.bytes = 1
<h13>: 	replica.fetch.response.max.bytes = 10485760
<h13>: 	replica.fetch.wait.max.ms = 500
<h13>: 	replica.high.watermark.checkpoint.interval.ms = 5000
<h13>: 	replica.lag.time.max.ms = 30000
<h13>: 	replica.selector.class = null
<h13>: 	replica.socket.receive.buffer.bytes = 65536
<h13>: 	replica.socket.timeout.ms = 30000
<h13>: 	replication.quota.window.num = 11
<h13>: 	replication.quota.window.size.seconds = 1
<h13>: 	request.timeout.ms = 300000
<h13>: 	reserved.broker.max.id = 1000
<h13>: 	sasl.client.callback.handler.class = null
<h13>: 	sasl.enabled.mechanisms = [GSSAPI]
<h13>: 	sasl.jaas.config = null
<h13>: 	sasl.kerberos.kinit.cmd = /usr/bin/kinit
<h13>: 	sasl.kerberos.min.time.before.relogin = 60000
<h13>: 	sasl.kerberos.principal.to.local.rules = [DEFAULT]
<h13>: 	sasl.kerberos.service.name = null
<h13>: 	sasl.kerberos.ticket.renew.jitter = 0.05
<h13>: 	sasl.kerberos.ticket.renew.window.factor = 0.8
<h13>: 	sasl.login.callback.handler.class = null
<h13>: 	sasl.login.class = null
<h13>: 	sasl.login.connect.timeout.ms = null
<h13>: 	sasl.login.read.timeout.ms = null
<h13>: 	sasl.login.refresh.buffer.seconds = 300
<h13>: 	sasl.login.refresh.min.period.seconds = 60
<h13>: 	sasl.login.refresh.window.factor = 0.8
<h13>: 	sasl.login.refresh.window.jitter = 0.05
<h13>: 	sasl.login.retry.backoff.max.ms = 10000
<h13>: 	sasl.login.retry.backoff.ms = 100
<h13>: 	sasl.mechanism.controller.protocol = GSSAPI
<h13>: 	sasl.mechanism.inter.broker.protocol = GSSAPI
<h13>: 	sasl.oauthbearer.clock.skew.seconds = 30
<h13>: 	sasl.oauthbearer.expected.audience = null
<h13>: 	sasl.oauthbearer.expected.issuer = null
<h13>: 	sasl.oauthbearer.jwks.endpoint.refresh.ms = 3600000
<h13>: 	sasl.oauthbearer.jwks.endpoint.retry.backoff.max.ms = 10000
<h13>: 	sasl.oauthbearer.jwks.endpoint.retry.backoff.ms = 100
<h13>: 	sasl.oauthbearer.jwks.endpoint.url = null
<h13>: 	sasl.oauthbearer.scope.claim.name = scope
<h13>: 	sasl.oauthbearer.sub.claim.name = sub
<h13>: 	sasl.oauthbearer.token.endpoint.url = null
<h13>: 	sasl.server.callback.handler.class = null
<h13>: 	security.inter.broker.protocol = PLAINTEXT
<h13>: 	security.providers = null
<h13>: 	socket.connection.setup.timeout.max.ms = 300000
<h13>: 	socket.connection.setup.timeout.ms = 120000
<h13>: 	socket.receive.buffer.bytes = 102400
<h13>: 	socket.request.max.bytes = 104857600
<h13>: 	socket.send.buffer.bytes = 102400
<h13>: 	ssl.cipher.suites = []
<h13>: 	ssl.client.auth = none
<h13>: 	ssl.enabled.protocols = [TLSv1.2, TLSv1.3]
<h13>: 	ssl.endpoint.identification.algorithm = https
<h13>: 	ssl.engine.factory.class = null
<h13>: 	ssl.key.password = null
<h13>: 	ssl.keymanager.algorithm = SunX509
<h13>: 	ssl.keystore.certificate.chain = null
<h13>: 	ssl.keystore.key = null
<h13>: 	ssl.keystore.location = null
<h13>: 	ssl.keystore.password = null
<h13>: 	ssl.keystore.type = JKS
<h13>: 	ssl.principal.mapping.rules = DEFAULT
<h13>: 	ssl.protocol = TLSv1.3
<h13>: 	ssl.provider = null
<h13>: 	ssl.secure.random.implementation = null
<h13>: 	ssl.trustmanager.algorithm = PKIX
<h13>: 	ssl.truststore.certificates = null
<h13>: 	ssl.truststore.location = null
<h13>: 	ssl.truststore.password = null
<h13>: 	ssl.truststore.type = JKS
<h13>: 	transaction.abort.timed.out.transaction.cleanup.interval.ms = 10000
<h13>: 	transaction.max.timeout.ms = 900000
<h13>: 	transaction.remove.expired.transaction.cleanup.interval.ms = 3600000
<h13>: 	transaction.state.log.load.buffer.size = 5242880
<h13>: 	transaction.state.log.min.isr = 1
<h13>: 	transaction.state.log.num.partitions = 50
<h13>: 	transaction.state.log.replication.factor = 1
<h13>: 	transaction.state.log.segment.bytes = 104857600
<h13>: 	transactional.id.expiration.ms = 604800000
<h13>: 	unclean.leader.election.enable = false
<h13>: 	zookeeper.clientCnxnSocket = null
<h13>: 	zookeeper.connect = null
<h13>: 	zookeeper.connection.timeout.ms = null
<h13>: 	zookeeper.max.in.flight.requests = 10
<h13>: 	zookeeper.session.timeout.ms = 18000
<h13>: 	zookeeper.set.acl = false
<h13>: 	zookeeper.ssl.cipher.suites = null
<h13>: 	zookeeper.ssl.client.enable = false
<h13>: 	zookeeper.ssl.crl.enable = false
<h13>: 	zookeeper.ssl.enabled.protocols = null
<h13>: 	zookeeper.ssl.endpoint.identification.algorithm = HTTPS
<h13>: 	zookeeper.ssl.keystore.location = null
<h13>: 	zookeeper.ssl.keystore.password = null
<h13>: 	zookeeper.ssl.keystore.type = null
<h13>: 	zookeeper.ssl.ocsp.enable = false
<h13>: 	zookeeper.ssl.protocol = TLSv1.2
<h13>: 	zookeeper.ssl.truststore.location = null
<h13>: 	zookeeper.ssl.truststore.password = null
<h13>: 	zookeeper.ssl.truststore.type = null
<h13>: 	zookeeper.sync.time.ms = 2000
<h13>:  (kafka.server.KafkaConfig)
<h13>: [2023-02-26 20:29:35,120] INFO [SocketServer listenerType=BROKER, nodeId=13] Starting socket server acceptors and processors (kafka.network.SocketServer)
<h13>: [2023-02-26 20:29:35,146] INFO [SocketServer listenerType=BROKER, nodeId=13] Started data-plane acceptor and processor(s) for endpoint : ListenerName(PLAINTEXT) (kafka.network.SocketServer)
<h13>: [2023-02-26 20:29:35,146] INFO [SocketServer listenerType=BROKER, nodeId=13] Started socket server acceptors and processors (kafka.network.SocketServer)
<h13>: [2023-02-26 20:29:35,146] INFO [BrokerServer id=13] Transition from STARTING to STARTED (kafka.server.BrokerServer)
<h13>: [2023-02-26 20:29:35,147] INFO Kafka version: 3.1.0 (org.apache.kafka.common.utils.AppInfoParser)
<h13>: [2023-02-26 20:29:35,147] INFO Kafka commitId: unknown (org.apache.kafka.common.utils.AppInfoParser)
<h13>: [2023-02-26 20:29:35,147] INFO Kafka startTimeMs: 1677457775147 (org.apache.kafka.common.utils.AppInfoParser)
<h13>: [2023-02-26 20:29:35,148] INFO Kafka Server started (kafka.server.KafkaRaftServer)
<h13>: [2023-02-26 20:29:39,055] INFO [BrokerLifecycleManager id=13] The broker has been unfenced. Transitioning from RECOVERY to RUNNING. (kafka.server.BrokerLifecycleManager)
<h13>: [2023-02-26 20:29:39,313] INFO [Controller 13] Unfenced broker: UnfenceBrokerRecord(id=13, epoch=14) (org.apache.kafka.controller.ClusterControlManager)
<h13>: [2023-02-26 20:29:39,313] INFO [Controller 13] Unfenced broker: UnfenceBrokerRecord(id=3, epoch=7) (org.apache.kafka.controller.ClusterControlManager)
<h13>: [2023-02-26 20:29:39,313] INFO [Controller 13] Unfenced broker: UnfenceBrokerRecord(id=10, epoch=8) (org.apache.kafka.controller.ClusterControlManager)
<h13>: [2023-02-26 20:29:39,313] INFO [Controller 13] Unfenced broker: UnfenceBrokerRecord(id=12, epoch=4) (org.apache.kafka.controller.ClusterControlManager)
<h13>: [2023-02-26 20:29:39,313] INFO [Controller 13] Unfenced broker: UnfenceBrokerRecord(id=6, epoch=2) (org.apache.kafka.controller.ClusterControlManager)
<h13>: [2023-02-26 20:29:39,954] INFO [Controller 13] Registered new broker: RegisterBrokerRecord(brokerId=15, incarnationId=rimofCmQTV-dFYcy3Xgu1g, brokerEpoch=20, endPoints=[BrokerEndpoint(name='PLAINTEXT', host='10.0.0.15', port=9092, securityProtocol=0)], features=[], rack=null, fenced=true) (org.apache.kafka.controller.ClusterControlManager)
<h13>: [2023-02-26 20:29:39,954] INFO [Controller 13] Registered new broker: RegisterBrokerRecord(brokerId=17, incarnationId=3wYalzwcT9iEiHhlAZ1NlA, brokerEpoch=21, endPoints=[BrokerEndpoint(name='PLAINTEXT', host='10.0.0.17', port=9092, securityProtocol=0)], features=[], rack=null, fenced=true) (org.apache.kafka.controller.ClusterControlManager)
<h13>: [2023-02-26 20:29:39,955] INFO [Controller 13] Registered new broker: RegisterBrokerRecord(brokerId=18, incarnationId=t-_qwTjGR92U33fDvvL8kQ, brokerEpoch=22, endPoints=[BrokerEndpoint(name='PLAINTEXT', host='10.0.0.18', port=9092, securityProtocol=0)], features=[], rack=null, fenced=true) (org.apache.kafka.controller.ClusterControlManager)
<h13>: [2023-02-26 20:29:39,955] INFO [Controller 13] Registered new broker: RegisterBrokerRecord(brokerId=14, incarnationId=r3uoR0x-Tnq2UoG47-pYnA, brokerEpoch=23, endPoints=[BrokerEndpoint(name='PLAINTEXT', host='10.0.0.14', port=9092, securityProtocol=0)], features=[], rack=null, fenced=true) (org.apache.kafka.controller.ClusterControlManager)
<h13>: [2023-02-26 20:29:39,955] INFO [Controller 13] Registered new broker: RegisterBrokerRecord(brokerId=16, incarnationId=hjwCXEURRIaUSK9mevc7GA, brokerEpoch=24, endPoints=[BrokerEndpoint(name='PLAINTEXT', host='10.0.0.16', port=9092, securityProtocol=0)], features=[], rack=null, fenced=true) (org.apache.kafka.controller.ClusterControlManager)
<h13>: [2023-02-26 20:29:40,466] INFO [Controller 13] Registered new broker: RegisterBrokerRecord(brokerId=19, incarnationId=xwO9ZQBTRxqwhQWRK5nRmQ, brokerEpoch=25, endPoints=[BrokerEndpoint(name='PLAINTEXT', host='10.0.0.19', port=9092, securityProtocol=0)], features=[], rack=null, fenced=true) (org.apache.kafka.controller.ClusterControlManager)
<h13>: [2023-02-26 20:29:41,035] INFO [Controller 13] Unfenced broker: UnfenceBrokerRecord(id=19, epoch=25) (org.apache.kafka.controller.ClusterControlManager)
<h13>: [2023-02-26 20:29:41,557] INFO [Controller 13] Unfenced broker: UnfenceBrokerRecord(id=4, epoch=11) (org.apache.kafka.controller.ClusterControlManager)
<h13>: [2023-02-26 20:29:41,557] INFO [Controller 13] Unfenced broker: UnfenceBrokerRecord(id=7, epoch=3) (org.apache.kafka.controller.ClusterControlManager)
<h13>: [2023-02-26 20:29:41,557] INFO [Controller 13] Unfenced broker: UnfenceBrokerRecord(id=2, epoch=5) (org.apache.kafka.controller.ClusterControlManager)
<h13>: [2023-02-26 20:29:41,557] INFO [Controller 13] Unfenced broker: UnfenceBrokerRecord(id=5, epoch=6) (org.apache.kafka.controller.ClusterControlManager)
<h13>: [2023-02-26 20:29:41,557] INFO [Controller 13] Unfenced broker: UnfenceBrokerRecord(id=8, epoch=9) (org.apache.kafka.controller.ClusterControlManager)
<h13>: [2023-02-26 20:29:41,557] INFO [Controller 13] Unfenced broker: UnfenceBrokerRecord(id=11, epoch=12) (org.apache.kafka.controller.ClusterControlManager)
<h13>: [2023-02-26 20:29:41,557] INFO [Controller 13] Unfenced broker: UnfenceBrokerRecord(id=9, epoch=10) (org.apache.kafka.controller.ClusterControlManager)
<h13>: [2023-02-26 20:29:42,310] INFO [Controller 13] Unfenced broker: UnfenceBrokerRecord(id=17, epoch=21) (org.apache.kafka.controller.ClusterControlManager)
<h13>: [2023-02-26 20:29:42,829] INFO [Controller 13] Unfenced broker: UnfenceBrokerRecord(id=14, epoch=23) (org.apache.kafka.controller.ClusterControlManager)
<h13>: [2023-02-26 20:29:42,829] INFO [Controller 13] Unfenced broker: UnfenceBrokerRecord(id=16, epoch=24) (org.apache.kafka.controller.ClusterControlManager)
<h13>: [2023-02-26 20:29:42,829] INFO [Controller 13] Unfenced broker: UnfenceBrokerRecord(id=15, epoch=20) (org.apache.kafka.controller.ClusterControlManager)
<h13>: [2023-02-26 20:29:42,829] INFO [Controller 13] Unfenced broker: UnfenceBrokerRecord(id=18, epoch=22) (org.apache.kafka.controller.ClusterControlManager)
<h13>: [2023-02-26 20:29:51,727] INFO [RaftManager nodeId=13] Vote request VoteRequestData(clusterId='JmL9ihFRQmSabrNWrYSpjg', topics=[TopicData(topicName='__cluster_metadata', partitions=[PartitionData(partitionIndex=0, candidateEpoch=1, candidateId=20, lastOffsetEpoch=0, lastOffset=0)])]) with epoch 1 is rejected (org.apache.kafka.raft.KafkaRaftClient)
<h13>: [2023-02-26 20:29:52,509] INFO [Controller 13] Registered new broker: RegisterBrokerRecord(brokerId=20, incarnationId=dDGA3CuHTBykH0pzUbhwmA, brokerEpoch=39, endPoints=[BrokerEndpoint(name='PLAINTEXT', host='10.0.0.20', port=9092, securityProtocol=0)], features=[], rack=null, fenced=true) (org.apache.kafka.controller.ClusterControlManager)
<h13>: [2023-02-26 20:29:53,435] INFO [Controller 13] Unfenced broker: UnfenceBrokerRecord(id=20, epoch=39) (org.apache.kafka.controller.ClusterControlManager)
<h13>: [2023-02-26 20:29:53,438] INFO [Controller 13] Created topic topic-1 with topic ID dVvmnTbzTJCZyuFN1c_dog. (org.apache.kafka.controller.ReplicationControlManager)
<h13>: [2023-02-26 20:29:53,439] INFO [Controller 13] Created partition topic-1-0 with topic ID dVvmnTbzTJCZyuFN1c_dog and PartitionRegistration(replicas=[14, 15, 16, 17, 18, 19, 20, 1, 2, 3, 4, 5, 6, 7, 8, 9, 10, 11, 12, 13], isr=[14, 15, 16, 17, 18, 19, 20, 1, 2, 3, 4, 5, 6, 7, 8, 9, 10, 11, 12, 13], removingReplicas=[], addingReplicas=[], leader=14, leaderEpoch=0, partitionEpoch=0). (org.apache.kafka.controller.ReplicationControlManager)
<h13>: [2023-02-26 20:29:53,602] INFO [LogLoader partition=topic-1-0, dir=/home/visitor/neves/amnis-data-sync/./kafka-3.1.0/logs/kafka13] Loading producer state till offset 0 with message format version 2 (kafka.log.UnifiedLog$)
<h13>: [2023-02-26 20:29:53,633] INFO Created log for partition topic-1-0 in /home/visitor/neves/amnis-data-sync/./kafka-3.1.0/logs/kafka13/topic-1-0 with properties {} (kafka.log.LogManager)
<h13>: [2023-02-26 20:29:53,636] INFO [Partition topic-1-0 broker=13] No checkpointed highwatermark is found for partition topic-1-0 (kafka.cluster.Partition)
<h13>: [2023-02-26 20:29:53,637] INFO [Partition topic-1-0 broker=13] Log loaded for partition topic-1-0 with initial high watermark 0 (kafka.cluster.Partition)
<h13>: [2023-02-26 20:29:53,643] INFO [ReplicaFetcherManager on broker 13] Removed fetcher for partitions Set(topic-1-0) (kafka.server.ReplicaFetcherManager)
<h13>: [2023-02-26 20:29:53,927] INFO [ReplicaFetcherManager on broker 13] Added fetcher to broker 14 for partitions HashMap(topic-1-0 -> InitialFetchState(Some(dVvmnTbzTJCZyuFN1c_dog),BrokerEndPoint(id=14, host=10.0.0.14:9092),0,0)) (kafka.server.ReplicaFetcherManager)
<h13>: [2023-02-26 20:29:53,943] INFO [ReplicaFetcher replicaId=13, leaderId=14, fetcherId=0] Starting (kafka.server.ReplicaFetcherThread)
<h13>: [2023-02-26 20:29:53,976] INFO [ReplicaFetcher replicaId=13, leaderId=14, fetcherId=0] Truncating partition topic-1-0 with TruncationState(offset=0, completed=true) due to local high watermark 0 (kafka.server.ReplicaFetcherThread)
<h13>: [2023-02-26 20:29:53,993] INFO [UnifiedLog partition=topic-1-0, dir=/home/visitor/neves/amnis-data-sync/./kafka-3.1.0/logs/kafka13] Truncating to 0 has no effect as the largest offset in the log is -1 (kafka.log.UnifiedLog)
<h13>: [2023-02-26 20:29:54,001] INFO Sent auto-creation request for Set(__consumer_offsets) to the active controller. (kafka.server.DefaultAutoTopicCreationManager)
<h13>: [2023-02-26 20:29:54,104] INFO Sent auto-creation request for Set(__consumer_offsets) to the active controller. (kafka.server.DefaultAutoTopicCreationManager)
<h13>: [2023-02-26 20:29:54,136] INFO Sent auto-creation request for Set(__consumer_offsets) to the active controller. (kafka.server.DefaultAutoTopicCreationManager)
<h13>: [2023-02-26 20:29:54,357] INFO Sent auto-creation request for Set(__consumer_offsets) to the active controller. (kafka.server.DefaultAutoTopicCreationManager)
<h13>: [2023-02-26 20:29:54,390] INFO [Controller 13] ConfigResource(type=TOPIC, name='__consumer_offsets'): set configuration compression.type to producer (org.apache.kafka.controller.ConfigurationControlManager)
<h13>: [2023-02-26 20:29:54,390] INFO [Controller 13] ConfigResource(type=TOPIC, name='__consumer_offsets'): set configuration cleanup.policy to compact (org.apache.kafka.controller.ConfigurationControlManager)
<h13>: [2023-02-26 20:29:54,390] INFO [Controller 13] ConfigResource(type=TOPIC, name='__consumer_offsets'): set configuration segment.bytes to 104857600 (org.apache.kafka.controller.ConfigurationControlManager)
<h13>: [2023-02-26 20:29:54,390] INFO [Controller 13] Created topic __consumer_offsets with topic ID gs35a5FWTyyJLPclII7hIA. (org.apache.kafka.controller.ReplicationControlManager)
<h13>: [2023-02-26 20:29:54,390] INFO [Controller 13] Created partition __consumer_offsets-0 with topic ID gs35a5FWTyyJLPclII7hIA and PartitionRegistration(replicas=[4], isr=[4], removingReplicas=[], addingReplicas=[], leader=4, leaderEpoch=0, partitionEpoch=0). (org.apache.kafka.controller.ReplicationControlManager)
<h13>: [2023-02-26 20:29:54,390] INFO [Controller 13] Created partition __consumer_offsets-1 with topic ID gs35a5FWTyyJLPclII7hIA and PartitionRegistration(replicas=[5], isr=[5], removingReplicas=[], addingReplicas=[], leader=5, leaderEpoch=0, partitionEpoch=0). (org.apache.kafka.controller.ReplicationControlManager)
<h13>: [2023-02-26 20:29:54,390] INFO [Controller 13] Created partition __consumer_offsets-2 with topic ID gs35a5FWTyyJLPclII7hIA and PartitionRegistration(replicas=[6], isr=[6], removingReplicas=[], addingReplicas=[], leader=6, leaderEpoch=0, partitionEpoch=0). (org.apache.kafka.controller.ReplicationControlManager)
<h13>: [2023-02-26 20:29:54,390] INFO [Controller 13] Created partition __consumer_offsets-3 with topic ID gs35a5FWTyyJLPclII7hIA and PartitionRegistration(replicas=[7], isr=[7], removingReplicas=[], addingReplicas=[], leader=7, leaderEpoch=0, partitionEpoch=0). (org.apache.kafka.controller.ReplicationControlManager)
<h13>: [2023-02-26 20:29:54,390] INFO [Controller 13] Created partition __consumer_offsets-4 with topic ID gs35a5FWTyyJLPclII7hIA and PartitionRegistration(replicas=[8], isr=[8], removingReplicas=[], addingReplicas=[], leader=8, leaderEpoch=0, partitionEpoch=0). (org.apache.kafka.controller.ReplicationControlManager)
<h13>: [2023-02-26 20:29:54,390] INFO [Controller 13] Created partition __consumer_offsets-5 with topic ID gs35a5FWTyyJLPclII7hIA and PartitionRegistration(replicas=[9], isr=[9], removingReplicas=[], addingReplicas=[], leader=9, leaderEpoch=0, partitionEpoch=0). (org.apache.kafka.controller.ReplicationControlManager)
<h13>: [2023-02-26 20:29:54,390] INFO [Controller 13] Created partition __consumer_offsets-6 with topic ID gs35a5FWTyyJLPclII7hIA and PartitionRegistration(replicas=[10], isr=[10], removingReplicas=[], addingReplicas=[], leader=10, leaderEpoch=0, partitionEpoch=0). (org.apache.kafka.controller.ReplicationControlManager)
<h13>: [2023-02-26 20:29:54,391] INFO [Controller 13] Created partition __consumer_offsets-7 with topic ID gs35a5FWTyyJLPclII7hIA and PartitionRegistration(replicas=[11], isr=[11], removingReplicas=[], addingReplicas=[], leader=11, leaderEpoch=0, partitionEpoch=0). (org.apache.kafka.controller.ReplicationControlManager)
<h13>: [2023-02-26 20:29:54,391] INFO [Controller 13] Created partition __consumer_offsets-8 with topic ID gs35a5FWTyyJLPclII7hIA and PartitionRegistration(replicas=[12], isr=[12], removingReplicas=[], addingReplicas=[], leader=12, leaderEpoch=0, partitionEpoch=0). (org.apache.kafka.controller.ReplicationControlManager)
<h13>: [2023-02-26 20:29:54,391] INFO [Controller 13] Created partition __consumer_offsets-9 with topic ID gs35a5FWTyyJLPclII7hIA and PartitionRegistration(replicas=[13], isr=[13], removingReplicas=[], addingReplicas=[], leader=13, leaderEpoch=0, partitionEpoch=0). (org.apache.kafka.controller.ReplicationControlManager)
<h13>: [2023-02-26 20:29:54,391] INFO [Controller 13] Created partition __consumer_offsets-10 with topic ID gs35a5FWTyyJLPclII7hIA and PartitionRegistration(replicas=[14], isr=[14], removingReplicas=[], addingReplicas=[], leader=14, leaderEpoch=0, partitionEpoch=0). (org.apache.kafka.controller.ReplicationControlManager)
<h13>: [2023-02-26 20:29:54,391] INFO [Controller 13] Created partition __consumer_offsets-11 with topic ID gs35a5FWTyyJLPclII7hIA and PartitionRegistration(replicas=[15], isr=[15], removingReplicas=[], addingReplicas=[], leader=15, leaderEpoch=0, partitionEpoch=0). (org.apache.kafka.controller.ReplicationControlManager)
<h13>: [2023-02-26 20:29:54,391] INFO [Controller 13] Created partition __consumer_offsets-12 with topic ID gs35a5FWTyyJLPclII7hIA and PartitionRegistration(replicas=[16], isr=[16], removingReplicas=[], addingReplicas=[], leader=16, leaderEpoch=0, partitionEpoch=0). (org.apache.kafka.controller.ReplicationControlManager)
<h13>: [2023-02-26 20:29:54,391] INFO [Controller 13] Created partition __consumer_offsets-13 with topic ID gs35a5FWTyyJLPclII7hIA and PartitionRegistration(replicas=[17], isr=[17], removingReplicas=[], addingReplicas=[], leader=17, leaderEpoch=0, partitionEpoch=0). (org.apache.kafka.controller.ReplicationControlManager)
<h13>: [2023-02-26 20:29:54,391] INFO [Controller 13] Created partition __consumer_offsets-14 with topic ID gs35a5FWTyyJLPclII7hIA and PartitionRegistration(replicas=[18], isr=[18], removingReplicas=[], addingReplicas=[], leader=18, leaderEpoch=0, partitionEpoch=0). (org.apache.kafka.controller.ReplicationControlManager)
<h13>: [2023-02-26 20:29:54,391] INFO [Controller 13] Created partition __consumer_offsets-15 with topic ID gs35a5FWTyyJLPclII7hIA and PartitionRegistration(replicas=[19], isr=[19], removingReplicas=[], addingReplicas=[], leader=19, leaderEpoch=0, partitionEpoch=0). (org.apache.kafka.controller.ReplicationControlManager)
<h13>: [2023-02-26 20:29:54,391] INFO [Controller 13] Created partition __consumer_offsets-16 with topic ID gs35a5FWTyyJLPclII7hIA and PartitionRegistration(replicas=[20], isr=[20], removingReplicas=[], addingReplicas=[], leader=20, leaderEpoch=0, partitionEpoch=0). (org.apache.kafka.controller.ReplicationControlManager)
<h13>: [2023-02-26 20:29:54,408] INFO [Controller 13] Created partition __consumer_offsets-17 with topic ID gs35a5FWTyyJLPclII7hIA and PartitionRegistration(replicas=[1], isr=[1], removingReplicas=[], addingReplicas=[], leader=1, leaderEpoch=0, partitionEpoch=0). (org.apache.kafka.controller.ReplicationControlManager)
<h13>: [2023-02-26 20:29:54,424] INFO [Controller 13] Created partition __consumer_offsets-18 with topic ID gs35a5FWTyyJLPclII7hIA and PartitionRegistration(replicas=[2], isr=[2], removingReplicas=[], addingReplicas=[], leader=2, leaderEpoch=0, partitionEpoch=0). (org.apache.kafka.controller.ReplicationControlManager)
<h13>: [2023-02-26 20:29:54,424] INFO [Controller 13] Created partition __consumer_offsets-19 with topic ID gs35a5FWTyyJLPclII7hIA and PartitionRegistration(replicas=[3], isr=[3], removingReplicas=[], addingReplicas=[], leader=3, leaderEpoch=0, partitionEpoch=0). (org.apache.kafka.controller.ReplicationControlManager)
<h13>: [2023-02-26 20:29:54,424] INFO [Controller 13] Created partition __consumer_offsets-20 with topic ID gs35a5FWTyyJLPclII7hIA and PartitionRegistration(replicas=[7], isr=[7], removingReplicas=[], addingReplicas=[], leader=7, leaderEpoch=0, partitionEpoch=0). (org.apache.kafka.controller.ReplicationControlManager)
<h13>: [2023-02-26 20:29:54,425] INFO [Controller 13] Created partition __consumer_offsets-21 with topic ID gs35a5FWTyyJLPclII7hIA and PartitionRegistration(replicas=[10], isr=[10], removingReplicas=[], addingReplicas=[], leader=10, leaderEpoch=0, partitionEpoch=0). (org.apache.kafka.controller.ReplicationControlManager)
<h13>: [2023-02-26 20:29:54,425] INFO [Controller 13] Created partition __consumer_offsets-22 with topic ID gs35a5FWTyyJLPclII7hIA and PartitionRegistration(replicas=[20], isr=[20], removingReplicas=[], addingReplicas=[], leader=20, leaderEpoch=0, partitionEpoch=0). (org.apache.kafka.controller.ReplicationControlManager)
<h13>: [2023-02-26 20:29:54,425] INFO [Controller 13] Created partition __consumer_offsets-23 with topic ID gs35a5FWTyyJLPclII7hIA and PartitionRegistration(replicas=[1], isr=[1], removingReplicas=[], addingReplicas=[], leader=1, leaderEpoch=0, partitionEpoch=0). (org.apache.kafka.controller.ReplicationControlManager)
<h13>: [2023-02-26 20:29:54,425] INFO [Controller 13] Created partition __consumer_offsets-24 with topic ID gs35a5FWTyyJLPclII7hIA and PartitionRegistration(replicas=[4], isr=[4], removingReplicas=[], addingReplicas=[], leader=4, leaderEpoch=0, partitionEpoch=0). (org.apache.kafka.controller.ReplicationControlManager)
<h13>: [2023-02-26 20:29:54,425] INFO [Controller 13] Created partition __consumer_offsets-25 with topic ID gs35a5FWTyyJLPclII7hIA and PartitionRegistration(replicas=[9], isr=[9], removingReplicas=[], addingReplicas=[], leader=9, leaderEpoch=0, partitionEpoch=0). (org.apache.kafka.controller.ReplicationControlManager)
<h13>: [2023-02-26 20:29:54,425] INFO [Controller 13] Created partition __consumer_offsets-26 with topic ID gs35a5FWTyyJLPclII7hIA and PartitionRegistration(replicas=[18], isr=[18], removingReplicas=[], addingReplicas=[], leader=18, leaderEpoch=0, partitionEpoch=0). (org.apache.kafka.controller.ReplicationControlManager)
<h13>: [2023-02-26 20:29:54,426] INFO [Controller 13] Created partition __consumer_offsets-27 with topic ID gs35a5FWTyyJLPclII7hIA and PartitionRegistration(replicas=[16], isr=[16], removingReplicas=[], addingReplicas=[], leader=16, leaderEpoch=0, partitionEpoch=0). (org.apache.kafka.controller.ReplicationControlManager)
<h13>: [2023-02-26 20:29:54,426] INFO [Controller 13] Created partition __consumer_offsets-28 with topic ID gs35a5FWTyyJLPclII7hIA and PartitionRegistration(replicas=[6], isr=[6], removingReplicas=[], addingReplicas=[], leader=6, leaderEpoch=0, partitionEpoch=0). (org.apache.kafka.controller.ReplicationControlManager)
<h13>: [2023-02-26 20:29:54,426] INFO [Controller 13] Created partition __consumer_offsets-29 with topic ID gs35a5FWTyyJLPclII7hIA and PartitionRegistration(replicas=[12], isr=[12], removingReplicas=[], addingReplicas=[], leader=12, leaderEpoch=0, partitionEpoch=0). (org.apache.kafka.controller.ReplicationControlManager)
<h13>: [2023-02-26 20:29:54,411] INFO [ReplicaFetcherManager on broker 13] Removed fetcher for partitions Set(__consumer_offsets-39, __consumer_offsets-40, __consumer_offsets-9) (kafka.server.ReplicaFetcherManager)
<h13>: [2023-02-26 20:29:54,426] INFO [Controller 13] Created partition __consumer_offsets-30 with topic ID gs35a5FWTyyJLPclII7hIA and PartitionRegistration(replicas=[14], isr=[14], removingReplicas=[], addingReplicas=[], leader=14, leaderEpoch=0, partitionEpoch=0). (org.apache.kafka.controller.ReplicationControlManager)
<h13>: [2023-02-26 20:29:54,427] INFO [Controller 13] Created partition __consumer_offsets-31 with topic ID gs35a5FWTyyJLPclII7hIA and PartitionRegistration(replicas=[8], isr=[8], removingReplicas=[], addingReplicas=[], leader=8, leaderEpoch=0, partitionEpoch=0). (org.apache.kafka.controller.ReplicationControlManager)
<h13>: [2023-02-26 20:29:54,427] INFO [Controller 13] Created partition __consumer_offsets-32 with topic ID gs35a5FWTyyJLPclII7hIA and PartitionRegistration(replicas=[5], isr=[5], removingReplicas=[], addingReplicas=[], leader=5, leaderEpoch=0, partitionEpoch=0). (org.apache.kafka.controller.ReplicationControlManager)
<h13>: [2023-02-26 20:29:54,427] INFO [Controller 13] Created partition __consumer_offsets-33 with topic ID gs35a5FWTyyJLPclII7hIA and PartitionRegistration(replicas=[19], isr=[19], removingReplicas=[], addingReplicas=[], leader=19, leaderEpoch=0, partitionEpoch=0). (org.apache.kafka.controller.ReplicationControlManager)
<h13>: [2023-02-26 20:29:54,427] INFO [Controller 13] Created partition __consumer_offsets-34 with topic ID gs35a5FWTyyJLPclII7hIA and PartitionRegistration(replicas=[17], isr=[17], removingReplicas=[], addingReplicas=[], leader=17, leaderEpoch=0, partitionEpoch=0). (org.apache.kafka.controller.ReplicationControlManager)
<h13>: [2023-02-26 20:29:54,430] INFO [Controller 13] Created partition __consumer_offsets-35 with topic ID gs35a5FWTyyJLPclII7hIA and PartitionRegistration(replicas=[11], isr=[11], removingReplicas=[], addingReplicas=[], leader=11, leaderEpoch=0, partitionEpoch=0). (org.apache.kafka.controller.ReplicationControlManager)
<h13>: [2023-02-26 20:29:54,430] INFO [Controller 13] Created partition __consumer_offsets-36 with topic ID gs35a5FWTyyJLPclII7hIA and PartitionRegistration(replicas=[3], isr=[3], removingReplicas=[], addingReplicas=[], leader=3, leaderEpoch=0, partitionEpoch=0). (org.apache.kafka.controller.ReplicationControlManager)
<h13>: [2023-02-26 20:29:54,430] INFO [Controller 13] Created partition __consumer_offsets-37 with topic ID gs35a5FWTyyJLPclII7hIA and PartitionRegistration(replicas=[2], isr=[2], removingReplicas=[], addingReplicas=[], leader=2, leaderEpoch=0, partitionEpoch=0). (org.apache.kafka.controller.ReplicationControlManager)
<h13>: [2023-02-26 20:29:54,430] INFO [Controller 13] Created partition __consumer_offsets-38 with topic ID gs35a5FWTyyJLPclII7hIA and PartitionRegistration(replicas=[15], isr=[15], removingReplicas=[], addingReplicas=[], leader=15, leaderEpoch=0, partitionEpoch=0). (org.apache.kafka.controller.ReplicationControlManager)
<h13>: [2023-02-26 20:29:54,431] INFO [Controller 13] Created partition __consumer_offsets-39 with topic ID gs35a5FWTyyJLPclII7hIA and PartitionRegistration(replicas=[13], isr=[13], removingReplicas=[], addingReplicas=[], leader=13, leaderEpoch=0, partitionEpoch=0). (org.apache.kafka.controller.ReplicationControlManager)
<h13>: [2023-02-26 20:29:54,431] INFO [Controller 13] Created partition __consumer_offsets-40 with topic ID gs35a5FWTyyJLPclII7hIA and PartitionRegistration(replicas=[13], isr=[13], removingReplicas=[], addingReplicas=[], leader=13, leaderEpoch=0, partitionEpoch=0). (org.apache.kafka.controller.ReplicationControlManager)
<h13>: [2023-02-26 20:29:54,431] INFO [Controller 13] Created partition __consumer_offsets-41 with topic ID gs35a5FWTyyJLPclII7hIA and PartitionRegistration(replicas=[8], isr=[8], removingReplicas=[], addingReplicas=[], leader=8, leaderEpoch=0, partitionEpoch=0). (org.apache.kafka.controller.ReplicationControlManager)
<h13>: [2023-02-26 20:29:54,431] INFO [Controller 13] Created partition __consumer_offsets-42 with topic ID gs35a5FWTyyJLPclII7hIA and PartitionRegistration(replicas=[12], isr=[12], removingReplicas=[], addingReplicas=[], leader=12, leaderEpoch=0, partitionEpoch=0). (org.apache.kafka.controller.ReplicationControlManager)
<h13>: [2023-02-26 20:29:54,431] INFO [Controller 13] Created partition __consumer_offsets-43 with topic ID gs35a5FWTyyJLPclII7hIA and PartitionRegistration(replicas=[6], isr=[6], removingReplicas=[], addingReplicas=[], leader=6, leaderEpoch=0, partitionEpoch=0). (org.apache.kafka.controller.ReplicationControlManager)
<h13>: [2023-02-26 20:29:54,431] INFO [Controller 13] Created partition __consumer_offsets-44 with topic ID gs35a5FWTyyJLPclII7hIA and PartitionRegistration(replicas=[10], isr=[10], removingReplicas=[], addingReplicas=[], leader=10, leaderEpoch=0, partitionEpoch=0). (org.apache.kafka.controller.ReplicationControlManager)
<h13>: [2023-02-26 20:29:54,431] INFO [Controller 13] Created partition __consumer_offsets-45 with topic ID gs35a5FWTyyJLPclII7hIA and PartitionRegistration(replicas=[3], isr=[3], removingReplicas=[], addingReplicas=[], leader=3, leaderEpoch=0, partitionEpoch=0). (org.apache.kafka.controller.ReplicationControlManager)
<h13>: [2023-02-26 20:29:54,431] INFO [Controller 13] Created partition __consumer_offsets-46 with topic ID gs35a5FWTyyJLPclII7hIA and PartitionRegistration(replicas=[17], isr=[17], removingReplicas=[], addingReplicas=[], leader=17, leaderEpoch=0, partitionEpoch=0). (org.apache.kafka.controller.ReplicationControlManager)
<h13>: [2023-02-26 20:29:54,431] INFO [Controller 13] Created partition __consumer_offsets-47 with topic ID gs35a5FWTyyJLPclII7hIA and PartitionRegistration(replicas=[7], isr=[7], removingReplicas=[], addingReplicas=[], leader=7, leaderEpoch=0, partitionEpoch=0). (org.apache.kafka.controller.ReplicationControlManager)
<h13>: [2023-02-26 20:29:54,448] INFO [Controller 13] Created partition __consumer_offsets-48 with topic ID gs35a5FWTyyJLPclII7hIA and PartitionRegistration(replicas=[11], isr=[11], removingReplicas=[], addingReplicas=[], leader=11, leaderEpoch=0, partitionEpoch=0). (org.apache.kafka.controller.ReplicationControlManager)
<h13>: [2023-02-26 20:29:54,448] INFO [Controller 13] Created partition __consumer_offsets-49 with topic ID gs35a5FWTyyJLPclII7hIA and PartitionRegistration(replicas=[1], isr=[1], removingReplicas=[], addingReplicas=[], leader=1, leaderEpoch=0, partitionEpoch=0). (org.apache.kafka.controller.ReplicationControlManager)
<h13>: [2023-02-26 20:29:54,555] INFO [LogLoader partition=__consumer_offsets-39, dir=/home/visitor/neves/amnis-data-sync/./kafka-3.1.0/logs/kafka13] Loading producer state till offset 0 with message format version 2 (kafka.log.UnifiedLog$)
<h13>: [2023-02-26 20:29:54,556] INFO Created log for partition __consumer_offsets-39 in /home/visitor/neves/amnis-data-sync/./kafka-3.1.0/logs/kafka13/__consumer_offsets-39 with properties {cleanup.policy=compact, compression.type="producer", segment.bytes=104857600} (kafka.log.LogManager)
<h13>: [2023-02-26 20:29:54,557] INFO [Partition __consumer_offsets-39 broker=13] No checkpointed highwatermark is found for partition __consumer_offsets-39 (kafka.cluster.Partition)
<h13>: [2023-02-26 20:29:54,557] INFO [Partition __consumer_offsets-39 broker=13] Log loaded for partition __consumer_offsets-39 with initial high watermark 0 (kafka.cluster.Partition)
<h13>: [2023-02-26 20:29:54,803] INFO [LogLoader partition=__consumer_offsets-40, dir=/home/visitor/neves/amnis-data-sync/./kafka-3.1.0/logs/kafka13] Loading producer state till offset 0 with message format version 2 (kafka.log.UnifiedLog$)
<h13>: [2023-02-26 20:29:54,811] INFO Created log for partition __consumer_offsets-40 in /home/visitor/neves/amnis-data-sync/./kafka-3.1.0/logs/kafka13/__consumer_offsets-40 with properties {cleanup.policy=compact, compression.type="producer", segment.bytes=104857600} (kafka.log.LogManager)
<h13>: [2023-02-26 20:29:54,811] INFO [Partition __consumer_offsets-40 broker=13] No checkpointed highwatermark is found for partition __consumer_offsets-40 (kafka.cluster.Partition)
<h13>: [2023-02-26 20:29:54,811] INFO [Partition __consumer_offsets-40 broker=13] Log loaded for partition __consumer_offsets-40 with initial high watermark 0 (kafka.cluster.Partition)
<h13>: [2023-02-26 20:29:54,992] INFO [LogLoader partition=__consumer_offsets-9, dir=/home/visitor/neves/amnis-data-sync/./kafka-3.1.0/logs/kafka13] Loading producer state till offset 0 with message format version 2 (kafka.log.UnifiedLog$)
<h13>: [2023-02-26 20:29:55,002] INFO Created log for partition __consumer_offsets-9 in /home/visitor/neves/amnis-data-sync/./kafka-3.1.0/logs/kafka13/__consumer_offsets-9 with properties {cleanup.policy=compact, compression.type="producer", segment.bytes=104857600} (kafka.log.LogManager)
<h13>: [2023-02-26 20:29:55,002] INFO [Partition __consumer_offsets-9 broker=13] No checkpointed highwatermark is found for partition __consumer_offsets-9 (kafka.cluster.Partition)
<h13>: [2023-02-26 20:29:55,002] INFO [Partition __consumer_offsets-9 broker=13] Log loaded for partition __consumer_offsets-9 with initial high watermark 0 (kafka.cluster.Partition)
<h13>: [2023-02-26 20:29:55,151] INFO [GroupCoordinator 13]: Elected as the group coordinator for partition 9 in epoch 0 (kafka.coordinator.group.GroupCoordinator)
<h13>: [2023-02-26 20:29:55,151] INFO [GroupMetadataManager brokerId=13] Scheduling loading of offsets and group metadata from __consumer_offsets-9 for epoch 0 (kafka.coordinator.group.GroupMetadataManager)
<h13>: [2023-02-26 20:29:55,152] INFO [GroupCoordinator 13]: Elected as the group coordinator for partition 39 in epoch 0 (kafka.coordinator.group.GroupCoordinator)
<h13>: [2023-02-26 20:29:55,153] INFO [GroupMetadataManager brokerId=13] Scheduling loading of offsets and group metadata from __consumer_offsets-39 for epoch 0 (kafka.coordinator.group.GroupMetadataManager)
<h13>: [2023-02-26 20:29:55,153] INFO [GroupCoordinator 13]: Elected as the group coordinator for partition 40 in epoch 0 (kafka.coordinator.group.GroupCoordinator)
<h13>: [2023-02-26 20:29:55,153] INFO [GroupMetadataManager brokerId=13] Scheduling loading of offsets and group metadata from __consumer_offsets-40 for epoch 0 (kafka.coordinator.group.GroupMetadataManager)
<h13>: [2023-02-26 20:29:55,161] INFO [GroupMetadataManager brokerId=13] Finished loading offsets and group metadata from __consumer_offsets-9 in 8 milliseconds for epoch 0, of which 3 milliseconds was spent in the scheduler. (kafka.coordinator.group.GroupMetadataManager)
<h13>: [2023-02-26 20:29:55,161] INFO [GroupMetadataManager brokerId=13] Finished loading offsets and group metadata from __consumer_offsets-39 in 8 milliseconds for epoch 0, of which 8 milliseconds was spent in the scheduler. (kafka.coordinator.group.GroupMetadataManager)
<h13>: [2023-02-26 20:29:55,162] INFO [GroupMetadataManager brokerId=13] Finished loading offsets and group metadata from __consumer_offsets-40 in 9 milliseconds for epoch 0, of which 8 milliseconds was spent in the scheduler. (kafka.coordinator.group.GroupMetadataManager)
<h13>: [2023-02-26 20:31:59,942] INFO [Controller 13] Created topic topic-0 with topic ID pdlBKgLLRDWnsdzKZEnY7A. (org.apache.kafka.controller.ReplicationControlManager)
<h13>: [2023-02-26 20:31:59,942] INFO [Controller 13] Created partition topic-0-0 with topic ID pdlBKgLLRDWnsdzKZEnY7A and PartitionRegistration(replicas=[7], isr=[7], removingReplicas=[], addingReplicas=[], leader=7, leaderEpoch=0, partitionEpoch=0). (org.apache.kafka.controller.ReplicationControlManager)
<h13>: [2023-02-26 20:37:13,139] INFO [BrokerToControllerChannelManager broker=13 name=forwarding] Node 1 disconnected. (org.apache.kafka.clients.NetworkClient)
<h13>: [2023-02-26 20:37:13,142] INFO [RaftManager nodeId=13] Node 1 disconnected. (org.apache.kafka.clients.NetworkClient)
<h13>: [2023-02-26 20:37:13,153] INFO [RaftManager nodeId=13] Cancelled in-flight FETCH request with correlation id 910 due to node 1 being disconnected (elapsed time since creation: 274ms, elapsed time since send: 274ms, request timeout: 120000ms) (org.apache.kafka.clients.NetworkClient)
<h13>: [2023-02-26 20:37:13,142] INFO [BrokerToControllerChannelManager broker=13 name=heartbeat] Node 1 disconnected. (org.apache.kafka.clients.NetworkClient)
<h13>: [2023-02-26 20:37:13,216] INFO [RaftManager nodeId=13] Node 1 disconnected. (org.apache.kafka.clients.NetworkClient)
<h13>: [2023-02-26 20:37:13,217] WARN [RaftManager nodeId=13] Connection to node 1 (/10.0.0.1:19092) could not be established. Broker may not be available. (org.apache.kafka.clients.NetworkClient)
<h13>: [2023-02-26 20:37:13,355] INFO [RaftManager nodeId=13] Node 1 disconnected. (org.apache.kafka.clients.NetworkClient)
<h13>: [2023-02-26 20:37:13,355] WARN [RaftManager nodeId=13] Connection to node 1 (/10.0.0.1:19092) could not be established. Broker may not be available. (org.apache.kafka.clients.NetworkClient)
<h13>: [2023-02-26 20:37:13,573] INFO [RaftManager nodeId=13] Node 1 disconnected. (org.apache.kafka.clients.NetworkClient)
<h13>: [2023-02-26 20:37:13,573] WARN [RaftManager nodeId=13] Connection to node 1 (/10.0.0.1:19092) could not be established. Broker may not be available. (org.apache.kafka.clients.NetworkClient)
