<h11>: [2023-02-26 20:29:29,505] INFO Registered kafka:type=kafka.Log4jController MBean (kafka.utils.Log4jControllerRegistration$)
<h11>: [2023-02-26 20:29:29,816] INFO Setting -D jdk.tls.rejectClientInitiatedRenegotiation=true to disable client-initiated TLS renegotiation (org.apache.zookeeper.common.X509Util)
<h11>: [2023-02-26 20:29:30,048] INFO [LogLoader partition=__cluster_metadata-0, dir=/home/visitor/neves/amnis-data-sync/./kafka-3.1.0/logs/kafka11] Loading producer state till offset 0 with message format version 2 (kafka.log.UnifiedLog$)
<h11>: [2023-02-26 20:29:30,049] INFO [LogLoader partition=__cluster_metadata-0, dir=/home/visitor/neves/amnis-data-sync/./kafka-3.1.0/logs/kafka11] Reloading from producer snapshot and rebuilding producer state from offset 0 (kafka.log.UnifiedLog$)
<h11>: [2023-02-26 20:29:30,050] INFO [LogLoader partition=__cluster_metadata-0, dir=/home/visitor/neves/amnis-data-sync/./kafka-3.1.0/logs/kafka11] Producer state recovery took 1ms for snapshot load and 0ms for segment recovery from offset 0 (kafka.log.UnifiedLog$)
<h11>: [2023-02-26 20:29:30,155] INFO [raft-expiration-reaper]: Starting (kafka.raft.TimingWheelExpirationService$ExpiredOperationReaper)
<h11>: [2023-02-26 20:29:30,390] INFO [RaftManager nodeId=11] Completed transition to Unattached(epoch=0, voters=[1, 2, 3, 4, 5, 6, 7, 8, 9, 10, 11, 12, 13, 14, 15, 16, 17, 18, 19, 20], electionTimeoutMs=15150) (org.apache.kafka.raft.QuorumState)
<h11>: [2023-02-26 20:29:30,417] INFO Registered signal handlers for TERM, INT, HUP (org.apache.kafka.common.utils.LoggingSignalHandler)
<h11>: [2023-02-26 20:29:30,423] INFO [kafka-raft-io-thread]: Starting (kafka.raft.KafkaRaftManager$RaftIoThread)
<h11>: [2023-02-26 20:29:30,423] INFO [kafka-raft-outbound-request-thread]: Starting (kafka.raft.RaftSendThread)
<h11>: [2023-02-26 20:29:30,426] INFO Starting controller (kafka.server.ControllerServer)
<h11>: [2023-02-26 20:29:30,826] INFO Updated connection-accept-rate max connection creation rate to 2147483647 (kafka.network.ConnectionQuotas)
<h11>: [2023-02-26 20:29:30,833] INFO Awaiting socket connections on 10.0.0.11:19102. (kafka.network.Acceptor)
<h11>: [2023-02-26 20:29:30,873] INFO [SocketServer listenerType=CONTROLLER, nodeId=11] Created data-plane acceptor and processors for endpoint : ListenerName(CONTROLLER) (kafka.network.SocketServer)
<h11>: [2023-02-26 20:29:30,901] INFO [RaftManager nodeId=11] Registered the listener org.apache.kafka.controller.QuorumController$QuorumMetaLogListener@1904203290 (org.apache.kafka.raft.KafkaRaftClient)
<h11>: [2023-02-26 20:29:30,910] INFO [ThrottledChannelReaper-Fetch]: Starting (kafka.server.ClientQuotaManager$ThrottledChannelReaper)
<h11>: [2023-02-26 20:29:30,914] INFO [ThrottledChannelReaper-Produce]: Starting (kafka.server.ClientQuotaManager$ThrottledChannelReaper)
<h11>: [2023-02-26 20:29:30,917] INFO [ThrottledChannelReaper-Request]: Starting (kafka.server.ClientQuotaManager$ThrottledChannelReaper)
<h11>: [2023-02-26 20:29:30,919] INFO [ThrottledChannelReaper-ControllerMutation]: Starting (kafka.server.ClientQuotaManager$ThrottledChannelReaper)
<h11>: [2023-02-26 20:29:30,943] INFO [ExpirationReaper-11-AlterAcls]: Starting (kafka.server.DelayedOperationPurgatory$ExpiredOperationReaper)
<h11>: [2023-02-26 20:29:30,948] INFO [SocketServer listenerType=CONTROLLER, nodeId=11] Starting socket server acceptors and processors (kafka.network.SocketServer)
<h11>: [2023-02-26 20:29:30,959] INFO [SocketServer listenerType=CONTROLLER, nodeId=11] Started data-plane acceptor and processor(s) for endpoint : ListenerName(CONTROLLER) (kafka.network.SocketServer)
<h11>: [2023-02-26 20:29:30,960] INFO [SocketServer listenerType=CONTROLLER, nodeId=11] Started socket server acceptors and processors (kafka.network.SocketServer)
<h11>: [2023-02-26 20:29:30,961] INFO [BrokerServer id=11] Transition from SHUTDOWN to STARTING (kafka.server.BrokerServer)
<h11>: [2023-02-26 20:29:30,961] INFO [BrokerServer id=11] Starting broker (kafka.server.BrokerServer)
<h11>: [2023-02-26 20:29:30,994] INFO [ThrottledChannelReaper-Fetch]: Starting (kafka.server.ClientQuotaManager$ThrottledChannelReaper)
<h11>: [2023-02-26 20:29:30,994] INFO [ThrottledChannelReaper-Request]: Starting (kafka.server.ClientQuotaManager$ThrottledChannelReaper)
<h11>: [2023-02-26 20:29:30,997] INFO [ThrottledChannelReaper-ControllerMutation]: Starting (kafka.server.ClientQuotaManager$ThrottledChannelReaper)
<h11>: [2023-02-26 20:29:30,997] INFO [ThrottledChannelReaper-Produce]: Starting (kafka.server.ClientQuotaManager$ThrottledChannelReaper)
<h11>: [2023-02-26 20:29:31,039] INFO [BrokerToControllerChannelManager broker=11 name=forwarding]: Starting (kafka.server.BrokerToControllerRequestThread)
<h11>: [2023-02-26 20:29:31,083] INFO Updated connection-accept-rate max connection creation rate to 2147483647 (kafka.network.ConnectionQuotas)
<h11>: [2023-02-26 20:29:31,083] INFO Awaiting socket connections on 0.0.0.0:9092. (kafka.network.Acceptor)
<h11>: [2023-02-26 20:29:31,092] INFO [SocketServer listenerType=BROKER, nodeId=11] Created data-plane acceptor and processors for endpoint : ListenerName(PLAINTEXT) (kafka.network.SocketServer)
<h11>: [2023-02-26 20:29:31,099] INFO [BrokerToControllerChannelManager broker=11 name=alterIsr]: Starting (kafka.server.BrokerToControllerRequestThread)
<h11>: [2023-02-26 20:29:31,120] INFO [ExpirationReaper-11-Produce]: Starting (kafka.server.DelayedOperationPurgatory$ExpiredOperationReaper)
<h11>: [2023-02-26 20:29:31,121] INFO [ExpirationReaper-11-Fetch]: Starting (kafka.server.DelayedOperationPurgatory$ExpiredOperationReaper)
<h11>: [2023-02-26 20:29:31,122] INFO [ExpirationReaper-11-DeleteRecords]: Starting (kafka.server.DelayedOperationPurgatory$ExpiredOperationReaper)
<h11>: [2023-02-26 20:29:31,123] INFO [ExpirationReaper-11-ElectLeader]: Starting (kafka.server.DelayedOperationPurgatory$ExpiredOperationReaper)
<h11>: [2023-02-26 20:29:31,147] INFO [ExpirationReaper-11-Heartbeat]: Starting (kafka.server.DelayedOperationPurgatory$ExpiredOperationReaper)
<h11>: [2023-02-26 20:29:31,150] INFO [ExpirationReaper-11-Rebalance]: Starting (kafka.server.DelayedOperationPurgatory$ExpiredOperationReaper)
<h11>: [2023-02-26 20:29:31,211] INFO [RaftManager nodeId=11] Registered the listener kafka.server.metadata.BrokerMetadataListener@960310414 (org.apache.kafka.raft.KafkaRaftClient)
<h11>: [2023-02-26 20:29:31,211] INFO [BrokerToControllerChannelManager broker=11 name=heartbeat]: Starting (kafka.server.BrokerToControllerRequestThread)
<h11>: [2023-02-26 20:29:31,219] INFO [BrokerLifecycleManager id=11] Incarnation vltlAgYgTRioxypHOQ8BSQ of broker 11 in cluster JmL9ihFRQmSabrNWrYSpjg is now STARTING. (kafka.server.BrokerLifecycleManager)
<h11>: [2023-02-26 20:29:31,243] INFO [ExpirationReaper-11-AlterAcls]: Starting (kafka.server.DelayedOperationPurgatory$ExpiredOperationReaper)
<h11>: [2023-02-26 20:29:32,580] INFO [RaftManager nodeId=11] Completed transition to Unattached(epoch=1, voters=[1, 2, 3, 4, 5, 6, 7, 8, 9, 10, 11, 12, 13, 14, 15, 16, 17, 18, 19, 20], electionTimeoutMs=12877) (org.apache.kafka.raft.QuorumState)
<h11>: [2023-02-26 20:29:32,738] INFO [RaftManager nodeId=11] Completed transition to Voted(epoch=1, votedId=1, voters=[1, 2, 3, 4, 5, 6, 7, 8, 9, 10, 11, 12, 13, 14, 15, 16, 17, 18, 19, 20], electionTimeoutMs=17898) (org.apache.kafka.raft.QuorumState)
<h11>: [2023-02-26 20:29:32,739] INFO [RaftManager nodeId=11] Vote request VoteRequestData(clusterId='JmL9ihFRQmSabrNWrYSpjg', topics=[TopicData(topicName='__cluster_metadata', partitions=[PartitionData(partitionIndex=0, candidateEpoch=1, candidateId=1, lastOffsetEpoch=0, lastOffset=0)])]) with epoch 1 is granted (org.apache.kafka.raft.KafkaRaftClient)
<h11>: [2023-02-26 20:29:33,126] INFO [RaftManager nodeId=11] Completed transition to FollowerState(fetchTimeoutMs=20000, epoch=1, leaderId=1, voters=[1, 2, 3, 4, 5, 6, 7, 8, 9, 10, 11, 12, 13, 14, 15, 16, 17, 18, 19, 20], highWatermark=Optional.empty, fetchingSnapshot=Optional.empty) (org.apache.kafka.raft.QuorumState)
<h11>: [2023-02-26 20:29:33,174] INFO [BrokerToControllerChannelManager broker=11 name=forwarding]: Recorded new controller, from now on will use broker 10.0.0.1:19092 (id: 1 rack: null) (kafka.server.BrokerToControllerRequestThread)
<h11>: [2023-02-26 20:29:33,221] INFO [BrokerToControllerChannelManager broker=11 name=heartbeat]: Recorded new controller, from now on will use broker 10.0.0.1:19092 (id: 1 rack: null) (kafka.server.BrokerToControllerRequestThread)
<h11>: [2023-02-26 20:29:33,225] INFO [BrokerToControllerChannelManager broker=11 name=alterIsr]: Recorded new controller, from now on will use broker 10.0.0.1:19092 (id: 1 rack: null) (kafka.server.BrokerToControllerRequestThread)
<h11>: [2023-02-26 20:29:33,674] INFO [BrokerLifecycleManager id=11] Successfully registered broker 11 with broker epoch 12 (kafka.server.BrokerLifecycleManager)
<h11>: [2023-02-26 20:29:34,098] INFO [Controller 11] Registered new broker: RegisterBrokerRecord(brokerId=1, incarnationId=6rIgwvzsRMObLP09_LWn5A, brokerEpoch=0, endPoints=[BrokerEndpoint(name='PLAINTEXT', host='10.0.0.1', port=9092, securityProtocol=0)], features=[], rack=null, fenced=true) (org.apache.kafka.controller.ClusterControlManager)
<h11>: [2023-02-26 20:29:34,099] INFO [Controller 11] Registered new broker: RegisterBrokerRecord(brokerId=6, incarnationId=tWJGIuImQuOPSh9jHcvzcQ, brokerEpoch=2, endPoints=[BrokerEndpoint(name='PLAINTEXT', host='10.0.0.6', port=9092, securityProtocol=0)], features=[], rack=null, fenced=true) (org.apache.kafka.controller.ClusterControlManager)
<h11>: [2023-02-26 20:29:34,099] INFO [Controller 11] Registered new broker: RegisterBrokerRecord(brokerId=7, incarnationId=O1z5PGXXQRqq0Ox8ftec9w, brokerEpoch=3, endPoints=[BrokerEndpoint(name='PLAINTEXT', host='10.0.0.7', port=9092, securityProtocol=0)], features=[], rack=null, fenced=true) (org.apache.kafka.controller.ClusterControlManager)
<h11>: [2023-02-26 20:29:34,099] INFO [Controller 11] Registered new broker: RegisterBrokerRecord(brokerId=12, incarnationId=l7BYBuzYSheQw-kIzb6D2A, brokerEpoch=4, endPoints=[BrokerEndpoint(name='PLAINTEXT', host='10.0.0.12', port=9092, securityProtocol=0)], features=[], rack=null, fenced=true) (org.apache.kafka.controller.ClusterControlManager)
<h11>: [2023-02-26 20:29:34,099] INFO [Controller 11] Registered new broker: RegisterBrokerRecord(brokerId=2, incarnationId=muwjgDb5Qvu5EYbOfhl71A, brokerEpoch=5, endPoints=[BrokerEndpoint(name='PLAINTEXT', host='10.0.0.2', port=9092, securityProtocol=0)], features=[], rack=null, fenced=true) (org.apache.kafka.controller.ClusterControlManager)
<h11>: [2023-02-26 20:29:34,099] INFO [Controller 11] Registered new broker: RegisterBrokerRecord(brokerId=5, incarnationId=en4z4Pd0RhGZ9fpLM1HXJQ, brokerEpoch=6, endPoints=[BrokerEndpoint(name='PLAINTEXT', host='10.0.0.5', port=9092, securityProtocol=0)], features=[], rack=null, fenced=true) (org.apache.kafka.controller.ClusterControlManager)
<h11>: [2023-02-26 20:29:34,099] INFO [Controller 11] Registered new broker: RegisterBrokerRecord(brokerId=3, incarnationId=OLs9mZoTToi95TKnegOEug, brokerEpoch=7, endPoints=[BrokerEndpoint(name='PLAINTEXT', host='10.0.0.3', port=9092, securityProtocol=0)], features=[], rack=null, fenced=true) (org.apache.kafka.controller.ClusterControlManager)
<h11>: [2023-02-26 20:29:34,099] INFO [Controller 11] Registered new broker: RegisterBrokerRecord(brokerId=10, incarnationId=w_JJdsbjRIWECHGlzrAvtQ, brokerEpoch=8, endPoints=[BrokerEndpoint(name='PLAINTEXT', host='10.0.0.10', port=9092, securityProtocol=0)], features=[], rack=null, fenced=true) (org.apache.kafka.controller.ClusterControlManager)
<h11>: [2023-02-26 20:29:34,100] INFO [Controller 11] Registered new broker: RegisterBrokerRecord(brokerId=8, incarnationId=u0aWgOCAS92KIIb382hzZw, brokerEpoch=9, endPoints=[BrokerEndpoint(name='PLAINTEXT', host='10.0.0.8', port=9092, securityProtocol=0)], features=[], rack=null, fenced=true) (org.apache.kafka.controller.ClusterControlManager)
<h11>: [2023-02-26 20:29:34,100] INFO [Controller 11] Registered new broker: RegisterBrokerRecord(brokerId=9, incarnationId=DoHwaS4STcS5kiFGsI8DHg, brokerEpoch=10, endPoints=[BrokerEndpoint(name='PLAINTEXT', host='10.0.0.9', port=9092, securityProtocol=0)], features=[], rack=null, fenced=true) (org.apache.kafka.controller.ClusterControlManager)
<h11>: [2023-02-26 20:29:34,100] INFO [Controller 11] Registered new broker: RegisterBrokerRecord(brokerId=4, incarnationId=ysYN0e7DSYyNQOeizVdmXA, brokerEpoch=11, endPoints=[BrokerEndpoint(name='PLAINTEXT', host='10.0.0.4', port=9092, securityProtocol=0)], features=[], rack=null, fenced=true) (org.apache.kafka.controller.ClusterControlManager)
<h11>: [2023-02-26 20:29:34,100] INFO [Controller 11] Registered new broker: RegisterBrokerRecord(brokerId=11, incarnationId=vltlAgYgTRioxypHOQ8BSQ, brokerEpoch=12, endPoints=[BrokerEndpoint(name='PLAINTEXT', host='10.0.0.11', port=9092, securityProtocol=0)], features=[], rack=null, fenced=true) (org.apache.kafka.controller.ClusterControlManager)
<h11>: [2023-02-26 20:29:34,635] INFO [Controller 11] Unfenced broker: UnfenceBrokerRecord(id=1, epoch=0) (org.apache.kafka.controller.ClusterControlManager)
<h11>: [2023-02-26 20:29:35,241] INFO [Controller 11] Registered new broker: RegisterBrokerRecord(brokerId=13, incarnationId=ASDOl6kTROCykY11g3mL_A, brokerEpoch=14, endPoints=[BrokerEndpoint(name='PLAINTEXT', host='10.0.0.13', port=9092, securityProtocol=0)], features=[], rack=null, fenced=true) (org.apache.kafka.controller.ClusterControlManager)
<h11>: [2023-02-26 20:29:39,317] INFO [Controller 11] Unfenced broker: UnfenceBrokerRecord(id=13, epoch=14) (org.apache.kafka.controller.ClusterControlManager)
<h11>: [2023-02-26 20:29:39,317] INFO [Controller 11] Unfenced broker: UnfenceBrokerRecord(id=3, epoch=7) (org.apache.kafka.controller.ClusterControlManager)
<h11>: [2023-02-26 20:29:39,317] INFO [Controller 11] Unfenced broker: UnfenceBrokerRecord(id=10, epoch=8) (org.apache.kafka.controller.ClusterControlManager)
<h11>: [2023-02-26 20:29:39,317] INFO [Controller 11] Unfenced broker: UnfenceBrokerRecord(id=12, epoch=4) (org.apache.kafka.controller.ClusterControlManager)
<h11>: [2023-02-26 20:29:39,317] INFO [Controller 11] Unfenced broker: UnfenceBrokerRecord(id=6, epoch=2) (org.apache.kafka.controller.ClusterControlManager)
<h11>: [2023-02-26 20:29:39,949] INFO [Controller 11] Registered new broker: RegisterBrokerRecord(brokerId=15, incarnationId=rimofCmQTV-dFYcy3Xgu1g, brokerEpoch=20, endPoints=[BrokerEndpoint(name='PLAINTEXT', host='10.0.0.15', port=9092, securityProtocol=0)], features=[], rack=null, fenced=true) (org.apache.kafka.controller.ClusterControlManager)
<h11>: [2023-02-26 20:29:39,949] INFO [Controller 11] Registered new broker: RegisterBrokerRecord(brokerId=17, incarnationId=3wYalzwcT9iEiHhlAZ1NlA, brokerEpoch=21, endPoints=[BrokerEndpoint(name='PLAINTEXT', host='10.0.0.17', port=9092, securityProtocol=0)], features=[], rack=null, fenced=true) (org.apache.kafka.controller.ClusterControlManager)
<h11>: [2023-02-26 20:29:39,949] INFO [Controller 11] Registered new broker: RegisterBrokerRecord(brokerId=18, incarnationId=t-_qwTjGR92U33fDvvL8kQ, brokerEpoch=22, endPoints=[BrokerEndpoint(name='PLAINTEXT', host='10.0.0.18', port=9092, securityProtocol=0)], features=[], rack=null, fenced=true) (org.apache.kafka.controller.ClusterControlManager)
<h11>: [2023-02-26 20:29:39,949] INFO [Controller 11] Registered new broker: RegisterBrokerRecord(brokerId=14, incarnationId=r3uoR0x-Tnq2UoG47-pYnA, brokerEpoch=23, endPoints=[BrokerEndpoint(name='PLAINTEXT', host='10.0.0.14', port=9092, securityProtocol=0)], features=[], rack=null, fenced=true) (org.apache.kafka.controller.ClusterControlManager)
<h11>: [2023-02-26 20:29:39,950] INFO [Controller 11] Registered new broker: RegisterBrokerRecord(brokerId=16, incarnationId=hjwCXEURRIaUSK9mevc7GA, brokerEpoch=24, endPoints=[BrokerEndpoint(name='PLAINTEXT', host='10.0.0.16', port=9092, securityProtocol=0)], features=[], rack=null, fenced=true) (org.apache.kafka.controller.ClusterControlManager)
<h11>: [2023-02-26 20:29:40,460] INFO [Controller 11] Registered new broker: RegisterBrokerRecord(brokerId=19, incarnationId=xwO9ZQBTRxqwhQWRK5nRmQ, brokerEpoch=25, endPoints=[BrokerEndpoint(name='PLAINTEXT', host='10.0.0.19', port=9092, securityProtocol=0)], features=[], rack=null, fenced=true) (org.apache.kafka.controller.ClusterControlManager)
<h11>: [2023-02-26 20:29:40,491] INFO [BrokerLifecycleManager id=11] The broker has caught up. Transitioning from STARTING to RECOVERY. (kafka.server.BrokerLifecycleManager)
<h11>: [2023-02-26 20:29:40,494] INFO [BrokerMetadataListener id=11] Starting to publish metadata events at offset 25. (kafka.server.metadata.BrokerMetadataListener)
<h11>: [2023-02-26 20:29:40,495] INFO [BrokerMetadataPublisher id=11] Publishing initial metadata at offset OffsetAndEpoch(offset=25, epoch=1). (kafka.server.metadata.BrokerMetadataPublisher)
<h11>: [2023-02-26 20:29:40,496] INFO Loading logs from log dirs ArraySeq(/home/visitor/neves/amnis-data-sync/./kafka-3.1.0/logs/kafka11) (kafka.log.LogManager)
<h11>: [2023-02-26 20:29:40,497] INFO Attempting recovery for all logs in /home/visitor/neves/amnis-data-sync/./kafka-3.1.0/logs/kafka11 since no clean shutdown file was found (kafka.log.LogManager)
<h11>: [2023-02-26 20:29:40,502] INFO Loaded 0 logs in 6ms. (kafka.log.LogManager)
<h11>: [2023-02-26 20:29:40,502] INFO Starting log cleanup with a period of 300000 ms. (kafka.log.LogManager)
<h11>: [2023-02-26 20:29:40,503] INFO Starting log flusher with a default period of 9223372036854775807 ms. (kafka.log.LogManager)
<h11>: [2023-02-26 20:29:40,510] INFO [BrokerLifecycleManager id=11] The broker is in RECOVERY. (kafka.server.BrokerLifecycleManager)
<h11>: [2023-02-26 20:29:40,676] INFO [GroupCoordinator 11]: Starting up. (kafka.coordinator.group.GroupCoordinator)
<h11>: [2023-02-26 20:29:40,688] INFO [GroupCoordinator 11]: Startup complete. (kafka.coordinator.group.GroupCoordinator)
<h11>: [2023-02-26 20:29:40,688] INFO [TransactionCoordinator id=11] Starting up. (kafka.coordinator.transaction.TransactionCoordinator)
<h11>: [2023-02-26 20:29:40,760] INFO [LogDirFailureHandler]: Starting (kafka.server.ReplicaManager$LogDirFailureHandler)
<h11>: [2023-02-26 20:29:40,783] INFO [TransactionCoordinator id=11] Startup complete. (kafka.coordinator.transaction.TransactionCoordinator)
<h11>: [2023-02-26 20:29:40,818] INFO [Transaction Marker Channel Manager 11]: Starting (kafka.coordinator.transaction.TransactionMarkerChannelManager)
<h11>: [2023-02-26 20:29:40,833] INFO KafkaConfig values: 
<h11>: 	advertised.listeners = PLAINTEXT://10.0.0.11:9092
<h11>: 	alter.config.policy.class.name = null
<h11>: 	alter.log.dirs.replication.quota.window.num = 11
<h11>: 	alter.log.dirs.replication.quota.window.size.seconds = 1
<h11>: 	authorizer.class.name = 
<h11>: 	auto.create.topics.enable = true
<h11>: 	auto.leader.rebalance.enable = true
<h11>: 	background.threads = 10
<h11>: 	broker.heartbeat.interval.ms = 2000
<h11>: 	broker.id = 11
<h11>: 	broker.id.generation.enable = true
<h11>: 	broker.rack = null
<h11>: 	broker.session.timeout.ms = 120000
<h11>: 	client.quota.callback.class = null
<h11>: 	compression.type = producer
<h11>: 	connection.failed.authentication.delay.ms = 100
<h11>: 	connections.max.idle.ms = 600000
<h11>: 	connections.max.reauth.ms = 0
<h11>: 	control.plane.listener.name = null
<h11>: 	controlled.shutdown.enable = true
<h11>: 	controlled.shutdown.max.retries = 3
<h11>: 	controlled.shutdown.retry.backoff.ms = 5000
<h11>: 	controller.listener.names = CONTROLLER
<h11>: 	controller.quorum.append.linger.ms = 25
<h11>: 	controller.quorum.election.backoff.max.ms = 10000
<h11>: 	controller.quorum.election.timeout.ms = 10000
<h11>: 	controller.quorum.fetch.timeout.ms = 20000
<h11>: 	controller.quorum.request.timeout.ms = 120000
<h11>: 	controller.quorum.retry.backoff.ms = 20
<h11>: 	controller.quorum.voters = [1@10.0.0.1:19092, 2@10.0.0.2:19093, 3@10.0.0.3:19094, 4@10.0.0.4:19095, 5@10.0.0.5:19096, 6@10.0.0.6:19097, 7@10.0.0.7:19098, 8@10.0.0.8:19099, 9@10.0.0.9:19100, 10@10.0.0.10:19101, 11@10.0.0.11:19102, 12@10.0.0.12:19103, 13@10.0.0.13:19104, 14@10.0.0.14:19105, 15@10.0.0.15:19106, 16@10.0.0.16:19107, 17@10.0.0.17:19108, 18@10.0.0.18:19109, 19@10.0.0.19:19110, 20@10.0.0.20:19111:9093]
<h11>: 	controller.quota.window.num = 11
<h11>: 	controller.quota.window.size.seconds = 1
<h11>: 	controller.socket.timeout.ms = 300000
<h11>: 	create.topic.policy.class.name = null
<h11>: 	default.replication.factor = 1
<h11>: 	delegation.token.expiry.check.interval.ms = 3600000
<h11>: 	delegation.token.expiry.time.ms = 86400000
<h11>: 	delegation.token.master.key = null
<h11>: 	delegation.token.max.lifetime.ms = 604800000
<h11>: 	delegation.token.secret.key = null
<h11>: 	delete.records.purgatory.purge.interval.requests = 1
<h11>: 	delete.topic.enable = true
<h11>: 	fetch.max.bytes = 57671680
<h11>: 	fetch.purgatory.purge.interval.requests = 1000
<h11>: 	group.initial.rebalance.delay.ms = 3000
<h11>: 	group.max.session.timeout.ms = 1800000
<h11>: 	group.max.size = 2147483647
<h11>: 	group.min.session.timeout.ms = 6000
<h11>: 	initial.broker.registration.timeout.ms = 180000
<h11>: 	inter.broker.listener.name = PLAINTEXT
<h11>: 	inter.broker.protocol.version = 3.1-IV0
<h11>: 	kafka.metrics.polling.interval.secs = 10
<h11>: 	kafka.metrics.reporters = []
<h11>: 	leader.imbalance.check.interval.seconds = 300
<h11>: 	leader.imbalance.per.broker.percentage = 10
<h11>: 	listener.security.protocol.map = PLAINTEXT:PLAINTEXT,SSL:SSL,SASL_PLAINTEXT:SASL_PLAINTEXT,SASL_SSL:SASL_SSL
<h11>: 	listeners = PLAINTEXT://:9092,CONTROLLER://10.0.0.11:19102
<h11>: 	log.cleaner.backoff.ms = 15000
<h11>: 	log.cleaner.dedupe.buffer.size = 134217728
<h11>: 	log.cleaner.delete.retention.ms = 86400000
<h11>: 	log.cleaner.enable = true
<h11>: 	log.cleaner.io.buffer.load.factor = 0.9
<h11>: 	log.cleaner.io.buffer.size = 524288
<h11>: 	log.cleaner.io.max.bytes.per.second = 1.7976931348623157E308
<h11>: 	log.cleaner.max.compaction.lag.ms = 9223372036854775807
<h11>: 	log.cleaner.min.cleanable.ratio = 0.5
<h11>: 	log.cleaner.min.compaction.lag.ms = 0
<h11>: 	log.cleaner.threads = 1
<h11>: 	log.cleanup.policy = [delete]
<h11>: 	log.dir = /tmp/kafka-logs
<h11>: 	log.dirs = ./kafka-3.1.0/logs/kafka11
<h11>: 	log.flush.interval.messages = 9223372036854775807
<h11>: 	log.flush.interval.ms = null
<h11>: 	log.flush.offset.checkpoint.interval.ms = 60000
<h11>: 	log.flush.scheduler.interval.ms = 9223372036854775807
<h11>: 	log.flush.start.offset.checkpoint.interval.ms = 60000
<h11>: 	log.index.interval.bytes = 4096
<h11>: 	log.index.size.max.bytes = 10485760
<h11>: 	log.message.downconversion.enable = true
<h11>: 	log.message.format.version = 3.0-IV1
<h11>: 	log.message.timestamp.difference.max.ms = 9223372036854775807
<h11>: 	log.message.timestamp.type = CreateTime
<h11>: 	log.preallocate = false
<h11>: 	log.retention.bytes = -1
<h11>: 	log.retention.check.interval.ms = 300000
<h11>: 	log.retention.hours = 168
<h11>: 	log.retention.minutes = null
<h11>: 	log.retention.ms = null
<h11>: 	log.roll.hours = 168
<h11>: 	log.roll.jitter.hours = 0
<h11>: 	log.roll.jitter.ms = null
<h11>: 	log.roll.ms = null
<h11>: 	log.segment.bytes = 1073741824
<h11>: 	log.segment.delete.delay.ms = 60000
<h11>: 	max.connection.creation.rate = 2147483647
<h11>: 	max.connections = 2147483647
<h11>: 	max.connections.per.ip = 2147483647
<h11>: 	max.connections.per.ip.overrides = 
<h11>: 	max.incremental.fetch.session.cache.slots = 1000
<h11>: 	message.max.bytes = 1048588
<h11>: 	metadata.log.dir = null
<h11>: 	metadata.log.max.record.bytes.between.snapshots = 20971520
<h11>: 	metadata.log.segment.bytes = 1073741824
<h11>: 	metadata.log.segment.min.bytes = 8388608
<h11>: 	metadata.log.segment.ms = 604800000
<h11>: 	metadata.max.retention.bytes = -1
<h11>: 	metadata.max.retention.ms = 604800000
<h11>: 	metric.reporters = []
<h11>: 	metrics.num.samples = 2
<h11>: 	metrics.recording.level = INFO
<h11>: 	metrics.sample.window.ms = 30000
<h11>: 	min.insync.replicas = 1
<h11>: 	node.id = 11
<h11>: 	num.io.threads = 8
<h11>: 	num.network.threads = 3
<h11>: 	num.partitions = 1
<h11>: 	num.recovery.threads.per.data.dir = 1
<h11>: 	num.replica.alter.log.dirs.threads = null
<h11>: 	num.replica.fetchers = 1
<h11>: 	offset.metadata.max.bytes = 4096
<h11>: 	offsets.commit.required.acks = -1
<h11>: 	offsets.commit.timeout.ms = 5000
<h11>: 	offsets.load.buffer.size = 5242880
<h11>: 	offsets.retention.check.interval.ms = 600000
<h11>: 	offsets.retention.minutes = 10080
<h11>: 	offsets.topic.compression.codec = 0
<h11>: 	offsets.topic.num.partitions = 50
<h11>: 	offsets.topic.replication.factor = 1
<h11>: 	offsets.topic.segment.bytes = 104857600
<h11>: 	password.encoder.cipher.algorithm = AES/CBC/PKCS5Padding
<h11>: 	password.encoder.iterations = 4096
<h11>: 	password.encoder.key.length = 128
<h11>: 	password.encoder.keyfactory.algorithm = null
<h11>: 	password.encoder.old.secret = null
<h11>: 	password.encoder.secret = null
<h11>: 	principal.builder.class = class org.apache.kafka.common.security.authenticator.DefaultKafkaPrincipalBuilder
<h11>: 	process.roles = [broker, controller]
<h11>: 	producer.purgatory.purge.interval.requests = 1000
<h11>: 	queued.max.request.bytes = -1
<h11>: 	queued.max.requests = 500
<h11>: 	quota.window.num = 11
<h11>: 	quota.window.size.seconds = 1
<h11>: 	remote.log.index.file.cache.total.size.bytes = 1073741824
<h11>: 	remote.log.manager.task.interval.ms = 30000
<h11>: 	remote.log.manager.task.retry.backoff.max.ms = 30000
<h11>: 	remote.log.manager.task.retry.backoff.ms = 500
<h11>: 	remote.log.manager.task.retry.jitter = 0.2
<h11>: 	remote.log.manager.thread.pool.size = 10
<h11>: 	remote.log.metadata.manager.class.name = null
<h11>: 	remote.log.metadata.manager.class.path = null
<h11>: 	remote.log.metadata.manager.impl.prefix = null
<h11>: 	remote.log.metadata.manager.listener.name = null
<h11>: 	remote.log.reader.max.pending.tasks = 100
<h11>: 	remote.log.reader.threads = 10
<h11>: 	remote.log.storage.manager.class.name = null
<h11>: 	remote.log.storage.manager.class.path = null
<h11>: 	remote.log.storage.manager.impl.prefix = null
<h11>: 	remote.log.storage.system.enable = false
<h11>: 	replica.fetch.backoff.ms = 1000
<h11>: 	replica.fetch.max.bytes = 1048576
<h11>: 	replica.fetch.min.bytes = 1
<h11>: 	replica.fetch.response.max.bytes = 10485760
<h11>: 	replica.fetch.wait.max.ms = 500
<h11>: 	replica.high.watermark.checkpoint.interval.ms = 5000
<h11>: 	replica.lag.time.max.ms = 30000
<h11>: 	replica.selector.class = null
<h11>: 	replica.socket.receive.buffer.bytes = 65536
<h11>: 	replica.socket.timeout.ms = 30000
<h11>: 	replication.quota.window.num = 11
<h11>: 	replication.quota.window.size.seconds = 1
<h11>: 	request.timeout.ms = 300000
<h11>: 	reserved.broker.max.id = 1000
<h11>: 	sasl.client.callback.handler.class = null
<h11>: 	sasl.enabled.mechanisms = [GSSAPI]
<h11>: 	sasl.jaas.config = null
<h11>: 	sasl.kerberos.kinit.cmd = /usr/bin/kinit
<h11>: 	sasl.kerberos.min.time.before.relogin = 60000
<h11>: 	sasl.kerberos.principal.to.local.rules = [DEFAULT]
<h11>: 	sasl.kerberos.service.name = null
<h11>: 	sasl.kerberos.ticket.renew.jitter = 0.05
<h11>: 	sasl.kerberos.ticket.renew.window.factor = 0.8
<h11>: 	sasl.login.callback.handler.class = null
<h11>: 	sasl.login.class = null
<h11>: 	sasl.login.connect.timeout.ms = null
<h11>: 	sasl.login.read.timeout.ms = null
<h11>: 	sasl.login.refresh.buffer.seconds = 300
<h11>: 	sasl.login.refresh.min.period.seconds = 60
<h11>: 	sasl.login.refresh.window.factor = 0.8
<h11>: 	sasl.login.refresh.window.jitter = 0.05
<h11>: 	sasl.login.retry.backoff.max.ms = 10000
<h11>: 	sasl.login.retry.backoff.ms = 100
<h11>: 	sasl.mechanism.controller.protocol = GSSAPI
<h11>: 	sasl.mechanism.inter.broker.protocol = GSSAPI
<h11>: 	sasl.oauthbearer.clock.skew.seconds = 30
<h11>: 	sasl.oauthbearer.expected.audience = null
<h11>: 	sasl.oauthbearer.expected.issuer = null
<h11>: 	sasl.oauthbearer.jwks.endpoint.refresh.ms = 3600000
<h11>: 	sasl.oauthbearer.jwks.endpoint.retry.backoff.max.ms = 10000
<h11>: 	sasl.oauthbearer.jwks.endpoint.retry.backoff.ms = 100
<h11>: 	sasl.oauthbearer.jwks.endpoint.url = null
<h11>: 	sasl.oauthbearer.scope.claim.name = scope
<h11>: 	sasl.oauthbearer.sub.claim.name = sub
<h11>: 	sasl.oauthbearer.token.endpoint.url = null
<h11>: 	sasl.server.callback.handler.class = null
<h11>: 	security.inter.broker.protocol = PLAINTEXT
<h11>: 	security.providers = null
<h11>: 	socket.connection.setup.timeout.max.ms = 300000
<h11>: 	socket.connection.setup.timeout.ms = 120000
<h11>: 	socket.receive.buffer.bytes = 102400
<h11>: 	socket.request.max.bytes = 104857600
<h11>: 	socket.send.buffer.bytes = 102400
<h11>: 	ssl.cipher.suites = []
<h11>: 	ssl.client.auth = none
<h11>: 	ssl.enabled.protocols = [TLSv1.2, TLSv1.3]
<h11>: 	ssl.endpoint.identification.algorithm = https
<h11>: 	ssl.engine.factory.class = null
<h11>: 	ssl.key.password = null
<h11>: 	ssl.keymanager.algorithm = SunX509
<h11>: 	ssl.keystore.certificate.chain = null
<h11>: 	ssl.keystore.key = null
<h11>: 	ssl.keystore.location = null
<h11>: 	ssl.keystore.password = null
<h11>: 	ssl.keystore.type = JKS
<h11>: 	ssl.principal.mapping.rules = DEFAULT
<h11>: 	ssl.protocol = TLSv1.3
<h11>: 	ssl.provider = null
<h11>: 	ssl.secure.random.implementation = null
<h11>: 	ssl.trustmanager.algorithm = PKIX
<h11>: 	ssl.truststore.certificates = null
<h11>: 	ssl.truststore.location = null
<h11>: 	ssl.truststore.password = null
<h11>: 	ssl.truststore.type = JKS
<h11>: 	transaction.abort.timed.out.transaction.cleanup.interval.ms = 10000
<h11>: 	transaction.max.timeout.ms = 900000
<h11>: 	transaction.remove.expired.transaction.cleanup.interval.ms = 3600000
<h11>: 	transaction.state.log.load.buffer.size = 5242880
<h11>: 	transaction.state.log.min.isr = 1
<h11>: 	transaction.state.log.num.partitions = 50
<h11>: 	transaction.state.log.replication.factor = 1
<h11>: 	transaction.state.log.segment.bytes = 104857600
<h11>: 	transactional.id.expiration.ms = 604800000
<h11>: 	unclean.leader.election.enable = false
<h11>: 	zookeeper.clientCnxnSocket = null
<h11>: 	zookeeper.connect = null
<h11>: 	zookeeper.connection.timeout.ms = null
<h11>: 	zookeeper.max.in.flight.requests = 10
<h11>: 	zookeeper.session.timeout.ms = 18000
<h11>: 	zookeeper.set.acl = false
<h11>: 	zookeeper.ssl.cipher.suites = null
<h11>: 	zookeeper.ssl.client.enable = false
<h11>: 	zookeeper.ssl.crl.enable = false
<h11>: 	zookeeper.ssl.enabled.protocols = null
<h11>: 	zookeeper.ssl.endpoint.identification.algorithm = HTTPS
<h11>: 	zookeeper.ssl.keystore.location = null
<h11>: 	zookeeper.ssl.keystore.password = null
<h11>: 	zookeeper.ssl.keystore.type = null
<h11>: 	zookeeper.ssl.ocsp.enable = false
<h11>: 	zookeeper.ssl.protocol = TLSv1.2
<h11>: 	zookeeper.ssl.truststore.location = null
<h11>: 	zookeeper.ssl.truststore.password = null
<h11>: 	zookeeper.ssl.truststore.type = null
<h11>: 	zookeeper.sync.time.ms = 2000
<h11>:  (kafka.server.KafkaConfig)
<h11>: [2023-02-26 20:29:40,837] INFO [SocketServer listenerType=BROKER, nodeId=11] Starting socket server acceptors and processors (kafka.network.SocketServer)
<h11>: [2023-02-26 20:29:40,872] INFO [SocketServer listenerType=BROKER, nodeId=11] Started data-plane acceptor and processor(s) for endpoint : ListenerName(PLAINTEXT) (kafka.network.SocketServer)
<h11>: [2023-02-26 20:29:40,872] INFO [SocketServer listenerType=BROKER, nodeId=11] Started socket server acceptors and processors (kafka.network.SocketServer)
<h11>: [2023-02-26 20:29:40,872] INFO [BrokerServer id=11] Transition from STARTING to STARTED (kafka.server.BrokerServer)
<h11>: [2023-02-26 20:29:40,873] INFO Kafka version: 3.1.0 (org.apache.kafka.common.utils.AppInfoParser)
<h11>: [2023-02-26 20:29:40,873] INFO Kafka commitId: unknown (org.apache.kafka.common.utils.AppInfoParser)
<h11>: [2023-02-26 20:29:40,873] INFO Kafka startTimeMs: 1677457780873 (org.apache.kafka.common.utils.AppInfoParser)
<h11>: [2023-02-26 20:29:40,874] INFO Kafka Server started (kafka.server.KafkaRaftServer)
<h11>: [2023-02-26 20:29:41,031] INFO [Controller 11] Unfenced broker: UnfenceBrokerRecord(id=19, epoch=25) (org.apache.kafka.controller.ClusterControlManager)
<h11>: [2023-02-26 20:29:41,037] INFO [BrokerLifecycleManager id=11] The broker has been unfenced. Transitioning from RECOVERY to RUNNING. (kafka.server.BrokerLifecycleManager)
<h11>: [2023-02-26 20:29:41,544] INFO [Controller 11] Unfenced broker: UnfenceBrokerRecord(id=4, epoch=11) (org.apache.kafka.controller.ClusterControlManager)
<h11>: [2023-02-26 20:29:41,544] INFO [Controller 11] Unfenced broker: UnfenceBrokerRecord(id=7, epoch=3) (org.apache.kafka.controller.ClusterControlManager)
<h11>: [2023-02-26 20:29:41,544] INFO [Controller 11] Unfenced broker: UnfenceBrokerRecord(id=2, epoch=5) (org.apache.kafka.controller.ClusterControlManager)
<h11>: [2023-02-26 20:29:41,544] INFO [Controller 11] Unfenced broker: UnfenceBrokerRecord(id=5, epoch=6) (org.apache.kafka.controller.ClusterControlManager)
<h11>: [2023-02-26 20:29:41,544] INFO [Controller 11] Unfenced broker: UnfenceBrokerRecord(id=8, epoch=9) (org.apache.kafka.controller.ClusterControlManager)
<h11>: [2023-02-26 20:29:41,544] INFO [Controller 11] Unfenced broker: UnfenceBrokerRecord(id=11, epoch=12) (org.apache.kafka.controller.ClusterControlManager)
<h11>: [2023-02-26 20:29:41,544] INFO [Controller 11] Unfenced broker: UnfenceBrokerRecord(id=9, epoch=10) (org.apache.kafka.controller.ClusterControlManager)
<h11>: [2023-02-26 20:29:42,810] INFO [Controller 11] Unfenced broker: UnfenceBrokerRecord(id=17, epoch=21) (org.apache.kafka.controller.ClusterControlManager)
<h11>: [2023-02-26 20:29:42,810] INFO [Controller 11] Unfenced broker: UnfenceBrokerRecord(id=14, epoch=23) (org.apache.kafka.controller.ClusterControlManager)
<h11>: [2023-02-26 20:29:42,810] INFO [Controller 11] Unfenced broker: UnfenceBrokerRecord(id=16, epoch=24) (org.apache.kafka.controller.ClusterControlManager)
<h11>: [2023-02-26 20:29:42,810] INFO [Controller 11] Unfenced broker: UnfenceBrokerRecord(id=15, epoch=20) (org.apache.kafka.controller.ClusterControlManager)
<h11>: [2023-02-26 20:29:42,810] INFO [Controller 11] Unfenced broker: UnfenceBrokerRecord(id=18, epoch=22) (org.apache.kafka.controller.ClusterControlManager)
<h11>: [2023-02-26 20:29:51,727] INFO [RaftManager nodeId=11] Vote request VoteRequestData(clusterId='JmL9ihFRQmSabrNWrYSpjg', topics=[TopicData(topicName='__cluster_metadata', partitions=[PartitionData(partitionIndex=0, candidateEpoch=1, candidateId=20, lastOffsetEpoch=0, lastOffset=0)])]) with epoch 1 is rejected (org.apache.kafka.raft.KafkaRaftClient)
<h11>: [2023-02-26 20:29:52,511] INFO [Controller 11] Registered new broker: RegisterBrokerRecord(brokerId=20, incarnationId=dDGA3CuHTBykH0pzUbhwmA, brokerEpoch=39, endPoints=[BrokerEndpoint(name='PLAINTEXT', host='10.0.0.20', port=9092, securityProtocol=0)], features=[], rack=null, fenced=true) (org.apache.kafka.controller.ClusterControlManager)
<h11>: [2023-02-26 20:29:53,443] INFO [Controller 11] Unfenced broker: UnfenceBrokerRecord(id=20, epoch=39) (org.apache.kafka.controller.ClusterControlManager)
<h11>: [2023-02-26 20:29:53,446] INFO [Controller 11] Created topic topic-1 with topic ID dVvmnTbzTJCZyuFN1c_dog. (org.apache.kafka.controller.ReplicationControlManager)
<h11>: [2023-02-26 20:29:53,447] INFO [Controller 11] Created partition topic-1-0 with topic ID dVvmnTbzTJCZyuFN1c_dog and PartitionRegistration(replicas=[14, 15, 16, 17, 18, 19, 20, 1, 2, 3, 4, 5, 6, 7, 8, 9, 10, 11, 12, 13], isr=[14, 15, 16, 17, 18, 19, 20, 1, 2, 3, 4, 5, 6, 7, 8, 9, 10, 11, 12, 13], removingReplicas=[], addingReplicas=[], leader=14, leaderEpoch=0, partitionEpoch=0). (org.apache.kafka.controller.ReplicationControlManager)
<h11>: [2023-02-26 20:29:53,586] INFO [LogLoader partition=topic-1-0, dir=/home/visitor/neves/amnis-data-sync/./kafka-3.1.0/logs/kafka11] Loading producer state till offset 0 with message format version 2 (kafka.log.UnifiedLog$)
<h11>: [2023-02-26 20:29:53,600] INFO Created log for partition topic-1-0 in /home/visitor/neves/amnis-data-sync/./kafka-3.1.0/logs/kafka11/topic-1-0 with properties {} (kafka.log.LogManager)
<h11>: [2023-02-26 20:29:53,608] INFO [Partition topic-1-0 broker=11] No checkpointed highwatermark is found for partition topic-1-0 (kafka.cluster.Partition)
<h11>: [2023-02-26 20:29:53,609] INFO [Partition topic-1-0 broker=11] Log loaded for partition topic-1-0 with initial high watermark 0 (kafka.cluster.Partition)
<h11>: [2023-02-26 20:29:53,616] INFO [ReplicaFetcherManager on broker 11] Removed fetcher for partitions Set(topic-1-0) (kafka.server.ReplicaFetcherManager)
<h11>: [2023-02-26 20:29:53,809] INFO Sent auto-creation request for Set(__consumer_offsets) to the active controller. (kafka.server.DefaultAutoTopicCreationManager)
<h11>: [2023-02-26 20:29:53,914] INFO Sent auto-creation request for Set(__consumer_offsets) to the active controller. (kafka.server.DefaultAutoTopicCreationManager)
<h11>: [2023-02-26 20:29:53,936] INFO [ReplicaFetcherManager on broker 11] Added fetcher to broker 14 for partitions HashMap(topic-1-0 -> InitialFetchState(Some(dVvmnTbzTJCZyuFN1c_dog),BrokerEndPoint(id=14, host=10.0.0.14:9092),0,0)) (kafka.server.ReplicaFetcherManager)
<h11>: [2023-02-26 20:29:53,944] INFO [ReplicaFetcher replicaId=11, leaderId=14, fetcherId=0] Starting (kafka.server.ReplicaFetcherThread)
<h11>: [2023-02-26 20:29:53,947] INFO [ReplicaFetcher replicaId=11, leaderId=14, fetcherId=0] Truncating partition topic-1-0 with TruncationState(offset=0, completed=true) due to local high watermark 0 (kafka.server.ReplicaFetcherThread)
<h11>: [2023-02-26 20:29:53,961] INFO [UnifiedLog partition=topic-1-0, dir=/home/visitor/neves/amnis-data-sync/./kafka-3.1.0/logs/kafka11] Truncating to 0 has no effect as the largest offset in the log is -1 (kafka.log.UnifiedLog)
<h11>: [2023-02-26 20:29:54,234] INFO Sent auto-creation request for Set(__consumer_offsets) to the active controller. (kafka.server.DefaultAutoTopicCreationManager)
<h11>: [2023-02-26 20:29:54,344] INFO Sent auto-creation request for Set(__consumer_offsets) to the active controller. (kafka.server.DefaultAutoTopicCreationManager)
<h11>: [2023-02-26 20:29:54,393] INFO [Controller 11] ConfigResource(type=TOPIC, name='__consumer_offsets'): set configuration compression.type to producer (org.apache.kafka.controller.ConfigurationControlManager)
<h11>: [2023-02-26 20:29:54,393] INFO [Controller 11] ConfigResource(type=TOPIC, name='__consumer_offsets'): set configuration cleanup.policy to compact (org.apache.kafka.controller.ConfigurationControlManager)
<h11>: [2023-02-26 20:29:54,393] INFO [Controller 11] ConfigResource(type=TOPIC, name='__consumer_offsets'): set configuration segment.bytes to 104857600 (org.apache.kafka.controller.ConfigurationControlManager)
<h11>: [2023-02-26 20:29:54,393] INFO [Controller 11] Created topic __consumer_offsets with topic ID gs35a5FWTyyJLPclII7hIA. (org.apache.kafka.controller.ReplicationControlManager)
<h11>: [2023-02-26 20:29:54,393] INFO [Controller 11] Created partition __consumer_offsets-0 with topic ID gs35a5FWTyyJLPclII7hIA and PartitionRegistration(replicas=[4], isr=[4], removingReplicas=[], addingReplicas=[], leader=4, leaderEpoch=0, partitionEpoch=0). (org.apache.kafka.controller.ReplicationControlManager)
<h11>: [2023-02-26 20:29:54,393] INFO [Controller 11] Created partition __consumer_offsets-1 with topic ID gs35a5FWTyyJLPclII7hIA and PartitionRegistration(replicas=[5], isr=[5], removingReplicas=[], addingReplicas=[], leader=5, leaderEpoch=0, partitionEpoch=0). (org.apache.kafka.controller.ReplicationControlManager)
<h11>: [2023-02-26 20:29:54,394] INFO [Controller 11] Created partition __consumer_offsets-2 with topic ID gs35a5FWTyyJLPclII7hIA and PartitionRegistration(replicas=[6], isr=[6], removingReplicas=[], addingReplicas=[], leader=6, leaderEpoch=0, partitionEpoch=0). (org.apache.kafka.controller.ReplicationControlManager)
<h11>: [2023-02-26 20:29:54,394] INFO [Controller 11] Created partition __consumer_offsets-3 with topic ID gs35a5FWTyyJLPclII7hIA and PartitionRegistration(replicas=[7], isr=[7], removingReplicas=[], addingReplicas=[], leader=7, leaderEpoch=0, partitionEpoch=0). (org.apache.kafka.controller.ReplicationControlManager)
<h11>: [2023-02-26 20:29:54,394] INFO [Controller 11] Created partition __consumer_offsets-4 with topic ID gs35a5FWTyyJLPclII7hIA and PartitionRegistration(replicas=[8], isr=[8], removingReplicas=[], addingReplicas=[], leader=8, leaderEpoch=0, partitionEpoch=0). (org.apache.kafka.controller.ReplicationControlManager)
<h11>: [2023-02-26 20:29:54,394] INFO [Controller 11] Created partition __consumer_offsets-5 with topic ID gs35a5FWTyyJLPclII7hIA and PartitionRegistration(replicas=[9], isr=[9], removingReplicas=[], addingReplicas=[], leader=9, leaderEpoch=0, partitionEpoch=0). (org.apache.kafka.controller.ReplicationControlManager)
<h11>: [2023-02-26 20:29:54,394] INFO [Controller 11] Created partition __consumer_offsets-6 with topic ID gs35a5FWTyyJLPclII7hIA and PartitionRegistration(replicas=[10], isr=[10], removingReplicas=[], addingReplicas=[], leader=10, leaderEpoch=0, partitionEpoch=0). (org.apache.kafka.controller.ReplicationControlManager)
<h11>: [2023-02-26 20:29:54,394] INFO [Controller 11] Created partition __consumer_offsets-7 with topic ID gs35a5FWTyyJLPclII7hIA and PartitionRegistration(replicas=[11], isr=[11], removingReplicas=[], addingReplicas=[], leader=11, leaderEpoch=0, partitionEpoch=0). (org.apache.kafka.controller.ReplicationControlManager)
<h11>: [2023-02-26 20:29:54,394] INFO [Controller 11] Created partition __consumer_offsets-8 with topic ID gs35a5FWTyyJLPclII7hIA and PartitionRegistration(replicas=[12], isr=[12], removingReplicas=[], addingReplicas=[], leader=12, leaderEpoch=0, partitionEpoch=0). (org.apache.kafka.controller.ReplicationControlManager)
<h11>: [2023-02-26 20:29:54,394] INFO [Controller 11] Created partition __consumer_offsets-9 with topic ID gs35a5FWTyyJLPclII7hIA and PartitionRegistration(replicas=[13], isr=[13], removingReplicas=[], addingReplicas=[], leader=13, leaderEpoch=0, partitionEpoch=0). (org.apache.kafka.controller.ReplicationControlManager)
<h11>: [2023-02-26 20:29:54,394] INFO [Controller 11] Created partition __consumer_offsets-10 with topic ID gs35a5FWTyyJLPclII7hIA and PartitionRegistration(replicas=[14], isr=[14], removingReplicas=[], addingReplicas=[], leader=14, leaderEpoch=0, partitionEpoch=0). (org.apache.kafka.controller.ReplicationControlManager)
<h11>: [2023-02-26 20:29:54,394] INFO [Controller 11] Created partition __consumer_offsets-11 with topic ID gs35a5FWTyyJLPclII7hIA and PartitionRegistration(replicas=[15], isr=[15], removingReplicas=[], addingReplicas=[], leader=15, leaderEpoch=0, partitionEpoch=0). (org.apache.kafka.controller.ReplicationControlManager)
<h11>: [2023-02-26 20:29:54,394] INFO [Controller 11] Created partition __consumer_offsets-12 with topic ID gs35a5FWTyyJLPclII7hIA and PartitionRegistration(replicas=[16], isr=[16], removingReplicas=[], addingReplicas=[], leader=16, leaderEpoch=0, partitionEpoch=0). (org.apache.kafka.controller.ReplicationControlManager)
<h11>: [2023-02-26 20:29:54,394] INFO [Controller 11] Created partition __consumer_offsets-13 with topic ID gs35a5FWTyyJLPclII7hIA and PartitionRegistration(replicas=[17], isr=[17], removingReplicas=[], addingReplicas=[], leader=17, leaderEpoch=0, partitionEpoch=0). (org.apache.kafka.controller.ReplicationControlManager)
<h11>: [2023-02-26 20:29:54,394] INFO [Controller 11] Created partition __consumer_offsets-14 with topic ID gs35a5FWTyyJLPclII7hIA and PartitionRegistration(replicas=[18], isr=[18], removingReplicas=[], addingReplicas=[], leader=18, leaderEpoch=0, partitionEpoch=0). (org.apache.kafka.controller.ReplicationControlManager)
<h11>: [2023-02-26 20:29:54,394] INFO [Controller 11] Created partition __consumer_offsets-15 with topic ID gs35a5FWTyyJLPclII7hIA and PartitionRegistration(replicas=[19], isr=[19], removingReplicas=[], addingReplicas=[], leader=19, leaderEpoch=0, partitionEpoch=0). (org.apache.kafka.controller.ReplicationControlManager)
<h11>: [2023-02-26 20:29:54,395] INFO [Controller 11] Created partition __consumer_offsets-16 with topic ID gs35a5FWTyyJLPclII7hIA and PartitionRegistration(replicas=[20], isr=[20], removingReplicas=[], addingReplicas=[], leader=20, leaderEpoch=0, partitionEpoch=0). (org.apache.kafka.controller.ReplicationControlManager)
<h11>: [2023-02-26 20:29:54,395] INFO [Controller 11] Created partition __consumer_offsets-17 with topic ID gs35a5FWTyyJLPclII7hIA and PartitionRegistration(replicas=[1], isr=[1], removingReplicas=[], addingReplicas=[], leader=1, leaderEpoch=0, partitionEpoch=0). (org.apache.kafka.controller.ReplicationControlManager)
<h11>: [2023-02-26 20:29:54,395] INFO [Controller 11] Created partition __consumer_offsets-18 with topic ID gs35a5FWTyyJLPclII7hIA and PartitionRegistration(replicas=[2], isr=[2], removingReplicas=[], addingReplicas=[], leader=2, leaderEpoch=0, partitionEpoch=0). (org.apache.kafka.controller.ReplicationControlManager)
<h11>: [2023-02-26 20:29:54,395] INFO [Controller 11] Created partition __consumer_offsets-19 with topic ID gs35a5FWTyyJLPclII7hIA and PartitionRegistration(replicas=[3], isr=[3], removingReplicas=[], addingReplicas=[], leader=3, leaderEpoch=0, partitionEpoch=0). (org.apache.kafka.controller.ReplicationControlManager)
<h11>: [2023-02-26 20:29:54,395] INFO [Controller 11] Created partition __consumer_offsets-20 with topic ID gs35a5FWTyyJLPclII7hIA and PartitionRegistration(replicas=[7], isr=[7], removingReplicas=[], addingReplicas=[], leader=7, leaderEpoch=0, partitionEpoch=0). (org.apache.kafka.controller.ReplicationControlManager)
<h11>: [2023-02-26 20:29:54,395] INFO [Controller 11] Created partition __consumer_offsets-21 with topic ID gs35a5FWTyyJLPclII7hIA and PartitionRegistration(replicas=[10], isr=[10], removingReplicas=[], addingReplicas=[], leader=10, leaderEpoch=0, partitionEpoch=0). (org.apache.kafka.controller.ReplicationControlManager)
<h11>: [2023-02-26 20:29:54,395] INFO [Controller 11] Created partition __consumer_offsets-22 with topic ID gs35a5FWTyyJLPclII7hIA and PartitionRegistration(replicas=[20], isr=[20], removingReplicas=[], addingReplicas=[], leader=20, leaderEpoch=0, partitionEpoch=0). (org.apache.kafka.controller.ReplicationControlManager)
<h11>: [2023-02-26 20:29:54,395] INFO [Controller 11] Created partition __consumer_offsets-23 with topic ID gs35a5FWTyyJLPclII7hIA and PartitionRegistration(replicas=[1], isr=[1], removingReplicas=[], addingReplicas=[], leader=1, leaderEpoch=0, partitionEpoch=0). (org.apache.kafka.controller.ReplicationControlManager)
<h11>: [2023-02-26 20:29:54,395] INFO [Controller 11] Created partition __consumer_offsets-24 with topic ID gs35a5FWTyyJLPclII7hIA and PartitionRegistration(replicas=[4], isr=[4], removingReplicas=[], addingReplicas=[], leader=4, leaderEpoch=0, partitionEpoch=0). (org.apache.kafka.controller.ReplicationControlManager)
<h11>: [2023-02-26 20:29:54,395] INFO [Controller 11] Created partition __consumer_offsets-25 with topic ID gs35a5FWTyyJLPclII7hIA and PartitionRegistration(replicas=[9], isr=[9], removingReplicas=[], addingReplicas=[], leader=9, leaderEpoch=0, partitionEpoch=0). (org.apache.kafka.controller.ReplicationControlManager)
<h11>: [2023-02-26 20:29:54,395] INFO [Controller 11] Created partition __consumer_offsets-26 with topic ID gs35a5FWTyyJLPclII7hIA and PartitionRegistration(replicas=[18], isr=[18], removingReplicas=[], addingReplicas=[], leader=18, leaderEpoch=0, partitionEpoch=0). (org.apache.kafka.controller.ReplicationControlManager)
<h11>: [2023-02-26 20:29:54,395] INFO [Controller 11] Created partition __consumer_offsets-27 with topic ID gs35a5FWTyyJLPclII7hIA and PartitionRegistration(replicas=[16], isr=[16], removingReplicas=[], addingReplicas=[], leader=16, leaderEpoch=0, partitionEpoch=0). (org.apache.kafka.controller.ReplicationControlManager)
<h11>: [2023-02-26 20:29:54,396] INFO [Controller 11] Created partition __consumer_offsets-28 with topic ID gs35a5FWTyyJLPclII7hIA and PartitionRegistration(replicas=[6], isr=[6], removingReplicas=[], addingReplicas=[], leader=6, leaderEpoch=0, partitionEpoch=0). (org.apache.kafka.controller.ReplicationControlManager)
<h11>: [2023-02-26 20:29:54,396] INFO [Controller 11] Created partition __consumer_offsets-29 with topic ID gs35a5FWTyyJLPclII7hIA and PartitionRegistration(replicas=[12], isr=[12], removingReplicas=[], addingReplicas=[], leader=12, leaderEpoch=0, partitionEpoch=0). (org.apache.kafka.controller.ReplicationControlManager)
<h11>: [2023-02-26 20:29:54,396] INFO [Controller 11] Created partition __consumer_offsets-30 with topic ID gs35a5FWTyyJLPclII7hIA and PartitionRegistration(replicas=[14], isr=[14], removingReplicas=[], addingReplicas=[], leader=14, leaderEpoch=0, partitionEpoch=0). (org.apache.kafka.controller.ReplicationControlManager)
<h11>: [2023-02-26 20:29:54,396] INFO [Controller 11] Created partition __consumer_offsets-31 with topic ID gs35a5FWTyyJLPclII7hIA and PartitionRegistration(replicas=[8], isr=[8], removingReplicas=[], addingReplicas=[], leader=8, leaderEpoch=0, partitionEpoch=0). (org.apache.kafka.controller.ReplicationControlManager)
<h11>: [2023-02-26 20:29:54,396] INFO [Controller 11] Created partition __consumer_offsets-32 with topic ID gs35a5FWTyyJLPclII7hIA and PartitionRegistration(replicas=[5], isr=[5], removingReplicas=[], addingReplicas=[], leader=5, leaderEpoch=0, partitionEpoch=0). (org.apache.kafka.controller.ReplicationControlManager)
<h11>: [2023-02-26 20:29:54,396] INFO [Controller 11] Created partition __consumer_offsets-33 with topic ID gs35a5FWTyyJLPclII7hIA and PartitionRegistration(replicas=[19], isr=[19], removingReplicas=[], addingReplicas=[], leader=19, leaderEpoch=0, partitionEpoch=0). (org.apache.kafka.controller.ReplicationControlManager)
<h11>: [2023-02-26 20:29:54,396] INFO [Controller 11] Created partition __consumer_offsets-34 with topic ID gs35a5FWTyyJLPclII7hIA and PartitionRegistration(replicas=[17], isr=[17], removingReplicas=[], addingReplicas=[], leader=17, leaderEpoch=0, partitionEpoch=0). (org.apache.kafka.controller.ReplicationControlManager)
<h11>: [2023-02-26 20:29:54,396] INFO [Controller 11] Created partition __consumer_offsets-35 with topic ID gs35a5FWTyyJLPclII7hIA and PartitionRegistration(replicas=[11], isr=[11], removingReplicas=[], addingReplicas=[], leader=11, leaderEpoch=0, partitionEpoch=0). (org.apache.kafka.controller.ReplicationControlManager)
<h11>: [2023-02-26 20:29:54,396] INFO [Controller 11] Created partition __consumer_offsets-36 with topic ID gs35a5FWTyyJLPclII7hIA and PartitionRegistration(replicas=[3], isr=[3], removingReplicas=[], addingReplicas=[], leader=3, leaderEpoch=0, partitionEpoch=0). (org.apache.kafka.controller.ReplicationControlManager)
<h11>: [2023-02-26 20:29:54,396] INFO [Controller 11] Created partition __consumer_offsets-37 with topic ID gs35a5FWTyyJLPclII7hIA and PartitionRegistration(replicas=[2], isr=[2], removingReplicas=[], addingReplicas=[], leader=2, leaderEpoch=0, partitionEpoch=0). (org.apache.kafka.controller.ReplicationControlManager)
<h11>: [2023-02-26 20:29:54,396] INFO [Controller 11] Created partition __consumer_offsets-38 with topic ID gs35a5FWTyyJLPclII7hIA and PartitionRegistration(replicas=[15], isr=[15], removingReplicas=[], addingReplicas=[], leader=15, leaderEpoch=0, partitionEpoch=0). (org.apache.kafka.controller.ReplicationControlManager)
<h11>: [2023-02-26 20:29:54,396] INFO [Controller 11] Created partition __consumer_offsets-39 with topic ID gs35a5FWTyyJLPclII7hIA and PartitionRegistration(replicas=[13], isr=[13], removingReplicas=[], addingReplicas=[], leader=13, leaderEpoch=0, partitionEpoch=0). (org.apache.kafka.controller.ReplicationControlManager)
<h11>: [2023-02-26 20:29:54,396] INFO [Controller 11] Created partition __consumer_offsets-40 with topic ID gs35a5FWTyyJLPclII7hIA and PartitionRegistration(replicas=[13], isr=[13], removingReplicas=[], addingReplicas=[], leader=13, leaderEpoch=0, partitionEpoch=0). (org.apache.kafka.controller.ReplicationControlManager)
<h11>: [2023-02-26 20:29:54,396] INFO [Controller 11] Created partition __consumer_offsets-41 with topic ID gs35a5FWTyyJLPclII7hIA and PartitionRegistration(replicas=[8], isr=[8], removingReplicas=[], addingReplicas=[], leader=8, leaderEpoch=0, partitionEpoch=0). (org.apache.kafka.controller.ReplicationControlManager)
<h11>: [2023-02-26 20:29:54,397] INFO [Controller 11] Created partition __consumer_offsets-42 with topic ID gs35a5FWTyyJLPclII7hIA and PartitionRegistration(replicas=[12], isr=[12], removingReplicas=[], addingReplicas=[], leader=12, leaderEpoch=0, partitionEpoch=0). (org.apache.kafka.controller.ReplicationControlManager)
<h11>: [2023-02-26 20:29:54,397] INFO [Controller 11] Created partition __consumer_offsets-43 with topic ID gs35a5FWTyyJLPclII7hIA and PartitionRegistration(replicas=[6], isr=[6], removingReplicas=[], addingReplicas=[], leader=6, leaderEpoch=0, partitionEpoch=0). (org.apache.kafka.controller.ReplicationControlManager)
<h11>: [2023-02-26 20:29:54,397] INFO [Controller 11] Created partition __consumer_offsets-44 with topic ID gs35a5FWTyyJLPclII7hIA and PartitionRegistration(replicas=[10], isr=[10], removingReplicas=[], addingReplicas=[], leader=10, leaderEpoch=0, partitionEpoch=0). (org.apache.kafka.controller.ReplicationControlManager)
<h11>: [2023-02-26 20:29:54,397] INFO [Controller 11] Created partition __consumer_offsets-45 with topic ID gs35a5FWTyyJLPclII7hIA and PartitionRegistration(replicas=[3], isr=[3], removingReplicas=[], addingReplicas=[], leader=3, leaderEpoch=0, partitionEpoch=0). (org.apache.kafka.controller.ReplicationControlManager)
<h11>: [2023-02-26 20:29:54,397] INFO [Controller 11] Created partition __consumer_offsets-46 with topic ID gs35a5FWTyyJLPclII7hIA and PartitionRegistration(replicas=[17], isr=[17], removingReplicas=[], addingReplicas=[], leader=17, leaderEpoch=0, partitionEpoch=0). (org.apache.kafka.controller.ReplicationControlManager)
<h11>: [2023-02-26 20:29:54,397] INFO [Controller 11] Created partition __consumer_offsets-47 with topic ID gs35a5FWTyyJLPclII7hIA and PartitionRegistration(replicas=[7], isr=[7], removingReplicas=[], addingReplicas=[], leader=7, leaderEpoch=0, partitionEpoch=0). (org.apache.kafka.controller.ReplicationControlManager)
<h11>: [2023-02-26 20:29:54,397] INFO [Controller 11] Created partition __consumer_offsets-48 with topic ID gs35a5FWTyyJLPclII7hIA and PartitionRegistration(replicas=[11], isr=[11], removingReplicas=[], addingReplicas=[], leader=11, leaderEpoch=0, partitionEpoch=0). (org.apache.kafka.controller.ReplicationControlManager)
<h11>: [2023-02-26 20:29:54,397] INFO [Controller 11] Created partition __consumer_offsets-49 with topic ID gs35a5FWTyyJLPclII7hIA and PartitionRegistration(replicas=[1], isr=[1], removingReplicas=[], addingReplicas=[], leader=1, leaderEpoch=0, partitionEpoch=0). (org.apache.kafka.controller.ReplicationControlManager)
<h11>: [2023-02-26 20:29:54,411] INFO [ReplicaFetcherManager on broker 11] Removed fetcher for partitions Set(__consumer_offsets-7, __consumer_offsets-48, __consumer_offsets-35) (kafka.server.ReplicaFetcherManager)
<h11>: [2023-02-26 20:29:54,549] INFO [LogLoader partition=__consumer_offsets-7, dir=/home/visitor/neves/amnis-data-sync/./kafka-3.1.0/logs/kafka11] Loading producer state till offset 0 with message format version 2 (kafka.log.UnifiedLog$)
<h11>: [2023-02-26 20:29:54,550] INFO Created log for partition __consumer_offsets-7 in /home/visitor/neves/amnis-data-sync/./kafka-3.1.0/logs/kafka11/__consumer_offsets-7 with properties {cleanup.policy=compact, compression.type="producer", segment.bytes=104857600} (kafka.log.LogManager)
<h11>: [2023-02-26 20:29:54,550] INFO [Partition __consumer_offsets-7 broker=11] No checkpointed highwatermark is found for partition __consumer_offsets-7 (kafka.cluster.Partition)
<h11>: [2023-02-26 20:29:54,550] INFO [Partition __consumer_offsets-7 broker=11] Log loaded for partition __consumer_offsets-7 with initial high watermark 0 (kafka.cluster.Partition)
<h11>: [2023-02-26 20:29:54,802] INFO [LogLoader partition=__consumer_offsets-48, dir=/home/visitor/neves/amnis-data-sync/./kafka-3.1.0/logs/kafka11] Loading producer state till offset 0 with message format version 2 (kafka.log.UnifiedLog$)
<h11>: [2023-02-26 20:29:54,804] INFO Created log for partition __consumer_offsets-48 in /home/visitor/neves/amnis-data-sync/./kafka-3.1.0/logs/kafka11/__consumer_offsets-48 with properties {cleanup.policy=compact, compression.type="producer", segment.bytes=104857600} (kafka.log.LogManager)
<h11>: [2023-02-26 20:29:54,805] INFO [Partition __consumer_offsets-48 broker=11] No checkpointed highwatermark is found for partition __consumer_offsets-48 (kafka.cluster.Partition)
<h11>: [2023-02-26 20:29:54,805] INFO [Partition __consumer_offsets-48 broker=11] Log loaded for partition __consumer_offsets-48 with initial high watermark 0 (kafka.cluster.Partition)
<h11>: [2023-02-26 20:29:55,045] INFO [LogLoader partition=__consumer_offsets-35, dir=/home/visitor/neves/amnis-data-sync/./kafka-3.1.0/logs/kafka11] Loading producer state till offset 0 with message format version 2 (kafka.log.UnifiedLog$)
<h11>: [2023-02-26 20:29:55,046] INFO Created log for partition __consumer_offsets-35 in /home/visitor/neves/amnis-data-sync/./kafka-3.1.0/logs/kafka11/__consumer_offsets-35 with properties {cleanup.policy=compact, compression.type="producer", segment.bytes=104857600} (kafka.log.LogManager)
<h11>: [2023-02-26 20:29:55,046] INFO [Partition __consumer_offsets-35 broker=11] No checkpointed highwatermark is found for partition __consumer_offsets-35 (kafka.cluster.Partition)
<h11>: [2023-02-26 20:29:55,046] INFO [Partition __consumer_offsets-35 broker=11] Log loaded for partition __consumer_offsets-35 with initial high watermark 0 (kafka.cluster.Partition)
<h11>: [2023-02-26 20:29:55,169] INFO [GroupCoordinator 11]: Elected as the group coordinator for partition 48 in epoch 0 (kafka.coordinator.group.GroupCoordinator)
<h11>: [2023-02-26 20:29:55,170] INFO [GroupMetadataManager brokerId=11] Scheduling loading of offsets and group metadata from __consumer_offsets-48 for epoch 0 (kafka.coordinator.group.GroupMetadataManager)
<h11>: [2023-02-26 20:29:55,174] INFO [GroupCoordinator 11]: Elected as the group coordinator for partition 7 in epoch 0 (kafka.coordinator.group.GroupCoordinator)
<h11>: [2023-02-26 20:29:55,174] INFO [GroupMetadataManager brokerId=11] Scheduling loading of offsets and group metadata from __consumer_offsets-7 for epoch 0 (kafka.coordinator.group.GroupMetadataManager)
<h11>: [2023-02-26 20:29:55,174] INFO [GroupCoordinator 11]: Elected as the group coordinator for partition 35 in epoch 0 (kafka.coordinator.group.GroupCoordinator)
<h11>: [2023-02-26 20:29:55,174] INFO [GroupMetadataManager brokerId=11] Scheduling loading of offsets and group metadata from __consumer_offsets-35 for epoch 0 (kafka.coordinator.group.GroupMetadataManager)
<h11>: [2023-02-26 20:29:55,181] INFO [GroupMetadataManager brokerId=11] Finished loading offsets and group metadata from __consumer_offsets-48 in 10 milliseconds for epoch 0, of which 5 milliseconds was spent in the scheduler. (kafka.coordinator.group.GroupMetadataManager)
<h11>: [2023-02-26 20:29:55,184] INFO [GroupMetadataManager brokerId=11] Finished loading offsets and group metadata from __consumer_offsets-7 in 10 milliseconds for epoch 0, of which 10 milliseconds was spent in the scheduler. (kafka.coordinator.group.GroupMetadataManager)
<h11>: [2023-02-26 20:29:55,184] INFO [GroupMetadataManager brokerId=11] Finished loading offsets and group metadata from __consumer_offsets-35 in 10 milliseconds for epoch 0, of which 10 milliseconds was spent in the scheduler. (kafka.coordinator.group.GroupMetadataManager)
<h11>: [2023-02-26 20:29:55,291] INFO [GroupCoordinator 11]: Dynamic Member with unknown member id joins group group-9 in Empty state. Created a new member id kafka-python-2.0.2-e50695b7-a4cc-4d73-bc31-9206805a7730 for this member and add to the group. (kafka.coordinator.group.GroupCoordinator)
<h11>: [2023-02-26 20:29:55,301] INFO [GroupCoordinator 11]: Preparing to rebalance group group-9 in state PreparingRebalance with old generation 0 (__consumer_offsets-7) (reason: Adding new member kafka-python-2.0.2-e50695b7-a4cc-4d73-bc31-9206805a7730 with group instance id None) (kafka.coordinator.group.GroupCoordinator)
<h11>: [2023-02-26 20:29:58,310] INFO [GroupCoordinator 11]: Stabilized group group-9 generation 1 (__consumer_offsets-7) with 1 members (kafka.coordinator.group.GroupCoordinator)
<h11>: [2023-02-26 20:29:58,327] INFO [GroupCoordinator 11]: Assignment received from leader kafka-python-2.0.2-e50695b7-a4cc-4d73-bc31-9206805a7730 for group group-9 for generation 1. The group has 1 members, 0 of which are static. (kafka.coordinator.group.GroupCoordinator)
<h11>: [2023-02-26 20:31:59,157] INFO Sent auto-creation request for Set(topic-0) to the active controller. (kafka.server.DefaultAutoTopicCreationManager)
<h11>: [2023-02-26 20:31:59,467] INFO Sent auto-creation request for Set(topic-0) to the active controller. (kafka.server.DefaultAutoTopicCreationManager)
<h11>: [2023-02-26 20:31:59,492] INFO Sent auto-creation request for Set(topic-0) to the active controller. (kafka.server.DefaultAutoTopicCreationManager)
<h11>: [2023-02-26 20:31:59,578] INFO Sent auto-creation request for Set(topic-0) to the active controller. (kafka.server.DefaultAutoTopicCreationManager)
<h11>: [2023-02-26 20:31:59,604] INFO Sent auto-creation request for Set(topic-0) to the active controller. (kafka.server.DefaultAutoTopicCreationManager)
<h11>: [2023-02-26 20:31:59,690] INFO Sent auto-creation request for Set(topic-0) to the active controller. (kafka.server.DefaultAutoTopicCreationManager)
<h11>: [2023-02-26 20:31:59,715] INFO Sent auto-creation request for Set(topic-0) to the active controller. (kafka.server.DefaultAutoTopicCreationManager)
<h11>: [2023-02-26 20:31:59,801] INFO Sent auto-creation request for Set(topic-0) to the active controller. (kafka.server.DefaultAutoTopicCreationManager)
<h11>: [2023-02-26 20:31:59,827] INFO Sent auto-creation request for Set(topic-0) to the active controller. (kafka.server.DefaultAutoTopicCreationManager)
<h11>: [2023-02-26 20:31:59,913] INFO Sent auto-creation request for Set(topic-0) to the active controller. (kafka.server.DefaultAutoTopicCreationManager)
<h11>: [2023-02-26 20:31:59,938] INFO Sent auto-creation request for Set(topic-0) to the active controller. (kafka.server.DefaultAutoTopicCreationManager)
<h11>: [2023-02-26 20:31:59,940] INFO [Controller 11] Created topic topic-0 with topic ID pdlBKgLLRDWnsdzKZEnY7A. (org.apache.kafka.controller.ReplicationControlManager)
<h11>: [2023-02-26 20:31:59,940] INFO [Controller 11] Created partition topic-0-0 with topic ID pdlBKgLLRDWnsdzKZEnY7A and PartitionRegistration(replicas=[7], isr=[7], removingReplicas=[], addingReplicas=[], leader=7, leaderEpoch=0, partitionEpoch=0). (org.apache.kafka.controller.ReplicationControlManager)
<h11>: [2023-02-26 20:34:58,459] INFO [GroupCoordinator 11]: Preparing to rebalance group group-9 in state PreparingRebalance with old generation 1 (__consumer_offsets-7) (reason: Leader kafka-python-2.0.2-e50695b7-a4cc-4d73-bc31-9206805a7730 re-joining group during Stable) (kafka.coordinator.group.GroupCoordinator)
<h11>: [2023-02-26 20:34:58,460] INFO [GroupCoordinator 11]: Stabilized group group-9 generation 2 (__consumer_offsets-7) with 1 members (kafka.coordinator.group.GroupCoordinator)
<h11>: [2023-02-26 20:34:58,470] INFO [GroupCoordinator 11]: Assignment received from leader kafka-python-2.0.2-e50695b7-a4cc-4d73-bc31-9206805a7730 for group group-9 for generation 2. The group has 1 members, 0 of which are static. (kafka.coordinator.group.GroupCoordinator)
<h11>: [2023-02-26 20:37:13,140] INFO [BrokerToControllerChannelManager broker=11 name=forwarding] Node 1 disconnected. (org.apache.kafka.clients.NetworkClient)
<h11>: [2023-02-26 20:37:13,142] INFO [RaftManager nodeId=11] Node 1 disconnected. (org.apache.kafka.clients.NetworkClient)
<h11>: [2023-02-26 20:37:13,147] INFO [RaftManager nodeId=11] Cancelled in-flight FETCH request with correlation id 913 due to node 1 being disconnected (elapsed time since creation: 311ms, elapsed time since send: 310ms, request timeout: 120000ms) (org.apache.kafka.clients.NetworkClient)
<h11>: [2023-02-26 20:37:13,144] INFO [BrokerToControllerChannelManager broker=11 name=heartbeat] Node 1 disconnected. (org.apache.kafka.clients.NetworkClient)
<h11>: [2023-02-26 20:37:13,227] INFO [RaftManager nodeId=11] Node 1 disconnected. (org.apache.kafka.clients.NetworkClient)
<h11>: [2023-02-26 20:37:13,228] WARN [RaftManager nodeId=11] Connection to node 1 (/10.0.0.1:19092) could not be established. Broker may not be available. (org.apache.kafka.clients.NetworkClient)
<h11>: [2023-02-26 20:37:13,340] INFO [RaftManager nodeId=11] Node 1 disconnected. (org.apache.kafka.clients.NetworkClient)
<h11>: [2023-02-26 20:37:13,340] WARN [RaftManager nodeId=11] Connection to node 1 (/10.0.0.1:19092) could not be established. Broker may not be available. (org.apache.kafka.clients.NetworkClient)
<h11>: [2023-02-26 20:37:13,553] INFO [RaftManager nodeId=11] Node 1 disconnected. (org.apache.kafka.clients.NetworkClient)
<h11>: [2023-02-26 20:37:13,553] WARN [RaftManager nodeId=11] Connection to node 1 (/10.0.0.1:19092) could not be established. Broker may not be available. (org.apache.kafka.clients.NetworkClient)
