<h6>: [2023-02-26 20:29:24,444] INFO Registered kafka:type=kafka.Log4jController MBean (kafka.utils.Log4jControllerRegistration$)
<h6>: [2023-02-26 20:29:24,758] INFO Setting -D jdk.tls.rejectClientInitiatedRenegotiation=true to disable client-initiated TLS renegotiation (org.apache.zookeeper.common.X509Util)
<h6>: [2023-02-26 20:29:25,003] INFO [LogLoader partition=__cluster_metadata-0, dir=/home/visitor/neves/amnis-data-sync/./kafka-3.1.0/logs/kafka6] Loading producer state till offset 0 with message format version 2 (kafka.log.UnifiedLog$)
<h6>: [2023-02-26 20:29:25,003] INFO [LogLoader partition=__cluster_metadata-0, dir=/home/visitor/neves/amnis-data-sync/./kafka-3.1.0/logs/kafka6] Reloading from producer snapshot and rebuilding producer state from offset 0 (kafka.log.UnifiedLog$)
<h6>: [2023-02-26 20:29:25,005] INFO [LogLoader partition=__cluster_metadata-0, dir=/home/visitor/neves/amnis-data-sync/./kafka-3.1.0/logs/kafka6] Producer state recovery took 1ms for snapshot load and 0ms for segment recovery from offset 0 (kafka.log.UnifiedLog$)
<h6>: [2023-02-26 20:29:25,100] INFO [raft-expiration-reaper]: Starting (kafka.raft.TimingWheelExpirationService$ExpiredOperationReaper)
<h6>: [2023-02-26 20:29:25,317] INFO [RaftManager nodeId=6] Completed transition to Unattached(epoch=0, voters=[1, 2, 3, 4, 5, 6, 7, 8, 9, 10, 11, 12, 13, 14, 15, 16, 17, 18, 19, 20], electionTimeoutMs=10993) (org.apache.kafka.raft.QuorumState)
<h6>: [2023-02-26 20:29:25,347] INFO Registered signal handlers for TERM, INT, HUP (org.apache.kafka.common.utils.LoggingSignalHandler)
<h6>: [2023-02-26 20:29:25,353] INFO [kafka-raft-outbound-request-thread]: Starting (kafka.raft.RaftSendThread)
<h6>: [2023-02-26 20:29:25,353] INFO [kafka-raft-io-thread]: Starting (kafka.raft.KafkaRaftManager$RaftIoThread)
<h6>: [2023-02-26 20:29:25,354] INFO Starting controller (kafka.server.ControllerServer)
<h6>: [2023-02-26 20:29:25,714] INFO Updated connection-accept-rate max connection creation rate to 2147483647 (kafka.network.ConnectionQuotas)
<h6>: [2023-02-26 20:29:25,720] INFO Awaiting socket connections on 10.0.0.6:19097. (kafka.network.Acceptor)
<h6>: [2023-02-26 20:29:25,756] INFO [SocketServer listenerType=CONTROLLER, nodeId=6] Created data-plane acceptor and processors for endpoint : ListenerName(CONTROLLER) (kafka.network.SocketServer)
<h6>: [2023-02-26 20:29:25,783] INFO [RaftManager nodeId=6] Registered the listener org.apache.kafka.controller.QuorumController$QuorumMetaLogListener@2099987188 (org.apache.kafka.raft.KafkaRaftClient)
<h6>: [2023-02-26 20:29:25,792] INFO [ThrottledChannelReaper-Fetch]: Starting (kafka.server.ClientQuotaManager$ThrottledChannelReaper)
<h6>: [2023-02-26 20:29:25,793] INFO [ThrottledChannelReaper-Produce]: Starting (kafka.server.ClientQuotaManager$ThrottledChannelReaper)
<h6>: [2023-02-26 20:29:25,795] INFO [ThrottledChannelReaper-Request]: Starting (kafka.server.ClientQuotaManager$ThrottledChannelReaper)
<h6>: [2023-02-26 20:29:25,798] INFO [ThrottledChannelReaper-ControllerMutation]: Starting (kafka.server.ClientQuotaManager$ThrottledChannelReaper)
<h6>: [2023-02-26 20:29:25,819] INFO [ExpirationReaper-6-AlterAcls]: Starting (kafka.server.DelayedOperationPurgatory$ExpiredOperationReaper)
<h6>: [2023-02-26 20:29:25,828] INFO [SocketServer listenerType=CONTROLLER, nodeId=6] Starting socket server acceptors and processors (kafka.network.SocketServer)
<h6>: [2023-02-26 20:29:25,838] INFO [SocketServer listenerType=CONTROLLER, nodeId=6] Started data-plane acceptor and processor(s) for endpoint : ListenerName(CONTROLLER) (kafka.network.SocketServer)
<h6>: [2023-02-26 20:29:25,839] INFO [SocketServer listenerType=CONTROLLER, nodeId=6] Started socket server acceptors and processors (kafka.network.SocketServer)
<h6>: [2023-02-26 20:29:25,840] INFO [BrokerServer id=6] Transition from SHUTDOWN to STARTING (kafka.server.BrokerServer)
<h6>: [2023-02-26 20:29:25,841] INFO [BrokerServer id=6] Starting broker (kafka.server.BrokerServer)
<h6>: [2023-02-26 20:29:25,857] INFO [ThrottledChannelReaper-Fetch]: Starting (kafka.server.ClientQuotaManager$ThrottledChannelReaper)
<h6>: [2023-02-26 20:29:25,857] INFO [ThrottledChannelReaper-Produce]: Starting (kafka.server.ClientQuotaManager$ThrottledChannelReaper)
<h6>: [2023-02-26 20:29:25,857] INFO [ThrottledChannelReaper-Request]: Starting (kafka.server.ClientQuotaManager$ThrottledChannelReaper)
<h6>: [2023-02-26 20:29:25,859] INFO [ThrottledChannelReaper-ControllerMutation]: Starting (kafka.server.ClientQuotaManager$ThrottledChannelReaper)
<h6>: [2023-02-26 20:29:25,910] INFO [BrokerToControllerChannelManager broker=6 name=forwarding]: Starting (kafka.server.BrokerToControllerRequestThread)
<h6>: [2023-02-26 20:29:25,959] INFO Updated connection-accept-rate max connection creation rate to 2147483647 (kafka.network.ConnectionQuotas)
<h6>: [2023-02-26 20:29:25,959] INFO Awaiting socket connections on 0.0.0.0:9092. (kafka.network.Acceptor)
<h6>: [2023-02-26 20:29:25,968] INFO [SocketServer listenerType=BROKER, nodeId=6] Created data-plane acceptor and processors for endpoint : ListenerName(PLAINTEXT) (kafka.network.SocketServer)
<h6>: [2023-02-26 20:29:25,976] INFO [BrokerToControllerChannelManager broker=6 name=alterIsr]: Starting (kafka.server.BrokerToControllerRequestThread)
<h6>: [2023-02-26 20:29:26,001] INFO [ExpirationReaper-6-Produce]: Starting (kafka.server.DelayedOperationPurgatory$ExpiredOperationReaper)
<h6>: [2023-02-26 20:29:26,004] INFO [ExpirationReaper-6-Fetch]: Starting (kafka.server.DelayedOperationPurgatory$ExpiredOperationReaper)
<h6>: [2023-02-26 20:29:26,005] INFO [ExpirationReaper-6-DeleteRecords]: Starting (kafka.server.DelayedOperationPurgatory$ExpiredOperationReaper)
<h6>: [2023-02-26 20:29:26,006] INFO [ExpirationReaper-6-ElectLeader]: Starting (kafka.server.DelayedOperationPurgatory$ExpiredOperationReaper)
<h6>: [2023-02-26 20:29:26,031] INFO [ExpirationReaper-6-Heartbeat]: Starting (kafka.server.DelayedOperationPurgatory$ExpiredOperationReaper)
<h6>: [2023-02-26 20:29:26,033] INFO [ExpirationReaper-6-Rebalance]: Starting (kafka.server.DelayedOperationPurgatory$ExpiredOperationReaper)
<h6>: [2023-02-26 20:29:26,091] INFO [RaftManager nodeId=6] Registered the listener kafka.server.metadata.BrokerMetadataListener@572204967 (org.apache.kafka.raft.KafkaRaftClient)
<h6>: [2023-02-26 20:29:26,094] INFO [BrokerToControllerChannelManager broker=6 name=heartbeat]: Starting (kafka.server.BrokerToControllerRequestThread)
<h6>: [2023-02-26 20:29:26,098] INFO [BrokerLifecycleManager id=6] Incarnation tWJGIuImQuOPSh9jHcvzcQ of broker 6 in cluster JmL9ihFRQmSabrNWrYSpjg is now STARTING. (kafka.server.BrokerLifecycleManager)
<h6>: [2023-02-26 20:29:26,120] INFO [ExpirationReaper-6-AlterAcls]: Starting (kafka.server.DelayedOperationPurgatory$ExpiredOperationReaper)
<h6>: [2023-02-26 20:29:32,659] INFO [RaftManager nodeId=6] Completed transition to Unattached(epoch=1, voters=[1, 2, 3, 4, 5, 6, 7, 8, 9, 10, 11, 12, 13, 14, 15, 16, 17, 18, 19, 20], electionTimeoutMs=3623) (org.apache.kafka.raft.QuorumState)
<h6>: [2023-02-26 20:29:32,773] INFO [RaftManager nodeId=6] Completed transition to Voted(epoch=1, votedId=1, voters=[1, 2, 3, 4, 5, 6, 7, 8, 9, 10, 11, 12, 13, 14, 15, 16, 17, 18, 19, 20], electionTimeoutMs=12175) (org.apache.kafka.raft.QuorumState)
<h6>: [2023-02-26 20:29:32,777] INFO [RaftManager nodeId=6] Vote request VoteRequestData(clusterId='JmL9ihFRQmSabrNWrYSpjg', topics=[TopicData(topicName='__cluster_metadata', partitions=[PartitionData(partitionIndex=0, candidateEpoch=1, candidateId=1, lastOffsetEpoch=0, lastOffset=0)])]) with epoch 1 is granted (org.apache.kafka.raft.KafkaRaftClient)
<h6>: [2023-02-26 20:29:33,126] INFO [RaftManager nodeId=6] Completed transition to FollowerState(fetchTimeoutMs=20000, epoch=1, leaderId=1, voters=[1, 2, 3, 4, 5, 6, 7, 8, 9, 10, 11, 12, 13, 14, 15, 16, 17, 18, 19, 20], highWatermark=Optional.empty, fetchingSnapshot=Optional.empty) (org.apache.kafka.raft.QuorumState)
<h6>: [2023-02-26 20:29:33,133] INFO [BrokerToControllerChannelManager broker=6 name=heartbeat]: Recorded new controller, from now on will use broker 10.0.0.1:19092 (id: 1 rack: null) (kafka.server.BrokerToControllerRequestThread)
<h6>: [2023-02-26 20:29:33,152] INFO [BrokerToControllerChannelManager broker=6 name=forwarding]: Recorded new controller, from now on will use broker 10.0.0.1:19092 (id: 1 rack: null) (kafka.server.BrokerToControllerRequestThread)
<h6>: [2023-02-26 20:29:33,210] INFO [BrokerToControllerChannelManager broker=6 name=alterIsr]: Recorded new controller, from now on will use broker 10.0.0.1:19092 (id: 1 rack: null) (kafka.server.BrokerToControllerRequestThread)
<h6>: [2023-02-26 20:29:33,673] INFO [BrokerLifecycleManager id=6] Successfully registered broker 6 with broker epoch 2 (kafka.server.BrokerLifecycleManager)
<h6>: [2023-02-26 20:29:34,052] INFO [Controller 6] Registered new broker: RegisterBrokerRecord(brokerId=1, incarnationId=6rIgwvzsRMObLP09_LWn5A, brokerEpoch=0, endPoints=[BrokerEndpoint(name='PLAINTEXT', host='10.0.0.1', port=9092, securityProtocol=0)], features=[], rack=null, fenced=true) (org.apache.kafka.controller.ClusterControlManager)
<h6>: [2023-02-26 20:29:34,052] INFO [Controller 6] Registered new broker: RegisterBrokerRecord(brokerId=6, incarnationId=tWJGIuImQuOPSh9jHcvzcQ, brokerEpoch=2, endPoints=[BrokerEndpoint(name='PLAINTEXT', host='10.0.0.6', port=9092, securityProtocol=0)], features=[], rack=null, fenced=true) (org.apache.kafka.controller.ClusterControlManager)
<h6>: [2023-02-26 20:29:34,052] INFO [Controller 6] Registered new broker: RegisterBrokerRecord(brokerId=7, incarnationId=O1z5PGXXQRqq0Ox8ftec9w, brokerEpoch=3, endPoints=[BrokerEndpoint(name='PLAINTEXT', host='10.0.0.7', port=9092, securityProtocol=0)], features=[], rack=null, fenced=true) (org.apache.kafka.controller.ClusterControlManager)
<h6>: [2023-02-26 20:29:34,052] INFO [Controller 6] Registered new broker: RegisterBrokerRecord(brokerId=12, incarnationId=l7BYBuzYSheQw-kIzb6D2A, brokerEpoch=4, endPoints=[BrokerEndpoint(name='PLAINTEXT', host='10.0.0.12', port=9092, securityProtocol=0)], features=[], rack=null, fenced=true) (org.apache.kafka.controller.ClusterControlManager)
<h6>: [2023-02-26 20:29:34,052] INFO [Controller 6] Registered new broker: RegisterBrokerRecord(brokerId=2, incarnationId=muwjgDb5Qvu5EYbOfhl71A, brokerEpoch=5, endPoints=[BrokerEndpoint(name='PLAINTEXT', host='10.0.0.2', port=9092, securityProtocol=0)], features=[], rack=null, fenced=true) (org.apache.kafka.controller.ClusterControlManager)
<h6>: [2023-02-26 20:29:34,053] INFO [Controller 6] Registered new broker: RegisterBrokerRecord(brokerId=5, incarnationId=en4z4Pd0RhGZ9fpLM1HXJQ, brokerEpoch=6, endPoints=[BrokerEndpoint(name='PLAINTEXT', host='10.0.0.5', port=9092, securityProtocol=0)], features=[], rack=null, fenced=true) (org.apache.kafka.controller.ClusterControlManager)
<h6>: [2023-02-26 20:29:34,053] INFO [Controller 6] Registered new broker: RegisterBrokerRecord(brokerId=3, incarnationId=OLs9mZoTToi95TKnegOEug, brokerEpoch=7, endPoints=[BrokerEndpoint(name='PLAINTEXT', host='10.0.0.3', port=9092, securityProtocol=0)], features=[], rack=null, fenced=true) (org.apache.kafka.controller.ClusterControlManager)
<h6>: [2023-02-26 20:29:34,053] INFO [Controller 6] Registered new broker: RegisterBrokerRecord(brokerId=10, incarnationId=w_JJdsbjRIWECHGlzrAvtQ, brokerEpoch=8, endPoints=[BrokerEndpoint(name='PLAINTEXT', host='10.0.0.10', port=9092, securityProtocol=0)], features=[], rack=null, fenced=true) (org.apache.kafka.controller.ClusterControlManager)
<h6>: [2023-02-26 20:29:34,053] INFO [Controller 6] Registered new broker: RegisterBrokerRecord(brokerId=8, incarnationId=u0aWgOCAS92KIIb382hzZw, brokerEpoch=9, endPoints=[BrokerEndpoint(name='PLAINTEXT', host='10.0.0.8', port=9092, securityProtocol=0)], features=[], rack=null, fenced=true) (org.apache.kafka.controller.ClusterControlManager)
<h6>: [2023-02-26 20:29:34,053] INFO [Controller 6] Registered new broker: RegisterBrokerRecord(brokerId=9, incarnationId=DoHwaS4STcS5kiFGsI8DHg, brokerEpoch=10, endPoints=[BrokerEndpoint(name='PLAINTEXT', host='10.0.0.9', port=9092, securityProtocol=0)], features=[], rack=null, fenced=true) (org.apache.kafka.controller.ClusterControlManager)
<h6>: [2023-02-26 20:29:34,053] INFO [Controller 6] Registered new broker: RegisterBrokerRecord(brokerId=4, incarnationId=ysYN0e7DSYyNQOeizVdmXA, brokerEpoch=11, endPoints=[BrokerEndpoint(name='PLAINTEXT', host='10.0.0.4', port=9092, securityProtocol=0)], features=[], rack=null, fenced=true) (org.apache.kafka.controller.ClusterControlManager)
<h6>: [2023-02-26 20:29:34,053] INFO [Controller 6] Registered new broker: RegisterBrokerRecord(brokerId=11, incarnationId=vltlAgYgTRioxypHOQ8BSQ, brokerEpoch=12, endPoints=[BrokerEndpoint(name='PLAINTEXT', host='10.0.0.11', port=9092, securityProtocol=0)], features=[], rack=null, fenced=true) (org.apache.kafka.controller.ClusterControlManager)
<h6>: [2023-02-26 20:29:34,566] INFO [Controller 6] Unfenced broker: UnfenceBrokerRecord(id=1, epoch=0) (org.apache.kafka.controller.ClusterControlManager)
<h6>: [2023-02-26 20:29:34,590] INFO [BrokerLifecycleManager id=6] The broker has caught up. Transitioning from STARTING to RECOVERY. (kafka.server.BrokerLifecycleManager)
<h6>: [2023-02-26 20:29:34,593] INFO [BrokerMetadataListener id=6] Starting to publish metadata events at offset 13. (kafka.server.metadata.BrokerMetadataListener)
<h6>: [2023-02-26 20:29:34,595] INFO [BrokerMetadataPublisher id=6] Publishing initial metadata at offset OffsetAndEpoch(offset=13, epoch=1). (kafka.server.metadata.BrokerMetadataPublisher)
<h6>: [2023-02-26 20:29:34,595] INFO Loading logs from log dirs ArraySeq(/home/visitor/neves/amnis-data-sync/./kafka-3.1.0/logs/kafka6) (kafka.log.LogManager)
<h6>: [2023-02-26 20:29:34,596] INFO Attempting recovery for all logs in /home/visitor/neves/amnis-data-sync/./kafka-3.1.0/logs/kafka6 since no clean shutdown file was found (kafka.log.LogManager)
<h6>: [2023-02-26 20:29:34,609] INFO Loaded 0 logs in 13ms. (kafka.log.LogManager)
<h6>: [2023-02-26 20:29:34,609] INFO Starting log cleanup with a period of 300000 ms. (kafka.log.LogManager)
<h6>: [2023-02-26 20:29:34,623] INFO Starting log flusher with a default period of 9223372036854775807 ms. (kafka.log.LogManager)
<h6>: [2023-02-26 20:29:34,740] INFO [BrokerLifecycleManager id=6] The broker is in RECOVERY. (kafka.server.BrokerLifecycleManager)
<h6>: [2023-02-26 20:29:34,847] INFO [GroupCoordinator 6]: Starting up. (kafka.coordinator.group.GroupCoordinator)
<h6>: [2023-02-26 20:29:34,849] INFO [LogDirFailureHandler]: Starting (kafka.server.ReplicaManager$LogDirFailureHandler)
<h6>: [2023-02-26 20:29:34,849] INFO [GroupCoordinator 6]: Startup complete. (kafka.coordinator.group.GroupCoordinator)
<h6>: [2023-02-26 20:29:34,850] INFO [TransactionCoordinator id=6] Starting up. (kafka.coordinator.transaction.TransactionCoordinator)
<h6>: [2023-02-26 20:29:34,877] INFO [TransactionCoordinator id=6] Startup complete. (kafka.coordinator.transaction.TransactionCoordinator)
<h6>: [2023-02-26 20:29:34,933] INFO [Transaction Marker Channel Manager 6]: Starting (kafka.coordinator.transaction.TransactionMarkerChannelManager)
<h6>: [2023-02-26 20:29:34,947] INFO KafkaConfig values: 
<h6>: 	advertised.listeners = PLAINTEXT://10.0.0.6:9092
<h6>: 	alter.config.policy.class.name = null
<h6>: 	alter.log.dirs.replication.quota.window.num = 11
<h6>: 	alter.log.dirs.replication.quota.window.size.seconds = 1
<h6>: 	authorizer.class.name = 
<h6>: 	auto.create.topics.enable = true
<h6>: 	auto.leader.rebalance.enable = true
<h6>: 	background.threads = 10
<h6>: 	broker.heartbeat.interval.ms = 2000
<h6>: 	broker.id = 6
<h6>: 	broker.id.generation.enable = true
<h6>: 	broker.rack = null
<h6>: 	broker.session.timeout.ms = 120000
<h6>: 	client.quota.callback.class = null
<h6>: 	compression.type = producer
<h6>: 	connection.failed.authentication.delay.ms = 100
<h6>: 	connections.max.idle.ms = 600000
<h6>: 	connections.max.reauth.ms = 0
<h6>: 	control.plane.listener.name = null
<h6>: 	controlled.shutdown.enable = true
<h6>: 	controlled.shutdown.max.retries = 3
<h6>: 	controlled.shutdown.retry.backoff.ms = 5000
<h6>: 	controller.listener.names = CONTROLLER
<h6>: 	controller.quorum.append.linger.ms = 25
<h6>: 	controller.quorum.election.backoff.max.ms = 10000
<h6>: 	controller.quorum.election.timeout.ms = 10000
<h6>: 	controller.quorum.fetch.timeout.ms = 20000
<h6>: 	controller.quorum.request.timeout.ms = 120000
<h6>: 	controller.quorum.retry.backoff.ms = 20
<h6>: 	controller.quorum.voters = [1@10.0.0.1:19092, 2@10.0.0.2:19093, 3@10.0.0.3:19094, 4@10.0.0.4:19095, 5@10.0.0.5:19096, 6@10.0.0.6:19097, 7@10.0.0.7:19098, 8@10.0.0.8:19099, 9@10.0.0.9:19100, 10@10.0.0.10:19101, 11@10.0.0.11:19102, 12@10.0.0.12:19103, 13@10.0.0.13:19104, 14@10.0.0.14:19105, 15@10.0.0.15:19106, 16@10.0.0.16:19107, 17@10.0.0.17:19108, 18@10.0.0.18:19109, 19@10.0.0.19:19110, 20@10.0.0.20:19111:9093]
<h6>: 	controller.quota.window.num = 11
<h6>: 	controller.quota.window.size.seconds = 1
<h6>: 	controller.socket.timeout.ms = 300000
<h6>: 	create.topic.policy.class.name = null
<h6>: 	default.replication.factor = 1
<h6>: 	delegation.token.expiry.check.interval.ms = 3600000
<h6>: 	delegation.token.expiry.time.ms = 86400000
<h6>: 	delegation.token.master.key = null
<h6>: 	delegation.token.max.lifetime.ms = 604800000
<h6>: 	delegation.token.secret.key = null
<h6>: 	delete.records.purgatory.purge.interval.requests = 1
<h6>: 	delete.topic.enable = true
<h6>: 	fetch.max.bytes = 57671680
<h6>: 	fetch.purgatory.purge.interval.requests = 1000
<h6>: 	group.initial.rebalance.delay.ms = 3000
<h6>: 	group.max.session.timeout.ms = 1800000
<h6>: 	group.max.size = 2147483647
<h6>: 	group.min.session.timeout.ms = 6000
<h6>: 	initial.broker.registration.timeout.ms = 180000
<h6>: 	inter.broker.listener.name = PLAINTEXT
<h6>: 	inter.broker.protocol.version = 3.1-IV0
<h6>: 	kafka.metrics.polling.interval.secs = 10
<h6>: 	kafka.metrics.reporters = []
<h6>: 	leader.imbalance.check.interval.seconds = 300
<h6>: 	leader.imbalance.per.broker.percentage = 10
<h6>: 	listener.security.protocol.map = PLAINTEXT:PLAINTEXT,SSL:SSL,SASL_PLAINTEXT:SASL_PLAINTEXT,SASL_SSL:SASL_SSL
<h6>: 	listeners = PLAINTEXT://:9092,CONTROLLER://10.0.0.6:19097
<h6>: 	log.cleaner.backoff.ms = 15000
<h6>: 	log.cleaner.dedupe.buffer.size = 134217728
<h6>: 	log.cleaner.delete.retention.ms = 86400000
<h6>: 	log.cleaner.enable = true
<h6>: 	log.cleaner.io.buffer.load.factor = 0.9
<h6>: 	log.cleaner.io.buffer.size = 524288
<h6>: 	log.cleaner.io.max.bytes.per.second = 1.7976931348623157E308
<h6>: 	log.cleaner.max.compaction.lag.ms = 9223372036854775807
<h6>: 	log.cleaner.min.cleanable.ratio = 0.5
<h6>: 	log.cleaner.min.compaction.lag.ms = 0
<h6>: 	log.cleaner.threads = 1
<h6>: 	log.cleanup.policy = [delete]
<h6>: 	log.dir = /tmp/kafka-logs
<h6>: 	log.dirs = ./kafka-3.1.0/logs/kafka6
<h6>: 	log.flush.interval.messages = 9223372036854775807
<h6>: 	log.flush.interval.ms = null
<h6>: 	log.flush.offset.checkpoint.interval.ms = 60000
<h6>: 	log.flush.scheduler.interval.ms = 9223372036854775807
<h6>: 	log.flush.start.offset.checkpoint.interval.ms = 60000
<h6>: 	log.index.interval.bytes = 4096
<h6>: 	log.index.size.max.bytes = 10485760
<h6>: 	log.message.downconversion.enable = true
<h6>: 	log.message.format.version = 3.0-IV1
<h6>: 	log.message.timestamp.difference.max.ms = 9223372036854775807
<h6>: 	log.message.timestamp.type = CreateTime
<h6>: 	log.preallocate = false
<h6>: 	log.retention.bytes = -1
<h6>: 	log.retention.check.interval.ms = 300000
<h6>: 	log.retention.hours = 168
<h6>: 	log.retention.minutes = null
<h6>: 	log.retention.ms = null
<h6>: 	log.roll.hours = 168
<h6>: 	log.roll.jitter.hours = 0
<h6>: 	log.roll.jitter.ms = null
<h6>: 	log.roll.ms = null
<h6>: 	log.segment.bytes = 1073741824
<h6>: 	log.segment.delete.delay.ms = 60000
<h6>: 	max.connection.creation.rate = 2147483647
<h6>: 	max.connections = 2147483647
<h6>: 	max.connections.per.ip = 2147483647
<h6>: 	max.connections.per.ip.overrides = 
<h6>: 	max.incremental.fetch.session.cache.slots = 1000
<h6>: 	message.max.bytes = 1048588
<h6>: 	metadata.log.dir = null
<h6>: 	metadata.log.max.record.bytes.between.snapshots = 20971520
<h6>: 	metadata.log.segment.bytes = 1073741824
<h6>: 	metadata.log.segment.min.bytes = 8388608
<h6>: 	metadata.log.segment.ms = 604800000
<h6>: 	metadata.max.retention.bytes = -1
<h6>: 	metadata.max.retention.ms = 604800000
<h6>: 	metric.reporters = []
<h6>: 	metrics.num.samples = 2
<h6>: 	metrics.recording.level = INFO
<h6>: 	metrics.sample.window.ms = 30000
<h6>: 	min.insync.replicas = 1
<h6>: 	node.id = 6
<h6>: 	num.io.threads = 8
<h6>: 	num.network.threads = 3
<h6>: 	num.partitions = 1
<h6>: 	num.recovery.threads.per.data.dir = 1
<h6>: 	num.replica.alter.log.dirs.threads = null
<h6>: 	num.replica.fetchers = 1
<h6>: 	offset.metadata.max.bytes = 4096
<h6>: 	offsets.commit.required.acks = -1
<h6>: 	offsets.commit.timeout.ms = 5000
<h6>: 	offsets.load.buffer.size = 5242880
<h6>: 	offsets.retention.check.interval.ms = 600000
<h6>: 	offsets.retention.minutes = 10080
<h6>: 	offsets.topic.compression.codec = 0
<h6>: 	offsets.topic.num.partitions = 50
<h6>: 	offsets.topic.replication.factor = 1
<h6>: 	offsets.topic.segment.bytes = 104857600
<h6>: 	password.encoder.cipher.algorithm = AES/CBC/PKCS5Padding
<h6>: 	password.encoder.iterations = 4096
<h6>: 	password.encoder.key.length = 128
<h6>: 	password.encoder.keyfactory.algorithm = null
<h6>: 	password.encoder.old.secret = null
<h6>: 	password.encoder.secret = null
<h6>: 	principal.builder.class = class org.apache.kafka.common.security.authenticator.DefaultKafkaPrincipalBuilder
<h6>: 	process.roles = [broker, controller]
<h6>: 	producer.purgatory.purge.interval.requests = 1000
<h6>: 	queued.max.request.bytes = -1
<h6>: 	queued.max.requests = 500
<h6>: 	quota.window.num = 11
<h6>: 	quota.window.size.seconds = 1
<h6>: 	remote.log.index.file.cache.total.size.bytes = 1073741824
<h6>: 	remote.log.manager.task.interval.ms = 30000
<h6>: 	remote.log.manager.task.retry.backoff.max.ms = 30000
<h6>: 	remote.log.manager.task.retry.backoff.ms = 500
<h6>: 	remote.log.manager.task.retry.jitter = 0.2
<h6>: 	remote.log.manager.thread.pool.size = 10
<h6>: 	remote.log.metadata.manager.class.name = null
<h6>: 	remote.log.metadata.manager.class.path = null
<h6>: 	remote.log.metadata.manager.impl.prefix = null
<h6>: 	remote.log.metadata.manager.listener.name = null
<h6>: 	remote.log.reader.max.pending.tasks = 100
<h6>: 	remote.log.reader.threads = 10
<h6>: 	remote.log.storage.manager.class.name = null
<h6>: 	remote.log.storage.manager.class.path = null
<h6>: 	remote.log.storage.manager.impl.prefix = null
<h6>: 	remote.log.storage.system.enable = false
<h6>: 	replica.fetch.backoff.ms = 1000
<h6>: 	replica.fetch.max.bytes = 1048576
<h6>: 	replica.fetch.min.bytes = 1
<h6>: 	replica.fetch.response.max.bytes = 10485760
<h6>: 	replica.fetch.wait.max.ms = 500
<h6>: 	replica.high.watermark.checkpoint.interval.ms = 5000
<h6>: 	replica.lag.time.max.ms = 30000
<h6>: 	replica.selector.class = null
<h6>: 	replica.socket.receive.buffer.bytes = 65536
<h6>: 	replica.socket.timeout.ms = 30000
<h6>: 	replication.quota.window.num = 11
<h6>: 	replication.quota.window.size.seconds = 1
<h6>: 	request.timeout.ms = 300000
<h6>: 	reserved.broker.max.id = 1000
<h6>: 	sasl.client.callback.handler.class = null
<h6>: 	sasl.enabled.mechanisms = [GSSAPI]
<h6>: 	sasl.jaas.config = null
<h6>: 	sasl.kerberos.kinit.cmd = /usr/bin/kinit
<h6>: 	sasl.kerberos.min.time.before.relogin = 60000
<h6>: 	sasl.kerberos.principal.to.local.rules = [DEFAULT]
<h6>: 	sasl.kerberos.service.name = null
<h6>: 	sasl.kerberos.ticket.renew.jitter = 0.05
<h6>: 	sasl.kerberos.ticket.renew.window.factor = 0.8
<h6>: 	sasl.login.callback.handler.class = null
<h6>: 	sasl.login.class = null
<h6>: 	sasl.login.connect.timeout.ms = null
<h6>: 	sasl.login.read.timeout.ms = null
<h6>: 	sasl.login.refresh.buffer.seconds = 300
<h6>: 	sasl.login.refresh.min.period.seconds = 60
<h6>: 	sasl.login.refresh.window.factor = 0.8
<h6>: 	sasl.login.refresh.window.jitter = 0.05
<h6>: 	sasl.login.retry.backoff.max.ms = 10000
<h6>: 	sasl.login.retry.backoff.ms = 100
<h6>: 	sasl.mechanism.controller.protocol = GSSAPI
<h6>: 	sasl.mechanism.inter.broker.protocol = GSSAPI
<h6>: 	sasl.oauthbearer.clock.skew.seconds = 30
<h6>: 	sasl.oauthbearer.expected.audience = null
<h6>: 	sasl.oauthbearer.expected.issuer = null
<h6>: 	sasl.oauthbearer.jwks.endpoint.refresh.ms = 3600000
<h6>: 	sasl.oauthbearer.jwks.endpoint.retry.backoff.max.ms = 10000
<h6>: 	sasl.oauthbearer.jwks.endpoint.retry.backoff.ms = 100
<h6>: 	sasl.oauthbearer.jwks.endpoint.url = null
<h6>: 	sasl.oauthbearer.scope.claim.name = scope
<h6>: 	sasl.oauthbearer.sub.claim.name = sub
<h6>: 	sasl.oauthbearer.token.endpoint.url = null
<h6>: 	sasl.server.callback.handler.class = null
<h6>: 	security.inter.broker.protocol = PLAINTEXT
<h6>: 	security.providers = null
<h6>: 	socket.connection.setup.timeout.max.ms = 300000
<h6>: 	socket.connection.setup.timeout.ms = 120000
<h6>: 	socket.receive.buffer.bytes = 102400
<h6>: 	socket.request.max.bytes = 104857600
<h6>: 	socket.send.buffer.bytes = 102400
<h6>: 	ssl.cipher.suites = []
<h6>: 	ssl.client.auth = none
<h6>: 	ssl.enabled.protocols = [TLSv1.2, TLSv1.3]
<h6>: 	ssl.endpoint.identification.algorithm = https
<h6>: 	ssl.engine.factory.class = null
<h6>: 	ssl.key.password = null
<h6>: 	ssl.keymanager.algorithm = SunX509
<h6>: 	ssl.keystore.certificate.chain = null
<h6>: 	ssl.keystore.key = null
<h6>: 	ssl.keystore.location = null
<h6>: 	ssl.keystore.password = null
<h6>: 	ssl.keystore.type = JKS
<h6>: 	ssl.principal.mapping.rules = DEFAULT
<h6>: 	ssl.protocol = TLSv1.3
<h6>: 	ssl.provider = null
<h6>: 	ssl.secure.random.implementation = null
<h6>: 	ssl.trustmanager.algorithm = PKIX
<h6>: 	ssl.truststore.certificates = null
<h6>: 	ssl.truststore.location = null
<h6>: 	ssl.truststore.password = null
<h6>: 	ssl.truststore.type = JKS
<h6>: 	transaction.abort.timed.out.transaction.cleanup.interval.ms = 10000
<h6>: 	transaction.max.timeout.ms = 900000
<h6>: 	transaction.remove.expired.transaction.cleanup.interval.ms = 3600000
<h6>: 	transaction.state.log.load.buffer.size = 5242880
<h6>: 	transaction.state.log.min.isr = 1
<h6>: 	transaction.state.log.num.partitions = 50
<h6>: 	transaction.state.log.replication.factor = 1
<h6>: 	transaction.state.log.segment.bytes = 104857600
<h6>: 	transactional.id.expiration.ms = 604800000
<h6>: 	unclean.leader.election.enable = false
<h6>: 	zookeeper.clientCnxnSocket = null
<h6>: 	zookeeper.connect = null
<h6>: 	zookeeper.connection.timeout.ms = null
<h6>: 	zookeeper.max.in.flight.requests = 10
<h6>: 	zookeeper.session.timeout.ms = 18000
<h6>: 	zookeeper.set.acl = false
<h6>: 	zookeeper.ssl.cipher.suites = null
<h6>: 	zookeeper.ssl.client.enable = false
<h6>: 	zookeeper.ssl.crl.enable = false
<h6>: 	zookeeper.ssl.enabled.protocols = null
<h6>: 	zookeeper.ssl.endpoint.identification.algorithm = HTTPS
<h6>: 	zookeeper.ssl.keystore.location = null
<h6>: 	zookeeper.ssl.keystore.password = null
<h6>: 	zookeeper.ssl.keystore.type = null
<h6>: 	zookeeper.ssl.ocsp.enable = false
<h6>: 	zookeeper.ssl.protocol = TLSv1.2
<h6>: 	zookeeper.ssl.truststore.location = null
<h6>: 	zookeeper.ssl.truststore.password = null
<h6>: 	zookeeper.ssl.truststore.type = null
<h6>: 	zookeeper.sync.time.ms = 2000
<h6>:  (kafka.server.KafkaConfig)
<h6>: [2023-02-26 20:29:34,951] INFO [SocketServer listenerType=BROKER, nodeId=6] Starting socket server acceptors and processors (kafka.network.SocketServer)
<h6>: [2023-02-26 20:29:35,028] INFO [SocketServer listenerType=BROKER, nodeId=6] Started data-plane acceptor and processor(s) for endpoint : ListenerName(PLAINTEXT) (kafka.network.SocketServer)
<h6>: [2023-02-26 20:29:35,028] INFO [SocketServer listenerType=BROKER, nodeId=6] Started socket server acceptors and processors (kafka.network.SocketServer)
<h6>: [2023-02-26 20:29:35,029] INFO [BrokerServer id=6] Transition from STARTING to STARTED (kafka.server.BrokerServer)
<h6>: [2023-02-26 20:29:35,030] INFO Kafka version: 3.1.0 (org.apache.kafka.common.utils.AppInfoParser)
<h6>: [2023-02-26 20:29:35,030] INFO Kafka commitId: unknown (org.apache.kafka.common.utils.AppInfoParser)
<h6>: [2023-02-26 20:29:35,030] INFO Kafka startTimeMs: 1677457775029 (org.apache.kafka.common.utils.AppInfoParser)
<h6>: [2023-02-26 20:29:35,031] INFO Kafka Server started (kafka.server.KafkaRaftServer)
<h6>: [2023-02-26 20:29:35,037] INFO [BrokerLifecycleManager id=6] The broker is in RECOVERY. (kafka.server.BrokerLifecycleManager)
<h6>: [2023-02-26 20:29:35,230] INFO [Controller 6] Registered new broker: RegisterBrokerRecord(brokerId=13, incarnationId=ASDOl6kTROCykY11g3mL_A, brokerEpoch=14, endPoints=[BrokerEndpoint(name='PLAINTEXT', host='10.0.0.13', port=9092, securityProtocol=0)], features=[], rack=null, fenced=true) (org.apache.kafka.controller.ClusterControlManager)
<h6>: [2023-02-26 20:29:39,056] INFO [BrokerLifecycleManager id=6] The broker has been unfenced. Transitioning from RECOVERY to RUNNING. (kafka.server.BrokerLifecycleManager)
<h6>: [2023-02-26 20:29:39,341] INFO [Controller 6] Unfenced broker: UnfenceBrokerRecord(id=13, epoch=14) (org.apache.kafka.controller.ClusterControlManager)
<h6>: [2023-02-26 20:29:39,342] INFO [Controller 6] Unfenced broker: UnfenceBrokerRecord(id=3, epoch=7) (org.apache.kafka.controller.ClusterControlManager)
<h6>: [2023-02-26 20:29:39,342] INFO [Controller 6] Unfenced broker: UnfenceBrokerRecord(id=10, epoch=8) (org.apache.kafka.controller.ClusterControlManager)
<h6>: [2023-02-26 20:29:39,342] INFO [Controller 6] Unfenced broker: UnfenceBrokerRecord(id=12, epoch=4) (org.apache.kafka.controller.ClusterControlManager)
<h6>: [2023-02-26 20:29:39,342] INFO [Controller 6] Unfenced broker: UnfenceBrokerRecord(id=6, epoch=2) (org.apache.kafka.controller.ClusterControlManager)
<h6>: [2023-02-26 20:29:39,498] INFO [Controller 6] Registered new broker: RegisterBrokerRecord(brokerId=15, incarnationId=rimofCmQTV-dFYcy3Xgu1g, brokerEpoch=20, endPoints=[BrokerEndpoint(name='PLAINTEXT', host='10.0.0.15', port=9092, securityProtocol=0)], features=[], rack=null, fenced=true) (org.apache.kafka.controller.ClusterControlManager)
<h6>: [2023-02-26 20:29:39,498] INFO [Controller 6] Registered new broker: RegisterBrokerRecord(brokerId=17, incarnationId=3wYalzwcT9iEiHhlAZ1NlA, brokerEpoch=21, endPoints=[BrokerEndpoint(name='PLAINTEXT', host='10.0.0.17', port=9092, securityProtocol=0)], features=[], rack=null, fenced=true) (org.apache.kafka.controller.ClusterControlManager)
<h6>: [2023-02-26 20:29:39,938] INFO [Controller 6] Registered new broker: RegisterBrokerRecord(brokerId=18, incarnationId=t-_qwTjGR92U33fDvvL8kQ, brokerEpoch=22, endPoints=[BrokerEndpoint(name='PLAINTEXT', host='10.0.0.18', port=9092, securityProtocol=0)], features=[], rack=null, fenced=true) (org.apache.kafka.controller.ClusterControlManager)
<h6>: [2023-02-26 20:29:39,938] INFO [Controller 6] Registered new broker: RegisterBrokerRecord(brokerId=14, incarnationId=r3uoR0x-Tnq2UoG47-pYnA, brokerEpoch=23, endPoints=[BrokerEndpoint(name='PLAINTEXT', host='10.0.0.14', port=9092, securityProtocol=0)], features=[], rack=null, fenced=true) (org.apache.kafka.controller.ClusterControlManager)
<h6>: [2023-02-26 20:29:39,938] INFO [Controller 6] Registered new broker: RegisterBrokerRecord(brokerId=16, incarnationId=hjwCXEURRIaUSK9mevc7GA, brokerEpoch=24, endPoints=[BrokerEndpoint(name='PLAINTEXT', host='10.0.0.16', port=9092, securityProtocol=0)], features=[], rack=null, fenced=true) (org.apache.kafka.controller.ClusterControlManager)
<h6>: [2023-02-26 20:29:40,459] INFO [Controller 6] Registered new broker: RegisterBrokerRecord(brokerId=19, incarnationId=xwO9ZQBTRxqwhQWRK5nRmQ, brokerEpoch=25, endPoints=[BrokerEndpoint(name='PLAINTEXT', host='10.0.0.19', port=9092, securityProtocol=0)], features=[], rack=null, fenced=true) (org.apache.kafka.controller.ClusterControlManager)
<h6>: [2023-02-26 20:29:41,542] INFO [Controller 6] Unfenced broker: UnfenceBrokerRecord(id=19, epoch=25) (org.apache.kafka.controller.ClusterControlManager)
<h6>: [2023-02-26 20:29:41,542] INFO [Controller 6] Unfenced broker: UnfenceBrokerRecord(id=4, epoch=11) (org.apache.kafka.controller.ClusterControlManager)
<h6>: [2023-02-26 20:29:41,542] INFO [Controller 6] Unfenced broker: UnfenceBrokerRecord(id=7, epoch=3) (org.apache.kafka.controller.ClusterControlManager)
<h6>: [2023-02-26 20:29:41,542] INFO [Controller 6] Unfenced broker: UnfenceBrokerRecord(id=2, epoch=5) (org.apache.kafka.controller.ClusterControlManager)
<h6>: [2023-02-26 20:29:41,543] INFO [Controller 6] Unfenced broker: UnfenceBrokerRecord(id=5, epoch=6) (org.apache.kafka.controller.ClusterControlManager)
<h6>: [2023-02-26 20:29:41,543] INFO [Controller 6] Unfenced broker: UnfenceBrokerRecord(id=8, epoch=9) (org.apache.kafka.controller.ClusterControlManager)
<h6>: [2023-02-26 20:29:41,543] INFO [Controller 6] Unfenced broker: UnfenceBrokerRecord(id=11, epoch=12) (org.apache.kafka.controller.ClusterControlManager)
<h6>: [2023-02-26 20:29:41,543] INFO [Controller 6] Unfenced broker: UnfenceBrokerRecord(id=9, epoch=10) (org.apache.kafka.controller.ClusterControlManager)
<h6>: [2023-02-26 20:29:42,318] INFO [Controller 6] Unfenced broker: UnfenceBrokerRecord(id=17, epoch=21) (org.apache.kafka.controller.ClusterControlManager)
<h6>: [2023-02-26 20:29:42,829] INFO [Controller 6] Unfenced broker: UnfenceBrokerRecord(id=14, epoch=23) (org.apache.kafka.controller.ClusterControlManager)
<h6>: [2023-02-26 20:29:42,829] INFO [Controller 6] Unfenced broker: UnfenceBrokerRecord(id=16, epoch=24) (org.apache.kafka.controller.ClusterControlManager)
<h6>: [2023-02-26 20:29:42,829] INFO [Controller 6] Unfenced broker: UnfenceBrokerRecord(id=15, epoch=20) (org.apache.kafka.controller.ClusterControlManager)
<h6>: [2023-02-26 20:29:42,830] INFO [Controller 6] Unfenced broker: UnfenceBrokerRecord(id=18, epoch=22) (org.apache.kafka.controller.ClusterControlManager)
<h6>: [2023-02-26 20:29:51,719] INFO [RaftManager nodeId=6] Vote request VoteRequestData(clusterId='JmL9ihFRQmSabrNWrYSpjg', topics=[TopicData(topicName='__cluster_metadata', partitions=[PartitionData(partitionIndex=0, candidateEpoch=1, candidateId=20, lastOffsetEpoch=0, lastOffset=0)])]) with epoch 1 is rejected (org.apache.kafka.raft.KafkaRaftClient)
<h6>: [2023-02-26 20:29:52,504] INFO [Controller 6] Registered new broker: RegisterBrokerRecord(brokerId=20, incarnationId=dDGA3CuHTBykH0pzUbhwmA, brokerEpoch=39, endPoints=[BrokerEndpoint(name='PLAINTEXT', host='10.0.0.20', port=9092, securityProtocol=0)], features=[], rack=null, fenced=true) (org.apache.kafka.controller.ClusterControlManager)
<h6>: [2023-02-26 20:29:52,935] INFO [Controller 6] Unfenced broker: UnfenceBrokerRecord(id=20, epoch=39) (org.apache.kafka.controller.ClusterControlManager)
<h6>: [2023-02-26 20:29:53,452] INFO [Controller 6] Created topic topic-1 with topic ID dVvmnTbzTJCZyuFN1c_dog. (org.apache.kafka.controller.ReplicationControlManager)
<h6>: [2023-02-26 20:29:53,452] INFO [Controller 6] Created partition topic-1-0 with topic ID dVvmnTbzTJCZyuFN1c_dog and PartitionRegistration(replicas=[14, 15, 16, 17, 18, 19, 20, 1, 2, 3, 4, 5, 6, 7, 8, 9, 10, 11, 12, 13], isr=[14, 15, 16, 17, 18, 19, 20, 1, 2, 3, 4, 5, 6, 7, 8, 9, 10, 11, 12, 13], removingReplicas=[], addingReplicas=[], leader=14, leaderEpoch=0, partitionEpoch=0). (org.apache.kafka.controller.ReplicationControlManager)
<h6>: [2023-02-26 20:29:53,624] INFO [LogLoader partition=topic-1-0, dir=/home/visitor/neves/amnis-data-sync/./kafka-3.1.0/logs/kafka6] Loading producer state till offset 0 with message format version 2 (kafka.log.UnifiedLog$)
<h6>: [2023-02-26 20:29:53,649] INFO Created log for partition topic-1-0 in /home/visitor/neves/amnis-data-sync/./kafka-3.1.0/logs/kafka6/topic-1-0 with properties {} (kafka.log.LogManager)
<h6>: [2023-02-26 20:29:53,657] INFO [Partition topic-1-0 broker=6] No checkpointed highwatermark is found for partition topic-1-0 (kafka.cluster.Partition)
<h6>: [2023-02-26 20:29:53,660] INFO [Partition topic-1-0 broker=6] Log loaded for partition topic-1-0 with initial high watermark 0 (kafka.cluster.Partition)
<h6>: [2023-02-26 20:29:53,684] INFO [ReplicaFetcherManager on broker 6] Removed fetcher for partitions Set(topic-1-0) (kafka.server.ReplicaFetcherManager)
<h6>: [2023-02-26 20:29:53,729] INFO Sent auto-creation request for Set(__consumer_offsets) to the active controller. (kafka.server.DefaultAutoTopicCreationManager)
<h6>: [2023-02-26 20:29:53,867] INFO [ReplicaFetcherManager on broker 6] Added fetcher to broker 14 for partitions HashMap(topic-1-0 -> InitialFetchState(Some(dVvmnTbzTJCZyuFN1c_dog),BrokerEndPoint(id=14, host=10.0.0.14:9092),0,0)) (kafka.server.ReplicaFetcherManager)
<h6>: [2023-02-26 20:29:53,868] INFO [ReplicaFetcher replicaId=6, leaderId=14, fetcherId=0] Starting (kafka.server.ReplicaFetcherThread)
<h6>: [2023-02-26 20:29:53,871] INFO [ReplicaFetcher replicaId=6, leaderId=14, fetcherId=0] Truncating partition topic-1-0 with TruncationState(offset=0, completed=true) due to local high watermark 0 (kafka.server.ReplicaFetcherThread)
<h6>: [2023-02-26 20:29:53,879] INFO [UnifiedLog partition=topic-1-0, dir=/home/visitor/neves/amnis-data-sync/./kafka-3.1.0/logs/kafka6] Truncating to 0 has no effect as the largest offset in the log is -1 (kafka.log.UnifiedLog)
<h6>: [2023-02-26 20:29:54,139] INFO Sent auto-creation request for Set(__consumer_offsets) to the active controller. (kafka.server.DefaultAutoTopicCreationManager)
<h6>: [2023-02-26 20:29:54,354] INFO Sent auto-creation request for Set(__consumer_offsets) to the active controller. (kafka.server.DefaultAutoTopicCreationManager)
<h6>: [2023-02-26 20:29:54,399] INFO [Controller 6] ConfigResource(type=TOPIC, name='__consumer_offsets'): set configuration compression.type to producer (org.apache.kafka.controller.ConfigurationControlManager)
<h6>: [2023-02-26 20:29:54,399] INFO [Controller 6] ConfigResource(type=TOPIC, name='__consumer_offsets'): set configuration cleanup.policy to compact (org.apache.kafka.controller.ConfigurationControlManager)
<h6>: [2023-02-26 20:29:54,399] INFO [Controller 6] ConfigResource(type=TOPIC, name='__consumer_offsets'): set configuration segment.bytes to 104857600 (org.apache.kafka.controller.ConfigurationControlManager)
<h6>: [2023-02-26 20:29:54,399] INFO [Controller 6] Created topic __consumer_offsets with topic ID gs35a5FWTyyJLPclII7hIA. (org.apache.kafka.controller.ReplicationControlManager)
<h6>: [2023-02-26 20:29:54,399] INFO [Controller 6] Created partition __consumer_offsets-0 with topic ID gs35a5FWTyyJLPclII7hIA and PartitionRegistration(replicas=[4], isr=[4], removingReplicas=[], addingReplicas=[], leader=4, leaderEpoch=0, partitionEpoch=0). (org.apache.kafka.controller.ReplicationControlManager)
<h6>: [2023-02-26 20:29:54,399] INFO [Controller 6] Created partition __consumer_offsets-1 with topic ID gs35a5FWTyyJLPclII7hIA and PartitionRegistration(replicas=[5], isr=[5], removingReplicas=[], addingReplicas=[], leader=5, leaderEpoch=0, partitionEpoch=0). (org.apache.kafka.controller.ReplicationControlManager)
<h6>: [2023-02-26 20:29:54,399] INFO [Controller 6] Created partition __consumer_offsets-2 with topic ID gs35a5FWTyyJLPclII7hIA and PartitionRegistration(replicas=[6], isr=[6], removingReplicas=[], addingReplicas=[], leader=6, leaderEpoch=0, partitionEpoch=0). (org.apache.kafka.controller.ReplicationControlManager)
<h6>: [2023-02-26 20:29:54,399] INFO [Controller 6] Created partition __consumer_offsets-3 with topic ID gs35a5FWTyyJLPclII7hIA and PartitionRegistration(replicas=[7], isr=[7], removingReplicas=[], addingReplicas=[], leader=7, leaderEpoch=0, partitionEpoch=0). (org.apache.kafka.controller.ReplicationControlManager)
<h6>: [2023-02-26 20:29:54,399] INFO [Controller 6] Created partition __consumer_offsets-4 with topic ID gs35a5FWTyyJLPclII7hIA and PartitionRegistration(replicas=[8], isr=[8], removingReplicas=[], addingReplicas=[], leader=8, leaderEpoch=0, partitionEpoch=0). (org.apache.kafka.controller.ReplicationControlManager)
<h6>: [2023-02-26 20:29:54,399] INFO [Controller 6] Created partition __consumer_offsets-5 with topic ID gs35a5FWTyyJLPclII7hIA and PartitionRegistration(replicas=[9], isr=[9], removingReplicas=[], addingReplicas=[], leader=9, leaderEpoch=0, partitionEpoch=0). (org.apache.kafka.controller.ReplicationControlManager)
<h6>: [2023-02-26 20:29:54,400] INFO [Controller 6] Created partition __consumer_offsets-6 with topic ID gs35a5FWTyyJLPclII7hIA and PartitionRegistration(replicas=[10], isr=[10], removingReplicas=[], addingReplicas=[], leader=10, leaderEpoch=0, partitionEpoch=0). (org.apache.kafka.controller.ReplicationControlManager)
<h6>: [2023-02-26 20:29:54,400] INFO [Controller 6] Created partition __consumer_offsets-7 with topic ID gs35a5FWTyyJLPclII7hIA and PartitionRegistration(replicas=[11], isr=[11], removingReplicas=[], addingReplicas=[], leader=11, leaderEpoch=0, partitionEpoch=0). (org.apache.kafka.controller.ReplicationControlManager)
<h6>: [2023-02-26 20:29:54,400] INFO [Controller 6] Created partition __consumer_offsets-8 with topic ID gs35a5FWTyyJLPclII7hIA and PartitionRegistration(replicas=[12], isr=[12], removingReplicas=[], addingReplicas=[], leader=12, leaderEpoch=0, partitionEpoch=0). (org.apache.kafka.controller.ReplicationControlManager)
<h6>: [2023-02-26 20:29:54,400] INFO [Controller 6] Created partition __consumer_offsets-9 with topic ID gs35a5FWTyyJLPclII7hIA and PartitionRegistration(replicas=[13], isr=[13], removingReplicas=[], addingReplicas=[], leader=13, leaderEpoch=0, partitionEpoch=0). (org.apache.kafka.controller.ReplicationControlManager)
<h6>: [2023-02-26 20:29:54,400] INFO [Controller 6] Created partition __consumer_offsets-10 with topic ID gs35a5FWTyyJLPclII7hIA and PartitionRegistration(replicas=[14], isr=[14], removingReplicas=[], addingReplicas=[], leader=14, leaderEpoch=0, partitionEpoch=0). (org.apache.kafka.controller.ReplicationControlManager)
<h6>: [2023-02-26 20:29:54,400] INFO [Controller 6] Created partition __consumer_offsets-11 with topic ID gs35a5FWTyyJLPclII7hIA and PartitionRegistration(replicas=[15], isr=[15], removingReplicas=[], addingReplicas=[], leader=15, leaderEpoch=0, partitionEpoch=0). (org.apache.kafka.controller.ReplicationControlManager)
<h6>: [2023-02-26 20:29:54,400] INFO [Controller 6] Created partition __consumer_offsets-12 with topic ID gs35a5FWTyyJLPclII7hIA and PartitionRegistration(replicas=[16], isr=[16], removingReplicas=[], addingReplicas=[], leader=16, leaderEpoch=0, partitionEpoch=0). (org.apache.kafka.controller.ReplicationControlManager)
<h6>: [2023-02-26 20:29:54,400] INFO [Controller 6] Created partition __consumer_offsets-13 with topic ID gs35a5FWTyyJLPclII7hIA and PartitionRegistration(replicas=[17], isr=[17], removingReplicas=[], addingReplicas=[], leader=17, leaderEpoch=0, partitionEpoch=0). (org.apache.kafka.controller.ReplicationControlManager)
<h6>: [2023-02-26 20:29:54,400] INFO [Controller 6] Created partition __consumer_offsets-14 with topic ID gs35a5FWTyyJLPclII7hIA and PartitionRegistration(replicas=[18], isr=[18], removingReplicas=[], addingReplicas=[], leader=18, leaderEpoch=0, partitionEpoch=0). (org.apache.kafka.controller.ReplicationControlManager)
<h6>: [2023-02-26 20:29:54,400] INFO [Controller 6] Created partition __consumer_offsets-15 with topic ID gs35a5FWTyyJLPclII7hIA and PartitionRegistration(replicas=[19], isr=[19], removingReplicas=[], addingReplicas=[], leader=19, leaderEpoch=0, partitionEpoch=0). (org.apache.kafka.controller.ReplicationControlManager)
<h6>: [2023-02-26 20:29:54,400] INFO [Controller 6] Created partition __consumer_offsets-16 with topic ID gs35a5FWTyyJLPclII7hIA and PartitionRegistration(replicas=[20], isr=[20], removingReplicas=[], addingReplicas=[], leader=20, leaderEpoch=0, partitionEpoch=0). (org.apache.kafka.controller.ReplicationControlManager)
<h6>: [2023-02-26 20:29:54,400] INFO [Controller 6] Created partition __consumer_offsets-17 with topic ID gs35a5FWTyyJLPclII7hIA and PartitionRegistration(replicas=[1], isr=[1], removingReplicas=[], addingReplicas=[], leader=1, leaderEpoch=0, partitionEpoch=0). (org.apache.kafka.controller.ReplicationControlManager)
<h6>: [2023-02-26 20:29:54,400] INFO [Controller 6] Created partition __consumer_offsets-18 with topic ID gs35a5FWTyyJLPclII7hIA and PartitionRegistration(replicas=[2], isr=[2], removingReplicas=[], addingReplicas=[], leader=2, leaderEpoch=0, partitionEpoch=0). (org.apache.kafka.controller.ReplicationControlManager)
<h6>: [2023-02-26 20:29:54,400] INFO [Controller 6] Created partition __consumer_offsets-19 with topic ID gs35a5FWTyyJLPclII7hIA and PartitionRegistration(replicas=[3], isr=[3], removingReplicas=[], addingReplicas=[], leader=3, leaderEpoch=0, partitionEpoch=0). (org.apache.kafka.controller.ReplicationControlManager)
<h6>: [2023-02-26 20:29:54,401] INFO [Controller 6] Created partition __consumer_offsets-20 with topic ID gs35a5FWTyyJLPclII7hIA and PartitionRegistration(replicas=[7], isr=[7], removingReplicas=[], addingReplicas=[], leader=7, leaderEpoch=0, partitionEpoch=0). (org.apache.kafka.controller.ReplicationControlManager)
<h6>: [2023-02-26 20:29:54,401] INFO [Controller 6] Created partition __consumer_offsets-21 with topic ID gs35a5FWTyyJLPclII7hIA and PartitionRegistration(replicas=[10], isr=[10], removingReplicas=[], addingReplicas=[], leader=10, leaderEpoch=0, partitionEpoch=0). (org.apache.kafka.controller.ReplicationControlManager)
<h6>: [2023-02-26 20:29:54,401] INFO [Controller 6] Created partition __consumer_offsets-22 with topic ID gs35a5FWTyyJLPclII7hIA and PartitionRegistration(replicas=[20], isr=[20], removingReplicas=[], addingReplicas=[], leader=20, leaderEpoch=0, partitionEpoch=0). (org.apache.kafka.controller.ReplicationControlManager)
<h6>: [2023-02-26 20:29:54,401] INFO [Controller 6] Created partition __consumer_offsets-23 with topic ID gs35a5FWTyyJLPclII7hIA and PartitionRegistration(replicas=[1], isr=[1], removingReplicas=[], addingReplicas=[], leader=1, leaderEpoch=0, partitionEpoch=0). (org.apache.kafka.controller.ReplicationControlManager)
<h6>: [2023-02-26 20:29:54,401] INFO [Controller 6] Created partition __consumer_offsets-24 with topic ID gs35a5FWTyyJLPclII7hIA and PartitionRegistration(replicas=[4], isr=[4], removingReplicas=[], addingReplicas=[], leader=4, leaderEpoch=0, partitionEpoch=0). (org.apache.kafka.controller.ReplicationControlManager)
<h6>: [2023-02-26 20:29:54,401] INFO [Controller 6] Created partition __consumer_offsets-25 with topic ID gs35a5FWTyyJLPclII7hIA and PartitionRegistration(replicas=[9], isr=[9], removingReplicas=[], addingReplicas=[], leader=9, leaderEpoch=0, partitionEpoch=0). (org.apache.kafka.controller.ReplicationControlManager)
<h6>: [2023-02-26 20:29:54,401] INFO [Controller 6] Created partition __consumer_offsets-26 with topic ID gs35a5FWTyyJLPclII7hIA and PartitionRegistration(replicas=[18], isr=[18], removingReplicas=[], addingReplicas=[], leader=18, leaderEpoch=0, partitionEpoch=0). (org.apache.kafka.controller.ReplicationControlManager)
<h6>: [2023-02-26 20:29:54,401] INFO [Controller 6] Created partition __consumer_offsets-27 with topic ID gs35a5FWTyyJLPclII7hIA and PartitionRegistration(replicas=[16], isr=[16], removingReplicas=[], addingReplicas=[], leader=16, leaderEpoch=0, partitionEpoch=0). (org.apache.kafka.controller.ReplicationControlManager)
<h6>: [2023-02-26 20:29:54,405] INFO [ReplicaFetcherManager on broker 6] Removed fetcher for partitions Set(__consumer_offsets-43, __consumer_offsets-28, __consumer_offsets-2) (kafka.server.ReplicaFetcherManager)
<h6>: [2023-02-26 20:29:54,415] INFO [Controller 6] Created partition __consumer_offsets-28 with topic ID gs35a5FWTyyJLPclII7hIA and PartitionRegistration(replicas=[6], isr=[6], removingReplicas=[], addingReplicas=[], leader=6, leaderEpoch=0, partitionEpoch=0). (org.apache.kafka.controller.ReplicationControlManager)
<h6>: [2023-02-26 20:29:54,433] INFO [Controller 6] Created partition __consumer_offsets-29 with topic ID gs35a5FWTyyJLPclII7hIA and PartitionRegistration(replicas=[12], isr=[12], removingReplicas=[], addingReplicas=[], leader=12, leaderEpoch=0, partitionEpoch=0). (org.apache.kafka.controller.ReplicationControlManager)
<h6>: [2023-02-26 20:29:54,433] INFO [Controller 6] Created partition __consumer_offsets-30 with topic ID gs35a5FWTyyJLPclII7hIA and PartitionRegistration(replicas=[14], isr=[14], removingReplicas=[], addingReplicas=[], leader=14, leaderEpoch=0, partitionEpoch=0). (org.apache.kafka.controller.ReplicationControlManager)
<h6>: [2023-02-26 20:29:54,433] INFO [Controller 6] Created partition __consumer_offsets-31 with topic ID gs35a5FWTyyJLPclII7hIA and PartitionRegistration(replicas=[8], isr=[8], removingReplicas=[], addingReplicas=[], leader=8, leaderEpoch=0, partitionEpoch=0). (org.apache.kafka.controller.ReplicationControlManager)
<h6>: [2023-02-26 20:29:54,434] INFO [Controller 6] Created partition __consumer_offsets-32 with topic ID gs35a5FWTyyJLPclII7hIA and PartitionRegistration(replicas=[5], isr=[5], removingReplicas=[], addingReplicas=[], leader=5, leaderEpoch=0, partitionEpoch=0). (org.apache.kafka.controller.ReplicationControlManager)
<h6>: [2023-02-26 20:29:54,434] INFO [Controller 6] Created partition __consumer_offsets-33 with topic ID gs35a5FWTyyJLPclII7hIA and PartitionRegistration(replicas=[19], isr=[19], removingReplicas=[], addingReplicas=[], leader=19, leaderEpoch=0, partitionEpoch=0). (org.apache.kafka.controller.ReplicationControlManager)
<h6>: [2023-02-26 20:29:54,434] INFO [Controller 6] Created partition __consumer_offsets-34 with topic ID gs35a5FWTyyJLPclII7hIA and PartitionRegistration(replicas=[17], isr=[17], removingReplicas=[], addingReplicas=[], leader=17, leaderEpoch=0, partitionEpoch=0). (org.apache.kafka.controller.ReplicationControlManager)
<h6>: [2023-02-26 20:29:54,434] INFO [Controller 6] Created partition __consumer_offsets-35 with topic ID gs35a5FWTyyJLPclII7hIA and PartitionRegistration(replicas=[11], isr=[11], removingReplicas=[], addingReplicas=[], leader=11, leaderEpoch=0, partitionEpoch=0). (org.apache.kafka.controller.ReplicationControlManager)
<h6>: [2023-02-26 20:29:54,434] INFO [Controller 6] Created partition __consumer_offsets-36 with topic ID gs35a5FWTyyJLPclII7hIA and PartitionRegistration(replicas=[3], isr=[3], removingReplicas=[], addingReplicas=[], leader=3, leaderEpoch=0, partitionEpoch=0). (org.apache.kafka.controller.ReplicationControlManager)
<h6>: [2023-02-26 20:29:54,434] INFO [Controller 6] Created partition __consumer_offsets-37 with topic ID gs35a5FWTyyJLPclII7hIA and PartitionRegistration(replicas=[2], isr=[2], removingReplicas=[], addingReplicas=[], leader=2, leaderEpoch=0, partitionEpoch=0). (org.apache.kafka.controller.ReplicationControlManager)
<h6>: [2023-02-26 20:29:54,434] INFO [Controller 6] Created partition __consumer_offsets-38 with topic ID gs35a5FWTyyJLPclII7hIA and PartitionRegistration(replicas=[15], isr=[15], removingReplicas=[], addingReplicas=[], leader=15, leaderEpoch=0, partitionEpoch=0). (org.apache.kafka.controller.ReplicationControlManager)
<h6>: [2023-02-26 20:29:54,434] INFO [Controller 6] Created partition __consumer_offsets-39 with topic ID gs35a5FWTyyJLPclII7hIA and PartitionRegistration(replicas=[13], isr=[13], removingReplicas=[], addingReplicas=[], leader=13, leaderEpoch=0, partitionEpoch=0). (org.apache.kafka.controller.ReplicationControlManager)
<h6>: [2023-02-26 20:29:54,434] INFO [Controller 6] Created partition __consumer_offsets-40 with topic ID gs35a5FWTyyJLPclII7hIA and PartitionRegistration(replicas=[13], isr=[13], removingReplicas=[], addingReplicas=[], leader=13, leaderEpoch=0, partitionEpoch=0). (org.apache.kafka.controller.ReplicationControlManager)
<h6>: [2023-02-26 20:29:54,434] INFO [Controller 6] Created partition __consumer_offsets-41 with topic ID gs35a5FWTyyJLPclII7hIA and PartitionRegistration(replicas=[8], isr=[8], removingReplicas=[], addingReplicas=[], leader=8, leaderEpoch=0, partitionEpoch=0). (org.apache.kafka.controller.ReplicationControlManager)
<h6>: [2023-02-26 20:29:54,434] INFO [Controller 6] Created partition __consumer_offsets-42 with topic ID gs35a5FWTyyJLPclII7hIA and PartitionRegistration(replicas=[12], isr=[12], removingReplicas=[], addingReplicas=[], leader=12, leaderEpoch=0, partitionEpoch=0). (org.apache.kafka.controller.ReplicationControlManager)
<h6>: [2023-02-26 20:29:54,434] INFO [Controller 6] Created partition __consumer_offsets-43 with topic ID gs35a5FWTyyJLPclII7hIA and PartitionRegistration(replicas=[6], isr=[6], removingReplicas=[], addingReplicas=[], leader=6, leaderEpoch=0, partitionEpoch=0). (org.apache.kafka.controller.ReplicationControlManager)
<h6>: [2023-02-26 20:29:54,434] INFO [Controller 6] Created partition __consumer_offsets-44 with topic ID gs35a5FWTyyJLPclII7hIA and PartitionRegistration(replicas=[10], isr=[10], removingReplicas=[], addingReplicas=[], leader=10, leaderEpoch=0, partitionEpoch=0). (org.apache.kafka.controller.ReplicationControlManager)
<h6>: [2023-02-26 20:29:54,434] INFO [Controller 6] Created partition __consumer_offsets-45 with topic ID gs35a5FWTyyJLPclII7hIA and PartitionRegistration(replicas=[3], isr=[3], removingReplicas=[], addingReplicas=[], leader=3, leaderEpoch=0, partitionEpoch=0). (org.apache.kafka.controller.ReplicationControlManager)
<h6>: [2023-02-26 20:29:54,435] INFO [Controller 6] Created partition __consumer_offsets-46 with topic ID gs35a5FWTyyJLPclII7hIA and PartitionRegistration(replicas=[17], isr=[17], removingReplicas=[], addingReplicas=[], leader=17, leaderEpoch=0, partitionEpoch=0). (org.apache.kafka.controller.ReplicationControlManager)
<h6>: [2023-02-26 20:29:54,435] INFO [Controller 6] Created partition __consumer_offsets-47 with topic ID gs35a5FWTyyJLPclII7hIA and PartitionRegistration(replicas=[7], isr=[7], removingReplicas=[], addingReplicas=[], leader=7, leaderEpoch=0, partitionEpoch=0). (org.apache.kafka.controller.ReplicationControlManager)
<h6>: [2023-02-26 20:29:54,435] INFO [Controller 6] Created partition __consumer_offsets-48 with topic ID gs35a5FWTyyJLPclII7hIA and PartitionRegistration(replicas=[11], isr=[11], removingReplicas=[], addingReplicas=[], leader=11, leaderEpoch=0, partitionEpoch=0). (org.apache.kafka.controller.ReplicationControlManager)
<h6>: [2023-02-26 20:29:54,435] INFO [Controller 6] Created partition __consumer_offsets-49 with topic ID gs35a5FWTyyJLPclII7hIA and PartitionRegistration(replicas=[1], isr=[1], removingReplicas=[], addingReplicas=[], leader=1, leaderEpoch=0, partitionEpoch=0). (org.apache.kafka.controller.ReplicationControlManager)
<h6>: [2023-02-26 20:29:54,466] INFO [LogLoader partition=__consumer_offsets-43, dir=/home/visitor/neves/amnis-data-sync/./kafka-3.1.0/logs/kafka6] Loading producer state till offset 0 with message format version 2 (kafka.log.UnifiedLog$)
<h6>: [2023-02-26 20:29:54,469] INFO Created log for partition __consumer_offsets-43 in /home/visitor/neves/amnis-data-sync/./kafka-3.1.0/logs/kafka6/__consumer_offsets-43 with properties {cleanup.policy=compact, compression.type="producer", segment.bytes=104857600} (kafka.log.LogManager)
<h6>: [2023-02-26 20:29:54,470] INFO [Partition __consumer_offsets-43 broker=6] No checkpointed highwatermark is found for partition __consumer_offsets-43 (kafka.cluster.Partition)
<h6>: [2023-02-26 20:29:54,470] INFO [Partition __consumer_offsets-43 broker=6] Log loaded for partition __consumer_offsets-43 with initial high watermark 0 (kafka.cluster.Partition)
<h6>: [2023-02-26 20:29:54,704] INFO [LogLoader partition=__consumer_offsets-28, dir=/home/visitor/neves/amnis-data-sync/./kafka-3.1.0/logs/kafka6] Loading producer state till offset 0 with message format version 2 (kafka.log.UnifiedLog$)
<h6>: [2023-02-26 20:29:54,706] INFO Created log for partition __consumer_offsets-28 in /home/visitor/neves/amnis-data-sync/./kafka-3.1.0/logs/kafka6/__consumer_offsets-28 with properties {cleanup.policy=compact, compression.type="producer", segment.bytes=104857600} (kafka.log.LogManager)
<h6>: [2023-02-26 20:29:54,707] INFO [Partition __consumer_offsets-28 broker=6] No checkpointed highwatermark is found for partition __consumer_offsets-28 (kafka.cluster.Partition)
<h6>: [2023-02-26 20:29:54,707] INFO [Partition __consumer_offsets-28 broker=6] Log loaded for partition __consumer_offsets-28 with initial high watermark 0 (kafka.cluster.Partition)
<h6>: [2023-02-26 20:29:54,903] INFO [LogLoader partition=__consumer_offsets-2, dir=/home/visitor/neves/amnis-data-sync/./kafka-3.1.0/logs/kafka6] Loading producer state till offset 0 with message format version 2 (kafka.log.UnifiedLog$)
<h6>: [2023-02-26 20:29:54,911] INFO Created log for partition __consumer_offsets-2 in /home/visitor/neves/amnis-data-sync/./kafka-3.1.0/logs/kafka6/__consumer_offsets-2 with properties {cleanup.policy=compact, compression.type="producer", segment.bytes=104857600} (kafka.log.LogManager)
<h6>: [2023-02-26 20:29:54,912] INFO [Partition __consumer_offsets-2 broker=6] No checkpointed highwatermark is found for partition __consumer_offsets-2 (kafka.cluster.Partition)
<h6>: [2023-02-26 20:29:54,912] INFO [Partition __consumer_offsets-2 broker=6] Log loaded for partition __consumer_offsets-2 with initial high watermark 0 (kafka.cluster.Partition)
<h6>: [2023-02-26 20:29:55,107] INFO [GroupCoordinator 6]: Elected as the group coordinator for partition 43 in epoch 0 (kafka.coordinator.group.GroupCoordinator)
<h6>: [2023-02-26 20:29:55,108] INFO [GroupMetadataManager brokerId=6] Scheduling loading of offsets and group metadata from __consumer_offsets-43 for epoch 0 (kafka.coordinator.group.GroupMetadataManager)
<h6>: [2023-02-26 20:29:55,110] INFO [GroupCoordinator 6]: Elected as the group coordinator for partition 28 in epoch 0 (kafka.coordinator.group.GroupCoordinator)
<h6>: [2023-02-26 20:29:55,110] INFO [GroupMetadataManager brokerId=6] Scheduling loading of offsets and group metadata from __consumer_offsets-28 for epoch 0 (kafka.coordinator.group.GroupMetadataManager)
<h6>: [2023-02-26 20:29:55,110] INFO [GroupCoordinator 6]: Elected as the group coordinator for partition 2 in epoch 0 (kafka.coordinator.group.GroupCoordinator)
<h6>: [2023-02-26 20:29:55,110] INFO [GroupMetadataManager brokerId=6] Scheduling loading of offsets and group metadata from __consumer_offsets-2 for epoch 0 (kafka.coordinator.group.GroupMetadataManager)
<h6>: [2023-02-26 20:29:55,116] INFO [GroupMetadataManager brokerId=6] Finished loading offsets and group metadata from __consumer_offsets-43 in 6 milliseconds for epoch 0, of which 3 milliseconds was spent in the scheduler. (kafka.coordinator.group.GroupMetadataManager)
<h6>: [2023-02-26 20:29:55,118] INFO [GroupMetadataManager brokerId=6] Finished loading offsets and group metadata from __consumer_offsets-28 in 8 milliseconds for epoch 0, of which 8 milliseconds was spent in the scheduler. (kafka.coordinator.group.GroupMetadataManager)
<h6>: [2023-02-26 20:29:55,119] INFO [GroupMetadataManager brokerId=6] Finished loading offsets and group metadata from __consumer_offsets-2 in 9 milliseconds for epoch 0, of which 8 milliseconds was spent in the scheduler. (kafka.coordinator.group.GroupMetadataManager)
<h6>: [2023-02-26 20:29:55,214] INFO [GroupCoordinator 6]: Dynamic Member with unknown member id joins group group-4 in Empty state. Created a new member id kafka-python-2.0.2-3ad41800-0c06-48e0-9067-dd1141b9da0c for this member and add to the group. (kafka.coordinator.group.GroupCoordinator)
<h6>: [2023-02-26 20:29:55,223] INFO [GroupCoordinator 6]: Preparing to rebalance group group-4 in state PreparingRebalance with old generation 0 (__consumer_offsets-2) (reason: Adding new member kafka-python-2.0.2-3ad41800-0c06-48e0-9067-dd1141b9da0c with group instance id None) (kafka.coordinator.group.GroupCoordinator)
<h6>: [2023-02-26 20:29:55,233] INFO [GroupCoordinator 6]: Dynamic Member with unknown member id joins group group-13 in Empty state. Created a new member id kafka-python-2.0.2-c814abfc-14d0-4fc4-a8d0-62356e84f9b3 for this member and add to the group. (kafka.coordinator.group.GroupCoordinator)
<h6>: [2023-02-26 20:29:55,235] INFO [GroupCoordinator 6]: Preparing to rebalance group group-13 in state PreparingRebalance with old generation 0 (__consumer_offsets-28) (reason: Adding new member kafka-python-2.0.2-c814abfc-14d0-4fc4-a8d0-62356e84f9b3 with group instance id None) (kafka.coordinator.group.GroupCoordinator)
<h6>: [2023-02-26 20:29:58,233] INFO [GroupCoordinator 6]: Stabilized group group-4 generation 1 (__consumer_offsets-2) with 1 members (kafka.coordinator.group.GroupCoordinator)
<h6>: [2023-02-26 20:29:58,239] INFO [GroupCoordinator 6]: Stabilized group group-13 generation 1 (__consumer_offsets-28) with 1 members (kafka.coordinator.group.GroupCoordinator)
<h6>: [2023-02-26 20:29:58,257] INFO [GroupCoordinator 6]: Assignment received from leader kafka-python-2.0.2-c814abfc-14d0-4fc4-a8d0-62356e84f9b3 for group group-13 for generation 1. The group has 1 members, 0 of which are static. (kafka.coordinator.group.GroupCoordinator)
<h6>: [2023-02-26 20:29:58,257] INFO [GroupCoordinator 6]: Assignment received from leader kafka-python-2.0.2-3ad41800-0c06-48e0-9067-dd1141b9da0c for group group-4 for generation 1. The group has 1 members, 0 of which are static. (kafka.coordinator.group.GroupCoordinator)
<h6>: [2023-02-26 20:31:59,941] INFO [Controller 6] Created topic topic-0 with topic ID pdlBKgLLRDWnsdzKZEnY7A. (org.apache.kafka.controller.ReplicationControlManager)
<h6>: [2023-02-26 20:31:59,941] INFO [Controller 6] Created partition topic-0-0 with topic ID pdlBKgLLRDWnsdzKZEnY7A and PartitionRegistration(replicas=[7], isr=[7], removingReplicas=[], addingReplicas=[], leader=7, leaderEpoch=0, partitionEpoch=0). (org.apache.kafka.controller.ReplicationControlManager)
<h6>: [2023-02-26 20:34:58,388] INFO [GroupCoordinator 6]: Preparing to rebalance group group-4 in state PreparingRebalance with old generation 1 (__consumer_offsets-2) (reason: Leader kafka-python-2.0.2-3ad41800-0c06-48e0-9067-dd1141b9da0c re-joining group during Stable) (kafka.coordinator.group.GroupCoordinator)
<h6>: [2023-02-26 20:34:58,389] INFO [GroupCoordinator 6]: Stabilized group group-4 generation 2 (__consumer_offsets-2) with 1 members (kafka.coordinator.group.GroupCoordinator)
<h6>: [2023-02-26 20:34:58,398] INFO [GroupCoordinator 6]: Preparing to rebalance group group-13 in state PreparingRebalance with old generation 1 (__consumer_offsets-28) (reason: Leader kafka-python-2.0.2-c814abfc-14d0-4fc4-a8d0-62356e84f9b3 re-joining group during Stable) (kafka.coordinator.group.GroupCoordinator)
<h6>: [2023-02-26 20:34:58,398] INFO [GroupCoordinator 6]: Stabilized group group-13 generation 2 (__consumer_offsets-28) with 1 members (kafka.coordinator.group.GroupCoordinator)
<h6>: [2023-02-26 20:34:58,399] INFO [GroupCoordinator 6]: Assignment received from leader kafka-python-2.0.2-3ad41800-0c06-48e0-9067-dd1141b9da0c for group group-4 for generation 2. The group has 1 members, 0 of which are static. (kafka.coordinator.group.GroupCoordinator)
<h6>: [2023-02-26 20:34:58,408] INFO [GroupCoordinator 6]: Assignment received from leader kafka-python-2.0.2-c814abfc-14d0-4fc4-a8d0-62356e84f9b3 for group group-13 for generation 2. The group has 1 members, 0 of which are static. (kafka.coordinator.group.GroupCoordinator)
<h6>: [2023-02-26 20:37:13,142] INFO [BrokerToControllerChannelManager broker=6 name=forwarding] Node 1 disconnected. (org.apache.kafka.clients.NetworkClient)
<h6>: [2023-02-26 20:37:13,151] INFO [BrokerToControllerChannelManager broker=6 name=heartbeat] Node 1 disconnected. (org.apache.kafka.clients.NetworkClient)
<h6>: [2023-02-26 20:37:13,144] INFO [RaftManager nodeId=6] Node 1 disconnected. (org.apache.kafka.clients.NetworkClient)
<h6>: [2023-02-26 20:37:13,151] INFO [RaftManager nodeId=6] Cancelled in-flight FETCH request with correlation id 914 due to node 1 being disconnected (elapsed time since creation: 312ms, elapsed time since send: 312ms, request timeout: 120000ms) (org.apache.kafka.clients.NetworkClient)
<h6>: [2023-02-26 20:37:13,222] INFO [RaftManager nodeId=6] Node 1 disconnected. (org.apache.kafka.clients.NetworkClient)
<h6>: [2023-02-26 20:37:13,222] WARN [RaftManager nodeId=6] Connection to node 1 (/10.0.0.1:19092) could not be established. Broker may not be available. (org.apache.kafka.clients.NetworkClient)
