<h20>: [2023-02-26 20:29:38,600] INFO Registered kafka:type=kafka.Log4jController MBean (kafka.utils.Log4jControllerRegistration$)
<h20>: [2023-02-26 20:29:38,909] INFO Setting -D jdk.tls.rejectClientInitiatedRenegotiation=true to disable client-initiated TLS renegotiation (org.apache.zookeeper.common.X509Util)
<h20>: [2023-02-26 20:29:39,413] INFO [LogLoader partition=__cluster_metadata-0, dir=/home/visitor/neves/amnis-data-sync/./kafka-3.1.0/logs/kafka20] Loading producer state till offset 0 with message format version 2 (kafka.log.UnifiedLog$)
<h20>: [2023-02-26 20:29:39,430] INFO [LogLoader partition=__cluster_metadata-0, dir=/home/visitor/neves/amnis-data-sync/./kafka-3.1.0/logs/kafka20] Reloading from producer snapshot and rebuilding producer state from offset 0 (kafka.log.UnifiedLog$)
<h20>: [2023-02-26 20:29:39,433] INFO [LogLoader partition=__cluster_metadata-0, dir=/home/visitor/neves/amnis-data-sync/./kafka-3.1.0/logs/kafka20] Producer state recovery took 3ms for snapshot load and 0ms for segment recovery from offset 0 (kafka.log.UnifiedLog$)
<h20>: [2023-02-26 20:29:39,700] INFO [raft-expiration-reaper]: Starting (kafka.raft.TimingWheelExpirationService$ExpiredOperationReaper)
<h20>: [2023-02-26 20:29:40,112] INFO [RaftManager nodeId=20] Completed transition to Unattached(epoch=0, voters=[1, 2, 3, 4, 5, 6, 7, 8, 9, 10, 11, 12, 13, 14, 15, 16, 17, 18, 19, 20], electionTimeoutMs=11830) (org.apache.kafka.raft.QuorumState)
<h20>: [2023-02-26 20:29:40,138] INFO Registered signal handlers for TERM, INT, HUP (org.apache.kafka.common.utils.LoggingSignalHandler)
<h20>: [2023-02-26 20:29:40,144] INFO [kafka-raft-outbound-request-thread]: Starting (kafka.raft.RaftSendThread)
<h20>: [2023-02-26 20:29:40,144] INFO [kafka-raft-io-thread]: Starting (kafka.raft.KafkaRaftManager$RaftIoThread)
<h20>: [2023-02-26 20:29:40,145] INFO Starting controller (kafka.server.ControllerServer)
<h20>: [2023-02-26 20:29:40,528] INFO Updated connection-accept-rate max connection creation rate to 2147483647 (kafka.network.ConnectionQuotas)
<h20>: [2023-02-26 20:29:40,534] INFO Awaiting socket connections on 10.0.0.20:19111. (kafka.network.Acceptor)
<h20>: [2023-02-26 20:29:40,575] INFO [SocketServer listenerType=CONTROLLER, nodeId=20] Created data-plane acceptor and processors for endpoint : ListenerName(CONTROLLER) (kafka.network.SocketServer)
<h20>: [2023-02-26 20:29:40,618] INFO [RaftManager nodeId=20] Registered the listener org.apache.kafka.controller.QuorumController$QuorumMetaLogListener@1107215655 (org.apache.kafka.raft.KafkaRaftClient)
<h20>: [2023-02-26 20:29:40,638] INFO [ThrottledChannelReaper-Fetch]: Starting (kafka.server.ClientQuotaManager$ThrottledChannelReaper)
<h20>: [2023-02-26 20:29:40,640] INFO [ThrottledChannelReaper-Produce]: Starting (kafka.server.ClientQuotaManager$ThrottledChannelReaper)
<h20>: [2023-02-26 20:29:40,666] INFO [ThrottledChannelReaper-Request]: Starting (kafka.server.ClientQuotaManager$ThrottledChannelReaper)
<h20>: [2023-02-26 20:29:40,708] INFO [ThrottledChannelReaper-ControllerMutation]: Starting (kafka.server.ClientQuotaManager$ThrottledChannelReaper)
<h20>: [2023-02-26 20:29:40,823] INFO [ExpirationReaper-20-AlterAcls]: Starting (kafka.server.DelayedOperationPurgatory$ExpiredOperationReaper)
<h20>: [2023-02-26 20:29:40,864] INFO [SocketServer listenerType=CONTROLLER, nodeId=20] Starting socket server acceptors and processors (kafka.network.SocketServer)
<h20>: [2023-02-26 20:29:40,878] INFO [SocketServer listenerType=CONTROLLER, nodeId=20] Started data-plane acceptor and processor(s) for endpoint : ListenerName(CONTROLLER) (kafka.network.SocketServer)
<h20>: [2023-02-26 20:29:40,879] INFO [SocketServer listenerType=CONTROLLER, nodeId=20] Started socket server acceptors and processors (kafka.network.SocketServer)
<h20>: [2023-02-26 20:29:40,880] INFO [BrokerServer id=20] Transition from SHUTDOWN to STARTING (kafka.server.BrokerServer)
<h20>: [2023-02-26 20:29:40,880] INFO [BrokerServer id=20] Starting broker (kafka.server.BrokerServer)
<h20>: [2023-02-26 20:29:40,895] INFO [ThrottledChannelReaper-Fetch]: Starting (kafka.server.ClientQuotaManager$ThrottledChannelReaper)
<h20>: [2023-02-26 20:29:40,896] INFO [ThrottledChannelReaper-Produce]: Starting (kafka.server.ClientQuotaManager$ThrottledChannelReaper)
<h20>: [2023-02-26 20:29:40,896] INFO [ThrottledChannelReaper-Request]: Starting (kafka.server.ClientQuotaManager$ThrottledChannelReaper)
<h20>: [2023-02-26 20:29:40,896] INFO [ThrottledChannelReaper-ControllerMutation]: Starting (kafka.server.ClientQuotaManager$ThrottledChannelReaper)
<h20>: [2023-02-26 20:29:40,951] INFO [BrokerToControllerChannelManager broker=20 name=forwarding]: Starting (kafka.server.BrokerToControllerRequestThread)
<h20>: [2023-02-26 20:29:40,995] INFO Updated connection-accept-rate max connection creation rate to 2147483647 (kafka.network.ConnectionQuotas)
<h20>: [2023-02-26 20:29:40,995] INFO Awaiting socket connections on 0.0.0.0:9092. (kafka.network.Acceptor)
<h20>: [2023-02-26 20:29:41,003] INFO [SocketServer listenerType=BROKER, nodeId=20] Created data-plane acceptor and processors for endpoint : ListenerName(PLAINTEXT) (kafka.network.SocketServer)
<h20>: [2023-02-26 20:29:41,009] INFO [BrokerToControllerChannelManager broker=20 name=alterIsr]: Starting (kafka.server.BrokerToControllerRequestThread)
<h20>: [2023-02-26 20:29:41,035] INFO [ExpirationReaper-20-Produce]: Starting (kafka.server.DelayedOperationPurgatory$ExpiredOperationReaper)
<h20>: [2023-02-26 20:29:41,038] INFO [ExpirationReaper-20-Fetch]: Starting (kafka.server.DelayedOperationPurgatory$ExpiredOperationReaper)
<h20>: [2023-02-26 20:29:41,039] INFO [ExpirationReaper-20-DeleteRecords]: Starting (kafka.server.DelayedOperationPurgatory$ExpiredOperationReaper)
<h20>: [2023-02-26 20:29:41,040] INFO [ExpirationReaper-20-ElectLeader]: Starting (kafka.server.DelayedOperationPurgatory$ExpiredOperationReaper)
<h20>: [2023-02-26 20:29:41,060] INFO [ExpirationReaper-20-Heartbeat]: Starting (kafka.server.DelayedOperationPurgatory$ExpiredOperationReaper)
<h20>: [2023-02-26 20:29:41,061] INFO [ExpirationReaper-20-Rebalance]: Starting (kafka.server.DelayedOperationPurgatory$ExpiredOperationReaper)
<h20>: [2023-02-26 20:29:41,120] INFO [RaftManager nodeId=20] Registered the listener kafka.server.metadata.BrokerMetadataListener@1574320375 (org.apache.kafka.raft.KafkaRaftClient)
<h20>: [2023-02-26 20:29:41,120] INFO [BrokerToControllerChannelManager broker=20 name=heartbeat]: Starting (kafka.server.BrokerToControllerRequestThread)
<h20>: [2023-02-26 20:29:41,127] INFO [BrokerLifecycleManager id=20] Incarnation dDGA3CuHTBykH0pzUbhwmA of broker 20 in cluster JmL9ihFRQmSabrNWrYSpjg is now STARTING. (kafka.server.BrokerLifecycleManager)
<h20>: [2023-02-26 20:29:41,152] INFO [ExpirationReaper-20-AlterAcls]: Starting (kafka.server.DelayedOperationPurgatory$ExpiredOperationReaper)
<h20>: [2023-02-26 20:29:51,637] INFO [RaftManager nodeId=20] Completed transition to CandidateState(localId=20, epoch=1, retries=1, electionTimeoutMs=10792) (org.apache.kafka.raft.QuorumState)
<h20>: [2023-02-26 20:29:51,779] INFO [RaftManager nodeId=20] Completed transition to FollowerState(fetchTimeoutMs=20000, epoch=1, leaderId=1, voters=[1, 2, 3, 4, 5, 6, 7, 8, 9, 10, 11, 12, 13, 14, 15, 16, 17, 18, 19, 20], highWatermark=Optional.empty, fetchingSnapshot=Optional.empty) (org.apache.kafka.raft.QuorumState)
<h20>: [2023-02-26 20:29:51,805] INFO [BrokerToControllerChannelManager broker=20 name=forwarding]: Recorded new controller, from now on will use broker 10.0.0.1:19092 (id: 1 rack: null) (kafka.server.BrokerToControllerRequestThread)
<h20>: [2023-02-26 20:29:51,860] INFO [BrokerToControllerChannelManager broker=20 name=alterIsr]: Recorded new controller, from now on will use broker 10.0.0.1:19092 (id: 1 rack: null) (kafka.server.BrokerToControllerRequestThread)
<h20>: [2023-02-26 20:29:51,866] INFO [BrokerToControllerChannelManager broker=20 name=heartbeat]: Recorded new controller, from now on will use broker 10.0.0.1:19092 (id: 1 rack: null) (kafka.server.BrokerToControllerRequestThread)
<h20>: [2023-02-26 20:29:52,001] INFO [Controller 20] Registered new broker: RegisterBrokerRecord(brokerId=1, incarnationId=6rIgwvzsRMObLP09_LWn5A, brokerEpoch=0, endPoints=[BrokerEndpoint(name='PLAINTEXT', host='10.0.0.1', port=9092, securityProtocol=0)], features=[], rack=null, fenced=true) (org.apache.kafka.controller.ClusterControlManager)
<h20>: [2023-02-26 20:29:52,001] INFO [BrokerLifecycleManager id=20] Successfully registered broker 20 with broker epoch 39 (kafka.server.BrokerLifecycleManager)
<h20>: [2023-02-26 20:29:52,002] INFO [Controller 20] Registered new broker: RegisterBrokerRecord(brokerId=6, incarnationId=tWJGIuImQuOPSh9jHcvzcQ, brokerEpoch=2, endPoints=[BrokerEndpoint(name='PLAINTEXT', host='10.0.0.6', port=9092, securityProtocol=0)], features=[], rack=null, fenced=true) (org.apache.kafka.controller.ClusterControlManager)
<h20>: [2023-02-26 20:29:52,002] INFO [Controller 20] Registered new broker: RegisterBrokerRecord(brokerId=7, incarnationId=O1z5PGXXQRqq0Ox8ftec9w, brokerEpoch=3, endPoints=[BrokerEndpoint(name='PLAINTEXT', host='10.0.0.7', port=9092, securityProtocol=0)], features=[], rack=null, fenced=true) (org.apache.kafka.controller.ClusterControlManager)
<h20>: [2023-02-26 20:29:52,002] INFO [Controller 20] Registered new broker: RegisterBrokerRecord(brokerId=12, incarnationId=l7BYBuzYSheQw-kIzb6D2A, brokerEpoch=4, endPoints=[BrokerEndpoint(name='PLAINTEXT', host='10.0.0.12', port=9092, securityProtocol=0)], features=[], rack=null, fenced=true) (org.apache.kafka.controller.ClusterControlManager)
<h20>: [2023-02-26 20:29:52,002] INFO [Controller 20] Registered new broker: RegisterBrokerRecord(brokerId=2, incarnationId=muwjgDb5Qvu5EYbOfhl71A, brokerEpoch=5, endPoints=[BrokerEndpoint(name='PLAINTEXT', host='10.0.0.2', port=9092, securityProtocol=0)], features=[], rack=null, fenced=true) (org.apache.kafka.controller.ClusterControlManager)
<h20>: [2023-02-26 20:29:52,002] INFO [Controller 20] Registered new broker: RegisterBrokerRecord(brokerId=5, incarnationId=en4z4Pd0RhGZ9fpLM1HXJQ, brokerEpoch=6, endPoints=[BrokerEndpoint(name='PLAINTEXT', host='10.0.0.5', port=9092, securityProtocol=0)], features=[], rack=null, fenced=true) (org.apache.kafka.controller.ClusterControlManager)
<h20>: [2023-02-26 20:29:52,002] INFO [Controller 20] Registered new broker: RegisterBrokerRecord(brokerId=3, incarnationId=OLs9mZoTToi95TKnegOEug, brokerEpoch=7, endPoints=[BrokerEndpoint(name='PLAINTEXT', host='10.0.0.3', port=9092, securityProtocol=0)], features=[], rack=null, fenced=true) (org.apache.kafka.controller.ClusterControlManager)
<h20>: [2023-02-26 20:29:52,002] INFO [Controller 20] Registered new broker: RegisterBrokerRecord(brokerId=10, incarnationId=w_JJdsbjRIWECHGlzrAvtQ, brokerEpoch=8, endPoints=[BrokerEndpoint(name='PLAINTEXT', host='10.0.0.10', port=9092, securityProtocol=0)], features=[], rack=null, fenced=true) (org.apache.kafka.controller.ClusterControlManager)
<h20>: [2023-02-26 20:29:52,003] INFO [Controller 20] Registered new broker: RegisterBrokerRecord(brokerId=8, incarnationId=u0aWgOCAS92KIIb382hzZw, brokerEpoch=9, endPoints=[BrokerEndpoint(name='PLAINTEXT', host='10.0.0.8', port=9092, securityProtocol=0)], features=[], rack=null, fenced=true) (org.apache.kafka.controller.ClusterControlManager)
<h20>: [2023-02-26 20:29:52,003] INFO [Controller 20] Registered new broker: RegisterBrokerRecord(brokerId=9, incarnationId=DoHwaS4STcS5kiFGsI8DHg, brokerEpoch=10, endPoints=[BrokerEndpoint(name='PLAINTEXT', host='10.0.0.9', port=9092, securityProtocol=0)], features=[], rack=null, fenced=true) (org.apache.kafka.controller.ClusterControlManager)
<h20>: [2023-02-26 20:29:52,003] INFO [Controller 20] Registered new broker: RegisterBrokerRecord(brokerId=4, incarnationId=ysYN0e7DSYyNQOeizVdmXA, brokerEpoch=11, endPoints=[BrokerEndpoint(name='PLAINTEXT', host='10.0.0.4', port=9092, securityProtocol=0)], features=[], rack=null, fenced=true) (org.apache.kafka.controller.ClusterControlManager)
<h20>: [2023-02-26 20:29:52,003] INFO [Controller 20] Registered new broker: RegisterBrokerRecord(brokerId=11, incarnationId=vltlAgYgTRioxypHOQ8BSQ, brokerEpoch=12, endPoints=[BrokerEndpoint(name='PLAINTEXT', host='10.0.0.11', port=9092, securityProtocol=0)], features=[], rack=null, fenced=true) (org.apache.kafka.controller.ClusterControlManager)
<h20>: [2023-02-26 20:29:52,005] INFO [Controller 20] Unfenced broker: UnfenceBrokerRecord(id=1, epoch=0) (org.apache.kafka.controller.ClusterControlManager)
<h20>: [2023-02-26 20:29:52,005] INFO [Controller 20] Registered new broker: RegisterBrokerRecord(brokerId=13, incarnationId=ASDOl6kTROCykY11g3mL_A, brokerEpoch=14, endPoints=[BrokerEndpoint(name='PLAINTEXT', host='10.0.0.13', port=9092, securityProtocol=0)], features=[], rack=null, fenced=true) (org.apache.kafka.controller.ClusterControlManager)
<h20>: [2023-02-26 20:29:52,005] INFO [Controller 20] Unfenced broker: UnfenceBrokerRecord(id=13, epoch=14) (org.apache.kafka.controller.ClusterControlManager)
<h20>: [2023-02-26 20:29:52,005] INFO [Controller 20] Unfenced broker: UnfenceBrokerRecord(id=3, epoch=7) (org.apache.kafka.controller.ClusterControlManager)
<h20>: [2023-02-26 20:29:52,005] INFO [Controller 20] Unfenced broker: UnfenceBrokerRecord(id=10, epoch=8) (org.apache.kafka.controller.ClusterControlManager)
<h20>: [2023-02-26 20:29:52,005] INFO [Controller 20] Unfenced broker: UnfenceBrokerRecord(id=12, epoch=4) (org.apache.kafka.controller.ClusterControlManager)
<h20>: [2023-02-26 20:29:52,006] INFO [Controller 20] Unfenced broker: UnfenceBrokerRecord(id=6, epoch=2) (org.apache.kafka.controller.ClusterControlManager)
<h20>: [2023-02-26 20:29:52,006] INFO [Controller 20] Registered new broker: RegisterBrokerRecord(brokerId=15, incarnationId=rimofCmQTV-dFYcy3Xgu1g, brokerEpoch=20, endPoints=[BrokerEndpoint(name='PLAINTEXT', host='10.0.0.15', port=9092, securityProtocol=0)], features=[], rack=null, fenced=true) (org.apache.kafka.controller.ClusterControlManager)
<h20>: [2023-02-26 20:29:52,006] INFO [Controller 20] Registered new broker: RegisterBrokerRecord(brokerId=17, incarnationId=3wYalzwcT9iEiHhlAZ1NlA, brokerEpoch=21, endPoints=[BrokerEndpoint(name='PLAINTEXT', host='10.0.0.17', port=9092, securityProtocol=0)], features=[], rack=null, fenced=true) (org.apache.kafka.controller.ClusterControlManager)
<h20>: [2023-02-26 20:29:52,006] INFO [Controller 20] Registered new broker: RegisterBrokerRecord(brokerId=18, incarnationId=t-_qwTjGR92U33fDvvL8kQ, brokerEpoch=22, endPoints=[BrokerEndpoint(name='PLAINTEXT', host='10.0.0.18', port=9092, securityProtocol=0)], features=[], rack=null, fenced=true) (org.apache.kafka.controller.ClusterControlManager)
<h20>: [2023-02-26 20:29:52,006] INFO [Controller 20] Registered new broker: RegisterBrokerRecord(brokerId=14, incarnationId=r3uoR0x-Tnq2UoG47-pYnA, brokerEpoch=23, endPoints=[BrokerEndpoint(name='PLAINTEXT', host='10.0.0.14', port=9092, securityProtocol=0)], features=[], rack=null, fenced=true) (org.apache.kafka.controller.ClusterControlManager)
<h20>: [2023-02-26 20:29:52,006] INFO [Controller 20] Registered new broker: RegisterBrokerRecord(brokerId=16, incarnationId=hjwCXEURRIaUSK9mevc7GA, brokerEpoch=24, endPoints=[BrokerEndpoint(name='PLAINTEXT', host='10.0.0.16', port=9092, securityProtocol=0)], features=[], rack=null, fenced=true) (org.apache.kafka.controller.ClusterControlManager)
<h20>: [2023-02-26 20:29:52,007] INFO [Controller 20] Registered new broker: RegisterBrokerRecord(brokerId=19, incarnationId=xwO9ZQBTRxqwhQWRK5nRmQ, brokerEpoch=25, endPoints=[BrokerEndpoint(name='PLAINTEXT', host='10.0.0.19', port=9092, securityProtocol=0)], features=[], rack=null, fenced=true) (org.apache.kafka.controller.ClusterControlManager)
<h20>: [2023-02-26 20:29:52,007] INFO [Controller 20] Unfenced broker: UnfenceBrokerRecord(id=19, epoch=25) (org.apache.kafka.controller.ClusterControlManager)
<h20>: [2023-02-26 20:29:52,007] INFO [Controller 20] Unfenced broker: UnfenceBrokerRecord(id=4, epoch=11) (org.apache.kafka.controller.ClusterControlManager)
<h20>: [2023-02-26 20:29:52,007] INFO [Controller 20] Unfenced broker: UnfenceBrokerRecord(id=7, epoch=3) (org.apache.kafka.controller.ClusterControlManager)
<h20>: [2023-02-26 20:29:52,007] INFO [Controller 20] Unfenced broker: UnfenceBrokerRecord(id=2, epoch=5) (org.apache.kafka.controller.ClusterControlManager)
<h20>: [2023-02-26 20:29:52,007] INFO [Controller 20] Unfenced broker: UnfenceBrokerRecord(id=5, epoch=6) (org.apache.kafka.controller.ClusterControlManager)
<h20>: [2023-02-26 20:29:52,007] INFO [Controller 20] Unfenced broker: UnfenceBrokerRecord(id=8, epoch=9) (org.apache.kafka.controller.ClusterControlManager)
<h20>: [2023-02-26 20:29:52,007] INFO [Controller 20] Unfenced broker: UnfenceBrokerRecord(id=11, epoch=12) (org.apache.kafka.controller.ClusterControlManager)
<h20>: [2023-02-26 20:29:52,007] INFO [Controller 20] Unfenced broker: UnfenceBrokerRecord(id=9, epoch=10) (org.apache.kafka.controller.ClusterControlManager)
<h20>: [2023-02-26 20:29:52,007] INFO [Controller 20] Unfenced broker: UnfenceBrokerRecord(id=17, epoch=21) (org.apache.kafka.controller.ClusterControlManager)
<h20>: [2023-02-26 20:29:52,007] INFO [Controller 20] Unfenced broker: UnfenceBrokerRecord(id=14, epoch=23) (org.apache.kafka.controller.ClusterControlManager)
<h20>: [2023-02-26 20:29:52,007] INFO [Controller 20] Unfenced broker: UnfenceBrokerRecord(id=16, epoch=24) (org.apache.kafka.controller.ClusterControlManager)
<h20>: [2023-02-26 20:29:52,008] INFO [Controller 20] Unfenced broker: UnfenceBrokerRecord(id=15, epoch=20) (org.apache.kafka.controller.ClusterControlManager)
<h20>: [2023-02-26 20:29:52,008] INFO [Controller 20] Unfenced broker: UnfenceBrokerRecord(id=18, epoch=22) (org.apache.kafka.controller.ClusterControlManager)
<h20>: [2023-02-26 20:29:52,531] INFO [Controller 20] Registered new broker: RegisterBrokerRecord(brokerId=20, incarnationId=dDGA3CuHTBykH0pzUbhwmA, brokerEpoch=39, endPoints=[BrokerEndpoint(name='PLAINTEXT', host='10.0.0.20', port=9092, securityProtocol=0)], features=[], rack=null, fenced=true) (org.apache.kafka.controller.ClusterControlManager)
<h20>: [2023-02-26 20:29:52,540] INFO [BrokerLifecycleManager id=20] The broker has caught up. Transitioning from STARTING to RECOVERY. (kafka.server.BrokerLifecycleManager)
<h20>: [2023-02-26 20:29:52,543] INFO [BrokerMetadataListener id=20] Starting to publish metadata events at offset 39. (kafka.server.metadata.BrokerMetadataListener)
<h20>: [2023-02-26 20:29:52,544] INFO [BrokerMetadataPublisher id=20] Publishing initial metadata at offset OffsetAndEpoch(offset=39, epoch=1). (kafka.server.metadata.BrokerMetadataPublisher)
<h20>: [2023-02-26 20:29:52,546] INFO Loading logs from log dirs ArraySeq(/home/visitor/neves/amnis-data-sync/./kafka-3.1.0/logs/kafka20) (kafka.log.LogManager)
<h20>: [2023-02-26 20:29:52,547] INFO Attempting recovery for all logs in /home/visitor/neves/amnis-data-sync/./kafka-3.1.0/logs/kafka20 since no clean shutdown file was found (kafka.log.LogManager)
<h20>: [2023-02-26 20:29:52,554] INFO Loaded 0 logs in 8ms. (kafka.log.LogManager)
<h20>: [2023-02-26 20:29:52,555] INFO Starting log cleanup with a period of 300000 ms. (kafka.log.LogManager)
<h20>: [2023-02-26 20:29:52,556] INFO Starting log flusher with a default period of 9223372036854775807 ms. (kafka.log.LogManager)
<h20>: [2023-02-26 20:29:52,558] INFO [BrokerLifecycleManager id=20] The broker is in RECOVERY. (kafka.server.BrokerLifecycleManager)
<h20>: [2023-02-26 20:29:52,647] INFO [LogDirFailureHandler]: Starting (kafka.server.ReplicaManager$LogDirFailureHandler)
<h20>: [2023-02-26 20:29:52,647] INFO [GroupCoordinator 20]: Starting up. (kafka.coordinator.group.GroupCoordinator)
<h20>: [2023-02-26 20:29:52,648] INFO [GroupCoordinator 20]: Startup complete. (kafka.coordinator.group.GroupCoordinator)
<h20>: [2023-02-26 20:29:52,650] INFO [TransactionCoordinator id=20] Starting up. (kafka.coordinator.transaction.TransactionCoordinator)
<h20>: [2023-02-26 20:29:52,652] INFO [Transaction Marker Channel Manager 20]: Starting (kafka.coordinator.transaction.TransactionMarkerChannelManager)
<h20>: [2023-02-26 20:29:52,652] INFO [TransactionCoordinator id=20] Startup complete. (kafka.coordinator.transaction.TransactionCoordinator)
<h20>: [2023-02-26 20:29:52,659] INFO KafkaConfig values: 
<h20>: 	advertised.listeners = PLAINTEXT://10.0.0.20:9092
<h20>: 	alter.config.policy.class.name = null
<h20>: 	alter.log.dirs.replication.quota.window.num = 11
<h20>: 	alter.log.dirs.replication.quota.window.size.seconds = 1
<h20>: 	authorizer.class.name = 
<h20>: 	auto.create.topics.enable = true
<h20>: 	auto.leader.rebalance.enable = true
<h20>: 	background.threads = 10
<h20>: 	broker.heartbeat.interval.ms = 2000
<h20>: 	broker.id = 20
<h20>: 	broker.id.generation.enable = true
<h20>: 	broker.rack = null
<h20>: 	broker.session.timeout.ms = 120000
<h20>: 	client.quota.callback.class = null
<h20>: 	compression.type = producer
<h20>: 	connection.failed.authentication.delay.ms = 100
<h20>: 	connections.max.idle.ms = 600000
<h20>: 	connections.max.reauth.ms = 0
<h20>: 	control.plane.listener.name = null
<h20>: 	controlled.shutdown.enable = true
<h20>: 	controlled.shutdown.max.retries = 3
<h20>: 	controlled.shutdown.retry.backoff.ms = 5000
<h20>: 	controller.listener.names = CONTROLLER
<h20>: 	controller.quorum.append.linger.ms = 25
<h20>: 	controller.quorum.election.backoff.max.ms = 10000
<h20>: 	controller.quorum.election.timeout.ms = 10000
<h20>: 	controller.quorum.fetch.timeout.ms = 20000
<h20>: 	controller.quorum.request.timeout.ms = 120000
<h20>: 	controller.quorum.retry.backoff.ms = 20
<h20>: 	controller.quorum.voters = [1@10.0.0.1:19092, 2@10.0.0.2:19093, 3@10.0.0.3:19094, 4@10.0.0.4:19095, 5@10.0.0.5:19096, 6@10.0.0.6:19097, 7@10.0.0.7:19098, 8@10.0.0.8:19099, 9@10.0.0.9:19100, 10@10.0.0.10:19101, 11@10.0.0.11:19102, 12@10.0.0.12:19103, 13@10.0.0.13:19104, 14@10.0.0.14:19105, 15@10.0.0.15:19106, 16@10.0.0.16:19107, 17@10.0.0.17:19108, 18@10.0.0.18:19109, 19@10.0.0.19:19110, 20@10.0.0.20:19111:9093]
<h20>: 	controller.quota.window.num = 11
<h20>: 	controller.quota.window.size.seconds = 1
<h20>: 	controller.socket.timeout.ms = 300000
<h20>: 	create.topic.policy.class.name = null
<h20>: 	default.replication.factor = 1
<h20>: 	delegation.token.expiry.check.interval.ms = 3600000
<h20>: 	delegation.token.expiry.time.ms = 86400000
<h20>: 	delegation.token.master.key = null
<h20>: 	delegation.token.max.lifetime.ms = 604800000
<h20>: 	delegation.token.secret.key = null
<h20>: 	delete.records.purgatory.purge.interval.requests = 1
<h20>: 	delete.topic.enable = true
<h20>: 	fetch.max.bytes = 57671680
<h20>: 	fetch.purgatory.purge.interval.requests = 1000
<h20>: 	group.initial.rebalance.delay.ms = 3000
<h20>: 	group.max.session.timeout.ms = 1800000
<h20>: 	group.max.size = 2147483647
<h20>: 	group.min.session.timeout.ms = 6000
<h20>: 	initial.broker.registration.timeout.ms = 180000
<h20>: 	inter.broker.listener.name = PLAINTEXT
<h20>: 	inter.broker.protocol.version = 3.1-IV0
<h20>: 	kafka.metrics.polling.interval.secs = 10
<h20>: 	kafka.metrics.reporters = []
<h20>: 	leader.imbalance.check.interval.seconds = 300
<h20>: 	leader.imbalance.per.broker.percentage = 10
<h20>: 	listener.security.protocol.map = PLAINTEXT:PLAINTEXT,SSL:SSL,SASL_PLAINTEXT:SASL_PLAINTEXT,SASL_SSL:SASL_SSL
<h20>: 	listeners = PLAINTEXT://:9092,CONTROLLER://10.0.0.20:19111
<h20>: 	log.cleaner.backoff.ms = 15000
<h20>: 	log.cleaner.dedupe.buffer.size = 134217728
<h20>: 	log.cleaner.delete.retention.ms = 86400000
<h20>: 	log.cleaner.enable = true
<h20>: 	log.cleaner.io.buffer.load.factor = 0.9
<h20>: 	log.cleaner.io.buffer.size = 524288
<h20>: 	log.cleaner.io.max.bytes.per.second = 1.7976931348623157E308
<h20>: 	log.cleaner.max.compaction.lag.ms = 9223372036854775807
<h20>: 	log.cleaner.min.cleanable.ratio = 0.5
<h20>: 	log.cleaner.min.compaction.lag.ms = 0
<h20>: 	log.cleaner.threads = 1
<h20>: 	log.cleanup.policy = [delete]
<h20>: 	log.dir = /tmp/kafka-logs
<h20>: 	log.dirs = ./kafka-3.1.0/logs/kafka20
<h20>: 	log.flush.interval.messages = 9223372036854775807
<h20>: 	log.flush.interval.ms = null
<h20>: 	log.flush.offset.checkpoint.interval.ms = 60000
<h20>: 	log.flush.scheduler.interval.ms = 9223372036854775807
<h20>: 	log.flush.start.offset.checkpoint.interval.ms = 60000
<h20>: 	log.index.interval.bytes = 4096
<h20>: 	log.index.size.max.bytes = 10485760
<h20>: 	log.message.downconversion.enable = true
<h20>: 	log.message.format.version = 3.0-IV1
<h20>: 	log.message.timestamp.difference.max.ms = 9223372036854775807
<h20>: 	log.message.timestamp.type = CreateTime
<h20>: 	log.preallocate = false
<h20>: 	log.retention.bytes = -1
<h20>: 	log.retention.check.interval.ms = 300000
<h20>: 	log.retention.hours = 168
<h20>: 	log.retention.minutes = null
<h20>: 	log.retention.ms = null
<h20>: 	log.roll.hours = 168
<h20>: 	log.roll.jitter.hours = 0
<h20>: 	log.roll.jitter.ms = null
<h20>: 	log.roll.ms = null
<h20>: 	log.segment.bytes = 1073741824
<h20>: 	log.segment.delete.delay.ms = 60000
<h20>: 	max.connection.creation.rate = 2147483647
<h20>: 	max.connections = 2147483647
<h20>: 	max.connections.per.ip = 2147483647
<h20>: 	max.connections.per.ip.overrides = 
<h20>: 	max.incremental.fetch.session.cache.slots = 1000
<h20>: 	message.max.bytes = 1048588
<h20>: 	metadata.log.dir = null
<h20>: 	metadata.log.max.record.bytes.between.snapshots = 20971520
<h20>: 	metadata.log.segment.bytes = 1073741824
<h20>: 	metadata.log.segment.min.bytes = 8388608
<h20>: 	metadata.log.segment.ms = 604800000
<h20>: 	metadata.max.retention.bytes = -1
<h20>: 	metadata.max.retention.ms = 604800000
<h20>: 	metric.reporters = []
<h20>: 	metrics.num.samples = 2
<h20>: 	metrics.recording.level = INFO
<h20>: 	metrics.sample.window.ms = 30000
<h20>: 	min.insync.replicas = 1
<h20>: 	node.id = 20
<h20>: 	num.io.threads = 8
<h20>: 	num.network.threads = 3
<h20>: 	num.partitions = 1
<h20>: 	num.recovery.threads.per.data.dir = 1
<h20>: 	num.replica.alter.log.dirs.threads = null
<h20>: 	num.replica.fetchers = 1
<h20>: 	offset.metadata.max.bytes = 4096
<h20>: 	offsets.commit.required.acks = -1
<h20>: 	offsets.commit.timeout.ms = 5000
<h20>: 	offsets.load.buffer.size = 5242880
<h20>: 	offsets.retention.check.interval.ms = 600000
<h20>: 	offsets.retention.minutes = 10080
<h20>: 	offsets.topic.compression.codec = 0
<h20>: 	offsets.topic.num.partitions = 50
<h20>: 	offsets.topic.replication.factor = 1
<h20>: 	offsets.topic.segment.bytes = 104857600
<h20>: 	password.encoder.cipher.algorithm = AES/CBC/PKCS5Padding
<h20>: 	password.encoder.iterations = 4096
<h20>: 	password.encoder.key.length = 128
<h20>: 	password.encoder.keyfactory.algorithm = null
<h20>: 	password.encoder.old.secret = null
<h20>: 	password.encoder.secret = null
<h20>: 	principal.builder.class = class org.apache.kafka.common.security.authenticator.DefaultKafkaPrincipalBuilder
<h20>: 	process.roles = [broker, controller]
<h20>: 	producer.purgatory.purge.interval.requests = 1000
<h20>: 	queued.max.request.bytes = -1
<h20>: 	queued.max.requests = 500
<h20>: 	quota.window.num = 11
<h20>: 	quota.window.size.seconds = 1
<h20>: 	remote.log.index.file.cache.total.size.bytes = 1073741824
<h20>: 	remote.log.manager.task.interval.ms = 30000
<h20>: 	remote.log.manager.task.retry.backoff.max.ms = 30000
<h20>: 	remote.log.manager.task.retry.backoff.ms = 500
<h20>: 	remote.log.manager.task.retry.jitter = 0.2
<h20>: 	remote.log.manager.thread.pool.size = 10
<h20>: 	remote.log.metadata.manager.class.name = null
<h20>: 	remote.log.metadata.manager.class.path = null
<h20>: 	remote.log.metadata.manager.impl.prefix = null
<h20>: 	remote.log.metadata.manager.listener.name = null
<h20>: 	remote.log.reader.max.pending.tasks = 100
<h20>: 	remote.log.reader.threads = 10
<h20>: 	remote.log.storage.manager.class.name = null
<h20>: 	remote.log.storage.manager.class.path = null
<h20>: 	remote.log.storage.manager.impl.prefix = null
<h20>: 	remote.log.storage.system.enable = false
<h20>: 	replica.fetch.backoff.ms = 1000
<h20>: 	replica.fetch.max.bytes = 1048576
<h20>: 	replica.fetch.min.bytes = 1
<h20>: 	replica.fetch.response.max.bytes = 10485760
<h20>: 	replica.fetch.wait.max.ms = 500
<h20>: 	replica.high.watermark.checkpoint.interval.ms = 5000
<h20>: 	replica.lag.time.max.ms = 30000
<h20>: 	replica.selector.class = null
<h20>: 	replica.socket.receive.buffer.bytes = 65536
<h20>: 	replica.socket.timeout.ms = 30000
<h20>: 	replication.quota.window.num = 11
<h20>: 	replication.quota.window.size.seconds = 1
<h20>: 	request.timeout.ms = 300000
<h20>: 	reserved.broker.max.id = 1000
<h20>: 	sasl.client.callback.handler.class = null
<h20>: 	sasl.enabled.mechanisms = [GSSAPI]
<h20>: 	sasl.jaas.config = null
<h20>: 	sasl.kerberos.kinit.cmd = /usr/bin/kinit
<h20>: 	sasl.kerberos.min.time.before.relogin = 60000
<h20>: 	sasl.kerberos.principal.to.local.rules = [DEFAULT]
<h20>: 	sasl.kerberos.service.name = null
<h20>: 	sasl.kerberos.ticket.renew.jitter = 0.05
<h20>: 	sasl.kerberos.ticket.renew.window.factor = 0.8
<h20>: 	sasl.login.callback.handler.class = null
<h20>: 	sasl.login.class = null
<h20>: 	sasl.login.connect.timeout.ms = null
<h20>: 	sasl.login.read.timeout.ms = null
<h20>: 	sasl.login.refresh.buffer.seconds = 300
<h20>: 	sasl.login.refresh.min.period.seconds = 60
<h20>: 	sasl.login.refresh.window.factor = 0.8
<h20>: 	sasl.login.refresh.window.jitter = 0.05
<h20>: 	sasl.login.retry.backoff.max.ms = 10000
<h20>: 	sasl.login.retry.backoff.ms = 100
<h20>: 	sasl.mechanism.controller.protocol = GSSAPI
<h20>: 	sasl.mechanism.inter.broker.protocol = GSSAPI
<h20>: 	sasl.oauthbearer.clock.skew.seconds = 30
<h20>: 	sasl.oauthbearer.expected.audience = null
<h20>: 	sasl.oauthbearer.expected.issuer = null
<h20>: 	sasl.oauthbearer.jwks.endpoint.refresh.ms = 3600000
<h20>: 	sasl.oauthbearer.jwks.endpoint.retry.backoff.max.ms = 10000
<h20>: 	sasl.oauthbearer.jwks.endpoint.retry.backoff.ms = 100
<h20>: 	sasl.oauthbearer.jwks.endpoint.url = null
<h20>: 	sasl.oauthbearer.scope.claim.name = scope
<h20>: 	sasl.oauthbearer.sub.claim.name = sub
<h20>: 	sasl.oauthbearer.token.endpoint.url = null
<h20>: 	sasl.server.callback.handler.class = null
<h20>: 	security.inter.broker.protocol = PLAINTEXT
<h20>: 	security.providers = null
<h20>: 	socket.connection.setup.timeout.max.ms = 300000
<h20>: 	socket.connection.setup.timeout.ms = 120000
<h20>: 	socket.receive.buffer.bytes = 102400
<h20>: 	socket.request.max.bytes = 104857600
<h20>: 	socket.send.buffer.bytes = 102400
<h20>: 	ssl.cipher.suites = []
<h20>: 	ssl.client.auth = none
<h20>: 	ssl.enabled.protocols = [TLSv1.2, TLSv1.3]
<h20>: 	ssl.endpoint.identification.algorithm = https
<h20>: 	ssl.engine.factory.class = null
<h20>: 	ssl.key.password = null
<h20>: 	ssl.keymanager.algorithm = SunX509
<h20>: 	ssl.keystore.certificate.chain = null
<h20>: 	ssl.keystore.key = null
<h20>: 	ssl.keystore.location = null
<h20>: 	ssl.keystore.password = null
<h20>: 	ssl.keystore.type = JKS
<h20>: 	ssl.principal.mapping.rules = DEFAULT
<h20>: 	ssl.protocol = TLSv1.3
<h20>: 	ssl.provider = null
<h20>: 	ssl.secure.random.implementation = null
<h20>: 	ssl.trustmanager.algorithm = PKIX
<h20>: 	ssl.truststore.certificates = null
<h20>: 	ssl.truststore.location = null
<h20>: 	ssl.truststore.password = null
<h20>: 	ssl.truststore.type = JKS
<h20>: 	transaction.abort.timed.out.transaction.cleanup.interval.ms = 10000
<h20>: 	transaction.max.timeout.ms = 900000
<h20>: 	transaction.remove.expired.transaction.cleanup.interval.ms = 3600000
<h20>: 	transaction.state.log.load.buffer.size = 5242880
<h20>: 	transaction.state.log.min.isr = 1
<h20>: 	transaction.state.log.num.partitions = 50
<h20>: 	transaction.state.log.replication.factor = 1
<h20>: 	transaction.state.log.segment.bytes = 104857600
<h20>: 	transactional.id.expiration.ms = 604800000
<h20>: 	unclean.leader.election.enable = false
<h20>: 	zookeeper.clientCnxnSocket = null
<h20>: 	zookeeper.connect = null
<h20>: 	zookeeper.connection.timeout.ms = null
<h20>: 	zookeeper.max.in.flight.requests = 10
<h20>: 	zookeeper.session.timeout.ms = 18000
<h20>: 	zookeeper.set.acl = false
<h20>: 	zookeeper.ssl.cipher.suites = null
<h20>: 	zookeeper.ssl.client.enable = false
<h20>: 	zookeeper.ssl.crl.enable = false
<h20>: 	zookeeper.ssl.enabled.protocols = null
<h20>: 	zookeeper.ssl.endpoint.identification.algorithm = HTTPS
<h20>: 	zookeeper.ssl.keystore.location = null
<h20>: 	zookeeper.ssl.keystore.password = null
<h20>: 	zookeeper.ssl.keystore.type = null
<h20>: 	zookeeper.ssl.ocsp.enable = false
<h20>: 	zookeeper.ssl.protocol = TLSv1.2
<h20>: 	zookeeper.ssl.truststore.location = null
<h20>: 	zookeeper.ssl.truststore.password = null
<h20>: 	zookeeper.ssl.truststore.type = null
<h20>: 	zookeeper.sync.time.ms = 2000
<h20>:  (kafka.server.KafkaConfig)
<h20>: [2023-02-26 20:29:52,664] INFO [SocketServer listenerType=BROKER, nodeId=20] Starting socket server acceptors and processors (kafka.network.SocketServer)
<h20>: [2023-02-26 20:29:52,666] INFO [SocketServer listenerType=BROKER, nodeId=20] Started data-plane acceptor and processor(s) for endpoint : ListenerName(PLAINTEXT) (kafka.network.SocketServer)
<h20>: [2023-02-26 20:29:52,666] INFO [SocketServer listenerType=BROKER, nodeId=20] Started socket server acceptors and processors (kafka.network.SocketServer)
<h20>: [2023-02-26 20:29:52,667] INFO [BrokerServer id=20] Transition from STARTING to STARTED (kafka.server.BrokerServer)
<h20>: [2023-02-26 20:29:52,667] INFO Kafka version: 3.1.0 (org.apache.kafka.common.utils.AppInfoParser)
<h20>: [2023-02-26 20:29:52,667] INFO Kafka commitId: unknown (org.apache.kafka.common.utils.AppInfoParser)
<h20>: [2023-02-26 20:29:52,667] INFO Kafka startTimeMs: 1677457792667 (org.apache.kafka.common.utils.AppInfoParser)
<h20>: [2023-02-26 20:29:52,668] INFO Kafka Server started (kafka.server.KafkaRaftServer)
<h20>: [2023-02-26 20:29:52,836] INFO [BrokerLifecycleManager id=20] The broker has been unfenced. Transitioning from RECOVERY to RUNNING. (kafka.server.BrokerLifecycleManager)
<h20>: [2023-02-26 20:29:53,464] INFO [Controller 20] Unfenced broker: UnfenceBrokerRecord(id=20, epoch=39) (org.apache.kafka.controller.ClusterControlManager)
<h20>: [2023-02-26 20:29:53,464] INFO [Controller 20] Created topic topic-1 with topic ID dVvmnTbzTJCZyuFN1c_dog. (org.apache.kafka.controller.ReplicationControlManager)
<h20>: [2023-02-26 20:29:53,464] INFO [Controller 20] Created partition topic-1-0 with topic ID dVvmnTbzTJCZyuFN1c_dog and PartitionRegistration(replicas=[14, 15, 16, 17, 18, 19, 20, 1, 2, 3, 4, 5, 6, 7, 8, 9, 10, 11, 12, 13], isr=[14, 15, 16, 17, 18, 19, 20, 1, 2, 3, 4, 5, 6, 7, 8, 9, 10, 11, 12, 13], removingReplicas=[], addingReplicas=[], leader=14, leaderEpoch=0, partitionEpoch=0). (org.apache.kafka.controller.ReplicationControlManager)
<h20>: [2023-02-26 20:29:53,594] INFO [LogLoader partition=topic-1-0, dir=/home/visitor/neves/amnis-data-sync/./kafka-3.1.0/logs/kafka20] Loading producer state till offset 0 with message format version 2 (kafka.log.UnifiedLog$)
<h20>: [2023-02-26 20:29:53,606] INFO Created log for partition topic-1-0 in /home/visitor/neves/amnis-data-sync/./kafka-3.1.0/logs/kafka20/topic-1-0 with properties {} (kafka.log.LogManager)
<h20>: [2023-02-26 20:29:53,613] INFO [Partition topic-1-0 broker=20] No checkpointed highwatermark is found for partition topic-1-0 (kafka.cluster.Partition)
<h20>: [2023-02-26 20:29:53,615] INFO [Partition topic-1-0 broker=20] Log loaded for partition topic-1-0 with initial high watermark 0 (kafka.cluster.Partition)
<h20>: [2023-02-26 20:29:53,632] INFO [ReplicaFetcherManager on broker 20] Removed fetcher for partitions Set(topic-1-0) (kafka.server.ReplicaFetcherManager)
<h20>: [2023-02-26 20:29:53,833] INFO [ReplicaFetcher replicaId=20, leaderId=14, fetcherId=0] Starting (kafka.server.ReplicaFetcherThread)
<h20>: [2023-02-26 20:29:53,837] INFO [ReplicaFetcherManager on broker 20] Added fetcher to broker 14 for partitions HashMap(topic-1-0 -> InitialFetchState(Some(dVvmnTbzTJCZyuFN1c_dog),BrokerEndPoint(id=14, host=10.0.0.14:9092),0,0)) (kafka.server.ReplicaFetcherManager)
<h20>: [2023-02-26 20:29:53,846] INFO [ReplicaFetcher replicaId=20, leaderId=14, fetcherId=0] Truncating partition topic-1-0 with TruncationState(offset=0, completed=true) due to local high watermark 0 (kafka.server.ReplicaFetcherThread)
<h20>: [2023-02-26 20:29:53,873] INFO [UnifiedLog partition=topic-1-0, dir=/home/visitor/neves/amnis-data-sync/./kafka-3.1.0/logs/kafka20] Truncating to 0 has no effect as the largest offset in the log is -1 (kafka.log.UnifiedLog)
<h20>: [2023-02-26 20:29:54,176] INFO Sent auto-creation request for Set(__consumer_offsets) to the active controller. (kafka.server.DefaultAutoTopicCreationManager)
<h20>: [2023-02-26 20:29:54,239] INFO Sent auto-creation request for Set(__consumer_offsets) to the active controller. (kafka.server.DefaultAutoTopicCreationManager)
<h20>: [2023-02-26 20:29:54,280] INFO Sent auto-creation request for Set(__consumer_offsets) to the active controller. (kafka.server.DefaultAutoTopicCreationManager)
<h20>: [2023-02-26 20:29:54,350] INFO Sent auto-creation request for Set(__consumer_offsets) to the active controller. (kafka.server.DefaultAutoTopicCreationManager)
<h20>: [2023-02-26 20:29:54,389] INFO [Controller 20] ConfigResource(type=TOPIC, name='__consumer_offsets'): set configuration compression.type to producer (org.apache.kafka.controller.ConfigurationControlManager)
<h20>: [2023-02-26 20:29:54,389] INFO [Controller 20] ConfigResource(type=TOPIC, name='__consumer_offsets'): set configuration cleanup.policy to compact (org.apache.kafka.controller.ConfigurationControlManager)
<h20>: [2023-02-26 20:29:54,389] INFO [Controller 20] ConfigResource(type=TOPIC, name='__consumer_offsets'): set configuration segment.bytes to 104857600 (org.apache.kafka.controller.ConfigurationControlManager)
<h20>: [2023-02-26 20:29:54,389] INFO [Controller 20] Created topic __consumer_offsets with topic ID gs35a5FWTyyJLPclII7hIA. (org.apache.kafka.controller.ReplicationControlManager)
<h20>: [2023-02-26 20:29:54,389] INFO [Controller 20] Created partition __consumer_offsets-0 with topic ID gs35a5FWTyyJLPclII7hIA and PartitionRegistration(replicas=[4], isr=[4], removingReplicas=[], addingReplicas=[], leader=4, leaderEpoch=0, partitionEpoch=0). (org.apache.kafka.controller.ReplicationControlManager)
<h20>: [2023-02-26 20:29:54,389] INFO [Controller 20] Created partition __consumer_offsets-1 with topic ID gs35a5FWTyyJLPclII7hIA and PartitionRegistration(replicas=[5], isr=[5], removingReplicas=[], addingReplicas=[], leader=5, leaderEpoch=0, partitionEpoch=0). (org.apache.kafka.controller.ReplicationControlManager)
<h20>: [2023-02-26 20:29:54,389] INFO [Controller 20] Created partition __consumer_offsets-2 with topic ID gs35a5FWTyyJLPclII7hIA and PartitionRegistration(replicas=[6], isr=[6], removingReplicas=[], addingReplicas=[], leader=6, leaderEpoch=0, partitionEpoch=0). (org.apache.kafka.controller.ReplicationControlManager)
<h20>: [2023-02-26 20:29:54,389] INFO [Controller 20] Created partition __consumer_offsets-3 with topic ID gs35a5FWTyyJLPclII7hIA and PartitionRegistration(replicas=[7], isr=[7], removingReplicas=[], addingReplicas=[], leader=7, leaderEpoch=0, partitionEpoch=0). (org.apache.kafka.controller.ReplicationControlManager)
<h20>: [2023-02-26 20:29:54,390] INFO [Controller 20] Created partition __consumer_offsets-4 with topic ID gs35a5FWTyyJLPclII7hIA and PartitionRegistration(replicas=[8], isr=[8], removingReplicas=[], addingReplicas=[], leader=8, leaderEpoch=0, partitionEpoch=0). (org.apache.kafka.controller.ReplicationControlManager)
<h20>: [2023-02-26 20:29:54,390] INFO [Controller 20] Created partition __consumer_offsets-5 with topic ID gs35a5FWTyyJLPclII7hIA and PartitionRegistration(replicas=[9], isr=[9], removingReplicas=[], addingReplicas=[], leader=9, leaderEpoch=0, partitionEpoch=0). (org.apache.kafka.controller.ReplicationControlManager)
<h20>: [2023-02-26 20:29:54,390] INFO [Controller 20] Created partition __consumer_offsets-6 with topic ID gs35a5FWTyyJLPclII7hIA and PartitionRegistration(replicas=[10], isr=[10], removingReplicas=[], addingReplicas=[], leader=10, leaderEpoch=0, partitionEpoch=0). (org.apache.kafka.controller.ReplicationControlManager)
<h20>: [2023-02-26 20:29:54,390] INFO [Controller 20] Created partition __consumer_offsets-7 with topic ID gs35a5FWTyyJLPclII7hIA and PartitionRegistration(replicas=[11], isr=[11], removingReplicas=[], addingReplicas=[], leader=11, leaderEpoch=0, partitionEpoch=0). (org.apache.kafka.controller.ReplicationControlManager)
<h20>: [2023-02-26 20:29:54,390] INFO [Controller 20] Created partition __consumer_offsets-8 with topic ID gs35a5FWTyyJLPclII7hIA and PartitionRegistration(replicas=[12], isr=[12], removingReplicas=[], addingReplicas=[], leader=12, leaderEpoch=0, partitionEpoch=0). (org.apache.kafka.controller.ReplicationControlManager)
<h20>: [2023-02-26 20:29:54,390] INFO [Controller 20] Created partition __consumer_offsets-9 with topic ID gs35a5FWTyyJLPclII7hIA and PartitionRegistration(replicas=[13], isr=[13], removingReplicas=[], addingReplicas=[], leader=13, leaderEpoch=0, partitionEpoch=0). (org.apache.kafka.controller.ReplicationControlManager)
<h20>: [2023-02-26 20:29:54,390] INFO [Controller 20] Created partition __consumer_offsets-10 with topic ID gs35a5FWTyyJLPclII7hIA and PartitionRegistration(replicas=[14], isr=[14], removingReplicas=[], addingReplicas=[], leader=14, leaderEpoch=0, partitionEpoch=0). (org.apache.kafka.controller.ReplicationControlManager)
<h20>: [2023-02-26 20:29:54,390] INFO [Controller 20] Created partition __consumer_offsets-11 with topic ID gs35a5FWTyyJLPclII7hIA and PartitionRegistration(replicas=[15], isr=[15], removingReplicas=[], addingReplicas=[], leader=15, leaderEpoch=0, partitionEpoch=0). (org.apache.kafka.controller.ReplicationControlManager)
<h20>: [2023-02-26 20:29:54,390] INFO [Controller 20] Created partition __consumer_offsets-12 with topic ID gs35a5FWTyyJLPclII7hIA and PartitionRegistration(replicas=[16], isr=[16], removingReplicas=[], addingReplicas=[], leader=16, leaderEpoch=0, partitionEpoch=0). (org.apache.kafka.controller.ReplicationControlManager)
<h20>: [2023-02-26 20:29:54,390] INFO [Controller 20] Created partition __consumer_offsets-13 with topic ID gs35a5FWTyyJLPclII7hIA and PartitionRegistration(replicas=[17], isr=[17], removingReplicas=[], addingReplicas=[], leader=17, leaderEpoch=0, partitionEpoch=0). (org.apache.kafka.controller.ReplicationControlManager)
<h20>: [2023-02-26 20:29:54,390] INFO [Controller 20] Created partition __consumer_offsets-14 with topic ID gs35a5FWTyyJLPclII7hIA and PartitionRegistration(replicas=[18], isr=[18], removingReplicas=[], addingReplicas=[], leader=18, leaderEpoch=0, partitionEpoch=0). (org.apache.kafka.controller.ReplicationControlManager)
<h20>: [2023-02-26 20:29:54,390] INFO [Controller 20] Created partition __consumer_offsets-15 with topic ID gs35a5FWTyyJLPclII7hIA and PartitionRegistration(replicas=[19], isr=[19], removingReplicas=[], addingReplicas=[], leader=19, leaderEpoch=0, partitionEpoch=0). (org.apache.kafka.controller.ReplicationControlManager)
<h20>: [2023-02-26 20:29:54,390] INFO [Controller 20] Created partition __consumer_offsets-16 with topic ID gs35a5FWTyyJLPclII7hIA and PartitionRegistration(replicas=[20], isr=[20], removingReplicas=[], addingReplicas=[], leader=20, leaderEpoch=0, partitionEpoch=0). (org.apache.kafka.controller.ReplicationControlManager)
<h20>: [2023-02-26 20:29:54,390] INFO [Controller 20] Created partition __consumer_offsets-17 with topic ID gs35a5FWTyyJLPclII7hIA and PartitionRegistration(replicas=[1], isr=[1], removingReplicas=[], addingReplicas=[], leader=1, leaderEpoch=0, partitionEpoch=0). (org.apache.kafka.controller.ReplicationControlManager)
<h20>: [2023-02-26 20:29:54,391] INFO [Controller 20] Created partition __consumer_offsets-18 with topic ID gs35a5FWTyyJLPclII7hIA and PartitionRegistration(replicas=[2], isr=[2], removingReplicas=[], addingReplicas=[], leader=2, leaderEpoch=0, partitionEpoch=0). (org.apache.kafka.controller.ReplicationControlManager)
<h20>: [2023-02-26 20:29:54,391] INFO [Controller 20] Created partition __consumer_offsets-19 with topic ID gs35a5FWTyyJLPclII7hIA and PartitionRegistration(replicas=[3], isr=[3], removingReplicas=[], addingReplicas=[], leader=3, leaderEpoch=0, partitionEpoch=0). (org.apache.kafka.controller.ReplicationControlManager)
<h20>: [2023-02-26 20:29:54,391] INFO [Controller 20] Created partition __consumer_offsets-20 with topic ID gs35a5FWTyyJLPclII7hIA and PartitionRegistration(replicas=[7], isr=[7], removingReplicas=[], addingReplicas=[], leader=7, leaderEpoch=0, partitionEpoch=0). (org.apache.kafka.controller.ReplicationControlManager)
<h20>: [2023-02-26 20:29:54,391] INFO [Controller 20] Created partition __consumer_offsets-21 with topic ID gs35a5FWTyyJLPclII7hIA and PartitionRegistration(replicas=[10], isr=[10], removingReplicas=[], addingReplicas=[], leader=10, leaderEpoch=0, partitionEpoch=0). (org.apache.kafka.controller.ReplicationControlManager)
<h20>: [2023-02-26 20:29:54,391] INFO [Controller 20] Created partition __consumer_offsets-22 with topic ID gs35a5FWTyyJLPclII7hIA and PartitionRegistration(replicas=[20], isr=[20], removingReplicas=[], addingReplicas=[], leader=20, leaderEpoch=0, partitionEpoch=0). (org.apache.kafka.controller.ReplicationControlManager)
<h20>: [2023-02-26 20:29:54,391] INFO [Controller 20] Created partition __consumer_offsets-23 with topic ID gs35a5FWTyyJLPclII7hIA and PartitionRegistration(replicas=[1], isr=[1], removingReplicas=[], addingReplicas=[], leader=1, leaderEpoch=0, partitionEpoch=0). (org.apache.kafka.controller.ReplicationControlManager)
<h20>: [2023-02-26 20:29:54,391] INFO [Controller 20] Created partition __consumer_offsets-24 with topic ID gs35a5FWTyyJLPclII7hIA and PartitionRegistration(replicas=[4], isr=[4], removingReplicas=[], addingReplicas=[], leader=4, leaderEpoch=0, partitionEpoch=0). (org.apache.kafka.controller.ReplicationControlManager)
<h20>: [2023-02-26 20:29:54,391] INFO [Controller 20] Created partition __consumer_offsets-25 with topic ID gs35a5FWTyyJLPclII7hIA and PartitionRegistration(replicas=[9], isr=[9], removingReplicas=[], addingReplicas=[], leader=9, leaderEpoch=0, partitionEpoch=0). (org.apache.kafka.controller.ReplicationControlManager)
<h20>: [2023-02-26 20:29:54,391] INFO [Controller 20] Created partition __consumer_offsets-26 with topic ID gs35a5FWTyyJLPclII7hIA and PartitionRegistration(replicas=[18], isr=[18], removingReplicas=[], addingReplicas=[], leader=18, leaderEpoch=0, partitionEpoch=0). (org.apache.kafka.controller.ReplicationControlManager)
<h20>: [2023-02-26 20:29:54,396] INFO [Controller 20] Created partition __consumer_offsets-27 with topic ID gs35a5FWTyyJLPclII7hIA and PartitionRegistration(replicas=[16], isr=[16], removingReplicas=[], addingReplicas=[], leader=16, leaderEpoch=0, partitionEpoch=0). (org.apache.kafka.controller.ReplicationControlManager)
<h20>: [2023-02-26 20:29:54,396] INFO [Controller 20] Created partition __consumer_offsets-28 with topic ID gs35a5FWTyyJLPclII7hIA and PartitionRegistration(replicas=[6], isr=[6], removingReplicas=[], addingReplicas=[], leader=6, leaderEpoch=0, partitionEpoch=0). (org.apache.kafka.controller.ReplicationControlManager)
<h20>: [2023-02-26 20:29:54,396] INFO [Controller 20] Created partition __consumer_offsets-29 with topic ID gs35a5FWTyyJLPclII7hIA and PartitionRegistration(replicas=[12], isr=[12], removingReplicas=[], addingReplicas=[], leader=12, leaderEpoch=0, partitionEpoch=0). (org.apache.kafka.controller.ReplicationControlManager)
<h20>: [2023-02-26 20:29:54,396] INFO [Controller 20] Created partition __consumer_offsets-30 with topic ID gs35a5FWTyyJLPclII7hIA and PartitionRegistration(replicas=[14], isr=[14], removingReplicas=[], addingReplicas=[], leader=14, leaderEpoch=0, partitionEpoch=0). (org.apache.kafka.controller.ReplicationControlManager)
<h20>: [2023-02-26 20:29:54,396] INFO [Controller 20] Created partition __consumer_offsets-31 with topic ID gs35a5FWTyyJLPclII7hIA and PartitionRegistration(replicas=[8], isr=[8], removingReplicas=[], addingReplicas=[], leader=8, leaderEpoch=0, partitionEpoch=0). (org.apache.kafka.controller.ReplicationControlManager)
<h20>: [2023-02-26 20:29:54,396] INFO [Controller 20] Created partition __consumer_offsets-32 with topic ID gs35a5FWTyyJLPclII7hIA and PartitionRegistration(replicas=[5], isr=[5], removingReplicas=[], addingReplicas=[], leader=5, leaderEpoch=0, partitionEpoch=0). (org.apache.kafka.controller.ReplicationControlManager)
<h20>: [2023-02-26 20:29:54,396] INFO [Controller 20] Created partition __consumer_offsets-33 with topic ID gs35a5FWTyyJLPclII7hIA and PartitionRegistration(replicas=[19], isr=[19], removingReplicas=[], addingReplicas=[], leader=19, leaderEpoch=0, partitionEpoch=0). (org.apache.kafka.controller.ReplicationControlManager)
<h20>: [2023-02-26 20:29:54,396] INFO [Controller 20] Created partition __consumer_offsets-34 with topic ID gs35a5FWTyyJLPclII7hIA and PartitionRegistration(replicas=[17], isr=[17], removingReplicas=[], addingReplicas=[], leader=17, leaderEpoch=0, partitionEpoch=0). (org.apache.kafka.controller.ReplicationControlManager)
<h20>: [2023-02-26 20:29:54,396] INFO [Controller 20] Created partition __consumer_offsets-35 with topic ID gs35a5FWTyyJLPclII7hIA and PartitionRegistration(replicas=[11], isr=[11], removingReplicas=[], addingReplicas=[], leader=11, leaderEpoch=0, partitionEpoch=0). (org.apache.kafka.controller.ReplicationControlManager)
<h20>: [2023-02-26 20:29:54,396] INFO [Controller 20] Created partition __consumer_offsets-36 with topic ID gs35a5FWTyyJLPclII7hIA and PartitionRegistration(replicas=[3], isr=[3], removingReplicas=[], addingReplicas=[], leader=3, leaderEpoch=0, partitionEpoch=0). (org.apache.kafka.controller.ReplicationControlManager)
<h20>: [2023-02-26 20:29:54,396] INFO [Controller 20] Created partition __consumer_offsets-37 with topic ID gs35a5FWTyyJLPclII7hIA and PartitionRegistration(replicas=[2], isr=[2], removingReplicas=[], addingReplicas=[], leader=2, leaderEpoch=0, partitionEpoch=0). (org.apache.kafka.controller.ReplicationControlManager)
<h20>: [2023-02-26 20:29:54,397] INFO [Controller 20] Created partition __consumer_offsets-38 with topic ID gs35a5FWTyyJLPclII7hIA and PartitionRegistration(replicas=[15], isr=[15], removingReplicas=[], addingReplicas=[], leader=15, leaderEpoch=0, partitionEpoch=0). (org.apache.kafka.controller.ReplicationControlManager)
<h20>: [2023-02-26 20:29:54,397] INFO [Controller 20] Created partition __consumer_offsets-39 with topic ID gs35a5FWTyyJLPclII7hIA and PartitionRegistration(replicas=[13], isr=[13], removingReplicas=[], addingReplicas=[], leader=13, leaderEpoch=0, partitionEpoch=0). (org.apache.kafka.controller.ReplicationControlManager)
<h20>: [2023-02-26 20:29:54,397] INFO [Controller 20] Created partition __consumer_offsets-40 with topic ID gs35a5FWTyyJLPclII7hIA and PartitionRegistration(replicas=[13], isr=[13], removingReplicas=[], addingReplicas=[], leader=13, leaderEpoch=0, partitionEpoch=0). (org.apache.kafka.controller.ReplicationControlManager)
<h20>: [2023-02-26 20:29:54,397] INFO [Controller 20] Created partition __consumer_offsets-41 with topic ID gs35a5FWTyyJLPclII7hIA and PartitionRegistration(replicas=[8], isr=[8], removingReplicas=[], addingReplicas=[], leader=8, leaderEpoch=0, partitionEpoch=0). (org.apache.kafka.controller.ReplicationControlManager)
<h20>: [2023-02-26 20:29:54,397] INFO [Controller 20] Created partition __consumer_offsets-42 with topic ID gs35a5FWTyyJLPclII7hIA and PartitionRegistration(replicas=[12], isr=[12], removingReplicas=[], addingReplicas=[], leader=12, leaderEpoch=0, partitionEpoch=0). (org.apache.kafka.controller.ReplicationControlManager)
<h20>: [2023-02-26 20:29:54,397] INFO [Controller 20] Created partition __consumer_offsets-43 with topic ID gs35a5FWTyyJLPclII7hIA and PartitionRegistration(replicas=[6], isr=[6], removingReplicas=[], addingReplicas=[], leader=6, leaderEpoch=0, partitionEpoch=0). (org.apache.kafka.controller.ReplicationControlManager)
<h20>: [2023-02-26 20:29:54,397] INFO [Controller 20] Created partition __consumer_offsets-44 with topic ID gs35a5FWTyyJLPclII7hIA and PartitionRegistration(replicas=[10], isr=[10], removingReplicas=[], addingReplicas=[], leader=10, leaderEpoch=0, partitionEpoch=0). (org.apache.kafka.controller.ReplicationControlManager)
<h20>: [2023-02-26 20:29:54,397] INFO [Controller 20] Created partition __consumer_offsets-45 with topic ID gs35a5FWTyyJLPclII7hIA and PartitionRegistration(replicas=[3], isr=[3], removingReplicas=[], addingReplicas=[], leader=3, leaderEpoch=0, partitionEpoch=0). (org.apache.kafka.controller.ReplicationControlManager)
<h20>: [2023-02-26 20:29:54,397] INFO [Controller 20] Created partition __consumer_offsets-46 with topic ID gs35a5FWTyyJLPclII7hIA and PartitionRegistration(replicas=[17], isr=[17], removingReplicas=[], addingReplicas=[], leader=17, leaderEpoch=0, partitionEpoch=0). (org.apache.kafka.controller.ReplicationControlManager)
<h20>: [2023-02-26 20:29:54,397] INFO [Controller 20] Created partition __consumer_offsets-47 with topic ID gs35a5FWTyyJLPclII7hIA and PartitionRegistration(replicas=[7], isr=[7], removingReplicas=[], addingReplicas=[], leader=7, leaderEpoch=0, partitionEpoch=0). (org.apache.kafka.controller.ReplicationControlManager)
<h20>: [2023-02-26 20:29:54,397] INFO [Controller 20] Created partition __consumer_offsets-48 with topic ID gs35a5FWTyyJLPclII7hIA and PartitionRegistration(replicas=[11], isr=[11], removingReplicas=[], addingReplicas=[], leader=11, leaderEpoch=0, partitionEpoch=0). (org.apache.kafka.controller.ReplicationControlManager)
<h20>: [2023-02-26 20:29:54,397] INFO [Controller 20] Created partition __consumer_offsets-49 with topic ID gs35a5FWTyyJLPclII7hIA and PartitionRegistration(replicas=[1], isr=[1], removingReplicas=[], addingReplicas=[], leader=1, leaderEpoch=0, partitionEpoch=0). (org.apache.kafka.controller.ReplicationControlManager)
<h20>: [2023-02-26 20:29:54,399] INFO [ReplicaFetcherManager on broker 20] Removed fetcher for partitions Set(__consumer_offsets-16, __consumer_offsets-22) (kafka.server.ReplicaFetcherManager)
<h20>: [2023-02-26 20:29:54,407] INFO [LogLoader partition=__consumer_offsets-16, dir=/home/visitor/neves/amnis-data-sync/./kafka-3.1.0/logs/kafka20] Loading producer state till offset 0 with message format version 2 (kafka.log.UnifiedLog$)
<h20>: [2023-02-26 20:29:54,419] INFO Created log for partition __consumer_offsets-16 in /home/visitor/neves/amnis-data-sync/./kafka-3.1.0/logs/kafka20/__consumer_offsets-16 with properties {cleanup.policy=compact, compression.type="producer", segment.bytes=104857600} (kafka.log.LogManager)
<h20>: [2023-02-26 20:29:54,433] INFO [Partition __consumer_offsets-16 broker=20] No checkpointed highwatermark is found for partition __consumer_offsets-16 (kafka.cluster.Partition)
<h20>: [2023-02-26 20:29:54,435] INFO [Partition __consumer_offsets-16 broker=20] Log loaded for partition __consumer_offsets-16 with initial high watermark 0 (kafka.cluster.Partition)
<h20>: [2023-02-26 20:29:54,669] INFO [LogLoader partition=__consumer_offsets-22, dir=/home/visitor/neves/amnis-data-sync/./kafka-3.1.0/logs/kafka20] Loading producer state till offset 0 with message format version 2 (kafka.log.UnifiedLog$)
<h20>: [2023-02-26 20:29:54,670] INFO Created log for partition __consumer_offsets-22 in /home/visitor/neves/amnis-data-sync/./kafka-3.1.0/logs/kafka20/__consumer_offsets-22 with properties {cleanup.policy=compact, compression.type="producer", segment.bytes=104857600} (kafka.log.LogManager)
<h20>: [2023-02-26 20:29:54,670] INFO [Partition __consumer_offsets-22 broker=20] No checkpointed highwatermark is found for partition __consumer_offsets-22 (kafka.cluster.Partition)
<h20>: [2023-02-26 20:29:54,670] INFO [Partition __consumer_offsets-22 broker=20] Log loaded for partition __consumer_offsets-22 with initial high watermark 0 (kafka.cluster.Partition)
<h20>: [2023-02-26 20:29:54,846] INFO [GroupCoordinator 20]: Elected as the group coordinator for partition 16 in epoch 0 (kafka.coordinator.group.GroupCoordinator)
<h20>: [2023-02-26 20:29:54,847] INFO [GroupMetadataManager brokerId=20] Scheduling loading of offsets and group metadata from __consumer_offsets-16 for epoch 0 (kafka.coordinator.group.GroupMetadataManager)
<h20>: [2023-02-26 20:29:54,849] INFO [GroupCoordinator 20]: Elected as the group coordinator for partition 22 in epoch 0 (kafka.coordinator.group.GroupCoordinator)
<h20>: [2023-02-26 20:29:54,849] INFO [GroupMetadataManager brokerId=20] Scheduling loading of offsets and group metadata from __consumer_offsets-22 for epoch 0 (kafka.coordinator.group.GroupMetadataManager)
<h20>: [2023-02-26 20:29:54,856] INFO [GroupMetadataManager brokerId=20] Finished loading offsets and group metadata from __consumer_offsets-16 in 8 milliseconds for epoch 0, of which 3 milliseconds was spent in the scheduler. (kafka.coordinator.group.GroupMetadataManager)
<h20>: [2023-02-26 20:29:54,857] INFO [GroupMetadataManager brokerId=20] Finished loading offsets and group metadata from __consumer_offsets-22 in 8 milliseconds for epoch 0, of which 7 milliseconds was spent in the scheduler. (kafka.coordinator.group.GroupMetadataManager)
<h20>: [2023-02-26 20:31:59,950] INFO [Controller 20] Created topic topic-0 with topic ID pdlBKgLLRDWnsdzKZEnY7A. (org.apache.kafka.controller.ReplicationControlManager)
<h20>: [2023-02-26 20:31:59,950] INFO [Controller 20] Created partition topic-0-0 with topic ID pdlBKgLLRDWnsdzKZEnY7A and PartitionRegistration(replicas=[7], isr=[7], removingReplicas=[], addingReplicas=[], leader=7, leaderEpoch=0, partitionEpoch=0). (org.apache.kafka.controller.ReplicationControlManager)
<h20>: [2023-02-26 20:37:13,139] INFO [BrokerToControllerChannelManager broker=20 name=forwarding] Node 1 disconnected. (org.apache.kafka.clients.NetworkClient)
<h20>: [2023-02-26 20:37:13,142] INFO [RaftManager nodeId=20] Node 1 disconnected. (org.apache.kafka.clients.NetworkClient)
<h20>: [2023-02-26 20:37:13,142] INFO [RaftManager nodeId=20] Cancelled in-flight FETCH request with correlation id 910 due to node 1 being disconnected (elapsed time since creation: 234ms, elapsed time since send: 234ms, request timeout: 120000ms) (org.apache.kafka.clients.NetworkClient)
<h20>: [2023-02-26 20:37:13,145] INFO [BrokerToControllerChannelManager broker=20 name=heartbeat] Node 1 disconnected. (org.apache.kafka.clients.NetworkClient)
<h20>: [2023-02-26 20:37:13,194] INFO [RaftManager nodeId=20] Node 2 disconnected. (org.apache.kafka.clients.NetworkClient)
<h20>: [2023-02-26 20:37:13,224] INFO [RaftManager nodeId=20] Node 1 disconnected. (org.apache.kafka.clients.NetworkClient)
<h20>: [2023-02-26 20:37:13,224] WARN [RaftManager nodeId=20] Connection to node 1 (/10.0.0.1:19092) could not be established. Broker may not be available. (org.apache.kafka.clients.NetworkClient)
<h20>: [2023-02-26 20:37:13,225] INFO [RaftManager nodeId=20] Node 3 disconnected. (org.apache.kafka.clients.NetworkClient)
<h20>: [2023-02-26 20:37:13,265] INFO [RaftManager nodeId=20] Node 4 disconnected. (org.apache.kafka.clients.NetworkClient)
<h20>: [2023-02-26 20:37:13,318] INFO [RaftManager nodeId=20] Node 5 disconnected. (org.apache.kafka.clients.NetworkClient)
<h20>: [2023-02-26 20:37:13,346] INFO [RaftManager nodeId=20] Node 1 disconnected. (org.apache.kafka.clients.NetworkClient)
<h20>: [2023-02-26 20:37:13,346] WARN [RaftManager nodeId=20] Connection to node 1 (/10.0.0.1:19092) could not be established. Broker may not be available. (org.apache.kafka.clients.NetworkClient)
<h20>: [2023-02-26 20:37:13,368] INFO [RaftManager nodeId=20] Node 6 disconnected. (org.apache.kafka.clients.NetworkClient)
<h20>: [2023-02-26 20:37:13,451] INFO [RaftManager nodeId=20] Node 7 disconnected. (org.apache.kafka.clients.NetworkClient)
<h20>: [2023-02-26 20:37:13,464] INFO [RaftManager nodeId=20] Node 8 disconnected. (org.apache.kafka.clients.NetworkClient)
<h20>: [2023-02-26 20:37:13,508] INFO [RaftManager nodeId=20] Node 9 disconnected. (org.apache.kafka.clients.NetworkClient)
<h20>: [2023-02-26 20:37:13,553] INFO [RaftManager nodeId=20] Node 10 disconnected. (org.apache.kafka.clients.NetworkClient)
<h20>: [2023-02-26 20:37:13,577] INFO [RaftManager nodeId=20] Node 1 disconnected. (org.apache.kafka.clients.NetworkClient)
<h20>: [2023-02-26 20:37:13,577] WARN [RaftManager nodeId=20] Connection to node 1 (/10.0.0.1:19092) could not be established. Broker may not be available. (org.apache.kafka.clients.NetworkClient)
<h20>: [2023-02-26 20:37:13,594] INFO [RaftManager nodeId=20] Node 11 disconnected. (org.apache.kafka.clients.NetworkClient)
<h20>: [2023-02-26 20:37:13,641] INFO [RaftManager nodeId=20] Node 12 disconnected. (org.apache.kafka.clients.NetworkClient)
<h20>: [2023-02-26 20:37:13,686] INFO [RaftManager nodeId=20] Node 13 disconnected. (org.apache.kafka.clients.NetworkClient)
<h20>: [2023-02-26 20:37:13,769] INFO [RaftManager nodeId=20] Node 14 disconnected. (org.apache.kafka.clients.NetworkClient)
<h20>: [2023-02-26 20:37:13,770] INFO [ReplicaFetcher replicaId=20, leaderId=14, fetcherId=0] Node 14 disconnected. (org.apache.kafka.clients.NetworkClient)
<h20>: [2023-02-26 20:37:13,770] INFO [ReplicaFetcher replicaId=20, leaderId=14, fetcherId=0] Cancelled in-flight FETCH request with correlation id 33500 due to node 14 being disconnected (elapsed time since creation: 308ms, elapsed time since send: 308ms, request timeout: 300000ms) (org.apache.kafka.clients.NetworkClient)
<h20>: [2023-02-26 20:37:13,770] INFO [ReplicaFetcher replicaId=20, leaderId=14, fetcherId=0] Client requested connection close from node 14 (org.apache.kafka.clients.NetworkClient)
<h20>: [2023-02-26 20:37:13,770] INFO [RaftManager nodeId=20] Node 15 disconnected. (org.apache.kafka.clients.NetworkClient)
<h20>: [2023-02-26 20:37:13,771] INFO [ReplicaFetcher replicaId=20, leaderId=14, fetcherId=0] Error sending fetch request (sessionId=1252780888, epoch=33500) to node 14: (org.apache.kafka.clients.FetchSessionHandler)
<h20>: java.io.IOException: Connection to 14 was disconnected before the response was read
<h20>: 	at org.apache.kafka.clients.NetworkClientUtils.sendAndReceive(NetworkClientUtils.java:99)
<h20>: 	at kafka.server.ReplicaFetcherBlockingSend.sendRequest(ReplicaFetcherBlockingSend.scala:109)
<h20>: 	at kafka.server.ReplicaFetcherThread.fetchFromLeader(ReplicaFetcherThread.scala:219)
<h20>: 	at kafka.server.AbstractFetcherThread.processFetchRequest(AbstractFetcherThread.scala:322)
<h20>: 	at kafka.server.AbstractFetcherThread.$anonfun$maybeFetch$3(AbstractFetcherThread.scala:137)
<h20>: 	at kafka.server.AbstractFetcherThread.$anonfun$maybeFetch$3$adapted(AbstractFetcherThread.scala:136)
<h20>: 	at scala.Option.foreach(Option.scala:437)
<h20>: 	at kafka.server.AbstractFetcherThread.maybeFetch(AbstractFetcherThread.scala:136)
<h20>: 	at kafka.server.AbstractFetcherThread.doWork(AbstractFetcherThread.scala:119)
<h20>: 	at kafka.utils.ShutdownableThread.run(ShutdownableThread.scala:96)
<h20>: [2023-02-26 20:37:13,776] WARN [ReplicaFetcher replicaId=20, leaderId=14, fetcherId=0] Error in response for fetch request (type=FetchRequest, replicaId=20, maxWait=500, minBytes=1, maxBytes=10485760, fetchData={}, isolationLevel=READ_UNCOMMITTED, removed=, replaced=, metadata=(sessionId=1252780888, epoch=33500), rackId=) (kafka.server.ReplicaFetcherThread)
<h20>: java.io.IOException: Connection to 14 was disconnected before the response was read
<h20>: 	at org.apache.kafka.clients.NetworkClientUtils.sendAndReceive(NetworkClientUtils.java:99)
<h20>: 	at kafka.server.ReplicaFetcherBlockingSend.sendRequest(ReplicaFetcherBlockingSend.scala:109)
<h20>: 	at kafka.server.ReplicaFetcherThread.fetchFromLeader(ReplicaFetcherThread.scala:219)
<h20>: 	at kafka.server.AbstractFetcherThread.processFetchRequest(AbstractFetcherThread.scala:322)
<h20>: 	at kafka.server.AbstractFetcherThread.$anonfun$maybeFetch$3(AbstractFetcherThread.scala:137)
<h20>: 	at kafka.server.AbstractFetcherThread.$anonfun$maybeFetch$3$adapted(AbstractFetcherThread.scala:136)
<h20>: 	at scala.Option.foreach(Option.scala:437)
<h20>: 	at kafka.server.AbstractFetcherThread.maybeFetch(AbstractFetcherThread.scala:136)
<h20>: 	at kafka.server.AbstractFetcherThread.doWork(AbstractFetcherThread.scala:119)
<h20>: 	at kafka.utils.ShutdownableThread.run(ShutdownableThread.scala:96)
<h20>: [2023-02-26 20:37:13,810] INFO [RaftManager nodeId=20] Node 16 disconnected. (org.apache.kafka.clients.NetworkClient)
<h20>: [2023-02-26 20:37:13,859] INFO [RaftManager nodeId=20] Node 17 disconnected. (org.apache.kafka.clients.NetworkClient)
<h20>: [2023-02-26 20:37:13,903] INFO [RaftManager nodeId=20] Node 18 disconnected. (org.apache.kafka.clients.NetworkClient)
<h20>: [2023-02-26 20:37:13,942] INFO [RaftManager nodeId=20] Node 19 disconnected. (org.apache.kafka.clients.NetworkClient)
