<h3>: [2023-02-26 20:29:21,453] INFO Registered kafka:type=kafka.Log4jController MBean (kafka.utils.Log4jControllerRegistration$)
<h3>: [2023-02-26 20:29:21,766] INFO Setting -D jdk.tls.rejectClientInitiatedRenegotiation=true to disable client-initiated TLS renegotiation (org.apache.zookeeper.common.X509Util)
<h3>: [2023-02-26 20:29:22,011] INFO [LogLoader partition=__cluster_metadata-0, dir=/home/visitor/neves/amnis-data-sync/./kafka-3.1.0/logs/kafka3] Loading producer state till offset 0 with message format version 2 (kafka.log.UnifiedLog$)
<h3>: [2023-02-26 20:29:22,012] INFO [LogLoader partition=__cluster_metadata-0, dir=/home/visitor/neves/amnis-data-sync/./kafka-3.1.0/logs/kafka3] Reloading from producer snapshot and rebuilding producer state from offset 0 (kafka.log.UnifiedLog$)
<h3>: [2023-02-26 20:29:22,013] INFO [LogLoader partition=__cluster_metadata-0, dir=/home/visitor/neves/amnis-data-sync/./kafka-3.1.0/logs/kafka3] Producer state recovery took 1ms for snapshot load and 0ms for segment recovery from offset 0 (kafka.log.UnifiedLog$)
<h3>: [2023-02-26 20:29:22,103] INFO [raft-expiration-reaper]: Starting (kafka.raft.TimingWheelExpirationService$ExpiredOperationReaper)
<h3>: [2023-02-26 20:29:22,324] INFO [RaftManager nodeId=3] Completed transition to Unattached(epoch=0, voters=[1, 2, 3, 4, 5, 6, 7, 8, 9, 10, 11, 12, 13, 14, 15, 16, 17, 18, 19, 20], electionTimeoutMs=16824) (org.apache.kafka.raft.QuorumState)
<h3>: [2023-02-26 20:29:22,352] INFO Registered signal handlers for TERM, INT, HUP (org.apache.kafka.common.utils.LoggingSignalHandler)
<h3>: [2023-02-26 20:29:22,359] INFO [kafka-raft-outbound-request-thread]: Starting (kafka.raft.RaftSendThread)
<h3>: [2023-02-26 20:29:22,359] INFO [kafka-raft-io-thread]: Starting (kafka.raft.KafkaRaftManager$RaftIoThread)
<h3>: [2023-02-26 20:29:22,360] INFO Starting controller (kafka.server.ControllerServer)
<h3>: [2023-02-26 20:29:22,715] INFO Updated connection-accept-rate max connection creation rate to 2147483647 (kafka.network.ConnectionQuotas)
<h3>: [2023-02-26 20:29:22,721] INFO Awaiting socket connections on 10.0.0.3:19094. (kafka.network.Acceptor)
<h3>: [2023-02-26 20:29:22,755] INFO [SocketServer listenerType=CONTROLLER, nodeId=3] Created data-plane acceptor and processors for endpoint : ListenerName(CONTROLLER) (kafka.network.SocketServer)
<h3>: [2023-02-26 20:29:22,786] INFO [RaftManager nodeId=3] Registered the listener org.apache.kafka.controller.QuorumController$QuorumMetaLogListener@1619066095 (org.apache.kafka.raft.KafkaRaftClient)
<h3>: [2023-02-26 20:29:22,793] INFO [ThrottledChannelReaper-Fetch]: Starting (kafka.server.ClientQuotaManager$ThrottledChannelReaper)
<h3>: [2023-02-26 20:29:22,794] INFO [ThrottledChannelReaper-Produce]: Starting (kafka.server.ClientQuotaManager$ThrottledChannelReaper)
<h3>: [2023-02-26 20:29:22,795] INFO [ThrottledChannelReaper-Request]: Starting (kafka.server.ClientQuotaManager$ThrottledChannelReaper)
<h3>: [2023-02-26 20:29:22,797] INFO [ThrottledChannelReaper-ControllerMutation]: Starting (kafka.server.ClientQuotaManager$ThrottledChannelReaper)
<h3>: [2023-02-26 20:29:22,821] INFO [ExpirationReaper-3-AlterAcls]: Starting (kafka.server.DelayedOperationPurgatory$ExpiredOperationReaper)
<h3>: [2023-02-26 20:29:22,827] INFO [SocketServer listenerType=CONTROLLER, nodeId=3] Starting socket server acceptors and processors (kafka.network.SocketServer)
<h3>: [2023-02-26 20:29:22,836] INFO [SocketServer listenerType=CONTROLLER, nodeId=3] Started data-plane acceptor and processor(s) for endpoint : ListenerName(CONTROLLER) (kafka.network.SocketServer)
<h3>: [2023-02-26 20:29:22,836] INFO [SocketServer listenerType=CONTROLLER, nodeId=3] Started socket server acceptors and processors (kafka.network.SocketServer)
<h3>: [2023-02-26 20:29:22,837] INFO [BrokerServer id=3] Transition from SHUTDOWN to STARTING (kafka.server.BrokerServer)
<h3>: [2023-02-26 20:29:22,839] INFO [BrokerServer id=3] Starting broker (kafka.server.BrokerServer)
<h3>: [2023-02-26 20:29:22,860] INFO [ThrottledChannelReaper-Fetch]: Starting (kafka.server.ClientQuotaManager$ThrottledChannelReaper)
<h3>: [2023-02-26 20:29:22,860] INFO [ThrottledChannelReaper-Produce]: Starting (kafka.server.ClientQuotaManager$ThrottledChannelReaper)
<h3>: [2023-02-26 20:29:22,860] INFO [ThrottledChannelReaper-Request]: Starting (kafka.server.ClientQuotaManager$ThrottledChannelReaper)
<h3>: [2023-02-26 20:29:22,860] INFO [ThrottledChannelReaper-ControllerMutation]: Starting (kafka.server.ClientQuotaManager$ThrottledChannelReaper)
<h3>: [2023-02-26 20:29:22,897] INFO [BrokerToControllerChannelManager broker=3 name=forwarding]: Starting (kafka.server.BrokerToControllerRequestThread)
<h3>: [2023-02-26 20:29:22,941] INFO Updated connection-accept-rate max connection creation rate to 2147483647 (kafka.network.ConnectionQuotas)
<h3>: [2023-02-26 20:29:22,941] INFO Awaiting socket connections on 0.0.0.0:9092. (kafka.network.Acceptor)
<h3>: [2023-02-26 20:29:22,950] INFO [SocketServer listenerType=BROKER, nodeId=3] Created data-plane acceptor and processors for endpoint : ListenerName(PLAINTEXT) (kafka.network.SocketServer)
<h3>: [2023-02-26 20:29:22,959] INFO [BrokerToControllerChannelManager broker=3 name=alterIsr]: Starting (kafka.server.BrokerToControllerRequestThread)
<h3>: [2023-02-26 20:29:22,974] INFO [ExpirationReaper-3-Produce]: Starting (kafka.server.DelayedOperationPurgatory$ExpiredOperationReaper)
<h3>: [2023-02-26 20:29:22,975] INFO [ExpirationReaper-3-Fetch]: Starting (kafka.server.DelayedOperationPurgatory$ExpiredOperationReaper)
<h3>: [2023-02-26 20:29:22,976] INFO [ExpirationReaper-3-DeleteRecords]: Starting (kafka.server.DelayedOperationPurgatory$ExpiredOperationReaper)
<h3>: [2023-02-26 20:29:22,976] INFO [ExpirationReaper-3-ElectLeader]: Starting (kafka.server.DelayedOperationPurgatory$ExpiredOperationReaper)
<h3>: [2023-02-26 20:29:22,998] INFO [ExpirationReaper-3-Heartbeat]: Starting (kafka.server.DelayedOperationPurgatory$ExpiredOperationReaper)
<h3>: [2023-02-26 20:29:22,999] INFO [ExpirationReaper-3-Rebalance]: Starting (kafka.server.DelayedOperationPurgatory$ExpiredOperationReaper)
<h3>: [2023-02-26 20:29:23,059] INFO [RaftManager nodeId=3] Registered the listener kafka.server.metadata.BrokerMetadataListener@1289568878 (org.apache.kafka.raft.KafkaRaftClient)
<h3>: [2023-02-26 20:29:23,059] INFO [BrokerToControllerChannelManager broker=3 name=heartbeat]: Starting (kafka.server.BrokerToControllerRequestThread)
<h3>: [2023-02-26 20:29:23,063] INFO [BrokerLifecycleManager id=3] Incarnation OLs9mZoTToi95TKnegOEug of broker 3 in cluster JmL9ihFRQmSabrNWrYSpjg is now STARTING. (kafka.server.BrokerLifecycleManager)
<h3>: [2023-02-26 20:29:23,085] INFO [ExpirationReaper-3-AlterAcls]: Starting (kafka.server.DelayedOperationPurgatory$ExpiredOperationReaper)
<h3>: [2023-02-26 20:29:32,659] INFO [RaftManager nodeId=3] Completed transition to Unattached(epoch=1, voters=[1, 2, 3, 4, 5, 6, 7, 8, 9, 10, 11, 12, 13, 14, 15, 16, 17, 18, 19, 20], electionTimeoutMs=6442) (org.apache.kafka.raft.QuorumState)
<h3>: [2023-02-26 20:29:32,773] INFO [RaftManager nodeId=3] Completed transition to Voted(epoch=1, votedId=1, voters=[1, 2, 3, 4, 5, 6, 7, 8, 9, 10, 11, 12, 13, 14, 15, 16, 17, 18, 19, 20], electionTimeoutMs=19555) (org.apache.kafka.raft.QuorumState)
<h3>: [2023-02-26 20:29:32,774] INFO [RaftManager nodeId=3] Vote request VoteRequestData(clusterId='JmL9ihFRQmSabrNWrYSpjg', topics=[TopicData(topicName='__cluster_metadata', partitions=[PartitionData(partitionIndex=0, candidateEpoch=1, candidateId=1, lastOffsetEpoch=0, lastOffset=0)])]) with epoch 1 is granted (org.apache.kafka.raft.KafkaRaftClient)
<h3>: [2023-02-26 20:29:33,148] INFO [RaftManager nodeId=3] Completed transition to FollowerState(fetchTimeoutMs=20000, epoch=1, leaderId=1, voters=[1, 2, 3, 4, 5, 6, 7, 8, 9, 10, 11, 12, 13, 14, 15, 16, 17, 18, 19, 20], highWatermark=Optional.empty, fetchingSnapshot=Optional.empty) (org.apache.kafka.raft.QuorumState)
<h3>: [2023-02-26 20:29:33,149] INFO [BrokerToControllerChannelManager broker=3 name=forwarding]: Recorded new controller, from now on will use broker 10.0.0.1:19092 (id: 1 rack: null) (kafka.server.BrokerToControllerRequestThread)
<h3>: [2023-02-26 20:29:33,201] INFO [BrokerToControllerChannelManager broker=3 name=heartbeat]: Recorded new controller, from now on will use broker 10.0.0.1:19092 (id: 1 rack: null) (kafka.server.BrokerToControllerRequestThread)
<h3>: [2023-02-26 20:29:33,207] INFO [BrokerToControllerChannelManager broker=3 name=alterIsr]: Recorded new controller, from now on will use broker 10.0.0.1:19092 (id: 1 rack: null) (kafka.server.BrokerToControllerRequestThread)
<h3>: [2023-02-26 20:29:33,673] INFO [BrokerLifecycleManager id=3] Successfully registered broker 3 with broker epoch 7 (kafka.server.BrokerLifecycleManager)
<h3>: [2023-02-26 20:29:34,046] INFO [Controller 3] Registered new broker: RegisterBrokerRecord(brokerId=1, incarnationId=6rIgwvzsRMObLP09_LWn5A, brokerEpoch=0, endPoints=[BrokerEndpoint(name='PLAINTEXT', host='10.0.0.1', port=9092, securityProtocol=0)], features=[], rack=null, fenced=true) (org.apache.kafka.controller.ClusterControlManager)
<h3>: [2023-02-26 20:29:34,046] INFO [Controller 3] Registered new broker: RegisterBrokerRecord(brokerId=6, incarnationId=tWJGIuImQuOPSh9jHcvzcQ, brokerEpoch=2, endPoints=[BrokerEndpoint(name='PLAINTEXT', host='10.0.0.6', port=9092, securityProtocol=0)], features=[], rack=null, fenced=true) (org.apache.kafka.controller.ClusterControlManager)
<h3>: [2023-02-26 20:29:34,046] INFO [Controller 3] Registered new broker: RegisterBrokerRecord(brokerId=7, incarnationId=O1z5PGXXQRqq0Ox8ftec9w, brokerEpoch=3, endPoints=[BrokerEndpoint(name='PLAINTEXT', host='10.0.0.7', port=9092, securityProtocol=0)], features=[], rack=null, fenced=true) (org.apache.kafka.controller.ClusterControlManager)
<h3>: [2023-02-26 20:29:34,046] INFO [Controller 3] Registered new broker: RegisterBrokerRecord(brokerId=12, incarnationId=l7BYBuzYSheQw-kIzb6D2A, brokerEpoch=4, endPoints=[BrokerEndpoint(name='PLAINTEXT', host='10.0.0.12', port=9092, securityProtocol=0)], features=[], rack=null, fenced=true) (org.apache.kafka.controller.ClusterControlManager)
<h3>: [2023-02-26 20:29:34,046] INFO [Controller 3] Registered new broker: RegisterBrokerRecord(brokerId=2, incarnationId=muwjgDb5Qvu5EYbOfhl71A, brokerEpoch=5, endPoints=[BrokerEndpoint(name='PLAINTEXT', host='10.0.0.2', port=9092, securityProtocol=0)], features=[], rack=null, fenced=true) (org.apache.kafka.controller.ClusterControlManager)
<h3>: [2023-02-26 20:29:34,047] INFO [Controller 3] Registered new broker: RegisterBrokerRecord(brokerId=5, incarnationId=en4z4Pd0RhGZ9fpLM1HXJQ, brokerEpoch=6, endPoints=[BrokerEndpoint(name='PLAINTEXT', host='10.0.0.5', port=9092, securityProtocol=0)], features=[], rack=null, fenced=true) (org.apache.kafka.controller.ClusterControlManager)
<h3>: [2023-02-26 20:29:34,047] INFO [Controller 3] Registered new broker: RegisterBrokerRecord(brokerId=3, incarnationId=OLs9mZoTToi95TKnegOEug, brokerEpoch=7, endPoints=[BrokerEndpoint(name='PLAINTEXT', host='10.0.0.3', port=9092, securityProtocol=0)], features=[], rack=null, fenced=true) (org.apache.kafka.controller.ClusterControlManager)
<h3>: [2023-02-26 20:29:34,047] INFO [Controller 3] Registered new broker: RegisterBrokerRecord(brokerId=10, incarnationId=w_JJdsbjRIWECHGlzrAvtQ, brokerEpoch=8, endPoints=[BrokerEndpoint(name='PLAINTEXT', host='10.0.0.10', port=9092, securityProtocol=0)], features=[], rack=null, fenced=true) (org.apache.kafka.controller.ClusterControlManager)
<h3>: [2023-02-26 20:29:34,047] INFO [Controller 3] Registered new broker: RegisterBrokerRecord(brokerId=8, incarnationId=u0aWgOCAS92KIIb382hzZw, brokerEpoch=9, endPoints=[BrokerEndpoint(name='PLAINTEXT', host='10.0.0.8', port=9092, securityProtocol=0)], features=[], rack=null, fenced=true) (org.apache.kafka.controller.ClusterControlManager)
<h3>: [2023-02-26 20:29:34,047] INFO [Controller 3] Registered new broker: RegisterBrokerRecord(brokerId=9, incarnationId=DoHwaS4STcS5kiFGsI8DHg, brokerEpoch=10, endPoints=[BrokerEndpoint(name='PLAINTEXT', host='10.0.0.9', port=9092, securityProtocol=0)], features=[], rack=null, fenced=true) (org.apache.kafka.controller.ClusterControlManager)
<h3>: [2023-02-26 20:29:34,047] INFO [Controller 3] Registered new broker: RegisterBrokerRecord(brokerId=4, incarnationId=ysYN0e7DSYyNQOeizVdmXA, brokerEpoch=11, endPoints=[BrokerEndpoint(name='PLAINTEXT', host='10.0.0.4', port=9092, securityProtocol=0)], features=[], rack=null, fenced=true) (org.apache.kafka.controller.ClusterControlManager)
<h3>: [2023-02-26 20:29:34,047] INFO [Controller 3] Registered new broker: RegisterBrokerRecord(brokerId=11, incarnationId=vltlAgYgTRioxypHOQ8BSQ, brokerEpoch=12, endPoints=[BrokerEndpoint(name='PLAINTEXT', host='10.0.0.11', port=9092, securityProtocol=0)], features=[], rack=null, fenced=true) (org.apache.kafka.controller.ClusterControlManager)
<h3>: [2023-02-26 20:29:34,560] INFO [Controller 3] Unfenced broker: UnfenceBrokerRecord(id=1, epoch=0) (org.apache.kafka.controller.ClusterControlManager)
<h3>: [2023-02-26 20:29:34,575] INFO [BrokerLifecycleManager id=3] The broker has caught up. Transitioning from STARTING to RECOVERY. (kafka.server.BrokerLifecycleManager)
<h3>: [2023-02-26 20:29:34,578] INFO [BrokerMetadataListener id=3] Starting to publish metadata events at offset 13. (kafka.server.metadata.BrokerMetadataListener)
<h3>: [2023-02-26 20:29:34,580] INFO [BrokerMetadataPublisher id=3] Publishing initial metadata at offset OffsetAndEpoch(offset=13, epoch=1). (kafka.server.metadata.BrokerMetadataPublisher)
<h3>: [2023-02-26 20:29:34,581] INFO Loading logs from log dirs ArraySeq(/home/visitor/neves/amnis-data-sync/./kafka-3.1.0/logs/kafka3) (kafka.log.LogManager)
<h3>: [2023-02-26 20:29:34,582] INFO Attempting recovery for all logs in /home/visitor/neves/amnis-data-sync/./kafka-3.1.0/logs/kafka3 since no clean shutdown file was found (kafka.log.LogManager)
<h3>: [2023-02-26 20:29:34,593] INFO [BrokerLifecycleManager id=3] The broker is in RECOVERY. (kafka.server.BrokerLifecycleManager)
<h3>: [2023-02-26 20:29:34,613] INFO Loaded 0 logs in 32ms. (kafka.log.LogManager)
<h3>: [2023-02-26 20:29:34,613] INFO Starting log cleanup with a period of 300000 ms. (kafka.log.LogManager)
<h3>: [2023-02-26 20:29:34,618] INFO Starting log flusher with a default period of 9223372036854775807 ms. (kafka.log.LogManager)
<h3>: [2023-02-26 20:29:34,848] INFO [GroupCoordinator 3]: Starting up. (kafka.coordinator.group.GroupCoordinator)
<h3>: [2023-02-26 20:29:34,851] INFO [LogDirFailureHandler]: Starting (kafka.server.ReplicaManager$LogDirFailureHandler)
<h3>: [2023-02-26 20:29:34,864] INFO [GroupCoordinator 3]: Startup complete. (kafka.coordinator.group.GroupCoordinator)
<h3>: [2023-02-26 20:29:34,865] INFO [TransactionCoordinator id=3] Starting up. (kafka.coordinator.transaction.TransactionCoordinator)
<h3>: [2023-02-26 20:29:34,878] INFO [TransactionCoordinator id=3] Startup complete. (kafka.coordinator.transaction.TransactionCoordinator)
<h3>: [2023-02-26 20:29:34,892] INFO [Transaction Marker Channel Manager 3]: Starting (kafka.coordinator.transaction.TransactionMarkerChannelManager)
<h3>: [2023-02-26 20:29:34,909] INFO KafkaConfig values: 
<h3>: 	advertised.listeners = PLAINTEXT://10.0.0.3:9092
<h3>: 	alter.config.policy.class.name = null
<h3>: 	alter.log.dirs.replication.quota.window.num = 11
<h3>: 	alter.log.dirs.replication.quota.window.size.seconds = 1
<h3>: 	authorizer.class.name = 
<h3>: 	auto.create.topics.enable = true
<h3>: 	auto.leader.rebalance.enable = true
<h3>: 	background.threads = 10
<h3>: 	broker.heartbeat.interval.ms = 2000
<h3>: 	broker.id = 3
<h3>: 	broker.id.generation.enable = true
<h3>: 	broker.rack = null
<h3>: 	broker.session.timeout.ms = 120000
<h3>: 	client.quota.callback.class = null
<h3>: 	compression.type = producer
<h3>: 	connection.failed.authentication.delay.ms = 100
<h3>: 	connections.max.idle.ms = 600000
<h3>: 	connections.max.reauth.ms = 0
<h3>: 	control.plane.listener.name = null
<h3>: 	controlled.shutdown.enable = true
<h3>: 	controlled.shutdown.max.retries = 3
<h3>: 	controlled.shutdown.retry.backoff.ms = 5000
<h3>: 	controller.listener.names = CONTROLLER
<h3>: 	controller.quorum.append.linger.ms = 25
<h3>: 	controller.quorum.election.backoff.max.ms = 10000
<h3>: 	controller.quorum.election.timeout.ms = 10000
<h3>: 	controller.quorum.fetch.timeout.ms = 20000
<h3>: 	controller.quorum.request.timeout.ms = 120000
<h3>: 	controller.quorum.retry.backoff.ms = 20
<h3>: 	controller.quorum.voters = [1@10.0.0.1:19092, 2@10.0.0.2:19093, 3@10.0.0.3:19094, 4@10.0.0.4:19095, 5@10.0.0.5:19096, 6@10.0.0.6:19097, 7@10.0.0.7:19098, 8@10.0.0.8:19099, 9@10.0.0.9:19100, 10@10.0.0.10:19101, 11@10.0.0.11:19102, 12@10.0.0.12:19103, 13@10.0.0.13:19104, 14@10.0.0.14:19105, 15@10.0.0.15:19106, 16@10.0.0.16:19107, 17@10.0.0.17:19108, 18@10.0.0.18:19109, 19@10.0.0.19:19110, 20@10.0.0.20:19111:9093]
<h3>: 	controller.quota.window.num = 11
<h3>: 	controller.quota.window.size.seconds = 1
<h3>: 	controller.socket.timeout.ms = 300000
<h3>: 	create.topic.policy.class.name = null
<h3>: 	default.replication.factor = 1
<h3>: 	delegation.token.expiry.check.interval.ms = 3600000
<h3>: 	delegation.token.expiry.time.ms = 86400000
<h3>: 	delegation.token.master.key = null
<h3>: 	delegation.token.max.lifetime.ms = 604800000
<h3>: 	delegation.token.secret.key = null
<h3>: 	delete.records.purgatory.purge.interval.requests = 1
<h3>: 	delete.topic.enable = true
<h3>: 	fetch.max.bytes = 57671680
<h3>: 	fetch.purgatory.purge.interval.requests = 1000
<h3>: 	group.initial.rebalance.delay.ms = 3000
<h3>: 	group.max.session.timeout.ms = 1800000
<h3>: 	group.max.size = 2147483647
<h3>: 	group.min.session.timeout.ms = 6000
<h3>: 	initial.broker.registration.timeout.ms = 180000
<h3>: 	inter.broker.listener.name = PLAINTEXT
<h3>: 	inter.broker.protocol.version = 3.1-IV0
<h3>: 	kafka.metrics.polling.interval.secs = 10
<h3>: 	kafka.metrics.reporters = []
<h3>: 	leader.imbalance.check.interval.seconds = 300
<h3>: 	leader.imbalance.per.broker.percentage = 10
<h3>: 	listener.security.protocol.map = PLAINTEXT:PLAINTEXT,SSL:SSL,SASL_PLAINTEXT:SASL_PLAINTEXT,SASL_SSL:SASL_SSL
<h3>: 	listeners = PLAINTEXT://:9092,CONTROLLER://10.0.0.3:19094
<h3>: 	log.cleaner.backoff.ms = 15000
<h3>: 	log.cleaner.dedupe.buffer.size = 134217728
<h3>: 	log.cleaner.delete.retention.ms = 86400000
<h3>: 	log.cleaner.enable = true
<h3>: 	log.cleaner.io.buffer.load.factor = 0.9
<h3>: 	log.cleaner.io.buffer.size = 524288
<h3>: 	log.cleaner.io.max.bytes.per.second = 1.7976931348623157E308
<h3>: 	log.cleaner.max.compaction.lag.ms = 9223372036854775807
<h3>: 	log.cleaner.min.cleanable.ratio = 0.5
<h3>: 	log.cleaner.min.compaction.lag.ms = 0
<h3>: 	log.cleaner.threads = 1
<h3>: 	log.cleanup.policy = [delete]
<h3>: 	log.dir = /tmp/kafka-logs
<h3>: 	log.dirs = ./kafka-3.1.0/logs/kafka3
<h3>: 	log.flush.interval.messages = 9223372036854775807
<h3>: 	log.flush.interval.ms = null
<h3>: 	log.flush.offset.checkpoint.interval.ms = 60000
<h3>: 	log.flush.scheduler.interval.ms = 9223372036854775807
<h3>: 	log.flush.start.offset.checkpoint.interval.ms = 60000
<h3>: 	log.index.interval.bytes = 4096
<h3>: 	log.index.size.max.bytes = 10485760
<h3>: 	log.message.downconversion.enable = true
<h3>: 	log.message.format.version = 3.0-IV1
<h3>: 	log.message.timestamp.difference.max.ms = 9223372036854775807
<h3>: 	log.message.timestamp.type = CreateTime
<h3>: 	log.preallocate = false
<h3>: 	log.retention.bytes = -1
<h3>: 	log.retention.check.interval.ms = 300000
<h3>: 	log.retention.hours = 168
<h3>: 	log.retention.minutes = null
<h3>: 	log.retention.ms = null
<h3>: 	log.roll.hours = 168
<h3>: 	log.roll.jitter.hours = 0
<h3>: 	log.roll.jitter.ms = null
<h3>: 	log.roll.ms = null
<h3>: 	log.segment.bytes = 1073741824
<h3>: 	log.segment.delete.delay.ms = 60000
<h3>: 	max.connection.creation.rate = 2147483647
<h3>: 	max.connections = 2147483647
<h3>: 	max.connections.per.ip = 2147483647
<h3>: 	max.connections.per.ip.overrides = 
<h3>: 	max.incremental.fetch.session.cache.slots = 1000
<h3>: 	message.max.bytes = 1048588
<h3>: 	metadata.log.dir = null
<h3>: 	metadata.log.max.record.bytes.between.snapshots = 20971520
<h3>: 	metadata.log.segment.bytes = 1073741824
<h3>: 	metadata.log.segment.min.bytes = 8388608
<h3>: 	metadata.log.segment.ms = 604800000
<h3>: 	metadata.max.retention.bytes = -1
<h3>: 	metadata.max.retention.ms = 604800000
<h3>: 	metric.reporters = []
<h3>: 	metrics.num.samples = 2
<h3>: 	metrics.recording.level = INFO
<h3>: 	metrics.sample.window.ms = 30000
<h3>: 	min.insync.replicas = 1
<h3>: 	node.id = 3
<h3>: 	num.io.threads = 8
<h3>: 	num.network.threads = 3
<h3>: 	num.partitions = 1
<h3>: 	num.recovery.threads.per.data.dir = 1
<h3>: 	num.replica.alter.log.dirs.threads = null
<h3>: 	num.replica.fetchers = 1
<h3>: 	offset.metadata.max.bytes = 4096
<h3>: 	offsets.commit.required.acks = -1
<h3>: 	offsets.commit.timeout.ms = 5000
<h3>: 	offsets.load.buffer.size = 5242880
<h3>: 	offsets.retention.check.interval.ms = 600000
<h3>: 	offsets.retention.minutes = 10080
<h3>: 	offsets.topic.compression.codec = 0
<h3>: 	offsets.topic.num.partitions = 50
<h3>: 	offsets.topic.replication.factor = 1
<h3>: 	offsets.topic.segment.bytes = 104857600
<h3>: 	password.encoder.cipher.algorithm = AES/CBC/PKCS5Padding
<h3>: 	password.encoder.iterations = 4096
<h3>: 	password.encoder.key.length = 128
<h3>: 	password.encoder.keyfactory.algorithm = null
<h3>: 	password.encoder.old.secret = null
<h3>: 	password.encoder.secret = null
<h3>: 	principal.builder.class = class org.apache.kafka.common.security.authenticator.DefaultKafkaPrincipalBuilder
<h3>: 	process.roles = [broker, controller]
<h3>: 	producer.purgatory.purge.interval.requests = 1000
<h3>: 	queued.max.request.bytes = -1
<h3>: 	queued.max.requests = 500
<h3>: 	quota.window.num = 11
<h3>: 	quota.window.size.seconds = 1
<h3>: 	remote.log.index.file.cache.total.size.bytes = 1073741824
<h3>: 	remote.log.manager.task.interval.ms = 30000
<h3>: 	remote.log.manager.task.retry.backoff.max.ms = 30000
<h3>: 	remote.log.manager.task.retry.backoff.ms = 500
<h3>: 	remote.log.manager.task.retry.jitter = 0.2
<h3>: 	remote.log.manager.thread.pool.size = 10
<h3>: 	remote.log.metadata.manager.class.name = null
<h3>: 	remote.log.metadata.manager.class.path = null
<h3>: 	remote.log.metadata.manager.impl.prefix = null
<h3>: 	remote.log.metadata.manager.listener.name = null
<h3>: 	remote.log.reader.max.pending.tasks = 100
<h3>: 	remote.log.reader.threads = 10
<h3>: 	remote.log.storage.manager.class.name = null
<h3>: 	remote.log.storage.manager.class.path = null
<h3>: 	remote.log.storage.manager.impl.prefix = null
<h3>: 	remote.log.storage.system.enable = false
<h3>: 	replica.fetch.backoff.ms = 1000
<h3>: 	replica.fetch.max.bytes = 1048576
<h3>: 	replica.fetch.min.bytes = 1
<h3>: 	replica.fetch.response.max.bytes = 10485760
<h3>: 	replica.fetch.wait.max.ms = 500
<h3>: 	replica.high.watermark.checkpoint.interval.ms = 5000
<h3>: 	replica.lag.time.max.ms = 30000
<h3>: 	replica.selector.class = null
<h3>: 	replica.socket.receive.buffer.bytes = 65536
<h3>: 	replica.socket.timeout.ms = 30000
<h3>: 	replication.quota.window.num = 11
<h3>: 	replication.quota.window.size.seconds = 1
<h3>: 	request.timeout.ms = 300000
<h3>: 	reserved.broker.max.id = 1000
<h3>: 	sasl.client.callback.handler.class = null
<h3>: 	sasl.enabled.mechanisms = [GSSAPI]
<h3>: 	sasl.jaas.config = null
<h3>: 	sasl.kerberos.kinit.cmd = /usr/bin/kinit
<h3>: 	sasl.kerberos.min.time.before.relogin = 60000
<h3>: 	sasl.kerberos.principal.to.local.rules = [DEFAULT]
<h3>: 	sasl.kerberos.service.name = null
<h3>: 	sasl.kerberos.ticket.renew.jitter = 0.05
<h3>: 	sasl.kerberos.ticket.renew.window.factor = 0.8
<h3>: 	sasl.login.callback.handler.class = null
<h3>: 	sasl.login.class = null
<h3>: 	sasl.login.connect.timeout.ms = null
<h3>: 	sasl.login.read.timeout.ms = null
<h3>: 	sasl.login.refresh.buffer.seconds = 300
<h3>: 	sasl.login.refresh.min.period.seconds = 60
<h3>: 	sasl.login.refresh.window.factor = 0.8
<h3>: 	sasl.login.refresh.window.jitter = 0.05
<h3>: 	sasl.login.retry.backoff.max.ms = 10000
<h3>: 	sasl.login.retry.backoff.ms = 100
<h3>: 	sasl.mechanism.controller.protocol = GSSAPI
<h3>: 	sasl.mechanism.inter.broker.protocol = GSSAPI
<h3>: 	sasl.oauthbearer.clock.skew.seconds = 30
<h3>: 	sasl.oauthbearer.expected.audience = null
<h3>: 	sasl.oauthbearer.expected.issuer = null
<h3>: 	sasl.oauthbearer.jwks.endpoint.refresh.ms = 3600000
<h3>: 	sasl.oauthbearer.jwks.endpoint.retry.backoff.max.ms = 10000
<h3>: 	sasl.oauthbearer.jwks.endpoint.retry.backoff.ms = 100
<h3>: 	sasl.oauthbearer.jwks.endpoint.url = null
<h3>: 	sasl.oauthbearer.scope.claim.name = scope
<h3>: 	sasl.oauthbearer.sub.claim.name = sub
<h3>: 	sasl.oauthbearer.token.endpoint.url = null
<h3>: 	sasl.server.callback.handler.class = null
<h3>: 	security.inter.broker.protocol = PLAINTEXT
<h3>: 	security.providers = null
<h3>: 	socket.connection.setup.timeout.max.ms = 300000
<h3>: 	socket.connection.setup.timeout.ms = 120000
<h3>: 	socket.receive.buffer.bytes = 102400
<h3>: 	socket.request.max.bytes = 104857600
<h3>: 	socket.send.buffer.bytes = 102400
<h3>: 	ssl.cipher.suites = []
<h3>: 	ssl.client.auth = none
<h3>: 	ssl.enabled.protocols = [TLSv1.2, TLSv1.3]
<h3>: 	ssl.endpoint.identification.algorithm = https
<h3>: 	ssl.engine.factory.class = null
<h3>: 	ssl.key.password = null
<h3>: 	ssl.keymanager.algorithm = SunX509
<h3>: 	ssl.keystore.certificate.chain = null
<h3>: 	ssl.keystore.key = null
<h3>: 	ssl.keystore.location = null
<h3>: 	ssl.keystore.password = null
<h3>: 	ssl.keystore.type = JKS
<h3>: 	ssl.principal.mapping.rules = DEFAULT
<h3>: 	ssl.protocol = TLSv1.3
<h3>: 	ssl.provider = null
<h3>: 	ssl.secure.random.implementation = null
<h3>: 	ssl.trustmanager.algorithm = PKIX
<h3>: 	ssl.truststore.certificates = null
<h3>: 	ssl.truststore.location = null
<h3>: 	ssl.truststore.password = null
<h3>: 	ssl.truststore.type = JKS
<h3>: 	transaction.abort.timed.out.transaction.cleanup.interval.ms = 10000
<h3>: 	transaction.max.timeout.ms = 900000
<h3>: 	transaction.remove.expired.transaction.cleanup.interval.ms = 3600000
<h3>: 	transaction.state.log.load.buffer.size = 5242880
<h3>: 	transaction.state.log.min.isr = 1
<h3>: 	transaction.state.log.num.partitions = 50
<h3>: 	transaction.state.log.replication.factor = 1
<h3>: 	transaction.state.log.segment.bytes = 104857600
<h3>: 	transactional.id.expiration.ms = 604800000
<h3>: 	unclean.leader.election.enable = false
<h3>: 	zookeeper.clientCnxnSocket = null
<h3>: 	zookeeper.connect = null
<h3>: 	zookeeper.connection.timeout.ms = null
<h3>: 	zookeeper.max.in.flight.requests = 10
<h3>: 	zookeeper.session.timeout.ms = 18000
<h3>: 	zookeeper.set.acl = false
<h3>: 	zookeeper.ssl.cipher.suites = null
<h3>: 	zookeeper.ssl.client.enable = false
<h3>: 	zookeeper.ssl.crl.enable = false
<h3>: 	zookeeper.ssl.enabled.protocols = null
<h3>: 	zookeeper.ssl.endpoint.identification.algorithm = HTTPS
<h3>: 	zookeeper.ssl.keystore.location = null
<h3>: 	zookeeper.ssl.keystore.password = null
<h3>: 	zookeeper.ssl.keystore.type = null
<h3>: 	zookeeper.ssl.ocsp.enable = false
<h3>: 	zookeeper.ssl.protocol = TLSv1.2
<h3>: 	zookeeper.ssl.truststore.location = null
<h3>: 	zookeeper.ssl.truststore.password = null
<h3>: 	zookeeper.ssl.truststore.type = null
<h3>: 	zookeeper.sync.time.ms = 2000
<h3>:  (kafka.server.KafkaConfig)
<h3>: [2023-02-26 20:29:34,914] INFO [SocketServer listenerType=BROKER, nodeId=3] Starting socket server acceptors and processors (kafka.network.SocketServer)
<h3>: [2023-02-26 20:29:34,976] INFO [SocketServer listenerType=BROKER, nodeId=3] Started data-plane acceptor and processor(s) for endpoint : ListenerName(PLAINTEXT) (kafka.network.SocketServer)
<h3>: [2023-02-26 20:29:34,976] INFO [SocketServer listenerType=BROKER, nodeId=3] Started socket server acceptors and processors (kafka.network.SocketServer)
<h3>: [2023-02-26 20:29:34,977] INFO [BrokerServer id=3] Transition from STARTING to STARTED (kafka.server.BrokerServer)
<h3>: [2023-02-26 20:29:34,977] INFO Kafka version: 3.1.0 (org.apache.kafka.common.utils.AppInfoParser)
<h3>: [2023-02-26 20:29:34,978] INFO Kafka commitId: unknown (org.apache.kafka.common.utils.AppInfoParser)
<h3>: [2023-02-26 20:29:34,978] INFO Kafka startTimeMs: 1677457774977 (org.apache.kafka.common.utils.AppInfoParser)
<h3>: [2023-02-26 20:29:34,979] INFO Kafka Server started (kafka.server.KafkaRaftServer)
<h3>: [2023-02-26 20:29:34,984] INFO [BrokerLifecycleManager id=3] The broker is in RECOVERY. (kafka.server.BrokerLifecycleManager)
<h3>: [2023-02-26 20:29:35,228] INFO [Controller 3] Registered new broker: RegisterBrokerRecord(brokerId=13, incarnationId=ASDOl6kTROCykY11g3mL_A, brokerEpoch=14, endPoints=[BrokerEndpoint(name='PLAINTEXT', host='10.0.0.13', port=9092, securityProtocol=0)], features=[], rack=null, fenced=true) (org.apache.kafka.controller.ClusterControlManager)
<h3>: [2023-02-26 20:29:39,055] INFO [BrokerLifecycleManager id=3] The broker has been unfenced. Transitioning from RECOVERY to RUNNING. (kafka.server.BrokerLifecycleManager)
<h3>: [2023-02-26 20:29:39,313] INFO [Controller 3] Unfenced broker: UnfenceBrokerRecord(id=13, epoch=14) (org.apache.kafka.controller.ClusterControlManager)
<h3>: [2023-02-26 20:29:39,313] INFO [Controller 3] Unfenced broker: UnfenceBrokerRecord(id=3, epoch=7) (org.apache.kafka.controller.ClusterControlManager)
<h3>: [2023-02-26 20:29:39,313] INFO [Controller 3] Unfenced broker: UnfenceBrokerRecord(id=10, epoch=8) (org.apache.kafka.controller.ClusterControlManager)
<h3>: [2023-02-26 20:29:39,313] INFO [Controller 3] Unfenced broker: UnfenceBrokerRecord(id=12, epoch=4) (org.apache.kafka.controller.ClusterControlManager)
<h3>: [2023-02-26 20:29:39,314] INFO [Controller 3] Unfenced broker: UnfenceBrokerRecord(id=6, epoch=2) (org.apache.kafka.controller.ClusterControlManager)
<h3>: [2023-02-26 20:29:39,942] INFO [Controller 3] Registered new broker: RegisterBrokerRecord(brokerId=15, incarnationId=rimofCmQTV-dFYcy3Xgu1g, brokerEpoch=20, endPoints=[BrokerEndpoint(name='PLAINTEXT', host='10.0.0.15', port=9092, securityProtocol=0)], features=[], rack=null, fenced=true) (org.apache.kafka.controller.ClusterControlManager)
<h3>: [2023-02-26 20:29:39,942] INFO [Controller 3] Registered new broker: RegisterBrokerRecord(brokerId=17, incarnationId=3wYalzwcT9iEiHhlAZ1NlA, brokerEpoch=21, endPoints=[BrokerEndpoint(name='PLAINTEXT', host='10.0.0.17', port=9092, securityProtocol=0)], features=[], rack=null, fenced=true) (org.apache.kafka.controller.ClusterControlManager)
<h3>: [2023-02-26 20:29:39,942] INFO [Controller 3] Registered new broker: RegisterBrokerRecord(brokerId=18, incarnationId=t-_qwTjGR92U33fDvvL8kQ, brokerEpoch=22, endPoints=[BrokerEndpoint(name='PLAINTEXT', host='10.0.0.18', port=9092, securityProtocol=0)], features=[], rack=null, fenced=true) (org.apache.kafka.controller.ClusterControlManager)
<h3>: [2023-02-26 20:29:39,942] INFO [Controller 3] Registered new broker: RegisterBrokerRecord(brokerId=14, incarnationId=r3uoR0x-Tnq2UoG47-pYnA, brokerEpoch=23, endPoints=[BrokerEndpoint(name='PLAINTEXT', host='10.0.0.14', port=9092, securityProtocol=0)], features=[], rack=null, fenced=true) (org.apache.kafka.controller.ClusterControlManager)
<h3>: [2023-02-26 20:29:39,942] INFO [Controller 3] Registered new broker: RegisterBrokerRecord(brokerId=16, incarnationId=hjwCXEURRIaUSK9mevc7GA, brokerEpoch=24, endPoints=[BrokerEndpoint(name='PLAINTEXT', host='10.0.0.16', port=9092, securityProtocol=0)], features=[], rack=null, fenced=true) (org.apache.kafka.controller.ClusterControlManager)
<h3>: [2023-02-26 20:29:40,458] INFO [Controller 3] Registered new broker: RegisterBrokerRecord(brokerId=19, incarnationId=xwO9ZQBTRxqwhQWRK5nRmQ, brokerEpoch=25, endPoints=[BrokerEndpoint(name='PLAINTEXT', host='10.0.0.19', port=9092, securityProtocol=0)], features=[], rack=null, fenced=true) (org.apache.kafka.controller.ClusterControlManager)
<h3>: [2023-02-26 20:29:41,519] INFO [Controller 3] Unfenced broker: UnfenceBrokerRecord(id=19, epoch=25) (org.apache.kafka.controller.ClusterControlManager)
<h3>: [2023-02-26 20:29:41,520] INFO [Controller 3] Unfenced broker: UnfenceBrokerRecord(id=4, epoch=11) (org.apache.kafka.controller.ClusterControlManager)
<h3>: [2023-02-26 20:29:41,520] INFO [Controller 3] Unfenced broker: UnfenceBrokerRecord(id=7, epoch=3) (org.apache.kafka.controller.ClusterControlManager)
<h3>: [2023-02-26 20:29:41,520] INFO [Controller 3] Unfenced broker: UnfenceBrokerRecord(id=2, epoch=5) (org.apache.kafka.controller.ClusterControlManager)
<h3>: [2023-02-26 20:29:41,520] INFO [Controller 3] Unfenced broker: UnfenceBrokerRecord(id=5, epoch=6) (org.apache.kafka.controller.ClusterControlManager)
<h3>: [2023-02-26 20:29:41,520] INFO [Controller 3] Unfenced broker: UnfenceBrokerRecord(id=8, epoch=9) (org.apache.kafka.controller.ClusterControlManager)
<h3>: [2023-02-26 20:29:41,521] INFO [Controller 3] Unfenced broker: UnfenceBrokerRecord(id=11, epoch=12) (org.apache.kafka.controller.ClusterControlManager)
<h3>: [2023-02-26 20:29:41,521] INFO [Controller 3] Unfenced broker: UnfenceBrokerRecord(id=9, epoch=10) (org.apache.kafka.controller.ClusterControlManager)
<h3>: [2023-02-26 20:29:42,831] INFO [Controller 3] Unfenced broker: UnfenceBrokerRecord(id=17, epoch=21) (org.apache.kafka.controller.ClusterControlManager)
<h3>: [2023-02-26 20:29:42,832] INFO [Controller 3] Unfenced broker: UnfenceBrokerRecord(id=14, epoch=23) (org.apache.kafka.controller.ClusterControlManager)
<h3>: [2023-02-26 20:29:42,832] INFO [Controller 3] Unfenced broker: UnfenceBrokerRecord(id=16, epoch=24) (org.apache.kafka.controller.ClusterControlManager)
<h3>: [2023-02-26 20:29:42,832] INFO [Controller 3] Unfenced broker: UnfenceBrokerRecord(id=15, epoch=20) (org.apache.kafka.controller.ClusterControlManager)
<h3>: [2023-02-26 20:29:42,832] INFO [Controller 3] Unfenced broker: UnfenceBrokerRecord(id=18, epoch=22) (org.apache.kafka.controller.ClusterControlManager)
<h3>: [2023-02-26 20:29:51,727] INFO [RaftManager nodeId=3] Vote request VoteRequestData(clusterId='JmL9ihFRQmSabrNWrYSpjg', topics=[TopicData(topicName='__cluster_metadata', partitions=[PartitionData(partitionIndex=0, candidateEpoch=1, candidateId=20, lastOffsetEpoch=0, lastOffset=0)])]) with epoch 1 is rejected (org.apache.kafka.raft.KafkaRaftClient)
<h3>: [2023-02-26 20:29:52,508] INFO [Controller 3] Registered new broker: RegisterBrokerRecord(brokerId=20, incarnationId=dDGA3CuHTBykH0pzUbhwmA, brokerEpoch=39, endPoints=[BrokerEndpoint(name='PLAINTEXT', host='10.0.0.20', port=9092, securityProtocol=0)], features=[], rack=null, fenced=true) (org.apache.kafka.controller.ClusterControlManager)
<h3>: [2023-02-26 20:29:52,928] INFO [Controller 3] Unfenced broker: UnfenceBrokerRecord(id=20, epoch=39) (org.apache.kafka.controller.ClusterControlManager)
<h3>: [2023-02-26 20:29:53,456] INFO [Controller 3] Created topic topic-1 with topic ID dVvmnTbzTJCZyuFN1c_dog. (org.apache.kafka.controller.ReplicationControlManager)
<h3>: [2023-02-26 20:29:53,456] INFO [Controller 3] Created partition topic-1-0 with topic ID dVvmnTbzTJCZyuFN1c_dog and PartitionRegistration(replicas=[14, 15, 16, 17, 18, 19, 20, 1, 2, 3, 4, 5, 6, 7, 8, 9, 10, 11, 12, 13], isr=[14, 15, 16, 17, 18, 19, 20, 1, 2, 3, 4, 5, 6, 7, 8, 9, 10, 11, 12, 13], removingReplicas=[], addingReplicas=[], leader=14, leaderEpoch=0, partitionEpoch=0). (org.apache.kafka.controller.ReplicationControlManager)
<h3>: [2023-02-26 20:29:53,594] INFO [LogLoader partition=topic-1-0, dir=/home/visitor/neves/amnis-data-sync/./kafka-3.1.0/logs/kafka3] Loading producer state till offset 0 with message format version 2 (kafka.log.UnifiedLog$)
<h3>: [2023-02-26 20:29:53,604] INFO Created log for partition topic-1-0 in /home/visitor/neves/amnis-data-sync/./kafka-3.1.0/logs/kafka3/topic-1-0 with properties {} (kafka.log.LogManager)
<h3>: [2023-02-26 20:29:53,645] INFO [Partition topic-1-0 broker=3] No checkpointed highwatermark is found for partition topic-1-0 (kafka.cluster.Partition)
<h3>: [2023-02-26 20:29:53,648] INFO [Partition topic-1-0 broker=3] Log loaded for partition topic-1-0 with initial high watermark 0 (kafka.cluster.Partition)
<h3>: [2023-02-26 20:29:53,682] INFO [ReplicaFetcherManager on broker 3] Removed fetcher for partitions Set(topic-1-0) (kafka.server.ReplicaFetcherManager)
<h3>: [2023-02-26 20:29:53,714] INFO Sent auto-creation request for Set(__consumer_offsets) to the active controller. (kafka.server.DefaultAutoTopicCreationManager)
<h3>: [2023-02-26 20:29:53,948] INFO [ReplicaFetcher replicaId=3, leaderId=14, fetcherId=0] Starting (kafka.server.ReplicaFetcherThread)
<h3>: [2023-02-26 20:29:53,955] INFO [ReplicaFetcher replicaId=3, leaderId=14, fetcherId=0] Truncating partition topic-1-0 with TruncationState(offset=0, completed=true) due to local high watermark 0 (kafka.server.ReplicaFetcherThread)
<h3>: [2023-02-26 20:29:53,958] INFO [UnifiedLog partition=topic-1-0, dir=/home/visitor/neves/amnis-data-sync/./kafka-3.1.0/logs/kafka3] Truncating to 0 has no effect as the largest offset in the log is -1 (kafka.log.UnifiedLog)
<h3>: [2023-02-26 20:29:53,972] INFO [ReplicaFetcherManager on broker 3] Added fetcher to broker 14 for partitions HashMap(topic-1-0 -> InitialFetchState(Some(dVvmnTbzTJCZyuFN1c_dog),BrokerEndPoint(id=14, host=10.0.0.14:9092),0,0)) (kafka.server.ReplicaFetcherManager)
<h3>: [2023-02-26 20:29:54,247] INFO Sent auto-creation request for Set(__consumer_offsets) to the active controller. (kafka.server.DefaultAutoTopicCreationManager)
<h3>: [2023-02-26 20:29:54,399] INFO [Controller 3] ConfigResource(type=TOPIC, name='__consumer_offsets'): set configuration compression.type to producer (org.apache.kafka.controller.ConfigurationControlManager)
<h3>: [2023-02-26 20:29:54,399] INFO [Controller 3] ConfigResource(type=TOPIC, name='__consumer_offsets'): set configuration cleanup.policy to compact (org.apache.kafka.controller.ConfigurationControlManager)
<h3>: [2023-02-26 20:29:54,399] INFO [Controller 3] ConfigResource(type=TOPIC, name='__consumer_offsets'): set configuration segment.bytes to 104857600 (org.apache.kafka.controller.ConfigurationControlManager)
<h3>: [2023-02-26 20:29:54,399] INFO [Controller 3] Created topic __consumer_offsets with topic ID gs35a5FWTyyJLPclII7hIA. (org.apache.kafka.controller.ReplicationControlManager)
<h3>: [2023-02-26 20:29:54,399] INFO [Controller 3] Created partition __consumer_offsets-0 with topic ID gs35a5FWTyyJLPclII7hIA and PartitionRegistration(replicas=[4], isr=[4], removingReplicas=[], addingReplicas=[], leader=4, leaderEpoch=0, partitionEpoch=0). (org.apache.kafka.controller.ReplicationControlManager)
<h3>: [2023-02-26 20:29:54,399] INFO [Controller 3] Created partition __consumer_offsets-1 with topic ID gs35a5FWTyyJLPclII7hIA and PartitionRegistration(replicas=[5], isr=[5], removingReplicas=[], addingReplicas=[], leader=5, leaderEpoch=0, partitionEpoch=0). (org.apache.kafka.controller.ReplicationControlManager)
<h3>: [2023-02-26 20:29:54,399] INFO [Controller 3] Created partition __consumer_offsets-2 with topic ID gs35a5FWTyyJLPclII7hIA and PartitionRegistration(replicas=[6], isr=[6], removingReplicas=[], addingReplicas=[], leader=6, leaderEpoch=0, partitionEpoch=0). (org.apache.kafka.controller.ReplicationControlManager)
<h3>: [2023-02-26 20:29:54,399] INFO [Controller 3] Created partition __consumer_offsets-3 with topic ID gs35a5FWTyyJLPclII7hIA and PartitionRegistration(replicas=[7], isr=[7], removingReplicas=[], addingReplicas=[], leader=7, leaderEpoch=0, partitionEpoch=0). (org.apache.kafka.controller.ReplicationControlManager)
<h3>: [2023-02-26 20:29:54,400] INFO [Controller 3] Created partition __consumer_offsets-4 with topic ID gs35a5FWTyyJLPclII7hIA and PartitionRegistration(replicas=[8], isr=[8], removingReplicas=[], addingReplicas=[], leader=8, leaderEpoch=0, partitionEpoch=0). (org.apache.kafka.controller.ReplicationControlManager)
<h3>: [2023-02-26 20:29:54,400] INFO [Controller 3] Created partition __consumer_offsets-5 with topic ID gs35a5FWTyyJLPclII7hIA and PartitionRegistration(replicas=[9], isr=[9], removingReplicas=[], addingReplicas=[], leader=9, leaderEpoch=0, partitionEpoch=0). (org.apache.kafka.controller.ReplicationControlManager)
<h3>: [2023-02-26 20:29:54,400] INFO [Controller 3] Created partition __consumer_offsets-6 with topic ID gs35a5FWTyyJLPclII7hIA and PartitionRegistration(replicas=[10], isr=[10], removingReplicas=[], addingReplicas=[], leader=10, leaderEpoch=0, partitionEpoch=0). (org.apache.kafka.controller.ReplicationControlManager)
<h3>: [2023-02-26 20:29:54,400] INFO [Controller 3] Created partition __consumer_offsets-7 with topic ID gs35a5FWTyyJLPclII7hIA and PartitionRegistration(replicas=[11], isr=[11], removingReplicas=[], addingReplicas=[], leader=11, leaderEpoch=0, partitionEpoch=0). (org.apache.kafka.controller.ReplicationControlManager)
<h3>: [2023-02-26 20:29:54,400] INFO [Controller 3] Created partition __consumer_offsets-8 with topic ID gs35a5FWTyyJLPclII7hIA and PartitionRegistration(replicas=[12], isr=[12], removingReplicas=[], addingReplicas=[], leader=12, leaderEpoch=0, partitionEpoch=0). (org.apache.kafka.controller.ReplicationControlManager)
<h3>: [2023-02-26 20:29:54,400] INFO [Controller 3] Created partition __consumer_offsets-9 with topic ID gs35a5FWTyyJLPclII7hIA and PartitionRegistration(replicas=[13], isr=[13], removingReplicas=[], addingReplicas=[], leader=13, leaderEpoch=0, partitionEpoch=0). (org.apache.kafka.controller.ReplicationControlManager)
<h3>: [2023-02-26 20:29:54,400] INFO [Controller 3] Created partition __consumer_offsets-10 with topic ID gs35a5FWTyyJLPclII7hIA and PartitionRegistration(replicas=[14], isr=[14], removingReplicas=[], addingReplicas=[], leader=14, leaderEpoch=0, partitionEpoch=0). (org.apache.kafka.controller.ReplicationControlManager)
<h3>: [2023-02-26 20:29:54,400] INFO [Controller 3] Created partition __consumer_offsets-11 with topic ID gs35a5FWTyyJLPclII7hIA and PartitionRegistration(replicas=[15], isr=[15], removingReplicas=[], addingReplicas=[], leader=15, leaderEpoch=0, partitionEpoch=0). (org.apache.kafka.controller.ReplicationControlManager)
<h3>: [2023-02-26 20:29:54,400] INFO [Controller 3] Created partition __consumer_offsets-12 with topic ID gs35a5FWTyyJLPclII7hIA and PartitionRegistration(replicas=[16], isr=[16], removingReplicas=[], addingReplicas=[], leader=16, leaderEpoch=0, partitionEpoch=0). (org.apache.kafka.controller.ReplicationControlManager)
<h3>: [2023-02-26 20:29:54,400] INFO [Controller 3] Created partition __consumer_offsets-13 with topic ID gs35a5FWTyyJLPclII7hIA and PartitionRegistration(replicas=[17], isr=[17], removingReplicas=[], addingReplicas=[], leader=17, leaderEpoch=0, partitionEpoch=0). (org.apache.kafka.controller.ReplicationControlManager)
<h3>: [2023-02-26 20:29:54,400] INFO [Controller 3] Created partition __consumer_offsets-14 with topic ID gs35a5FWTyyJLPclII7hIA and PartitionRegistration(replicas=[18], isr=[18], removingReplicas=[], addingReplicas=[], leader=18, leaderEpoch=0, partitionEpoch=0). (org.apache.kafka.controller.ReplicationControlManager)
<h3>: [2023-02-26 20:29:54,400] INFO [Controller 3] Created partition __consumer_offsets-15 with topic ID gs35a5FWTyyJLPclII7hIA and PartitionRegistration(replicas=[19], isr=[19], removingReplicas=[], addingReplicas=[], leader=19, leaderEpoch=0, partitionEpoch=0). (org.apache.kafka.controller.ReplicationControlManager)
<h3>: [2023-02-26 20:29:54,400] INFO [Controller 3] Created partition __consumer_offsets-16 with topic ID gs35a5FWTyyJLPclII7hIA and PartitionRegistration(replicas=[20], isr=[20], removingReplicas=[], addingReplicas=[], leader=20, leaderEpoch=0, partitionEpoch=0). (org.apache.kafka.controller.ReplicationControlManager)
<h3>: [2023-02-26 20:29:54,400] INFO [Controller 3] Created partition __consumer_offsets-17 with topic ID gs35a5FWTyyJLPclII7hIA and PartitionRegistration(replicas=[1], isr=[1], removingReplicas=[], addingReplicas=[], leader=1, leaderEpoch=0, partitionEpoch=0). (org.apache.kafka.controller.ReplicationControlManager)
<h3>: [2023-02-26 20:29:54,400] INFO [Controller 3] Created partition __consumer_offsets-18 with topic ID gs35a5FWTyyJLPclII7hIA and PartitionRegistration(replicas=[2], isr=[2], removingReplicas=[], addingReplicas=[], leader=2, leaderEpoch=0, partitionEpoch=0). (org.apache.kafka.controller.ReplicationControlManager)
<h3>: [2023-02-26 20:29:54,401] INFO [Controller 3] Created partition __consumer_offsets-19 with topic ID gs35a5FWTyyJLPclII7hIA and PartitionRegistration(replicas=[3], isr=[3], removingReplicas=[], addingReplicas=[], leader=3, leaderEpoch=0, partitionEpoch=0). (org.apache.kafka.controller.ReplicationControlManager)
<h3>: [2023-02-26 20:29:54,401] INFO [Controller 3] Created partition __consumer_offsets-20 with topic ID gs35a5FWTyyJLPclII7hIA and PartitionRegistration(replicas=[7], isr=[7], removingReplicas=[], addingReplicas=[], leader=7, leaderEpoch=0, partitionEpoch=0). (org.apache.kafka.controller.ReplicationControlManager)
<h3>: [2023-02-26 20:29:54,401] INFO [Controller 3] Created partition __consumer_offsets-21 with topic ID gs35a5FWTyyJLPclII7hIA and PartitionRegistration(replicas=[10], isr=[10], removingReplicas=[], addingReplicas=[], leader=10, leaderEpoch=0, partitionEpoch=0). (org.apache.kafka.controller.ReplicationControlManager)
<h3>: [2023-02-26 20:29:54,401] INFO [Controller 3] Created partition __consumer_offsets-22 with topic ID gs35a5FWTyyJLPclII7hIA and PartitionRegistration(replicas=[20], isr=[20], removingReplicas=[], addingReplicas=[], leader=20, leaderEpoch=0, partitionEpoch=0). (org.apache.kafka.controller.ReplicationControlManager)
<h3>: [2023-02-26 20:29:54,401] INFO [Controller 3] Created partition __consumer_offsets-23 with topic ID gs35a5FWTyyJLPclII7hIA and PartitionRegistration(replicas=[1], isr=[1], removingReplicas=[], addingReplicas=[], leader=1, leaderEpoch=0, partitionEpoch=0). (org.apache.kafka.controller.ReplicationControlManager)
<h3>: [2023-02-26 20:29:54,401] INFO [Controller 3] Created partition __consumer_offsets-24 with topic ID gs35a5FWTyyJLPclII7hIA and PartitionRegistration(replicas=[4], isr=[4], removingReplicas=[], addingReplicas=[], leader=4, leaderEpoch=0, partitionEpoch=0). (org.apache.kafka.controller.ReplicationControlManager)
<h3>: [2023-02-26 20:29:54,401] INFO [Controller 3] Created partition __consumer_offsets-25 with topic ID gs35a5FWTyyJLPclII7hIA and PartitionRegistration(replicas=[9], isr=[9], removingReplicas=[], addingReplicas=[], leader=9, leaderEpoch=0, partitionEpoch=0). (org.apache.kafka.controller.ReplicationControlManager)
<h3>: [2023-02-26 20:29:54,401] INFO [Controller 3] Created partition __consumer_offsets-26 with topic ID gs35a5FWTyyJLPclII7hIA and PartitionRegistration(replicas=[18], isr=[18], removingReplicas=[], addingReplicas=[], leader=18, leaderEpoch=0, partitionEpoch=0). (org.apache.kafka.controller.ReplicationControlManager)
<h3>: [2023-02-26 20:29:54,401] INFO [Controller 3] Created partition __consumer_offsets-27 with topic ID gs35a5FWTyyJLPclII7hIA and PartitionRegistration(replicas=[16], isr=[16], removingReplicas=[], addingReplicas=[], leader=16, leaderEpoch=0, partitionEpoch=0). (org.apache.kafka.controller.ReplicationControlManager)
<h3>: [2023-02-26 20:29:54,401] INFO [Controller 3] Created partition __consumer_offsets-28 with topic ID gs35a5FWTyyJLPclII7hIA and PartitionRegistration(replicas=[6], isr=[6], removingReplicas=[], addingReplicas=[], leader=6, leaderEpoch=0, partitionEpoch=0). (org.apache.kafka.controller.ReplicationControlManager)
<h3>: [2023-02-26 20:29:54,401] INFO [Controller 3] Created partition __consumer_offsets-29 with topic ID gs35a5FWTyyJLPclII7hIA and PartitionRegistration(replicas=[12], isr=[12], removingReplicas=[], addingReplicas=[], leader=12, leaderEpoch=0, partitionEpoch=0). (org.apache.kafka.controller.ReplicationControlManager)
<h3>: [2023-02-26 20:29:54,401] INFO [Controller 3] Created partition __consumer_offsets-30 with topic ID gs35a5FWTyyJLPclII7hIA and PartitionRegistration(replicas=[14], isr=[14], removingReplicas=[], addingReplicas=[], leader=14, leaderEpoch=0, partitionEpoch=0). (org.apache.kafka.controller.ReplicationControlManager)
<h3>: [2023-02-26 20:29:54,401] INFO [Controller 3] Created partition __consumer_offsets-31 with topic ID gs35a5FWTyyJLPclII7hIA and PartitionRegistration(replicas=[8], isr=[8], removingReplicas=[], addingReplicas=[], leader=8, leaderEpoch=0, partitionEpoch=0). (org.apache.kafka.controller.ReplicationControlManager)
<h3>: [2023-02-26 20:29:54,401] INFO [Controller 3] Created partition __consumer_offsets-32 with topic ID gs35a5FWTyyJLPclII7hIA and PartitionRegistration(replicas=[5], isr=[5], removingReplicas=[], addingReplicas=[], leader=5, leaderEpoch=0, partitionEpoch=0). (org.apache.kafka.controller.ReplicationControlManager)
<h3>: [2023-02-26 20:29:54,402] INFO [Controller 3] Created partition __consumer_offsets-33 with topic ID gs35a5FWTyyJLPclII7hIA and PartitionRegistration(replicas=[19], isr=[19], removingReplicas=[], addingReplicas=[], leader=19, leaderEpoch=0, partitionEpoch=0). (org.apache.kafka.controller.ReplicationControlManager)
<h3>: [2023-02-26 20:29:54,402] INFO [Controller 3] Created partition __consumer_offsets-34 with topic ID gs35a5FWTyyJLPclII7hIA and PartitionRegistration(replicas=[17], isr=[17], removingReplicas=[], addingReplicas=[], leader=17, leaderEpoch=0, partitionEpoch=0). (org.apache.kafka.controller.ReplicationControlManager)
<h3>: [2023-02-26 20:29:54,402] INFO [Controller 3] Created partition __consumer_offsets-35 with topic ID gs35a5FWTyyJLPclII7hIA and PartitionRegistration(replicas=[11], isr=[11], removingReplicas=[], addingReplicas=[], leader=11, leaderEpoch=0, partitionEpoch=0). (org.apache.kafka.controller.ReplicationControlManager)
<h3>: [2023-02-26 20:29:54,402] INFO [Controller 3] Created partition __consumer_offsets-36 with topic ID gs35a5FWTyyJLPclII7hIA and PartitionRegistration(replicas=[3], isr=[3], removingReplicas=[], addingReplicas=[], leader=3, leaderEpoch=0, partitionEpoch=0). (org.apache.kafka.controller.ReplicationControlManager)
<h3>: [2023-02-26 20:29:54,402] INFO [Controller 3] Created partition __consumer_offsets-37 with topic ID gs35a5FWTyyJLPclII7hIA and PartitionRegistration(replicas=[2], isr=[2], removingReplicas=[], addingReplicas=[], leader=2, leaderEpoch=0, partitionEpoch=0). (org.apache.kafka.controller.ReplicationControlManager)
<h3>: [2023-02-26 20:29:54,402] INFO [Controller 3] Created partition __consumer_offsets-38 with topic ID gs35a5FWTyyJLPclII7hIA and PartitionRegistration(replicas=[15], isr=[15], removingReplicas=[], addingReplicas=[], leader=15, leaderEpoch=0, partitionEpoch=0). (org.apache.kafka.controller.ReplicationControlManager)
<h3>: [2023-02-26 20:29:54,402] INFO [Controller 3] Created partition __consumer_offsets-39 with topic ID gs35a5FWTyyJLPclII7hIA and PartitionRegistration(replicas=[13], isr=[13], removingReplicas=[], addingReplicas=[], leader=13, leaderEpoch=0, partitionEpoch=0). (org.apache.kafka.controller.ReplicationControlManager)
<h3>: [2023-02-26 20:29:54,402] INFO [Controller 3] Created partition __consumer_offsets-40 with topic ID gs35a5FWTyyJLPclII7hIA and PartitionRegistration(replicas=[13], isr=[13], removingReplicas=[], addingReplicas=[], leader=13, leaderEpoch=0, partitionEpoch=0). (org.apache.kafka.controller.ReplicationControlManager)
<h3>: [2023-02-26 20:29:54,402] INFO [Controller 3] Created partition __consumer_offsets-41 with topic ID gs35a5FWTyyJLPclII7hIA and PartitionRegistration(replicas=[8], isr=[8], removingReplicas=[], addingReplicas=[], leader=8, leaderEpoch=0, partitionEpoch=0). (org.apache.kafka.controller.ReplicationControlManager)
<h3>: [2023-02-26 20:29:54,402] INFO [Controller 3] Created partition __consumer_offsets-42 with topic ID gs35a5FWTyyJLPclII7hIA and PartitionRegistration(replicas=[12], isr=[12], removingReplicas=[], addingReplicas=[], leader=12, leaderEpoch=0, partitionEpoch=0). (org.apache.kafka.controller.ReplicationControlManager)
<h3>: [2023-02-26 20:29:54,402] INFO [Controller 3] Created partition __consumer_offsets-43 with topic ID gs35a5FWTyyJLPclII7hIA and PartitionRegistration(replicas=[6], isr=[6], removingReplicas=[], addingReplicas=[], leader=6, leaderEpoch=0, partitionEpoch=0). (org.apache.kafka.controller.ReplicationControlManager)
<h3>: [2023-02-26 20:29:54,402] INFO [Controller 3] Created partition __consumer_offsets-44 with topic ID gs35a5FWTyyJLPclII7hIA and PartitionRegistration(replicas=[10], isr=[10], removingReplicas=[], addingReplicas=[], leader=10, leaderEpoch=0, partitionEpoch=0). (org.apache.kafka.controller.ReplicationControlManager)
<h3>: [2023-02-26 20:29:54,402] INFO [Controller 3] Created partition __consumer_offsets-45 with topic ID gs35a5FWTyyJLPclII7hIA and PartitionRegistration(replicas=[3], isr=[3], removingReplicas=[], addingReplicas=[], leader=3, leaderEpoch=0, partitionEpoch=0). (org.apache.kafka.controller.ReplicationControlManager)
<h3>: [2023-02-26 20:29:54,403] INFO [Controller 3] Created partition __consumer_offsets-46 with topic ID gs35a5FWTyyJLPclII7hIA and PartitionRegistration(replicas=[17], isr=[17], removingReplicas=[], addingReplicas=[], leader=17, leaderEpoch=0, partitionEpoch=0). (org.apache.kafka.controller.ReplicationControlManager)
<h3>: [2023-02-26 20:29:54,403] INFO [Controller 3] Created partition __consumer_offsets-47 with topic ID gs35a5FWTyyJLPclII7hIA and PartitionRegistration(replicas=[7], isr=[7], removingReplicas=[], addingReplicas=[], leader=7, leaderEpoch=0, partitionEpoch=0). (org.apache.kafka.controller.ReplicationControlManager)
<h3>: [2023-02-26 20:29:54,403] INFO [Controller 3] Created partition __consumer_offsets-48 with topic ID gs35a5FWTyyJLPclII7hIA and PartitionRegistration(replicas=[11], isr=[11], removingReplicas=[], addingReplicas=[], leader=11, leaderEpoch=0, partitionEpoch=0). (org.apache.kafka.controller.ReplicationControlManager)
<h3>: [2023-02-26 20:29:54,403] INFO [Controller 3] Created partition __consumer_offsets-49 with topic ID gs35a5FWTyyJLPclII7hIA and PartitionRegistration(replicas=[1], isr=[1], removingReplicas=[], addingReplicas=[], leader=1, leaderEpoch=0, partitionEpoch=0). (org.apache.kafka.controller.ReplicationControlManager)
<h3>: [2023-02-26 20:29:54,403] INFO [ReplicaFetcherManager on broker 3] Removed fetcher for partitions Set(__consumer_offsets-45, __consumer_offsets-19, __consumer_offsets-36) (kafka.server.ReplicaFetcherManager)
<h3>: [2023-02-26 20:29:54,429] INFO [LogLoader partition=__consumer_offsets-45, dir=/home/visitor/neves/amnis-data-sync/./kafka-3.1.0/logs/kafka3] Loading producer state till offset 0 with message format version 2 (kafka.log.UnifiedLog$)
<h3>: [2023-02-26 20:29:54,433] INFO Created log for partition __consumer_offsets-45 in /home/visitor/neves/amnis-data-sync/./kafka-3.1.0/logs/kafka3/__consumer_offsets-45 with properties {cleanup.policy=compact, compression.type="producer", segment.bytes=104857600} (kafka.log.LogManager)
<h3>: [2023-02-26 20:29:54,434] INFO [Partition __consumer_offsets-45 broker=3] No checkpointed highwatermark is found for partition __consumer_offsets-45 (kafka.cluster.Partition)
<h3>: [2023-02-26 20:29:54,434] INFO [Partition __consumer_offsets-45 broker=3] Log loaded for partition __consumer_offsets-45 with initial high watermark 0 (kafka.cluster.Partition)
<h3>: [2023-02-26 20:29:54,710] INFO [LogLoader partition=__consumer_offsets-19, dir=/home/visitor/neves/amnis-data-sync/./kafka-3.1.0/logs/kafka3] Loading producer state till offset 0 with message format version 2 (kafka.log.UnifiedLog$)
<h3>: [2023-02-26 20:29:54,711] INFO Created log for partition __consumer_offsets-19 in /home/visitor/neves/amnis-data-sync/./kafka-3.1.0/logs/kafka3/__consumer_offsets-19 with properties {cleanup.policy=compact, compression.type="producer", segment.bytes=104857600} (kafka.log.LogManager)
<h3>: [2023-02-26 20:29:54,712] INFO [Partition __consumer_offsets-19 broker=3] No checkpointed highwatermark is found for partition __consumer_offsets-19 (kafka.cluster.Partition)
<h3>: [2023-02-26 20:29:54,712] INFO [Partition __consumer_offsets-19 broker=3] Log loaded for partition __consumer_offsets-19 with initial high watermark 0 (kafka.cluster.Partition)
<h3>: [2023-02-26 20:29:54,899] INFO [LogLoader partition=__consumer_offsets-36, dir=/home/visitor/neves/amnis-data-sync/./kafka-3.1.0/logs/kafka3] Loading producer state till offset 0 with message format version 2 (kafka.log.UnifiedLog$)
<h3>: [2023-02-26 20:29:54,901] INFO Created log for partition __consumer_offsets-36 in /home/visitor/neves/amnis-data-sync/./kafka-3.1.0/logs/kafka3/__consumer_offsets-36 with properties {cleanup.policy=compact, compression.type="producer", segment.bytes=104857600} (kafka.log.LogManager)
<h3>: [2023-02-26 20:29:54,901] INFO [Partition __consumer_offsets-36 broker=3] No checkpointed highwatermark is found for partition __consumer_offsets-36 (kafka.cluster.Partition)
<h3>: [2023-02-26 20:29:54,902] INFO [Partition __consumer_offsets-36 broker=3] Log loaded for partition __consumer_offsets-36 with initial high watermark 0 (kafka.cluster.Partition)
<h3>: [2023-02-26 20:29:55,107] INFO [GroupCoordinator 3]: Elected as the group coordinator for partition 45 in epoch 0 (kafka.coordinator.group.GroupCoordinator)
<h3>: [2023-02-26 20:29:55,108] INFO [GroupMetadataManager brokerId=3] Scheduling loading of offsets and group metadata from __consumer_offsets-45 for epoch 0 (kafka.coordinator.group.GroupMetadataManager)
<h3>: [2023-02-26 20:29:55,109] INFO [GroupCoordinator 3]: Elected as the group coordinator for partition 19 in epoch 0 (kafka.coordinator.group.GroupCoordinator)
<h3>: [2023-02-26 20:29:55,109] INFO [GroupMetadataManager brokerId=3] Scheduling loading of offsets and group metadata from __consumer_offsets-19 for epoch 0 (kafka.coordinator.group.GroupMetadataManager)
<h3>: [2023-02-26 20:29:55,109] INFO [GroupCoordinator 3]: Elected as the group coordinator for partition 36 in epoch 0 (kafka.coordinator.group.GroupCoordinator)
<h3>: [2023-02-26 20:29:55,109] INFO [GroupMetadataManager brokerId=3] Scheduling loading of offsets and group metadata from __consumer_offsets-36 for epoch 0 (kafka.coordinator.group.GroupMetadataManager)
<h3>: [2023-02-26 20:29:55,118] INFO [GroupMetadataManager brokerId=3] Finished loading offsets and group metadata from __consumer_offsets-45 in 9 milliseconds for epoch 0, of which 4 milliseconds was spent in the scheduler. (kafka.coordinator.group.GroupMetadataManager)
<h3>: [2023-02-26 20:29:55,119] INFO [GroupMetadataManager brokerId=3] Finished loading offsets and group metadata from __consumer_offsets-19 in 10 milliseconds for epoch 0, of which 9 milliseconds was spent in the scheduler. (kafka.coordinator.group.GroupMetadataManager)
<h3>: [2023-02-26 20:29:55,119] INFO [GroupMetadataManager brokerId=3] Finished loading offsets and group metadata from __consumer_offsets-36 in 10 milliseconds for epoch 0, of which 10 milliseconds was spent in the scheduler. (kafka.coordinator.group.GroupMetadataManager)
<h3>: [2023-02-26 20:31:59,159] INFO Sent auto-creation request for Set(topic-0) to the active controller. (kafka.server.DefaultAutoTopicCreationManager)
<h3>: [2023-02-26 20:31:59,494] INFO Sent auto-creation request for Set(topic-0) to the active controller. (kafka.server.DefaultAutoTopicCreationManager)
<h3>: [2023-02-26 20:31:59,606] INFO Sent auto-creation request for Set(topic-0) to the active controller. (kafka.server.DefaultAutoTopicCreationManager)
<h3>: [2023-02-26 20:31:59,719] INFO Sent auto-creation request for Set(topic-0) to the active controller. (kafka.server.DefaultAutoTopicCreationManager)
<h3>: [2023-02-26 20:31:59,830] INFO Sent auto-creation request for Set(topic-0) to the active controller. (kafka.server.DefaultAutoTopicCreationManager)
<h3>: [2023-02-26 20:31:59,948] INFO [Controller 3] Created topic topic-0 with topic ID pdlBKgLLRDWnsdzKZEnY7A. (org.apache.kafka.controller.ReplicationControlManager)
<h3>: [2023-02-26 20:31:59,948] INFO [Controller 3] Created partition topic-0-0 with topic ID pdlBKgLLRDWnsdzKZEnY7A and PartitionRegistration(replicas=[7], isr=[7], removingReplicas=[], addingReplicas=[], leader=7, leaderEpoch=0, partitionEpoch=0). (org.apache.kafka.controller.ReplicationControlManager)
<h3>: [2023-02-26 20:31:59,948] INFO Sent auto-creation request for Set(topic-0) to the active controller. (kafka.server.DefaultAutoTopicCreationManager)
<h3>: [2023-02-26 20:37:13,141] INFO [BrokerToControllerChannelManager broker=3 name=forwarding] Node 1 disconnected. (org.apache.kafka.clients.NetworkClient)
<h3>: [2023-02-26 20:37:13,141] INFO [BrokerToControllerChannelManager broker=3 name=heartbeat] Node 1 disconnected. (org.apache.kafka.clients.NetworkClient)
<h3>: [2023-02-26 20:37:13,150] INFO [RaftManager nodeId=3] Node 1 disconnected. (org.apache.kafka.clients.NetworkClient)
<h3>: [2023-02-26 20:37:13,151] INFO [RaftManager nodeId=3] Cancelled in-flight FETCH request with correlation id 914 due to node 1 being disconnected (elapsed time since creation: 317ms, elapsed time since send: 317ms, request timeout: 120000ms) (org.apache.kafka.clients.NetworkClient)
