<h10>: [2023-02-26 20:29:28,506] INFO Registered kafka:type=kafka.Log4jController MBean (kafka.utils.Log4jControllerRegistration$)
<h10>: [2023-02-26 20:29:28,822] INFO Setting -D jdk.tls.rejectClientInitiatedRenegotiation=true to disable client-initiated TLS renegotiation (org.apache.zookeeper.common.X509Util)
<h10>: [2023-02-26 20:29:29,053] INFO [LogLoader partition=__cluster_metadata-0, dir=/home/visitor/neves/amnis-data-sync/./kafka-3.1.0/logs/kafka10] Loading producer state till offset 0 with message format version 2 (kafka.log.UnifiedLog$)
<h10>: [2023-02-26 20:29:29,056] INFO [LogLoader partition=__cluster_metadata-0, dir=/home/visitor/neves/amnis-data-sync/./kafka-3.1.0/logs/kafka10] Reloading from producer snapshot and rebuilding producer state from offset 0 (kafka.log.UnifiedLog$)
<h10>: [2023-02-26 20:29:29,057] INFO [LogLoader partition=__cluster_metadata-0, dir=/home/visitor/neves/amnis-data-sync/./kafka-3.1.0/logs/kafka10] Producer state recovery took 1ms for snapshot load and 0ms for segment recovery from offset 0 (kafka.log.UnifiedLog$)
<h10>: [2023-02-26 20:29:29,147] INFO [raft-expiration-reaper]: Starting (kafka.raft.TimingWheelExpirationService$ExpiredOperationReaper)
<h10>: [2023-02-26 20:29:29,397] INFO [RaftManager nodeId=10] Completed transition to Unattached(epoch=0, voters=[1, 2, 3, 4, 5, 6, 7, 8, 9, 10, 11, 12, 13, 14, 15, 16, 17, 18, 19, 20], electionTimeoutMs=13378) (org.apache.kafka.raft.QuorumState)
<h10>: [2023-02-26 20:29:29,425] INFO Registered signal handlers for TERM, INT, HUP (org.apache.kafka.common.utils.LoggingSignalHandler)
<h10>: [2023-02-26 20:29:29,431] INFO [kafka-raft-outbound-request-thread]: Starting (kafka.raft.RaftSendThread)
<h10>: [2023-02-26 20:29:29,431] INFO [kafka-raft-io-thread]: Starting (kafka.raft.KafkaRaftManager$RaftIoThread)
<h10>: [2023-02-26 20:29:29,431] INFO Starting controller (kafka.server.ControllerServer)
<h10>: [2023-02-26 20:29:29,789] INFO Updated connection-accept-rate max connection creation rate to 2147483647 (kafka.network.ConnectionQuotas)
<h10>: [2023-02-26 20:29:29,795] INFO Awaiting socket connections on 10.0.0.10:19101. (kafka.network.Acceptor)
<h10>: [2023-02-26 20:29:29,837] INFO [SocketServer listenerType=CONTROLLER, nodeId=10] Created data-plane acceptor and processors for endpoint : ListenerName(CONTROLLER) (kafka.network.SocketServer)
<h10>: [2023-02-26 20:29:29,862] INFO [RaftManager nodeId=10] Registered the listener org.apache.kafka.controller.QuorumController$QuorumMetaLogListener@1715065433 (org.apache.kafka.raft.KafkaRaftClient)
<h10>: [2023-02-26 20:29:29,872] INFO [ThrottledChannelReaper-Fetch]: Starting (kafka.server.ClientQuotaManager$ThrottledChannelReaper)
<h10>: [2023-02-26 20:29:29,873] INFO [ThrottledChannelReaper-Produce]: Starting (kafka.server.ClientQuotaManager$ThrottledChannelReaper)
<h10>: [2023-02-26 20:29:29,876] INFO [ThrottledChannelReaper-Request]: Starting (kafka.server.ClientQuotaManager$ThrottledChannelReaper)
<h10>: [2023-02-26 20:29:29,878] INFO [ThrottledChannelReaper-ControllerMutation]: Starting (kafka.server.ClientQuotaManager$ThrottledChannelReaper)
<h10>: [2023-02-26 20:29:29,904] INFO [ExpirationReaper-10-AlterAcls]: Starting (kafka.server.DelayedOperationPurgatory$ExpiredOperationReaper)
<h10>: [2023-02-26 20:29:29,912] INFO [SocketServer listenerType=CONTROLLER, nodeId=10] Starting socket server acceptors and processors (kafka.network.SocketServer)
<h10>: [2023-02-26 20:29:29,922] INFO [SocketServer listenerType=CONTROLLER, nodeId=10] Started data-plane acceptor and processor(s) for endpoint : ListenerName(CONTROLLER) (kafka.network.SocketServer)
<h10>: [2023-02-26 20:29:29,923] INFO [SocketServer listenerType=CONTROLLER, nodeId=10] Started socket server acceptors and processors (kafka.network.SocketServer)
<h10>: [2023-02-26 20:29:29,924] INFO [BrokerServer id=10] Transition from SHUTDOWN to STARTING (kafka.server.BrokerServer)
<h10>: [2023-02-26 20:29:29,925] INFO [BrokerServer id=10] Starting broker (kafka.server.BrokerServer)
<h10>: [2023-02-26 20:29:29,945] INFO [ThrottledChannelReaper-Fetch]: Starting (kafka.server.ClientQuotaManager$ThrottledChannelReaper)
<h10>: [2023-02-26 20:29:29,945] INFO [ThrottledChannelReaper-Produce]: Starting (kafka.server.ClientQuotaManager$ThrottledChannelReaper)
<h10>: [2023-02-26 20:29:29,945] INFO [ThrottledChannelReaper-Request]: Starting (kafka.server.ClientQuotaManager$ThrottledChannelReaper)
<h10>: [2023-02-26 20:29:29,946] INFO [ThrottledChannelReaper-ControllerMutation]: Starting (kafka.server.ClientQuotaManager$ThrottledChannelReaper)
<h10>: [2023-02-26 20:29:29,991] INFO [BrokerToControllerChannelManager broker=10 name=forwarding]: Starting (kafka.server.BrokerToControllerRequestThread)
<h10>: [2023-02-26 20:29:30,040] INFO Updated connection-accept-rate max connection creation rate to 2147483647 (kafka.network.ConnectionQuotas)
<h10>: [2023-02-26 20:29:30,040] INFO Awaiting socket connections on 0.0.0.0:9092. (kafka.network.Acceptor)
<h10>: [2023-02-26 20:29:30,049] INFO [SocketServer listenerType=BROKER, nodeId=10] Created data-plane acceptor and processors for endpoint : ListenerName(PLAINTEXT) (kafka.network.SocketServer)
<h10>: [2023-02-26 20:29:30,063] INFO [BrokerToControllerChannelManager broker=10 name=alterIsr]: Starting (kafka.server.BrokerToControllerRequestThread)
<h10>: [2023-02-26 20:29:30,084] INFO [ExpirationReaper-10-Produce]: Starting (kafka.server.DelayedOperationPurgatory$ExpiredOperationReaper)
<h10>: [2023-02-26 20:29:30,085] INFO [ExpirationReaper-10-Fetch]: Starting (kafka.server.DelayedOperationPurgatory$ExpiredOperationReaper)
<h10>: [2023-02-26 20:29:30,086] INFO [ExpirationReaper-10-DeleteRecords]: Starting (kafka.server.DelayedOperationPurgatory$ExpiredOperationReaper)
<h10>: [2023-02-26 20:29:30,088] INFO [ExpirationReaper-10-ElectLeader]: Starting (kafka.server.DelayedOperationPurgatory$ExpiredOperationReaper)
<h10>: [2023-02-26 20:29:30,110] INFO [ExpirationReaper-10-Heartbeat]: Starting (kafka.server.DelayedOperationPurgatory$ExpiredOperationReaper)
<h10>: [2023-02-26 20:29:30,112] INFO [ExpirationReaper-10-Rebalance]: Starting (kafka.server.DelayedOperationPurgatory$ExpiredOperationReaper)
<h10>: [2023-02-26 20:29:30,175] INFO [RaftManager nodeId=10] Registered the listener kafka.server.metadata.BrokerMetadataListener@976378274 (org.apache.kafka.raft.KafkaRaftClient)
<h10>: [2023-02-26 20:29:30,175] INFO [BrokerToControllerChannelManager broker=10 name=heartbeat]: Starting (kafka.server.BrokerToControllerRequestThread)
<h10>: [2023-02-26 20:29:30,182] INFO [BrokerLifecycleManager id=10] Incarnation w_JJdsbjRIWECHGlzrAvtQ of broker 10 in cluster JmL9ihFRQmSabrNWrYSpjg is now STARTING. (kafka.server.BrokerLifecycleManager)
<h10>: [2023-02-26 20:29:30,209] INFO [ExpirationReaper-10-AlterAcls]: Starting (kafka.server.DelayedOperationPurgatory$ExpiredOperationReaper)
<h10>: [2023-02-26 20:29:32,705] INFO [RaftManager nodeId=10] Completed transition to Unattached(epoch=1, voters=[1, 2, 3, 4, 5, 6, 7, 8, 9, 10, 11, 12, 13, 14, 15, 16, 17, 18, 19, 20], electionTimeoutMs=9987) (org.apache.kafka.raft.QuorumState)
<h10>: [2023-02-26 20:29:32,790] INFO [RaftManager nodeId=10] Completed transition to Voted(epoch=1, votedId=1, voters=[1, 2, 3, 4, 5, 6, 7, 8, 9, 10, 11, 12, 13, 14, 15, 16, 17, 18, 19, 20], electionTimeoutMs=15021) (org.apache.kafka.raft.QuorumState)
<h10>: [2023-02-26 20:29:32,791] INFO [RaftManager nodeId=10] Vote request VoteRequestData(clusterId='JmL9ihFRQmSabrNWrYSpjg', topics=[TopicData(topicName='__cluster_metadata', partitions=[PartitionData(partitionIndex=0, candidateEpoch=1, candidateId=1, lastOffsetEpoch=0, lastOffset=0)])]) with epoch 1 is granted (org.apache.kafka.raft.KafkaRaftClient)
<h10>: [2023-02-26 20:29:33,126] INFO [RaftManager nodeId=10] Completed transition to FollowerState(fetchTimeoutMs=20000, epoch=1, leaderId=1, voters=[1, 2, 3, 4, 5, 6, 7, 8, 9, 10, 11, 12, 13, 14, 15, 16, 17, 18, 19, 20], highWatermark=Optional.empty, fetchingSnapshot=Optional.empty) (org.apache.kafka.raft.QuorumState)
<h10>: [2023-02-26 20:29:33,180] INFO [BrokerToControllerChannelManager broker=10 name=alterIsr]: Recorded new controller, from now on will use broker 10.0.0.1:19092 (id: 1 rack: null) (kafka.server.BrokerToControllerRequestThread)
<h10>: [2023-02-26 20:29:33,196] INFO [BrokerToControllerChannelManager broker=10 name=heartbeat]: Recorded new controller, from now on will use broker 10.0.0.1:19092 (id: 1 rack: null) (kafka.server.BrokerToControllerRequestThread)
<h10>: [2023-02-26 20:29:33,227] INFO [BrokerToControllerChannelManager broker=10 name=forwarding]: Recorded new controller, from now on will use broker 10.0.0.1:19092 (id: 1 rack: null) (kafka.server.BrokerToControllerRequestThread)
<h10>: [2023-02-26 20:29:33,674] INFO [BrokerLifecycleManager id=10] Successfully registered broker 10 with broker epoch 8 (kafka.server.BrokerLifecycleManager)
<h10>: [2023-02-26 20:29:33,695] INFO [Controller 10] Registered new broker: RegisterBrokerRecord(brokerId=1, incarnationId=6rIgwvzsRMObLP09_LWn5A, brokerEpoch=0, endPoints=[BrokerEndpoint(name='PLAINTEXT', host='10.0.0.1', port=9092, securityProtocol=0)], features=[], rack=null, fenced=true) (org.apache.kafka.controller.ClusterControlManager)
<h10>: [2023-02-26 20:29:34,057] INFO [Controller 10] Registered new broker: RegisterBrokerRecord(brokerId=6, incarnationId=tWJGIuImQuOPSh9jHcvzcQ, brokerEpoch=2, endPoints=[BrokerEndpoint(name='PLAINTEXT', host='10.0.0.6', port=9092, securityProtocol=0)], features=[], rack=null, fenced=true) (org.apache.kafka.controller.ClusterControlManager)
<h10>: [2023-02-26 20:29:34,057] INFO [Controller 10] Registered new broker: RegisterBrokerRecord(brokerId=7, incarnationId=O1z5PGXXQRqq0Ox8ftec9w, brokerEpoch=3, endPoints=[BrokerEndpoint(name='PLAINTEXT', host='10.0.0.7', port=9092, securityProtocol=0)], features=[], rack=null, fenced=true) (org.apache.kafka.controller.ClusterControlManager)
<h10>: [2023-02-26 20:29:34,058] INFO [Controller 10] Registered new broker: RegisterBrokerRecord(brokerId=12, incarnationId=l7BYBuzYSheQw-kIzb6D2A, brokerEpoch=4, endPoints=[BrokerEndpoint(name='PLAINTEXT', host='10.0.0.12', port=9092, securityProtocol=0)], features=[], rack=null, fenced=true) (org.apache.kafka.controller.ClusterControlManager)
<h10>: [2023-02-26 20:29:34,058] INFO [Controller 10] Registered new broker: RegisterBrokerRecord(brokerId=2, incarnationId=muwjgDb5Qvu5EYbOfhl71A, brokerEpoch=5, endPoints=[BrokerEndpoint(name='PLAINTEXT', host='10.0.0.2', port=9092, securityProtocol=0)], features=[], rack=null, fenced=true) (org.apache.kafka.controller.ClusterControlManager)
<h10>: [2023-02-26 20:29:34,058] INFO [Controller 10] Registered new broker: RegisterBrokerRecord(brokerId=5, incarnationId=en4z4Pd0RhGZ9fpLM1HXJQ, brokerEpoch=6, endPoints=[BrokerEndpoint(name='PLAINTEXT', host='10.0.0.5', port=9092, securityProtocol=0)], features=[], rack=null, fenced=true) (org.apache.kafka.controller.ClusterControlManager)
<h10>: [2023-02-26 20:29:34,058] INFO [Controller 10] Registered new broker: RegisterBrokerRecord(brokerId=3, incarnationId=OLs9mZoTToi95TKnegOEug, brokerEpoch=7, endPoints=[BrokerEndpoint(name='PLAINTEXT', host='10.0.0.3', port=9092, securityProtocol=0)], features=[], rack=null, fenced=true) (org.apache.kafka.controller.ClusterControlManager)
<h10>: [2023-02-26 20:29:34,058] INFO [Controller 10] Registered new broker: RegisterBrokerRecord(brokerId=10, incarnationId=w_JJdsbjRIWECHGlzrAvtQ, brokerEpoch=8, endPoints=[BrokerEndpoint(name='PLAINTEXT', host='10.0.0.10', port=9092, securityProtocol=0)], features=[], rack=null, fenced=true) (org.apache.kafka.controller.ClusterControlManager)
<h10>: [2023-02-26 20:29:34,058] INFO [Controller 10] Registered new broker: RegisterBrokerRecord(brokerId=8, incarnationId=u0aWgOCAS92KIIb382hzZw, brokerEpoch=9, endPoints=[BrokerEndpoint(name='PLAINTEXT', host='10.0.0.8', port=9092, securityProtocol=0)], features=[], rack=null, fenced=true) (org.apache.kafka.controller.ClusterControlManager)
<h10>: [2023-02-26 20:29:34,058] INFO [Controller 10] Registered new broker: RegisterBrokerRecord(brokerId=9, incarnationId=DoHwaS4STcS5kiFGsI8DHg, brokerEpoch=10, endPoints=[BrokerEndpoint(name='PLAINTEXT', host='10.0.0.9', port=9092, securityProtocol=0)], features=[], rack=null, fenced=true) (org.apache.kafka.controller.ClusterControlManager)
<h10>: [2023-02-26 20:29:34,058] INFO [Controller 10] Registered new broker: RegisterBrokerRecord(brokerId=4, incarnationId=ysYN0e7DSYyNQOeizVdmXA, brokerEpoch=11, endPoints=[BrokerEndpoint(name='PLAINTEXT', host='10.0.0.4', port=9092, securityProtocol=0)], features=[], rack=null, fenced=true) (org.apache.kafka.controller.ClusterControlManager)
<h10>: [2023-02-26 20:29:34,059] INFO [Controller 10] Registered new broker: RegisterBrokerRecord(brokerId=11, incarnationId=vltlAgYgTRioxypHOQ8BSQ, brokerEpoch=12, endPoints=[BrokerEndpoint(name='PLAINTEXT', host='10.0.0.11', port=9092, securityProtocol=0)], features=[], rack=null, fenced=true) (org.apache.kafka.controller.ClusterControlManager)
<h10>: [2023-02-26 20:29:34,568] INFO [Controller 10] Unfenced broker: UnfenceBrokerRecord(id=1, epoch=0) (org.apache.kafka.controller.ClusterControlManager)
<h10>: [2023-02-26 20:29:34,590] INFO [BrokerLifecycleManager id=10] The broker has caught up. Transitioning from STARTING to RECOVERY. (kafka.server.BrokerLifecycleManager)
<h10>: [2023-02-26 20:29:34,593] INFO [BrokerMetadataListener id=10] Starting to publish metadata events at offset 13. (kafka.server.metadata.BrokerMetadataListener)
<h10>: [2023-02-26 20:29:34,594] INFO [BrokerMetadataPublisher id=10] Publishing initial metadata at offset OffsetAndEpoch(offset=13, epoch=1). (kafka.server.metadata.BrokerMetadataPublisher)
<h10>: [2023-02-26 20:29:34,595] INFO Loading logs from log dirs ArraySeq(/home/visitor/neves/amnis-data-sync/./kafka-3.1.0/logs/kafka10) (kafka.log.LogManager)
<h10>: [2023-02-26 20:29:34,596] INFO Attempting recovery for all logs in /home/visitor/neves/amnis-data-sync/./kafka-3.1.0/logs/kafka10 since no clean shutdown file was found (kafka.log.LogManager)
<h10>: [2023-02-26 20:29:34,601] INFO Loaded 0 logs in 6ms. (kafka.log.LogManager)
<h10>: [2023-02-26 20:29:34,610] INFO Starting log cleanup with a period of 300000 ms. (kafka.log.LogManager)
<h10>: [2023-02-26 20:29:34,626] INFO Starting log flusher with a default period of 9223372036854775807 ms. (kafka.log.LogManager)
<h10>: [2023-02-26 20:29:34,740] INFO [BrokerLifecycleManager id=10] The broker is in RECOVERY. (kafka.server.BrokerLifecycleManager)
<h10>: [2023-02-26 20:29:34,835] INFO [GroupCoordinator 10]: Starting up. (kafka.coordinator.group.GroupCoordinator)
<h10>: [2023-02-26 20:29:34,847] INFO [GroupCoordinator 10]: Startup complete. (kafka.coordinator.group.GroupCoordinator)
<h10>: [2023-02-26 20:29:34,848] INFO [LogDirFailureHandler]: Starting (kafka.server.ReplicaManager$LogDirFailureHandler)
<h10>: [2023-02-26 20:29:34,848] INFO [TransactionCoordinator id=10] Starting up. (kafka.coordinator.transaction.TransactionCoordinator)
<h10>: [2023-02-26 20:29:34,877] INFO [TransactionCoordinator id=10] Startup complete. (kafka.coordinator.transaction.TransactionCoordinator)
<h10>: [2023-02-26 20:29:34,931] INFO KafkaConfig values: 
<h10>: 	advertised.listeners = PLAINTEXT://10.0.0.10:9092
<h10>: 	alter.config.policy.class.name = null
<h10>: 	alter.log.dirs.replication.quota.window.num = 11
<h10>: 	alter.log.dirs.replication.quota.window.size.seconds = 1
<h10>: 	authorizer.class.name = 
<h10>: 	auto.create.topics.enable = true
<h10>: 	auto.leader.rebalance.enable = true
<h10>: 	background.threads = 10
<h10>: 	broker.heartbeat.interval.ms = 2000
<h10>: 	broker.id = 10
<h10>: 	broker.id.generation.enable = true
<h10>: 	broker.rack = null
<h10>: 	broker.session.timeout.ms = 120000
<h10>: 	client.quota.callback.class = null
<h10>: 	compression.type = producer
<h10>: 	connection.failed.authentication.delay.ms = 100
<h10>: 	connections.max.idle.ms = 600000
<h10>: 	connections.max.reauth.ms = 0
<h10>: 	control.plane.listener.name = null
<h10>: 	controlled.shutdown.enable = true
<h10>: 	controlled.shutdown.max.retries = 3
<h10>: 	controlled.shutdown.retry.backoff.ms = 5000
<h10>: 	controller.listener.names = CONTROLLER
<h10>: 	controller.quorum.append.linger.ms = 25
<h10>: 	controller.quorum.election.backoff.max.ms = 10000
<h10>: 	controller.quorum.election.timeout.ms = 10000
<h10>: 	controller.quorum.fetch.timeout.ms = 20000
<h10>: 	controller.quorum.request.timeout.ms = 120000
<h10>: 	controller.quorum.retry.backoff.ms = 20
<h10>: 	controller.quorum.voters = [1@10.0.0.1:19092, 2@10.0.0.2:19093, 3@10.0.0.3:19094, 4@10.0.0.4:19095, 5@10.0.0.5:19096, 6@10.0.0.6:19097, 7@10.0.0.7:19098, 8@10.0.0.8:19099, 9@10.0.0.9:19100, 10@10.0.0.10:19101, 11@10.0.0.11:19102, 12@10.0.0.12:19103, 13@10.0.0.13:19104, 14@10.0.0.14:19105, 15@10.0.0.15:19106, 16@10.0.0.16:19107, 17@10.0.0.17:19108, 18@10.0.0.18:19109, 19@10.0.0.19:19110, 20@10.0.0.20:19111:9093]
<h10>: 	controller.quota.window.num = 11
<h10>: 	controller.quota.window.size.seconds = 1
<h10>: 	controller.socket.timeout.ms = 300000
<h10>: 	create.topic.policy.class.name = null
<h10>: 	default.replication.factor = 1
<h10>: 	delegation.token.expiry.check.interval.ms = 3600000
<h10>: 	delegation.token.expiry.time.ms = 86400000
<h10>: 	delegation.token.master.key = null
<h10>: 	delegation.token.max.lifetime.ms = 604800000
<h10>: 	delegation.token.secret.key = null
<h10>: 	delete.records.purgatory.purge.interval.requests = 1
<h10>: 	delete.topic.enable = true
<h10>: 	fetch.max.bytes = 57671680
<h10>: 	fetch.purgatory.purge.interval.requests = 1000
<h10>: 	group.initial.rebalance.delay.ms = 3000
<h10>: 	group.max.session.timeout.ms = 1800000
<h10>: 	group.max.size = 2147483647
<h10>: 	group.min.session.timeout.ms = 6000
<h10>: 	initial.broker.registration.timeout.ms = 180000
<h10>: 	inter.broker.listener.name = PLAINTEXT
<h10>: 	inter.broker.protocol.version = 3.1-IV0
<h10>: 	kafka.metrics.polling.interval.secs = 10
<h10>: 	kafka.metrics.reporters = []
<h10>: 	leader.imbalance.check.interval.seconds = 300
<h10>: 	leader.imbalance.per.broker.percentage = 10
<h10>: 	listener.security.protocol.map = PLAINTEXT:PLAINTEXT,SSL:SSL,SASL_PLAINTEXT:SASL_PLAINTEXT,SASL_SSL:SASL_SSL
<h10>: 	listeners = PLAINTEXT://:9092,CONTROLLER://10.0.0.10:19101
<h10>: 	log.cleaner.backoff.ms = 15000
<h10>: 	log.cleaner.dedupe.buffer.size = 134217728
<h10>: 	log.cleaner.delete.retention.ms = 86400000
<h10>: 	log.cleaner.enable = true
<h10>: 	log.cleaner.io.buffer.load.factor = 0.9
<h10>: 	log.cleaner.io.buffer.size = 524288
<h10>: 	log.cleaner.io.max.bytes.per.second = 1.7976931348623157E308
<h10>: 	log.cleaner.max.compaction.lag.ms = 9223372036854775807
<h10>: 	log.cleaner.min.cleanable.ratio = 0.5
<h10>: 	log.cleaner.min.compaction.lag.ms = 0
<h10>: 	log.cleaner.threads = 1
<h10>: 	log.cleanup.policy = [delete]
<h10>: 	log.dir = /tmp/kafka-logs
<h10>: 	log.dirs = ./kafka-3.1.0/logs/kafka10
<h10>: 	log.flush.interval.messages = 9223372036854775807
<h10>: 	log.flush.interval.ms = null
<h10>: 	log.flush.offset.checkpoint.interval.ms = 60000
<h10>: 	log.flush.scheduler.interval.ms = 9223372036854775807
<h10>: 	log.flush.start.offset.checkpoint.interval.ms = 60000
<h10>: 	log.index.interval.bytes = 4096
<h10>: 	log.index.size.max.bytes = 10485760
<h10>: 	log.message.downconversion.enable = true
<h10>: 	log.message.format.version = 3.0-IV1
<h10>: 	log.message.timestamp.difference.max.ms = 9223372036854775807
<h10>: 	log.message.timestamp.type = CreateTime
<h10>: 	log.preallocate = false
<h10>: 	log.retention.bytes = -1
<h10>: 	log.retention.check.interval.ms = 300000
<h10>: 	log.retention.hours = 168
<h10>: 	log.retention.minutes = null
<h10>: 	log.retention.ms = null
<h10>: 	log.roll.hours = 168
<h10>: 	log.roll.jitter.hours = 0
<h10>: 	log.roll.jitter.ms = null
<h10>: 	log.roll.ms = null
<h10>: 	log.segment.bytes = 1073741824
<h10>: 	log.segment.delete.delay.ms = 60000
<h10>: 	max.connection.creation.rate = 2147483647
<h10>: 	max.connections = 2147483647
<h10>: 	max.connections.per.ip = 2147483647
<h10>: 	max.connections.per.ip.overrides = 
<h10>: 	max.incremental.fetch.session.cache.slots = 1000
<h10>: 	message.max.bytes = 1048588
<h10>: 	metadata.log.dir = null
<h10>: 	metadata.log.max.record.bytes.between.snapshots = 20971520
<h10>: 	metadata.log.segment.bytes = 1073741824
<h10>: 	metadata.log.segment.min.bytes = 8388608
<h10>: 	metadata.log.segment.ms = 604800000
<h10>: 	metadata.max.retention.bytes = -1
<h10>: 	metadata.max.retention.ms = 604800000
<h10>: 	metric.reporters = []
<h10>: 	metrics.num.samples = 2
<h10>: 	metrics.recording.level = INFO
<h10>: 	metrics.sample.window.ms = 30000
<h10>: 	min.insync.replicas = 1
<h10>: 	node.id = 10
<h10>: 	num.io.threads = 8
<h10>: 	num.network.threads = 3
<h10>: 	num.partitions = 1
<h10>: 	num.recovery.threads.per.data.dir = 1
<h10>: 	num.replica.alter.log.dirs.threads = null
<h10>: 	num.replica.fetchers = 1
<h10>: 	offset.metadata.max.bytes = 4096
<h10>: 	offsets.commit.required.acks = -1
<h10>: 	offsets.commit.timeout.ms = 5000
<h10>: 	offsets.load.buffer.size = 5242880
<h10>: 	offsets.retention.check.interval.ms = 600000
<h10>: 	offsets.retention.minutes = 10080
<h10>: 	offsets.topic.compression.codec = 0
<h10>: 	offsets.topic.num.partitions = 50
<h10>: 	offsets.topic.replication.factor = 1
<h10>: 	offsets.topic.segment.bytes = 104857600
<h10>: 	password.encoder.cipher.algorithm = AES/CBC/PKCS5Padding
<h10>: 	password.encoder.iterations = 4096
<h10>: 	password.encoder.key.length = 128
<h10>: 	password.encoder.keyfactory.algorithm = null
<h10>: 	password.encoder.old.secret = null
<h10>: 	password.encoder.secret = null
<h10>: 	principal.builder.class = class org.apache.kafka.common.security.authenticator.DefaultKafkaPrincipalBuilder
<h10>: 	process.roles = [broker, controller]
<h10>: 	producer.purgatory.purge.interval.requests = 1000
<h10>: 	queued.max.request.bytes = -1
<h10>: 	queued.max.requests = 500
<h10>: 	quota.window.num = 11
<h10>: 	quota.window.size.seconds = 1
<h10>: 	remote.log.index.file.cache.total.size.bytes = 1073741824
<h10>: 	remote.log.manager.task.interval.ms = 30000
<h10>: 	remote.log.manager.task.retry.backoff.max.ms = 30000
<h10>: 	remote.log.manager.task.retry.backoff.ms = 500
<h10>: 	remote.log.manager.task.retry.jitter = 0.2
<h10>: 	remote.log.manager.thread.pool.size = 10
<h10>: 	remote.log.metadata.manager.class.name = null
<h10>: 	remote.log.metadata.manager.class.path = null
<h10>: 	remote.log.metadata.manager.impl.prefix = null
<h10>: 	remote.log.metadata.manager.listener.name = null
<h10>: 	remote.log.reader.max.pending.tasks = 100
<h10>: 	remote.log.reader.threads = 10
<h10>: 	remote.log.storage.manager.class.name = null
<h10>: 	remote.log.storage.manager.class.path = null
<h10>: 	remote.log.storage.manager.impl.prefix = null
<h10>: 	remote.log.storage.system.enable = false
<h10>: 	replica.fetch.backoff.ms = 1000
<h10>: 	replica.fetch.max.bytes = 1048576
<h10>: 	replica.fetch.min.bytes = 1
<h10>: 	replica.fetch.response.max.bytes = 10485760
<h10>: 	replica.fetch.wait.max.ms = 500
<h10>: 	replica.high.watermark.checkpoint.interval.ms = 5000
<h10>: 	replica.lag.time.max.ms = 30000
<h10>: 	replica.selector.class = null
<h10>: 	replica.socket.receive.buffer.bytes = 65536
<h10>: 	replica.socket.timeout.ms = 30000
<h10>: 	replication.quota.window.num = 11
<h10>: 	replication.quota.window.size.seconds = 1
<h10>: 	request.timeout.ms = 300000
<h10>: 	reserved.broker.max.id = 1000
<h10>: 	sasl.client.callback.handler.class = null
<h10>: 	sasl.enabled.mechanisms = [GSSAPI]
<h10>: 	sasl.jaas.config = null
<h10>: 	sasl.kerberos.kinit.cmd = /usr/bin/kinit
<h10>: 	sasl.kerberos.min.time.before.relogin = 60000
<h10>: 	sasl.kerberos.principal.to.local.rules = [DEFAULT]
<h10>: 	sasl.kerberos.service.name = null
<h10>: 	sasl.kerberos.ticket.renew.jitter = 0.05
<h10>: 	sasl.kerberos.ticket.renew.window.factor = 0.8
<h10>: 	sasl.login.callback.handler.class = null
<h10>: 	sasl.login.class = null
<h10>: 	sasl.login.connect.timeout.ms = null
<h10>: 	sasl.login.read.timeout.ms = null
<h10>: 	sasl.login.refresh.buffer.seconds = 300
<h10>: 	sasl.login.refresh.min.period.seconds = 60
<h10>: 	sasl.login.refresh.window.factor = 0.8
<h10>: 	sasl.login.refresh.window.jitter = 0.05
<h10>: 	sasl.login.retry.backoff.max.ms = 10000
<h10>: 	sasl.login.retry.backoff.ms = 100
<h10>: 	sasl.mechanism.controller.protocol = GSSAPI
<h10>: 	sasl.mechanism.inter.broker.protocol = GSSAPI
<h10>: 	sasl.oauthbearer.clock.skew.seconds = 30
<h10>: 	sasl.oauthbearer.expected.audience = null
<h10>: 	sasl.oauthbearer.expected.issuer = null
<h10>: 	sasl.oauthbearer.jwks.endpoint.refresh.ms = 3600000
<h10>: 	sasl.oauthbearer.jwks.endpoint.retry.backoff.max.ms = 10000
<h10>: 	sasl.oauthbearer.jwks.endpoint.retry.backoff.ms = 100
<h10>: 	sasl.oauthbearer.jwks.endpoint.url = null
<h10>: 	sasl.oauthbearer.scope.claim.name = scope
<h10>: 	sasl.oauthbearer.sub.claim.name = sub
<h10>: 	sasl.oauthbearer.token.endpoint.url = null
<h10>: 	sasl.server.callback.handler.class = null
<h10>: 	security.inter.broker.protocol = PLAINTEXT
<h10>: 	security.providers = null
<h10>: 	socket.connection.setup.timeout.max.ms = 300000
<h10>: 	socket.connection.setup.timeout.ms = 120000
<h10>: 	socket.receive.buffer.bytes = 102400
<h10>: 	socket.request.max.bytes = 104857600
<h10>: 	socket.send.buffer.bytes = 102400
<h10>: 	ssl.cipher.suites = []
<h10>: 	ssl.client.auth = none
<h10>: 	ssl.enabled.protocols = [TLSv1.2, TLSv1.3]
<h10>: 	ssl.endpoint.identification.algorithm = https
<h10>: 	ssl.engine.factory.class = null
<h10>: 	ssl.key.password = null
<h10>: 	ssl.keymanager.algorithm = SunX509
<h10>: 	ssl.keystore.certificate.chain = null
<h10>: 	ssl.keystore.key = null
<h10>: 	ssl.keystore.location = null
<h10>: 	ssl.keystore.password = null
<h10>: 	ssl.keystore.type = JKS
<h10>: 	ssl.principal.mapping.rules = DEFAULT
<h10>: 	ssl.protocol = TLSv1.3
<h10>: 	ssl.provider = null
<h10>: 	ssl.secure.random.implementation = null
<h10>: 	ssl.trustmanager.algorithm = PKIX
<h10>: 	ssl.truststore.certificates = null
<h10>: 	ssl.truststore.location = null
<h10>: 	ssl.truststore.password = null
<h10>: 	ssl.truststore.type = JKS
<h10>: 	transaction.abort.timed.out.transaction.cleanup.interval.ms = 10000
<h10>: 	transaction.max.timeout.ms = 900000
<h10>: 	transaction.remove.expired.transaction.cleanup.interval.ms = 3600000
<h10>: 	transaction.state.log.load.buffer.size = 5242880
<h10>: 	transaction.state.log.min.isr = 1
<h10>: 	transaction.state.log.num.partitions = 50
<h10>: 	transaction.state.log.replication.factor = 1
<h10>: 	transaction.state.log.segment.bytes = 104857600
<h10>: 	transactional.id.expiration.ms = 604800000
<h10>: 	unclean.leader.election.enable = false
<h10>: 	zookeeper.clientCnxnSocket = null
<h10>: 	zookeeper.connect = null
<h10>: 	zookeeper.connection.timeout.ms = null
<h10>: 	zookeeper.max.in.flight.requests = 10
<h10>: 	zookeeper.session.timeout.ms = 18000
<h10>: 	zookeeper.set.acl = false
<h10>: 	zookeeper.ssl.cipher.suites = null
<h10>: 	zookeeper.ssl.client.enable = false
<h10>: 	zookeeper.ssl.crl.enable = false
<h10>: 	zookeeper.ssl.enabled.protocols = null
<h10>: 	zookeeper.ssl.endpoint.identification.algorithm = HTTPS
<h10>: 	zookeeper.ssl.keystore.location = null
<h10>: 	zookeeper.ssl.keystore.password = null
<h10>: 	zookeeper.ssl.keystore.type = null
<h10>: 	zookeeper.ssl.ocsp.enable = false
<h10>: 	zookeeper.ssl.protocol = TLSv1.2
<h10>: 	zookeeper.ssl.truststore.location = null
<h10>: 	zookeeper.ssl.truststore.password = null
<h10>: 	zookeeper.ssl.truststore.type = null
<h10>: 	zookeeper.sync.time.ms = 2000
<h10>:  (kafka.server.KafkaConfig)
<h10>: [2023-02-26 20:29:34,935] INFO [SocketServer listenerType=BROKER, nodeId=10] Starting socket server acceptors and processors (kafka.network.SocketServer)
<h10>: [2023-02-26 20:29:34,996] INFO [Transaction Marker Channel Manager 10]: Starting (kafka.coordinator.transaction.TransactionMarkerChannelManager)
<h10>: [2023-02-26 20:29:35,003] INFO [SocketServer listenerType=BROKER, nodeId=10] Started data-plane acceptor and processor(s) for endpoint : ListenerName(PLAINTEXT) (kafka.network.SocketServer)
<h10>: [2023-02-26 20:29:35,004] INFO [SocketServer listenerType=BROKER, nodeId=10] Started socket server acceptors and processors (kafka.network.SocketServer)
<h10>: [2023-02-26 20:29:35,004] INFO [BrokerServer id=10] Transition from STARTING to STARTED (kafka.server.BrokerServer)
<h10>: [2023-02-26 20:29:35,005] INFO Kafka version: 3.1.0 (org.apache.kafka.common.utils.AppInfoParser)
<h10>: [2023-02-26 20:29:35,005] INFO Kafka commitId: unknown (org.apache.kafka.common.utils.AppInfoParser)
<h10>: [2023-02-26 20:29:35,005] INFO Kafka startTimeMs: 1677457775004 (org.apache.kafka.common.utils.AppInfoParser)
<h10>: [2023-02-26 20:29:35,006] INFO Kafka Server started (kafka.server.KafkaRaftServer)
<h10>: [2023-02-26 20:29:35,016] INFO [BrokerLifecycleManager id=10] The broker is in RECOVERY. (kafka.server.BrokerLifecycleManager)
<h10>: [2023-02-26 20:29:35,240] INFO [Controller 10] Registered new broker: RegisterBrokerRecord(brokerId=13, incarnationId=ASDOl6kTROCykY11g3mL_A, brokerEpoch=14, endPoints=[BrokerEndpoint(name='PLAINTEXT', host='10.0.0.13', port=9092, securityProtocol=0)], features=[], rack=null, fenced=true) (org.apache.kafka.controller.ClusterControlManager)
<h10>: [2023-02-26 20:29:39,057] INFO [BrokerLifecycleManager id=10] The broker has been unfenced. Transitioning from RECOVERY to RUNNING. (kafka.server.BrokerLifecycleManager)
<h10>: [2023-02-26 20:29:39,331] INFO [Controller 10] Unfenced broker: UnfenceBrokerRecord(id=13, epoch=14) (org.apache.kafka.controller.ClusterControlManager)
<h10>: [2023-02-26 20:29:39,331] INFO [Controller 10] Unfenced broker: UnfenceBrokerRecord(id=3, epoch=7) (org.apache.kafka.controller.ClusterControlManager)
<h10>: [2023-02-26 20:29:39,331] INFO [Controller 10] Unfenced broker: UnfenceBrokerRecord(id=10, epoch=8) (org.apache.kafka.controller.ClusterControlManager)
<h10>: [2023-02-26 20:29:39,331] INFO [Controller 10] Unfenced broker: UnfenceBrokerRecord(id=12, epoch=4) (org.apache.kafka.controller.ClusterControlManager)
<h10>: [2023-02-26 20:29:39,331] INFO [Controller 10] Unfenced broker: UnfenceBrokerRecord(id=6, epoch=2) (org.apache.kafka.controller.ClusterControlManager)
<h10>: [2023-02-26 20:29:39,503] INFO [Controller 10] Registered new broker: RegisterBrokerRecord(brokerId=15, incarnationId=rimofCmQTV-dFYcy3Xgu1g, brokerEpoch=20, endPoints=[BrokerEndpoint(name='PLAINTEXT', host='10.0.0.15', port=9092, securityProtocol=0)], features=[], rack=null, fenced=true) (org.apache.kafka.controller.ClusterControlManager)
<h10>: [2023-02-26 20:29:39,504] INFO [Controller 10] Registered new broker: RegisterBrokerRecord(brokerId=17, incarnationId=3wYalzwcT9iEiHhlAZ1NlA, brokerEpoch=21, endPoints=[BrokerEndpoint(name='PLAINTEXT', host='10.0.0.17', port=9092, securityProtocol=0)], features=[], rack=null, fenced=true) (org.apache.kafka.controller.ClusterControlManager)
<h10>: [2023-02-26 20:29:39,945] INFO [Controller 10] Registered new broker: RegisterBrokerRecord(brokerId=18, incarnationId=t-_qwTjGR92U33fDvvL8kQ, brokerEpoch=22, endPoints=[BrokerEndpoint(name='PLAINTEXT', host='10.0.0.18', port=9092, securityProtocol=0)], features=[], rack=null, fenced=true) (org.apache.kafka.controller.ClusterControlManager)
<h10>: [2023-02-26 20:29:39,945] INFO [Controller 10] Registered new broker: RegisterBrokerRecord(brokerId=14, incarnationId=r3uoR0x-Tnq2UoG47-pYnA, brokerEpoch=23, endPoints=[BrokerEndpoint(name='PLAINTEXT', host='10.0.0.14', port=9092, securityProtocol=0)], features=[], rack=null, fenced=true) (org.apache.kafka.controller.ClusterControlManager)
<h10>: [2023-02-26 20:29:39,945] INFO [Controller 10] Registered new broker: RegisterBrokerRecord(brokerId=16, incarnationId=hjwCXEURRIaUSK9mevc7GA, brokerEpoch=24, endPoints=[BrokerEndpoint(name='PLAINTEXT', host='10.0.0.16', port=9092, securityProtocol=0)], features=[], rack=null, fenced=true) (org.apache.kafka.controller.ClusterControlManager)
<h10>: [2023-02-26 20:29:40,472] INFO [Controller 10] Registered new broker: RegisterBrokerRecord(brokerId=19, incarnationId=xwO9ZQBTRxqwhQWRK5nRmQ, brokerEpoch=25, endPoints=[BrokerEndpoint(name='PLAINTEXT', host='10.0.0.19', port=9092, securityProtocol=0)], features=[], rack=null, fenced=true) (org.apache.kafka.controller.ClusterControlManager)
<h10>: [2023-02-26 20:29:41,033] INFO [Controller 10] Unfenced broker: UnfenceBrokerRecord(id=19, epoch=25) (org.apache.kafka.controller.ClusterControlManager)
<h10>: [2023-02-26 20:29:41,547] INFO [Controller 10] Unfenced broker: UnfenceBrokerRecord(id=4, epoch=11) (org.apache.kafka.controller.ClusterControlManager)
<h10>: [2023-02-26 20:29:41,547] INFO [Controller 10] Unfenced broker: UnfenceBrokerRecord(id=7, epoch=3) (org.apache.kafka.controller.ClusterControlManager)
<h10>: [2023-02-26 20:29:41,547] INFO [Controller 10] Unfenced broker: UnfenceBrokerRecord(id=2, epoch=5) (org.apache.kafka.controller.ClusterControlManager)
<h10>: [2023-02-26 20:29:41,547] INFO [Controller 10] Unfenced broker: UnfenceBrokerRecord(id=5, epoch=6) (org.apache.kafka.controller.ClusterControlManager)
<h10>: [2023-02-26 20:29:41,547] INFO [Controller 10] Unfenced broker: UnfenceBrokerRecord(id=8, epoch=9) (org.apache.kafka.controller.ClusterControlManager)
<h10>: [2023-02-26 20:29:41,547] INFO [Controller 10] Unfenced broker: UnfenceBrokerRecord(id=11, epoch=12) (org.apache.kafka.controller.ClusterControlManager)
<h10>: [2023-02-26 20:29:41,547] INFO [Controller 10] Unfenced broker: UnfenceBrokerRecord(id=9, epoch=10) (org.apache.kafka.controller.ClusterControlManager)
<h10>: [2023-02-26 20:29:42,311] INFO [Controller 10] Unfenced broker: UnfenceBrokerRecord(id=17, epoch=21) (org.apache.kafka.controller.ClusterControlManager)
<h10>: [2023-02-26 20:29:42,826] INFO [Controller 10] Unfenced broker: UnfenceBrokerRecord(id=14, epoch=23) (org.apache.kafka.controller.ClusterControlManager)
<h10>: [2023-02-26 20:29:42,826] INFO [Controller 10] Unfenced broker: UnfenceBrokerRecord(id=16, epoch=24) (org.apache.kafka.controller.ClusterControlManager)
<h10>: [2023-02-26 20:29:42,826] INFO [Controller 10] Unfenced broker: UnfenceBrokerRecord(id=15, epoch=20) (org.apache.kafka.controller.ClusterControlManager)
<h10>: [2023-02-26 20:29:42,826] INFO [Controller 10] Unfenced broker: UnfenceBrokerRecord(id=18, epoch=22) (org.apache.kafka.controller.ClusterControlManager)
<h10>: [2023-02-26 20:29:51,730] INFO [RaftManager nodeId=10] Vote request VoteRequestData(clusterId='JmL9ihFRQmSabrNWrYSpjg', topics=[TopicData(topicName='__cluster_metadata', partitions=[PartitionData(partitionIndex=0, candidateEpoch=1, candidateId=20, lastOffsetEpoch=0, lastOffset=0)])]) with epoch 1 is rejected (org.apache.kafka.raft.KafkaRaftClient)
<h10>: [2023-02-26 20:29:52,501] INFO [Controller 10] Registered new broker: RegisterBrokerRecord(brokerId=20, incarnationId=dDGA3CuHTBykH0pzUbhwmA, brokerEpoch=39, endPoints=[BrokerEndpoint(name='PLAINTEXT', host='10.0.0.20', port=9092, securityProtocol=0)], features=[], rack=null, fenced=true) (org.apache.kafka.controller.ClusterControlManager)
<h10>: [2023-02-26 20:29:53,445] INFO [Controller 10] Unfenced broker: UnfenceBrokerRecord(id=20, epoch=39) (org.apache.kafka.controller.ClusterControlManager)
<h10>: [2023-02-26 20:29:53,460] INFO [Controller 10] Created topic topic-1 with topic ID dVvmnTbzTJCZyuFN1c_dog. (org.apache.kafka.controller.ReplicationControlManager)
<h10>: [2023-02-26 20:29:53,461] INFO [Controller 10] Created partition topic-1-0 with topic ID dVvmnTbzTJCZyuFN1c_dog and PartitionRegistration(replicas=[14, 15, 16, 17, 18, 19, 20, 1, 2, 3, 4, 5, 6, 7, 8, 9, 10, 11, 12, 13], isr=[14, 15, 16, 17, 18, 19, 20, 1, 2, 3, 4, 5, 6, 7, 8, 9, 10, 11, 12, 13], removingReplicas=[], addingReplicas=[], leader=14, leaderEpoch=0, partitionEpoch=0). (org.apache.kafka.controller.ReplicationControlManager)
<h10>: [2023-02-26 20:29:53,598] INFO [LogLoader partition=topic-1-0, dir=/home/visitor/neves/amnis-data-sync/./kafka-3.1.0/logs/kafka10] Loading producer state till offset 0 with message format version 2 (kafka.log.UnifiedLog$)
<h10>: [2023-02-26 20:29:53,615] INFO Created log for partition topic-1-0 in /home/visitor/neves/amnis-data-sync/./kafka-3.1.0/logs/kafka10/topic-1-0 with properties {} (kafka.log.LogManager)
<h10>: [2023-02-26 20:29:53,621] INFO [Partition topic-1-0 broker=10] No checkpointed highwatermark is found for partition topic-1-0 (kafka.cluster.Partition)
<h10>: [2023-02-26 20:29:53,641] INFO [Partition topic-1-0 broker=10] Log loaded for partition topic-1-0 with initial high watermark 0 (kafka.cluster.Partition)
<h10>: [2023-02-26 20:29:53,647] INFO [ReplicaFetcherManager on broker 10] Removed fetcher for partitions Set(topic-1-0) (kafka.server.ReplicaFetcherManager)
<h10>: [2023-02-26 20:29:53,803] INFO Sent auto-creation request for Set(__consumer_offsets) to the active controller. (kafka.server.DefaultAutoTopicCreationManager)
<h10>: [2023-02-26 20:29:53,896] INFO [ReplicaFetcher replicaId=10, leaderId=14, fetcherId=0] Starting (kafka.server.ReplicaFetcherThread)
<h10>: [2023-02-26 20:29:53,899] INFO [ReplicaFetcherManager on broker 10] Added fetcher to broker 14 for partitions HashMap(topic-1-0 -> InitialFetchState(Some(dVvmnTbzTJCZyuFN1c_dog),BrokerEndPoint(id=14, host=10.0.0.14:9092),0,0)) (kafka.server.ReplicaFetcherManager)
<h10>: [2023-02-26 20:29:53,908] INFO [ReplicaFetcher replicaId=10, leaderId=14, fetcherId=0] Truncating partition topic-1-0 with TruncationState(offset=0, completed=true) due to local high watermark 0 (kafka.server.ReplicaFetcherThread)
<h10>: [2023-02-26 20:29:53,909] INFO [UnifiedLog partition=topic-1-0, dir=/home/visitor/neves/amnis-data-sync/./kafka-3.1.0/logs/kafka10] Truncating to 0 has no effect as the largest offset in the log is -1 (kafka.log.UnifiedLog)
<h10>: [2023-02-26 20:29:53,911] INFO Sent auto-creation request for Set(__consumer_offsets) to the active controller. (kafka.server.DefaultAutoTopicCreationManager)
<h10>: [2023-02-26 20:29:54,241] INFO Sent auto-creation request for Set(__consumer_offsets) to the active controller. (kafka.server.DefaultAutoTopicCreationManager)
<h10>: [2023-02-26 20:29:54,353] INFO Sent auto-creation request for Set(__consumer_offsets) to the active controller. (kafka.server.DefaultAutoTopicCreationManager)
<h10>: [2023-02-26 20:29:54,377] INFO [Controller 10] ConfigResource(type=TOPIC, name='__consumer_offsets'): set configuration compression.type to producer (org.apache.kafka.controller.ConfigurationControlManager)
<h10>: [2023-02-26 20:29:54,377] INFO [Controller 10] ConfigResource(type=TOPIC, name='__consumer_offsets'): set configuration cleanup.policy to compact (org.apache.kafka.controller.ConfigurationControlManager)
<h10>: [2023-02-26 20:29:54,377] INFO [Controller 10] ConfigResource(type=TOPIC, name='__consumer_offsets'): set configuration segment.bytes to 104857600 (org.apache.kafka.controller.ConfigurationControlManager)
<h10>: [2023-02-26 20:29:54,377] INFO [Controller 10] Created topic __consumer_offsets with topic ID gs35a5FWTyyJLPclII7hIA. (org.apache.kafka.controller.ReplicationControlManager)
<h10>: [2023-02-26 20:29:54,377] INFO [Controller 10] Created partition __consumer_offsets-0 with topic ID gs35a5FWTyyJLPclII7hIA and PartitionRegistration(replicas=[4], isr=[4], removingReplicas=[], addingReplicas=[], leader=4, leaderEpoch=0, partitionEpoch=0). (org.apache.kafka.controller.ReplicationControlManager)
<h10>: [2023-02-26 20:29:54,377] INFO [Controller 10] Created partition __consumer_offsets-1 with topic ID gs35a5FWTyyJLPclII7hIA and PartitionRegistration(replicas=[5], isr=[5], removingReplicas=[], addingReplicas=[], leader=5, leaderEpoch=0, partitionEpoch=0). (org.apache.kafka.controller.ReplicationControlManager)
<h10>: [2023-02-26 20:29:54,378] INFO [Controller 10] Created partition __consumer_offsets-2 with topic ID gs35a5FWTyyJLPclII7hIA and PartitionRegistration(replicas=[6], isr=[6], removingReplicas=[], addingReplicas=[], leader=6, leaderEpoch=0, partitionEpoch=0). (org.apache.kafka.controller.ReplicationControlManager)
<h10>: [2023-02-26 20:29:54,378] INFO [Controller 10] Created partition __consumer_offsets-3 with topic ID gs35a5FWTyyJLPclII7hIA and PartitionRegistration(replicas=[7], isr=[7], removingReplicas=[], addingReplicas=[], leader=7, leaderEpoch=0, partitionEpoch=0). (org.apache.kafka.controller.ReplicationControlManager)
<h10>: [2023-02-26 20:29:54,378] INFO [Controller 10] Created partition __consumer_offsets-4 with topic ID gs35a5FWTyyJLPclII7hIA and PartitionRegistration(replicas=[8], isr=[8], removingReplicas=[], addingReplicas=[], leader=8, leaderEpoch=0, partitionEpoch=0). (org.apache.kafka.controller.ReplicationControlManager)
<h10>: [2023-02-26 20:29:54,378] INFO [Controller 10] Created partition __consumer_offsets-5 with topic ID gs35a5FWTyyJLPclII7hIA and PartitionRegistration(replicas=[9], isr=[9], removingReplicas=[], addingReplicas=[], leader=9, leaderEpoch=0, partitionEpoch=0). (org.apache.kafka.controller.ReplicationControlManager)
<h10>: [2023-02-26 20:29:54,378] INFO [Controller 10] Created partition __consumer_offsets-6 with topic ID gs35a5FWTyyJLPclII7hIA and PartitionRegistration(replicas=[10], isr=[10], removingReplicas=[], addingReplicas=[], leader=10, leaderEpoch=0, partitionEpoch=0). (org.apache.kafka.controller.ReplicationControlManager)
<h10>: [2023-02-26 20:29:54,378] INFO [Controller 10] Created partition __consumer_offsets-7 with topic ID gs35a5FWTyyJLPclII7hIA and PartitionRegistration(replicas=[11], isr=[11], removingReplicas=[], addingReplicas=[], leader=11, leaderEpoch=0, partitionEpoch=0). (org.apache.kafka.controller.ReplicationControlManager)
<h10>: [2023-02-26 20:29:54,378] INFO [Controller 10] Created partition __consumer_offsets-8 with topic ID gs35a5FWTyyJLPclII7hIA and PartitionRegistration(replicas=[12], isr=[12], removingReplicas=[], addingReplicas=[], leader=12, leaderEpoch=0, partitionEpoch=0). (org.apache.kafka.controller.ReplicationControlManager)
<h10>: [2023-02-26 20:29:54,378] INFO [Controller 10] Created partition __consumer_offsets-9 with topic ID gs35a5FWTyyJLPclII7hIA and PartitionRegistration(replicas=[13], isr=[13], removingReplicas=[], addingReplicas=[], leader=13, leaderEpoch=0, partitionEpoch=0). (org.apache.kafka.controller.ReplicationControlManager)
<h10>: [2023-02-26 20:29:54,378] INFO [Controller 10] Created partition __consumer_offsets-10 with topic ID gs35a5FWTyyJLPclII7hIA and PartitionRegistration(replicas=[14], isr=[14], removingReplicas=[], addingReplicas=[], leader=14, leaderEpoch=0, partitionEpoch=0). (org.apache.kafka.controller.ReplicationControlManager)
<h10>: [2023-02-26 20:29:54,378] INFO [Controller 10] Created partition __consumer_offsets-11 with topic ID gs35a5FWTyyJLPclII7hIA and PartitionRegistration(replicas=[15], isr=[15], removingReplicas=[], addingReplicas=[], leader=15, leaderEpoch=0, partitionEpoch=0). (org.apache.kafka.controller.ReplicationControlManager)
<h10>: [2023-02-26 20:29:54,378] INFO [Controller 10] Created partition __consumer_offsets-12 with topic ID gs35a5FWTyyJLPclII7hIA and PartitionRegistration(replicas=[16], isr=[16], removingReplicas=[], addingReplicas=[], leader=16, leaderEpoch=0, partitionEpoch=0). (org.apache.kafka.controller.ReplicationControlManager)
<h10>: [2023-02-26 20:29:54,378] INFO [Controller 10] Created partition __consumer_offsets-13 with topic ID gs35a5FWTyyJLPclII7hIA and PartitionRegistration(replicas=[17], isr=[17], removingReplicas=[], addingReplicas=[], leader=17, leaderEpoch=0, partitionEpoch=0). (org.apache.kafka.controller.ReplicationControlManager)
<h10>: [2023-02-26 20:29:54,378] INFO [Controller 10] Created partition __consumer_offsets-14 with topic ID gs35a5FWTyyJLPclII7hIA and PartitionRegistration(replicas=[18], isr=[18], removingReplicas=[], addingReplicas=[], leader=18, leaderEpoch=0, partitionEpoch=0). (org.apache.kafka.controller.ReplicationControlManager)
<h10>: [2023-02-26 20:29:54,379] INFO [Controller 10] Created partition __consumer_offsets-15 with topic ID gs35a5FWTyyJLPclII7hIA and PartitionRegistration(replicas=[19], isr=[19], removingReplicas=[], addingReplicas=[], leader=19, leaderEpoch=0, partitionEpoch=0). (org.apache.kafka.controller.ReplicationControlManager)
<h10>: [2023-02-26 20:29:54,379] INFO [Controller 10] Created partition __consumer_offsets-16 with topic ID gs35a5FWTyyJLPclII7hIA and PartitionRegistration(replicas=[20], isr=[20], removingReplicas=[], addingReplicas=[], leader=20, leaderEpoch=0, partitionEpoch=0). (org.apache.kafka.controller.ReplicationControlManager)
<h10>: [2023-02-26 20:29:54,379] INFO [Controller 10] Created partition __consumer_offsets-17 with topic ID gs35a5FWTyyJLPclII7hIA and PartitionRegistration(replicas=[1], isr=[1], removingReplicas=[], addingReplicas=[], leader=1, leaderEpoch=0, partitionEpoch=0). (org.apache.kafka.controller.ReplicationControlManager)
<h10>: [2023-02-26 20:29:54,379] INFO [Controller 10] Created partition __consumer_offsets-18 with topic ID gs35a5FWTyyJLPclII7hIA and PartitionRegistration(replicas=[2], isr=[2], removingReplicas=[], addingReplicas=[], leader=2, leaderEpoch=0, partitionEpoch=0). (org.apache.kafka.controller.ReplicationControlManager)
<h10>: [2023-02-26 20:29:54,379] INFO [Controller 10] Created partition __consumer_offsets-19 with topic ID gs35a5FWTyyJLPclII7hIA and PartitionRegistration(replicas=[3], isr=[3], removingReplicas=[], addingReplicas=[], leader=3, leaderEpoch=0, partitionEpoch=0). (org.apache.kafka.controller.ReplicationControlManager)
<h10>: [2023-02-26 20:29:54,379] INFO [Controller 10] Created partition __consumer_offsets-20 with topic ID gs35a5FWTyyJLPclII7hIA and PartitionRegistration(replicas=[7], isr=[7], removingReplicas=[], addingReplicas=[], leader=7, leaderEpoch=0, partitionEpoch=0). (org.apache.kafka.controller.ReplicationControlManager)
<h10>: [2023-02-26 20:29:54,379] INFO [Controller 10] Created partition __consumer_offsets-21 with topic ID gs35a5FWTyyJLPclII7hIA and PartitionRegistration(replicas=[10], isr=[10], removingReplicas=[], addingReplicas=[], leader=10, leaderEpoch=0, partitionEpoch=0). (org.apache.kafka.controller.ReplicationControlManager)
<h10>: [2023-02-26 20:29:54,379] INFO [Controller 10] Created partition __consumer_offsets-22 with topic ID gs35a5FWTyyJLPclII7hIA and PartitionRegistration(replicas=[20], isr=[20], removingReplicas=[], addingReplicas=[], leader=20, leaderEpoch=0, partitionEpoch=0). (org.apache.kafka.controller.ReplicationControlManager)
<h10>: [2023-02-26 20:29:54,379] INFO [Controller 10] Created partition __consumer_offsets-23 with topic ID gs35a5FWTyyJLPclII7hIA and PartitionRegistration(replicas=[1], isr=[1], removingReplicas=[], addingReplicas=[], leader=1, leaderEpoch=0, partitionEpoch=0). (org.apache.kafka.controller.ReplicationControlManager)
<h10>: [2023-02-26 20:29:54,384] INFO [Controller 10] Created partition __consumer_offsets-24 with topic ID gs35a5FWTyyJLPclII7hIA and PartitionRegistration(replicas=[4], isr=[4], removingReplicas=[], addingReplicas=[], leader=4, leaderEpoch=0, partitionEpoch=0). (org.apache.kafka.controller.ReplicationControlManager)
<h10>: [2023-02-26 20:29:54,384] INFO [Controller 10] Created partition __consumer_offsets-25 with topic ID gs35a5FWTyyJLPclII7hIA and PartitionRegistration(replicas=[9], isr=[9], removingReplicas=[], addingReplicas=[], leader=9, leaderEpoch=0, partitionEpoch=0). (org.apache.kafka.controller.ReplicationControlManager)
<h10>: [2023-02-26 20:29:54,385] INFO [Controller 10] Created partition __consumer_offsets-26 with topic ID gs35a5FWTyyJLPclII7hIA and PartitionRegistration(replicas=[18], isr=[18], removingReplicas=[], addingReplicas=[], leader=18, leaderEpoch=0, partitionEpoch=0). (org.apache.kafka.controller.ReplicationControlManager)
<h10>: [2023-02-26 20:29:54,385] INFO [Controller 10] Created partition __consumer_offsets-27 with topic ID gs35a5FWTyyJLPclII7hIA and PartitionRegistration(replicas=[16], isr=[16], removingReplicas=[], addingReplicas=[], leader=16, leaderEpoch=0, partitionEpoch=0). (org.apache.kafka.controller.ReplicationControlManager)
<h10>: [2023-02-26 20:29:54,385] INFO [Controller 10] Created partition __consumer_offsets-28 with topic ID gs35a5FWTyyJLPclII7hIA and PartitionRegistration(replicas=[6], isr=[6], removingReplicas=[], addingReplicas=[], leader=6, leaderEpoch=0, partitionEpoch=0). (org.apache.kafka.controller.ReplicationControlManager)
<h10>: [2023-02-26 20:29:54,385] INFO [Controller 10] Created partition __consumer_offsets-29 with topic ID gs35a5FWTyyJLPclII7hIA and PartitionRegistration(replicas=[12], isr=[12], removingReplicas=[], addingReplicas=[], leader=12, leaderEpoch=0, partitionEpoch=0). (org.apache.kafka.controller.ReplicationControlManager)
<h10>: [2023-02-26 20:29:54,385] INFO [Controller 10] Created partition __consumer_offsets-30 with topic ID gs35a5FWTyyJLPclII7hIA and PartitionRegistration(replicas=[14], isr=[14], removingReplicas=[], addingReplicas=[], leader=14, leaderEpoch=0, partitionEpoch=0). (org.apache.kafka.controller.ReplicationControlManager)
<h10>: [2023-02-26 20:29:54,385] INFO [Controller 10] Created partition __consumer_offsets-31 with topic ID gs35a5FWTyyJLPclII7hIA and PartitionRegistration(replicas=[8], isr=[8], removingReplicas=[], addingReplicas=[], leader=8, leaderEpoch=0, partitionEpoch=0). (org.apache.kafka.controller.ReplicationControlManager)
<h10>: [2023-02-26 20:29:54,385] INFO [Controller 10] Created partition __consumer_offsets-32 with topic ID gs35a5FWTyyJLPclII7hIA and PartitionRegistration(replicas=[5], isr=[5], removingReplicas=[], addingReplicas=[], leader=5, leaderEpoch=0, partitionEpoch=0). (org.apache.kafka.controller.ReplicationControlManager)
<h10>: [2023-02-26 20:29:54,385] INFO [Controller 10] Created partition __consumer_offsets-33 with topic ID gs35a5FWTyyJLPclII7hIA and PartitionRegistration(replicas=[19], isr=[19], removingReplicas=[], addingReplicas=[], leader=19, leaderEpoch=0, partitionEpoch=0). (org.apache.kafka.controller.ReplicationControlManager)
<h10>: [2023-02-26 20:29:54,385] INFO [Controller 10] Created partition __consumer_offsets-34 with topic ID gs35a5FWTyyJLPclII7hIA and PartitionRegistration(replicas=[17], isr=[17], removingReplicas=[], addingReplicas=[], leader=17, leaderEpoch=0, partitionEpoch=0). (org.apache.kafka.controller.ReplicationControlManager)
<h10>: [2023-02-26 20:29:54,385] INFO [Controller 10] Created partition __consumer_offsets-35 with topic ID gs35a5FWTyyJLPclII7hIA and PartitionRegistration(replicas=[11], isr=[11], removingReplicas=[], addingReplicas=[], leader=11, leaderEpoch=0, partitionEpoch=0). (org.apache.kafka.controller.ReplicationControlManager)
<h10>: [2023-02-26 20:29:54,385] INFO [Controller 10] Created partition __consumer_offsets-36 with topic ID gs35a5FWTyyJLPclII7hIA and PartitionRegistration(replicas=[3], isr=[3], removingReplicas=[], addingReplicas=[], leader=3, leaderEpoch=0, partitionEpoch=0). (org.apache.kafka.controller.ReplicationControlManager)
<h10>: [2023-02-26 20:29:54,385] INFO [Controller 10] Created partition __consumer_offsets-37 with topic ID gs35a5FWTyyJLPclII7hIA and PartitionRegistration(replicas=[2], isr=[2], removingReplicas=[], addingReplicas=[], leader=2, leaderEpoch=0, partitionEpoch=0). (org.apache.kafka.controller.ReplicationControlManager)
<h10>: [2023-02-26 20:29:54,386] INFO [Controller 10] Created partition __consumer_offsets-38 with topic ID gs35a5FWTyyJLPclII7hIA and PartitionRegistration(replicas=[15], isr=[15], removingReplicas=[], addingReplicas=[], leader=15, leaderEpoch=0, partitionEpoch=0). (org.apache.kafka.controller.ReplicationControlManager)
<h10>: [2023-02-26 20:29:54,386] INFO [Controller 10] Created partition __consumer_offsets-39 with topic ID gs35a5FWTyyJLPclII7hIA and PartitionRegistration(replicas=[13], isr=[13], removingReplicas=[], addingReplicas=[], leader=13, leaderEpoch=0, partitionEpoch=0). (org.apache.kafka.controller.ReplicationControlManager)
<h10>: [2023-02-26 20:29:54,386] INFO [Controller 10] Created partition __consumer_offsets-40 with topic ID gs35a5FWTyyJLPclII7hIA and PartitionRegistration(replicas=[13], isr=[13], removingReplicas=[], addingReplicas=[], leader=13, leaderEpoch=0, partitionEpoch=0). (org.apache.kafka.controller.ReplicationControlManager)
<h10>: [2023-02-26 20:29:54,386] INFO [Controller 10] Created partition __consumer_offsets-41 with topic ID gs35a5FWTyyJLPclII7hIA and PartitionRegistration(replicas=[8], isr=[8], removingReplicas=[], addingReplicas=[], leader=8, leaderEpoch=0, partitionEpoch=0). (org.apache.kafka.controller.ReplicationControlManager)
<h10>: [2023-02-26 20:29:54,386] INFO [Controller 10] Created partition __consumer_offsets-42 with topic ID gs35a5FWTyyJLPclII7hIA and PartitionRegistration(replicas=[12], isr=[12], removingReplicas=[], addingReplicas=[], leader=12, leaderEpoch=0, partitionEpoch=0). (org.apache.kafka.controller.ReplicationControlManager)
<h10>: [2023-02-26 20:29:54,386] INFO [Controller 10] Created partition __consumer_offsets-43 with topic ID gs35a5FWTyyJLPclII7hIA and PartitionRegistration(replicas=[6], isr=[6], removingReplicas=[], addingReplicas=[], leader=6, leaderEpoch=0, partitionEpoch=0). (org.apache.kafka.controller.ReplicationControlManager)
<h10>: [2023-02-26 20:29:54,386] INFO [Controller 10] Created partition __consumer_offsets-44 with topic ID gs35a5FWTyyJLPclII7hIA and PartitionRegistration(replicas=[10], isr=[10], removingReplicas=[], addingReplicas=[], leader=10, leaderEpoch=0, partitionEpoch=0). (org.apache.kafka.controller.ReplicationControlManager)
<h10>: [2023-02-26 20:29:54,386] INFO [Controller 10] Created partition __consumer_offsets-45 with topic ID gs35a5FWTyyJLPclII7hIA and PartitionRegistration(replicas=[3], isr=[3], removingReplicas=[], addingReplicas=[], leader=3, leaderEpoch=0, partitionEpoch=0). (org.apache.kafka.controller.ReplicationControlManager)
<h10>: [2023-02-26 20:29:54,386] INFO [Controller 10] Created partition __consumer_offsets-46 with topic ID gs35a5FWTyyJLPclII7hIA and PartitionRegistration(replicas=[17], isr=[17], removingReplicas=[], addingReplicas=[], leader=17, leaderEpoch=0, partitionEpoch=0). (org.apache.kafka.controller.ReplicationControlManager)
<h10>: [2023-02-26 20:29:54,386] INFO [Controller 10] Created partition __consumer_offsets-47 with topic ID gs35a5FWTyyJLPclII7hIA and PartitionRegistration(replicas=[7], isr=[7], removingReplicas=[], addingReplicas=[], leader=7, leaderEpoch=0, partitionEpoch=0). (org.apache.kafka.controller.ReplicationControlManager)
<h10>: [2023-02-26 20:29:54,386] INFO [Controller 10] Created partition __consumer_offsets-48 with topic ID gs35a5FWTyyJLPclII7hIA and PartitionRegistration(replicas=[11], isr=[11], removingReplicas=[], addingReplicas=[], leader=11, leaderEpoch=0, partitionEpoch=0). (org.apache.kafka.controller.ReplicationControlManager)
<h10>: [2023-02-26 20:29:54,386] INFO [Controller 10] Created partition __consumer_offsets-49 with topic ID gs35a5FWTyyJLPclII7hIA and PartitionRegistration(replicas=[1], isr=[1], removingReplicas=[], addingReplicas=[], leader=1, leaderEpoch=0, partitionEpoch=0). (org.apache.kafka.controller.ReplicationControlManager)
<h10>: [2023-02-26 20:29:54,421] INFO [ReplicaFetcherManager on broker 10] Removed fetcher for partitions Set(__consumer_offsets-21, __consumer_offsets-6, __consumer_offsets-44) (kafka.server.ReplicaFetcherManager)
<h10>: [2023-02-26 20:29:54,555] INFO [LogLoader partition=__consumer_offsets-21, dir=/home/visitor/neves/amnis-data-sync/./kafka-3.1.0/logs/kafka10] Loading producer state till offset 0 with message format version 2 (kafka.log.UnifiedLog$)
<h10>: [2023-02-26 20:29:54,556] INFO Created log for partition __consumer_offsets-21 in /home/visitor/neves/amnis-data-sync/./kafka-3.1.0/logs/kafka10/__consumer_offsets-21 with properties {cleanup.policy=compact, compression.type="producer", segment.bytes=104857600} (kafka.log.LogManager)
<h10>: [2023-02-26 20:29:54,556] INFO [Partition __consumer_offsets-21 broker=10] No checkpointed highwatermark is found for partition __consumer_offsets-21 (kafka.cluster.Partition)
<h10>: [2023-02-26 20:29:54,556] INFO [Partition __consumer_offsets-21 broker=10] Log loaded for partition __consumer_offsets-21 with initial high watermark 0 (kafka.cluster.Partition)
<h10>: [2023-02-26 20:29:54,802] INFO [LogLoader partition=__consumer_offsets-6, dir=/home/visitor/neves/amnis-data-sync/./kafka-3.1.0/logs/kafka10] Loading producer state till offset 0 with message format version 2 (kafka.log.UnifiedLog$)
<h10>: [2023-02-26 20:29:54,805] INFO Created log for partition __consumer_offsets-6 in /home/visitor/neves/amnis-data-sync/./kafka-3.1.0/logs/kafka10/__consumer_offsets-6 with properties {cleanup.policy=compact, compression.type="producer", segment.bytes=104857600} (kafka.log.LogManager)
<h10>: [2023-02-26 20:29:54,805] INFO [Partition __consumer_offsets-6 broker=10] No checkpointed highwatermark is found for partition __consumer_offsets-6 (kafka.cluster.Partition)
<h10>: [2023-02-26 20:29:54,805] INFO [Partition __consumer_offsets-6 broker=10] Log loaded for partition __consumer_offsets-6 with initial high watermark 0 (kafka.cluster.Partition)
<h10>: [2023-02-26 20:29:55,044] INFO [LogLoader partition=__consumer_offsets-44, dir=/home/visitor/neves/amnis-data-sync/./kafka-3.1.0/logs/kafka10] Loading producer state till offset 0 with message format version 2 (kafka.log.UnifiedLog$)
<h10>: [2023-02-26 20:29:55,045] INFO Created log for partition __consumer_offsets-44 in /home/visitor/neves/amnis-data-sync/./kafka-3.1.0/logs/kafka10/__consumer_offsets-44 with properties {cleanup.policy=compact, compression.type="producer", segment.bytes=104857600} (kafka.log.LogManager)
<h10>: [2023-02-26 20:29:55,046] INFO [Partition __consumer_offsets-44 broker=10] No checkpointed highwatermark is found for partition __consumer_offsets-44 (kafka.cluster.Partition)
<h10>: [2023-02-26 20:29:55,046] INFO [Partition __consumer_offsets-44 broker=10] Log loaded for partition __consumer_offsets-44 with initial high watermark 0 (kafka.cluster.Partition)
<h10>: [2023-02-26 20:29:55,168] INFO [GroupCoordinator 10]: Elected as the group coordinator for partition 44 in epoch 0 (kafka.coordinator.group.GroupCoordinator)
<h10>: [2023-02-26 20:29:55,169] INFO [GroupMetadataManager brokerId=10] Scheduling loading of offsets and group metadata from __consumer_offsets-44 for epoch 0 (kafka.coordinator.group.GroupMetadataManager)
<h10>: [2023-02-26 20:29:55,171] INFO [GroupCoordinator 10]: Elected as the group coordinator for partition 21 in epoch 0 (kafka.coordinator.group.GroupCoordinator)
<h10>: [2023-02-26 20:29:55,171] INFO [GroupMetadataManager brokerId=10] Scheduling loading of offsets and group metadata from __consumer_offsets-21 for epoch 0 (kafka.coordinator.group.GroupMetadataManager)
<h10>: [2023-02-26 20:29:55,171] INFO [GroupCoordinator 10]: Elected as the group coordinator for partition 6 in epoch 0 (kafka.coordinator.group.GroupCoordinator)
<h10>: [2023-02-26 20:29:55,171] INFO [GroupMetadataManager brokerId=10] Scheduling loading of offsets and group metadata from __consumer_offsets-6 for epoch 0 (kafka.coordinator.group.GroupMetadataManager)
<h10>: [2023-02-26 20:29:55,185] INFO [GroupMetadataManager brokerId=10] Finished loading offsets and group metadata from __consumer_offsets-44 in 14 milliseconds for epoch 0, of which 6 milliseconds was spent in the scheduler. (kafka.coordinator.group.GroupMetadataManager)
<h10>: [2023-02-26 20:29:55,186] INFO [GroupMetadataManager brokerId=10] Finished loading offsets and group metadata from __consumer_offsets-21 in 15 milliseconds for epoch 0, of which 14 milliseconds was spent in the scheduler. (kafka.coordinator.group.GroupMetadataManager)
<h10>: [2023-02-26 20:29:55,186] INFO [GroupMetadataManager brokerId=10] Finished loading offsets and group metadata from __consumer_offsets-6 in 15 milliseconds for epoch 0, of which 15 milliseconds was spent in the scheduler. (kafka.coordinator.group.GroupMetadataManager)
<h10>: [2023-02-26 20:29:55,250] INFO [GroupCoordinator 10]: Dynamic Member with unknown member id joins group group-20 in Empty state. Created a new member id kafka-python-2.0.2-8b352abf-6904-48f0-8542-d2110af85600 for this member and add to the group. (kafka.coordinator.group.GroupCoordinator)
<h10>: [2023-02-26 20:29:55,250] INFO [GroupCoordinator 10]: Dynamic Member with unknown member id joins group group-8 in Empty state. Created a new member id kafka-python-2.0.2-da40e475-ba07-4cf4-8905-5ac1ca92b0e0 for this member and add to the group. (kafka.coordinator.group.GroupCoordinator)
<h10>: [2023-02-26 20:29:55,261] INFO [GroupCoordinator 10]: Preparing to rebalance group group-20 in state PreparingRebalance with old generation 0 (__consumer_offsets-6) (reason: Adding new member kafka-python-2.0.2-8b352abf-6904-48f0-8542-d2110af85600 with group instance id None) (kafka.coordinator.group.GroupCoordinator)
<h10>: [2023-02-26 20:29:55,261] INFO [GroupCoordinator 10]: Preparing to rebalance group group-8 in state PreparingRebalance with old generation 0 (__consumer_offsets-6) (reason: Adding new member kafka-python-2.0.2-da40e475-ba07-4cf4-8905-5ac1ca92b0e0 with group instance id None) (kafka.coordinator.group.GroupCoordinator)
<h10>: [2023-02-26 20:29:58,273] INFO [GroupCoordinator 10]: Stabilized group group-20 generation 1 (__consumer_offsets-6) with 1 members (kafka.coordinator.group.GroupCoordinator)
<h10>: [2023-02-26 20:29:58,279] INFO [GroupCoordinator 10]: Stabilized group group-8 generation 1 (__consumer_offsets-6) with 1 members (kafka.coordinator.group.GroupCoordinator)
<h10>: [2023-02-26 20:29:58,295] INFO [GroupCoordinator 10]: Assignment received from leader kafka-python-2.0.2-8b352abf-6904-48f0-8542-d2110af85600 for group group-20 for generation 1. The group has 1 members, 0 of which are static. (kafka.coordinator.group.GroupCoordinator)
<h10>: [2023-02-26 20:29:58,300] INFO [GroupCoordinator 10]: Assignment received from leader kafka-python-2.0.2-da40e475-ba07-4cf4-8905-5ac1ca92b0e0 for group group-8 for generation 1. The group has 1 members, 0 of which are static. (kafka.coordinator.group.GroupCoordinator)
<h10>: [2023-02-26 20:31:59,123] INFO Sent auto-creation request for Set(topic-0) to the active controller. (kafka.server.DefaultAutoTopicCreationManager)
<h10>: [2023-02-26 20:31:59,452] INFO Sent auto-creation request for Set(topic-0) to the active controller. (kafka.server.DefaultAutoTopicCreationManager)
<h10>: [2023-02-26 20:31:59,544] INFO Sent auto-creation request for Set(topic-0) to the active controller. (kafka.server.DefaultAutoTopicCreationManager)
<h10>: [2023-02-26 20:31:59,562] INFO Sent auto-creation request for Set(topic-0) to the active controller. (kafka.server.DefaultAutoTopicCreationManager)
<h10>: [2023-02-26 20:31:59,656] INFO Sent auto-creation request for Set(topic-0) to the active controller. (kafka.server.DefaultAutoTopicCreationManager)
<h10>: [2023-02-26 20:31:59,672] INFO Sent auto-creation request for Set(topic-0) to the active controller. (kafka.server.DefaultAutoTopicCreationManager)
<h10>: [2023-02-26 20:31:59,768] INFO Sent auto-creation request for Set(topic-0) to the active controller. (kafka.server.DefaultAutoTopicCreationManager)
<h10>: [2023-02-26 20:31:59,781] INFO Sent auto-creation request for Set(topic-0) to the active controller. (kafka.server.DefaultAutoTopicCreationManager)
<h10>: [2023-02-26 20:31:59,882] INFO Sent auto-creation request for Set(topic-0) to the active controller. (kafka.server.DefaultAutoTopicCreationManager)
<h10>: [2023-02-26 20:31:59,892] INFO Sent auto-creation request for Set(topic-0) to the active controller. (kafka.server.DefaultAutoTopicCreationManager)
<h10>: [2023-02-26 20:31:59,941] INFO [Controller 10] Created topic topic-0 with topic ID pdlBKgLLRDWnsdzKZEnY7A. (org.apache.kafka.controller.ReplicationControlManager)
<h10>: [2023-02-26 20:31:59,941] INFO [Controller 10] Created partition topic-0-0 with topic ID pdlBKgLLRDWnsdzKZEnY7A and PartitionRegistration(replicas=[7], isr=[7], removingReplicas=[], addingReplicas=[], leader=7, leaderEpoch=0, partitionEpoch=0). (org.apache.kafka.controller.ReplicationControlManager)
<h10>: [2023-02-26 20:34:58,441] INFO [GroupCoordinator 10]: Preparing to rebalance group group-20 in state PreparingRebalance with old generation 1 (__consumer_offsets-6) (reason: Leader kafka-python-2.0.2-8b352abf-6904-48f0-8542-d2110af85600 re-joining group during Stable) (kafka.coordinator.group.GroupCoordinator)
<h10>: [2023-02-26 20:34:58,442] INFO [GroupCoordinator 10]: Stabilized group group-20 generation 2 (__consumer_offsets-6) with 1 members (kafka.coordinator.group.GroupCoordinator)
<h10>: [2023-02-26 20:34:58,446] INFO [GroupCoordinator 10]: Preparing to rebalance group group-8 in state PreparingRebalance with old generation 1 (__consumer_offsets-6) (reason: Leader kafka-python-2.0.2-da40e475-ba07-4cf4-8905-5ac1ca92b0e0 re-joining group during Stable) (kafka.coordinator.group.GroupCoordinator)
<h10>: [2023-02-26 20:34:58,446] INFO [GroupCoordinator 10]: Stabilized group group-8 generation 2 (__consumer_offsets-6) with 1 members (kafka.coordinator.group.GroupCoordinator)
<h10>: [2023-02-26 20:34:58,452] INFO [GroupCoordinator 10]: Assignment received from leader kafka-python-2.0.2-8b352abf-6904-48f0-8542-d2110af85600 for group group-20 for generation 2. The group has 1 members, 0 of which are static. (kafka.coordinator.group.GroupCoordinator)
<h10>: [2023-02-26 20:34:58,461] INFO [GroupCoordinator 10]: Assignment received from leader kafka-python-2.0.2-da40e475-ba07-4cf4-8905-5ac1ca92b0e0 for group group-8 for generation 2. The group has 1 members, 0 of which are static. (kafka.coordinator.group.GroupCoordinator)
<h10>: [2023-02-26 20:37:13,139] INFO [RaftManager nodeId=10] Node 1 disconnected. (org.apache.kafka.clients.NetworkClient)
<h10>: [2023-02-26 20:37:13,146] INFO [RaftManager nodeId=10] Cancelled in-flight FETCH request with correlation id 914 due to node 1 being disconnected (elapsed time since creation: 303ms, elapsed time since send: 303ms, request timeout: 120000ms) (org.apache.kafka.clients.NetworkClient)
<h10>: [2023-02-26 20:37:13,141] INFO [BrokerToControllerChannelManager broker=10 name=forwarding] Node 1 disconnected. (org.apache.kafka.clients.NetworkClient)
<h10>: [2023-02-26 20:37:13,143] INFO [BrokerToControllerChannelManager broker=10 name=heartbeat] Node 1 disconnected. (org.apache.kafka.clients.NetworkClient)
<h10>: [2023-02-26 20:37:13,210] INFO [RaftManager nodeId=10] Node 1 disconnected. (org.apache.kafka.clients.NetworkClient)
<h10>: [2023-02-26 20:37:13,211] WARN [RaftManager nodeId=10] Connection to node 1 (/10.0.0.1:19092) could not be established. Broker may not be available. (org.apache.kafka.clients.NetworkClient)
<h10>: [2023-02-26 20:37:13,339] INFO [RaftManager nodeId=10] Node 1 disconnected. (org.apache.kafka.clients.NetworkClient)
<h10>: [2023-02-26 20:37:13,339] WARN [RaftManager nodeId=10] Connection to node 1 (/10.0.0.1:19092) could not be established. Broker may not be available. (org.apache.kafka.clients.NetworkClient)
