<h12>: [2023-02-26 20:29:30,486] INFO Registered kafka:type=kafka.Log4jController MBean (kafka.utils.Log4jControllerRegistration$)
<h12>: [2023-02-26 20:29:30,818] INFO Setting -D jdk.tls.rejectClientInitiatedRenegotiation=true to disable client-initiated TLS renegotiation (org.apache.zookeeper.common.X509Util)
<h12>: [2023-02-26 20:29:31,075] INFO [LogLoader partition=__cluster_metadata-0, dir=/home/visitor/neves/amnis-data-sync/./kafka-3.1.0/logs/kafka12] Loading producer state till offset 0 with message format version 2 (kafka.log.UnifiedLog$)
<h12>: [2023-02-26 20:29:31,076] INFO [LogLoader partition=__cluster_metadata-0, dir=/home/visitor/neves/amnis-data-sync/./kafka-3.1.0/logs/kafka12] Reloading from producer snapshot and rebuilding producer state from offset 0 (kafka.log.UnifiedLog$)
<h12>: [2023-02-26 20:29:31,077] INFO [LogLoader partition=__cluster_metadata-0, dir=/home/visitor/neves/amnis-data-sync/./kafka-3.1.0/logs/kafka12] Producer state recovery took 1ms for snapshot load and 0ms for segment recovery from offset 0 (kafka.log.UnifiedLog$)
<h12>: [2023-02-26 20:29:31,180] INFO [raft-expiration-reaper]: Starting (kafka.raft.TimingWheelExpirationService$ExpiredOperationReaper)
<h12>: [2023-02-26 20:29:31,432] INFO [RaftManager nodeId=12] Completed transition to Unattached(epoch=0, voters=[1, 2, 3, 4, 5, 6, 7, 8, 9, 10, 11, 12, 13, 14, 15, 16, 17, 18, 19, 20], electionTimeoutMs=10145) (org.apache.kafka.raft.QuorumState)
<h12>: [2023-02-26 20:29:31,461] INFO Registered signal handlers for TERM, INT, HUP (org.apache.kafka.common.utils.LoggingSignalHandler)
<h12>: [2023-02-26 20:29:31,467] INFO [kafka-raft-outbound-request-thread]: Starting (kafka.raft.RaftSendThread)
<h12>: [2023-02-26 20:29:31,467] INFO [kafka-raft-io-thread]: Starting (kafka.raft.KafkaRaftManager$RaftIoThread)
<h12>: [2023-02-26 20:29:31,469] INFO Starting controller (kafka.server.ControllerServer)
<h12>: [2023-02-26 20:29:31,846] INFO Updated connection-accept-rate max connection creation rate to 2147483647 (kafka.network.ConnectionQuotas)
<h12>: [2023-02-26 20:29:31,855] INFO Awaiting socket connections on 10.0.0.12:19103. (kafka.network.Acceptor)
<h12>: [2023-02-26 20:29:31,892] INFO [SocketServer listenerType=CONTROLLER, nodeId=12] Created data-plane acceptor and processors for endpoint : ListenerName(CONTROLLER) (kafka.network.SocketServer)
<h12>: [2023-02-26 20:29:31,921] INFO [RaftManager nodeId=12] Registered the listener org.apache.kafka.controller.QuorumController$QuorumMetaLogListener@1139477960 (org.apache.kafka.raft.KafkaRaftClient)
<h12>: [2023-02-26 20:29:31,932] INFO [ThrottledChannelReaper-Fetch]: Starting (kafka.server.ClientQuotaManager$ThrottledChannelReaper)
<h12>: [2023-02-26 20:29:31,933] INFO [ThrottledChannelReaper-Produce]: Starting (kafka.server.ClientQuotaManager$ThrottledChannelReaper)
<h12>: [2023-02-26 20:29:31,936] INFO [ThrottledChannelReaper-Request]: Starting (kafka.server.ClientQuotaManager$ThrottledChannelReaper)
<h12>: [2023-02-26 20:29:31,940] INFO [ThrottledChannelReaper-ControllerMutation]: Starting (kafka.server.ClientQuotaManager$ThrottledChannelReaper)
<h12>: [2023-02-26 20:29:31,963] INFO [ExpirationReaper-12-AlterAcls]: Starting (kafka.server.DelayedOperationPurgatory$ExpiredOperationReaper)
<h12>: [2023-02-26 20:29:31,969] INFO [SocketServer listenerType=CONTROLLER, nodeId=12] Starting socket server acceptors and processors (kafka.network.SocketServer)
<h12>: [2023-02-26 20:29:31,980] INFO [SocketServer listenerType=CONTROLLER, nodeId=12] Started data-plane acceptor and processor(s) for endpoint : ListenerName(CONTROLLER) (kafka.network.SocketServer)
<h12>: [2023-02-26 20:29:31,980] INFO [SocketServer listenerType=CONTROLLER, nodeId=12] Started socket server acceptors and processors (kafka.network.SocketServer)
<h12>: [2023-02-26 20:29:31,981] INFO [BrokerServer id=12] Transition from SHUTDOWN to STARTING (kafka.server.BrokerServer)
<h12>: [2023-02-26 20:29:31,982] INFO [BrokerServer id=12] Starting broker (kafka.server.BrokerServer)
<h12>: [2023-02-26 20:29:32,004] INFO [ThrottledChannelReaper-Fetch]: Starting (kafka.server.ClientQuotaManager$ThrottledChannelReaper)
<h12>: [2023-02-26 20:29:32,005] INFO [ThrottledChannelReaper-Produce]: Starting (kafka.server.ClientQuotaManager$ThrottledChannelReaper)
<h12>: [2023-02-26 20:29:32,005] INFO [ThrottledChannelReaper-Request]: Starting (kafka.server.ClientQuotaManager$ThrottledChannelReaper)
<h12>: [2023-02-26 20:29:32,006] INFO [ThrottledChannelReaper-ControllerMutation]: Starting (kafka.server.ClientQuotaManager$ThrottledChannelReaper)
<h12>: [2023-02-26 20:29:32,051] INFO [BrokerToControllerChannelManager broker=12 name=forwarding]: Starting (kafka.server.BrokerToControllerRequestThread)
<h12>: [2023-02-26 20:29:32,101] INFO Updated connection-accept-rate max connection creation rate to 2147483647 (kafka.network.ConnectionQuotas)
<h12>: [2023-02-26 20:29:32,101] INFO Awaiting socket connections on 0.0.0.0:9092. (kafka.network.Acceptor)
<h12>: [2023-02-26 20:29:32,110] INFO [SocketServer listenerType=BROKER, nodeId=12] Created data-plane acceptor and processors for endpoint : ListenerName(PLAINTEXT) (kafka.network.SocketServer)
<h12>: [2023-02-26 20:29:32,129] INFO [BrokerToControllerChannelManager broker=12 name=alterIsr]: Starting (kafka.server.BrokerToControllerRequestThread)
<h12>: [2023-02-26 20:29:32,147] INFO [ExpirationReaper-12-Produce]: Starting (kafka.server.DelayedOperationPurgatory$ExpiredOperationReaper)
<h12>: [2023-02-26 20:29:32,157] INFO [ExpirationReaper-12-Fetch]: Starting (kafka.server.DelayedOperationPurgatory$ExpiredOperationReaper)
<h12>: [2023-02-26 20:29:32,162] INFO [ExpirationReaper-12-DeleteRecords]: Starting (kafka.server.DelayedOperationPurgatory$ExpiredOperationReaper)
<h12>: [2023-02-26 20:29:32,164] INFO [ExpirationReaper-12-ElectLeader]: Starting (kafka.server.DelayedOperationPurgatory$ExpiredOperationReaper)
<h12>: [2023-02-26 20:29:32,185] INFO [ExpirationReaper-12-Heartbeat]: Starting (kafka.server.DelayedOperationPurgatory$ExpiredOperationReaper)
<h12>: [2023-02-26 20:29:32,186] INFO [ExpirationReaper-12-Rebalance]: Starting (kafka.server.DelayedOperationPurgatory$ExpiredOperationReaper)
<h12>: [2023-02-26 20:29:32,249] INFO [RaftManager nodeId=12] Registered the listener kafka.server.metadata.BrokerMetadataListener@872171250 (org.apache.kafka.raft.KafkaRaftClient)
<h12>: [2023-02-26 20:29:32,249] INFO [BrokerToControllerChannelManager broker=12 name=heartbeat]: Starting (kafka.server.BrokerToControllerRequestThread)
<h12>: [2023-02-26 20:29:32,256] INFO [BrokerLifecycleManager id=12] Incarnation l7BYBuzYSheQw-kIzb6D2A of broker 12 in cluster JmL9ihFRQmSabrNWrYSpjg is now STARTING. (kafka.server.BrokerLifecycleManager)
<h12>: [2023-02-26 20:29:32,283] INFO [ExpirationReaper-12-AlterAcls]: Starting (kafka.server.DelayedOperationPurgatory$ExpiredOperationReaper)
<h12>: [2023-02-26 20:29:32,705] INFO [RaftManager nodeId=12] Completed transition to Unattached(epoch=1, voters=[1, 2, 3, 4, 5, 6, 7, 8, 9, 10, 11, 12, 13, 14, 15, 16, 17, 18, 19, 20], electionTimeoutMs=8790) (org.apache.kafka.raft.QuorumState)
<h12>: [2023-02-26 20:29:32,794] INFO [RaftManager nodeId=12] Completed transition to Voted(epoch=1, votedId=1, voters=[1, 2, 3, 4, 5, 6, 7, 8, 9, 10, 11, 12, 13, 14, 15, 16, 17, 18, 19, 20], electionTimeoutMs=14207) (org.apache.kafka.raft.QuorumState)
<h12>: [2023-02-26 20:29:32,794] INFO [RaftManager nodeId=12] Vote request VoteRequestData(clusterId='JmL9ihFRQmSabrNWrYSpjg', topics=[TopicData(topicName='__cluster_metadata', partitions=[PartitionData(partitionIndex=0, candidateEpoch=1, candidateId=1, lastOffsetEpoch=0, lastOffset=0)])]) with epoch 1 is granted (org.apache.kafka.raft.KafkaRaftClient)
<h12>: [2023-02-26 20:29:33,126] INFO [RaftManager nodeId=12] Completed transition to FollowerState(fetchTimeoutMs=20000, epoch=1, leaderId=1, voters=[1, 2, 3, 4, 5, 6, 7, 8, 9, 10, 11, 12, 13, 14, 15, 16, 17, 18, 19, 20], highWatermark=Optional.empty, fetchingSnapshot=Optional.empty) (org.apache.kafka.raft.QuorumState)
<h12>: [2023-02-26 20:29:33,141] INFO [BrokerToControllerChannelManager broker=12 name=alterIsr]: Recorded new controller, from now on will use broker 10.0.0.1:19092 (id: 1 rack: null) (kafka.server.BrokerToControllerRequestThread)
<h12>: [2023-02-26 20:29:33,154] INFO [BrokerToControllerChannelManager broker=12 name=heartbeat]: Recorded new controller, from now on will use broker 10.0.0.1:19092 (id: 1 rack: null) (kafka.server.BrokerToControllerRequestThread)
<h12>: [2023-02-26 20:29:33,167] INFO [BrokerToControllerChannelManager broker=12 name=forwarding]: Recorded new controller, from now on will use broker 10.0.0.1:19092 (id: 1 rack: null) (kafka.server.BrokerToControllerRequestThread)
<h12>: [2023-02-26 20:29:33,673] INFO [BrokerLifecycleManager id=12] Successfully registered broker 12 with broker epoch 4 (kafka.server.BrokerLifecycleManager)
<h12>: [2023-02-26 20:29:34,045] INFO [Controller 12] Registered new broker: RegisterBrokerRecord(brokerId=1, incarnationId=6rIgwvzsRMObLP09_LWn5A, brokerEpoch=0, endPoints=[BrokerEndpoint(name='PLAINTEXT', host='10.0.0.1', port=9092, securityProtocol=0)], features=[], rack=null, fenced=true) (org.apache.kafka.controller.ClusterControlManager)
<h12>: [2023-02-26 20:29:34,046] INFO [Controller 12] Registered new broker: RegisterBrokerRecord(brokerId=6, incarnationId=tWJGIuImQuOPSh9jHcvzcQ, brokerEpoch=2, endPoints=[BrokerEndpoint(name='PLAINTEXT', host='10.0.0.6', port=9092, securityProtocol=0)], features=[], rack=null, fenced=true) (org.apache.kafka.controller.ClusterControlManager)
<h12>: [2023-02-26 20:29:34,046] INFO [Controller 12] Registered new broker: RegisterBrokerRecord(brokerId=7, incarnationId=O1z5PGXXQRqq0Ox8ftec9w, brokerEpoch=3, endPoints=[BrokerEndpoint(name='PLAINTEXT', host='10.0.0.7', port=9092, securityProtocol=0)], features=[], rack=null, fenced=true) (org.apache.kafka.controller.ClusterControlManager)
<h12>: [2023-02-26 20:29:34,046] INFO [Controller 12] Registered new broker: RegisterBrokerRecord(brokerId=12, incarnationId=l7BYBuzYSheQw-kIzb6D2A, brokerEpoch=4, endPoints=[BrokerEndpoint(name='PLAINTEXT', host='10.0.0.12', port=9092, securityProtocol=0)], features=[], rack=null, fenced=true) (org.apache.kafka.controller.ClusterControlManager)
<h12>: [2023-02-26 20:29:34,046] INFO [Controller 12] Registered new broker: RegisterBrokerRecord(brokerId=2, incarnationId=muwjgDb5Qvu5EYbOfhl71A, brokerEpoch=5, endPoints=[BrokerEndpoint(name='PLAINTEXT', host='10.0.0.2', port=9092, securityProtocol=0)], features=[], rack=null, fenced=true) (org.apache.kafka.controller.ClusterControlManager)
<h12>: [2023-02-26 20:29:34,046] INFO [Controller 12] Registered new broker: RegisterBrokerRecord(brokerId=5, incarnationId=en4z4Pd0RhGZ9fpLM1HXJQ, brokerEpoch=6, endPoints=[BrokerEndpoint(name='PLAINTEXT', host='10.0.0.5', port=9092, securityProtocol=0)], features=[], rack=null, fenced=true) (org.apache.kafka.controller.ClusterControlManager)
<h12>: [2023-02-26 20:29:34,047] INFO [Controller 12] Registered new broker: RegisterBrokerRecord(brokerId=3, incarnationId=OLs9mZoTToi95TKnegOEug, brokerEpoch=7, endPoints=[BrokerEndpoint(name='PLAINTEXT', host='10.0.0.3', port=9092, securityProtocol=0)], features=[], rack=null, fenced=true) (org.apache.kafka.controller.ClusterControlManager)
<h12>: [2023-02-26 20:29:34,047] INFO [Controller 12] Registered new broker: RegisterBrokerRecord(brokerId=10, incarnationId=w_JJdsbjRIWECHGlzrAvtQ, brokerEpoch=8, endPoints=[BrokerEndpoint(name='PLAINTEXT', host='10.0.0.10', port=9092, securityProtocol=0)], features=[], rack=null, fenced=true) (org.apache.kafka.controller.ClusterControlManager)
<h12>: [2023-02-26 20:29:34,047] INFO [Controller 12] Registered new broker: RegisterBrokerRecord(brokerId=8, incarnationId=u0aWgOCAS92KIIb382hzZw, brokerEpoch=9, endPoints=[BrokerEndpoint(name='PLAINTEXT', host='10.0.0.8', port=9092, securityProtocol=0)], features=[], rack=null, fenced=true) (org.apache.kafka.controller.ClusterControlManager)
<h12>: [2023-02-26 20:29:34,047] INFO [Controller 12] Registered new broker: RegisterBrokerRecord(brokerId=9, incarnationId=DoHwaS4STcS5kiFGsI8DHg, brokerEpoch=10, endPoints=[BrokerEndpoint(name='PLAINTEXT', host='10.0.0.9', port=9092, securityProtocol=0)], features=[], rack=null, fenced=true) (org.apache.kafka.controller.ClusterControlManager)
<h12>: [2023-02-26 20:29:34,047] INFO [Controller 12] Registered new broker: RegisterBrokerRecord(brokerId=4, incarnationId=ysYN0e7DSYyNQOeizVdmXA, brokerEpoch=11, endPoints=[BrokerEndpoint(name='PLAINTEXT', host='10.0.0.4', port=9092, securityProtocol=0)], features=[], rack=null, fenced=true) (org.apache.kafka.controller.ClusterControlManager)
<h12>: [2023-02-26 20:29:34,047] INFO [Controller 12] Registered new broker: RegisterBrokerRecord(brokerId=11, incarnationId=vltlAgYgTRioxypHOQ8BSQ, brokerEpoch=12, endPoints=[BrokerEndpoint(name='PLAINTEXT', host='10.0.0.11', port=9092, securityProtocol=0)], features=[], rack=null, fenced=true) (org.apache.kafka.controller.ClusterControlManager)
<h12>: [2023-02-26 20:29:34,570] INFO [Controller 12] Unfenced broker: UnfenceBrokerRecord(id=1, epoch=0) (org.apache.kafka.controller.ClusterControlManager)
<h12>: [2023-02-26 20:29:34,601] INFO [BrokerLifecycleManager id=12] The broker has caught up. Transitioning from STARTING to RECOVERY. (kafka.server.BrokerLifecycleManager)
<h12>: [2023-02-26 20:29:34,604] INFO [BrokerMetadataListener id=12] Starting to publish metadata events at offset 13. (kafka.server.metadata.BrokerMetadataListener)
<h12>: [2023-02-26 20:29:34,605] INFO [BrokerMetadataPublisher id=12] Publishing initial metadata at offset OffsetAndEpoch(offset=13, epoch=1). (kafka.server.metadata.BrokerMetadataPublisher)
<h12>: [2023-02-26 20:29:34,606] INFO Loading logs from log dirs ArraySeq(/home/visitor/neves/amnis-data-sync/./kafka-3.1.0/logs/kafka12) (kafka.log.LogManager)
<h12>: [2023-02-26 20:29:34,607] INFO Attempting recovery for all logs in /home/visitor/neves/amnis-data-sync/./kafka-3.1.0/logs/kafka12 since no clean shutdown file was found (kafka.log.LogManager)
<h12>: [2023-02-26 20:29:34,615] INFO Loaded 0 logs in 10ms. (kafka.log.LogManager)
<h12>: [2023-02-26 20:29:34,616] INFO Starting log cleanup with a period of 300000 ms. (kafka.log.LogManager)
<h12>: [2023-02-26 20:29:34,633] INFO Starting log flusher with a default period of 9223372036854775807 ms. (kafka.log.LogManager)
<h12>: [2023-02-26 20:29:34,740] INFO [BrokerLifecycleManager id=12] The broker is in RECOVERY. (kafka.server.BrokerLifecycleManager)
<h12>: [2023-02-26 20:29:34,831] INFO [GroupCoordinator 12]: Starting up. (kafka.coordinator.group.GroupCoordinator)
<h12>: [2023-02-26 20:29:34,839] INFO [GroupCoordinator 12]: Startup complete. (kafka.coordinator.group.GroupCoordinator)
<h12>: [2023-02-26 20:29:34,840] INFO [TransactionCoordinator id=12] Starting up. (kafka.coordinator.transaction.TransactionCoordinator)
<h12>: [2023-02-26 20:29:34,841] INFO [LogDirFailureHandler]: Starting (kafka.server.ReplicaManager$LogDirFailureHandler)
<h12>: [2023-02-26 20:29:34,863] INFO [TransactionCoordinator id=12] Startup complete. (kafka.coordinator.transaction.TransactionCoordinator)
<h12>: [2023-02-26 20:29:34,949] INFO [Transaction Marker Channel Manager 12]: Starting (kafka.coordinator.transaction.TransactionMarkerChannelManager)
<h12>: [2023-02-26 20:29:34,951] INFO KafkaConfig values: 
<h12>: 	advertised.listeners = PLAINTEXT://10.0.0.12:9092
<h12>: 	alter.config.policy.class.name = null
<h12>: 	alter.log.dirs.replication.quota.window.num = 11
<h12>: 	alter.log.dirs.replication.quota.window.size.seconds = 1
<h12>: 	authorizer.class.name = 
<h12>: 	auto.create.topics.enable = true
<h12>: 	auto.leader.rebalance.enable = true
<h12>: 	background.threads = 10
<h12>: 	broker.heartbeat.interval.ms = 2000
<h12>: 	broker.id = 12
<h12>: 	broker.id.generation.enable = true
<h12>: 	broker.rack = null
<h12>: 	broker.session.timeout.ms = 120000
<h12>: 	client.quota.callback.class = null
<h12>: 	compression.type = producer
<h12>: 	connection.failed.authentication.delay.ms = 100
<h12>: 	connections.max.idle.ms = 600000
<h12>: 	connections.max.reauth.ms = 0
<h12>: 	control.plane.listener.name = null
<h12>: 	controlled.shutdown.enable = true
<h12>: 	controlled.shutdown.max.retries = 3
<h12>: 	controlled.shutdown.retry.backoff.ms = 5000
<h12>: 	controller.listener.names = CONTROLLER
<h12>: 	controller.quorum.append.linger.ms = 25
<h12>: 	controller.quorum.election.backoff.max.ms = 10000
<h12>: 	controller.quorum.election.timeout.ms = 10000
<h12>: 	controller.quorum.fetch.timeout.ms = 20000
<h12>: 	controller.quorum.request.timeout.ms = 120000
<h12>: 	controller.quorum.retry.backoff.ms = 20
<h12>: 	controller.quorum.voters = [1@10.0.0.1:19092, 2@10.0.0.2:19093, 3@10.0.0.3:19094, 4@10.0.0.4:19095, 5@10.0.0.5:19096, 6@10.0.0.6:19097, 7@10.0.0.7:19098, 8@10.0.0.8:19099, 9@10.0.0.9:19100, 10@10.0.0.10:19101, 11@10.0.0.11:19102, 12@10.0.0.12:19103, 13@10.0.0.13:19104, 14@10.0.0.14:19105, 15@10.0.0.15:19106, 16@10.0.0.16:19107, 17@10.0.0.17:19108, 18@10.0.0.18:19109, 19@10.0.0.19:19110, 20@10.0.0.20:19111:9093]
<h12>: 	controller.quota.window.num = 11
<h12>: 	controller.quota.window.size.seconds = 1
<h12>: 	controller.socket.timeout.ms = 300000
<h12>: 	create.topic.policy.class.name = null
<h12>: 	default.replication.factor = 1
<h12>: 	delegation.token.expiry.check.interval.ms = 3600000
<h12>: 	delegation.token.expiry.time.ms = 86400000
<h12>: 	delegation.token.master.key = null
<h12>: 	delegation.token.max.lifetime.ms = 604800000
<h12>: 	delegation.token.secret.key = null
<h12>: 	delete.records.purgatory.purge.interval.requests = 1
<h12>: 	delete.topic.enable = true
<h12>: 	fetch.max.bytes = 57671680
<h12>: 	fetch.purgatory.purge.interval.requests = 1000
<h12>: 	group.initial.rebalance.delay.ms = 3000
<h12>: 	group.max.session.timeout.ms = 1800000
<h12>: 	group.max.size = 2147483647
<h12>: 	group.min.session.timeout.ms = 6000
<h12>: 	initial.broker.registration.timeout.ms = 180000
<h12>: 	inter.broker.listener.name = PLAINTEXT
<h12>: 	inter.broker.protocol.version = 3.1-IV0
<h12>: 	kafka.metrics.polling.interval.secs = 10
<h12>: 	kafka.metrics.reporters = []
<h12>: 	leader.imbalance.check.interval.seconds = 300
<h12>: 	leader.imbalance.per.broker.percentage = 10
<h12>: 	listener.security.protocol.map = PLAINTEXT:PLAINTEXT,SSL:SSL,SASL_PLAINTEXT:SASL_PLAINTEXT,SASL_SSL:SASL_SSL
<h12>: 	listeners = PLAINTEXT://:9092,CONTROLLER://10.0.0.12:19103
<h12>: 	log.cleaner.backoff.ms = 15000
<h12>: 	log.cleaner.dedupe.buffer.size = 134217728
<h12>: 	log.cleaner.delete.retention.ms = 86400000
<h12>: 	log.cleaner.enable = true
<h12>: 	log.cleaner.io.buffer.load.factor = 0.9
<h12>: 	log.cleaner.io.buffer.size = 524288
<h12>: 	log.cleaner.io.max.bytes.per.second = 1.7976931348623157E308
<h12>: 	log.cleaner.max.compaction.lag.ms = 9223372036854775807
<h12>: 	log.cleaner.min.cleanable.ratio = 0.5
<h12>: 	log.cleaner.min.compaction.lag.ms = 0
<h12>: 	log.cleaner.threads = 1
<h12>: 	log.cleanup.policy = [delete]
<h12>: 	log.dir = /tmp/kafka-logs
<h12>: 	log.dirs = ./kafka-3.1.0/logs/kafka12
<h12>: 	log.flush.interval.messages = 9223372036854775807
<h12>: 	log.flush.interval.ms = null
<h12>: 	log.flush.offset.checkpoint.interval.ms = 60000
<h12>: 	log.flush.scheduler.interval.ms = 9223372036854775807
<h12>: 	log.flush.start.offset.checkpoint.interval.ms = 60000
<h12>: 	log.index.interval.bytes = 4096
<h12>: 	log.index.size.max.bytes = 10485760
<h12>: 	log.message.downconversion.enable = true
<h12>: 	log.message.format.version = 3.0-IV1
<h12>: 	log.message.timestamp.difference.max.ms = 9223372036854775807
<h12>: 	log.message.timestamp.type = CreateTime
<h12>: 	log.preallocate = false
<h12>: 	log.retention.bytes = -1
<h12>: 	log.retention.check.interval.ms = 300000
<h12>: 	log.retention.hours = 168
<h12>: 	log.retention.minutes = null
<h12>: 	log.retention.ms = null
<h12>: 	log.roll.hours = 168
<h12>: 	log.roll.jitter.hours = 0
<h12>: 	log.roll.jitter.ms = null
<h12>: 	log.roll.ms = null
<h12>: 	log.segment.bytes = 1073741824
<h12>: 	log.segment.delete.delay.ms = 60000
<h12>: 	max.connection.creation.rate = 2147483647
<h12>: 	max.connections = 2147483647
<h12>: 	max.connections.per.ip = 2147483647
<h12>: 	max.connections.per.ip.overrides = 
<h12>: 	max.incremental.fetch.session.cache.slots = 1000
<h12>: 	message.max.bytes = 1048588
<h12>: 	metadata.log.dir = null
<h12>: 	metadata.log.max.record.bytes.between.snapshots = 20971520
<h12>: 	metadata.log.segment.bytes = 1073741824
<h12>: 	metadata.log.segment.min.bytes = 8388608
<h12>: 	metadata.log.segment.ms = 604800000
<h12>: 	metadata.max.retention.bytes = -1
<h12>: 	metadata.max.retention.ms = 604800000
<h12>: 	metric.reporters = []
<h12>: 	metrics.num.samples = 2
<h12>: 	metrics.recording.level = INFO
<h12>: 	metrics.sample.window.ms = 30000
<h12>: 	min.insync.replicas = 1
<h12>: 	node.id = 12
<h12>: 	num.io.threads = 8
<h12>: 	num.network.threads = 3
<h12>: 	num.partitions = 1
<h12>: 	num.recovery.threads.per.data.dir = 1
<h12>: 	num.replica.alter.log.dirs.threads = null
<h12>: 	num.replica.fetchers = 1
<h12>: 	offset.metadata.max.bytes = 4096
<h12>: 	offsets.commit.required.acks = -1
<h12>: 	offsets.commit.timeout.ms = 5000
<h12>: 	offsets.load.buffer.size = 5242880
<h12>: 	offsets.retention.check.interval.ms = 600000
<h12>: 	offsets.retention.minutes = 10080
<h12>: 	offsets.topic.compression.codec = 0
<h12>: 	offsets.topic.num.partitions = 50
<h12>: 	offsets.topic.replication.factor = 1
<h12>: 	offsets.topic.segment.bytes = 104857600
<h12>: 	password.encoder.cipher.algorithm = AES/CBC/PKCS5Padding
<h12>: 	password.encoder.iterations = 4096
<h12>: 	password.encoder.key.length = 128
<h12>: 	password.encoder.keyfactory.algorithm = null
<h12>: 	password.encoder.old.secret = null
<h12>: 	password.encoder.secret = null
<h12>: 	principal.builder.class = class org.apache.kafka.common.security.authenticator.DefaultKafkaPrincipalBuilder
<h12>: 	process.roles = [broker, controller]
<h12>: 	producer.purgatory.purge.interval.requests = 1000
<h12>: 	queued.max.request.bytes = -1
<h12>: 	queued.max.requests = 500
<h12>: 	quota.window.num = 11
<h12>: 	quota.window.size.seconds = 1
<h12>: 	remote.log.index.file.cache.total.size.bytes = 1073741824
<h12>: 	remote.log.manager.task.interval.ms = 30000
<h12>: 	remote.log.manager.task.retry.backoff.max.ms = 30000
<h12>: 	remote.log.manager.task.retry.backoff.ms = 500
<h12>: 	remote.log.manager.task.retry.jitter = 0.2
<h12>: 	remote.log.manager.thread.pool.size = 10
<h12>: 	remote.log.metadata.manager.class.name = null
<h12>: 	remote.log.metadata.manager.class.path = null
<h12>: 	remote.log.metadata.manager.impl.prefix = null
<h12>: 	remote.log.metadata.manager.listener.name = null
<h12>: 	remote.log.reader.max.pending.tasks = 100
<h12>: 	remote.log.reader.threads = 10
<h12>: 	remote.log.storage.manager.class.name = null
<h12>: 	remote.log.storage.manager.class.path = null
<h12>: 	remote.log.storage.manager.impl.prefix = null
<h12>: 	remote.log.storage.system.enable = false
<h12>: 	replica.fetch.backoff.ms = 1000
<h12>: 	replica.fetch.max.bytes = 1048576
<h12>: 	replica.fetch.min.bytes = 1
<h12>: 	replica.fetch.response.max.bytes = 10485760
<h12>: 	replica.fetch.wait.max.ms = 500
<h12>: 	replica.high.watermark.checkpoint.interval.ms = 5000
<h12>: 	replica.lag.time.max.ms = 30000
<h12>: 	replica.selector.class = null
<h12>: 	replica.socket.receive.buffer.bytes = 65536
<h12>: 	replica.socket.timeout.ms = 30000
<h12>: 	replication.quota.window.num = 11
<h12>: 	replication.quota.window.size.seconds = 1
<h12>: 	request.timeout.ms = 300000
<h12>: 	reserved.broker.max.id = 1000
<h12>: 	sasl.client.callback.handler.class = null
<h12>: 	sasl.enabled.mechanisms = [GSSAPI]
<h12>: 	sasl.jaas.config = null
<h12>: 	sasl.kerberos.kinit.cmd = /usr/bin/kinit
<h12>: 	sasl.kerberos.min.time.before.relogin = 60000
<h12>: 	sasl.kerberos.principal.to.local.rules = [DEFAULT]
<h12>: 	sasl.kerberos.service.name = null
<h12>: 	sasl.kerberos.ticket.renew.jitter = 0.05
<h12>: 	sasl.kerberos.ticket.renew.window.factor = 0.8
<h12>: 	sasl.login.callback.handler.class = null
<h12>: 	sasl.login.class = null
<h12>: 	sasl.login.connect.timeout.ms = null
<h12>: 	sasl.login.read.timeout.ms = null
<h12>: 	sasl.login.refresh.buffer.seconds = 300
<h12>: 	sasl.login.refresh.min.period.seconds = 60
<h12>: 	sasl.login.refresh.window.factor = 0.8
<h12>: 	sasl.login.refresh.window.jitter = 0.05
<h12>: 	sasl.login.retry.backoff.max.ms = 10000
<h12>: 	sasl.login.retry.backoff.ms = 100
<h12>: 	sasl.mechanism.controller.protocol = GSSAPI
<h12>: 	sasl.mechanism.inter.broker.protocol = GSSAPI
<h12>: 	sasl.oauthbearer.clock.skew.seconds = 30
<h12>: 	sasl.oauthbearer.expected.audience = null
<h12>: 	sasl.oauthbearer.expected.issuer = null
<h12>: 	sasl.oauthbearer.jwks.endpoint.refresh.ms = 3600000
<h12>: 	sasl.oauthbearer.jwks.endpoint.retry.backoff.max.ms = 10000
<h12>: 	sasl.oauthbearer.jwks.endpoint.retry.backoff.ms = 100
<h12>: 	sasl.oauthbearer.jwks.endpoint.url = null
<h12>: 	sasl.oauthbearer.scope.claim.name = scope
<h12>: 	sasl.oauthbearer.sub.claim.name = sub
<h12>: 	sasl.oauthbearer.token.endpoint.url = null
<h12>: 	sasl.server.callback.handler.class = null
<h12>: 	security.inter.broker.protocol = PLAINTEXT
<h12>: 	security.providers = null
<h12>: 	socket.connection.setup.timeout.max.ms = 300000
<h12>: 	socket.connection.setup.timeout.ms = 120000
<h12>: 	socket.receive.buffer.bytes = 102400
<h12>: 	socket.request.max.bytes = 104857600
<h12>: 	socket.send.buffer.bytes = 102400
<h12>: 	ssl.cipher.suites = []
<h12>: 	ssl.client.auth = none
<h12>: 	ssl.enabled.protocols = [TLSv1.2, TLSv1.3]
<h12>: 	ssl.endpoint.identification.algorithm = https
<h12>: 	ssl.engine.factory.class = null
<h12>: 	ssl.key.password = null
<h12>: 	ssl.keymanager.algorithm = SunX509
<h12>: 	ssl.keystore.certificate.chain = null
<h12>: 	ssl.keystore.key = null
<h12>: 	ssl.keystore.location = null
<h12>: 	ssl.keystore.password = null
<h12>: 	ssl.keystore.type = JKS
<h12>: 	ssl.principal.mapping.rules = DEFAULT
<h12>: 	ssl.protocol = TLSv1.3
<h12>: 	ssl.provider = null
<h12>: 	ssl.secure.random.implementation = null
<h12>: 	ssl.trustmanager.algorithm = PKIX
<h12>: 	ssl.truststore.certificates = null
<h12>: 	ssl.truststore.location = null
<h12>: 	ssl.truststore.password = null
<h12>: 	ssl.truststore.type = JKS
<h12>: 	transaction.abort.timed.out.transaction.cleanup.interval.ms = 10000
<h12>: 	transaction.max.timeout.ms = 900000
<h12>: 	transaction.remove.expired.transaction.cleanup.interval.ms = 3600000
<h12>: 	transaction.state.log.load.buffer.size = 5242880
<h12>: 	transaction.state.log.min.isr = 1
<h12>: 	transaction.state.log.num.partitions = 50
<h12>: 	transaction.state.log.replication.factor = 1
<h12>: 	transaction.state.log.segment.bytes = 104857600
<h12>: 	transactional.id.expiration.ms = 604800000
<h12>: 	unclean.leader.election.enable = false
<h12>: 	zookeeper.clientCnxnSocket = null
<h12>: 	zookeeper.connect = null
<h12>: 	zookeeper.connection.timeout.ms = null
<h12>: 	zookeeper.max.in.flight.requests = 10
<h12>: 	zookeeper.session.timeout.ms = 18000
<h12>: 	zookeeper.set.acl = false
<h12>: 	zookeeper.ssl.cipher.suites = null
<h12>: 	zookeeper.ssl.client.enable = false
<h12>: 	zookeeper.ssl.crl.enable = false
<h12>: 	zookeeper.ssl.enabled.protocols = null
<h12>: 	zookeeper.ssl.endpoint.identification.algorithm = HTTPS
<h12>: 	zookeeper.ssl.keystore.location = null
<h12>: 	zookeeper.ssl.keystore.password = null
<h12>: 	zookeeper.ssl.keystore.type = null
<h12>: 	zookeeper.ssl.ocsp.enable = false
<h12>: 	zookeeper.ssl.protocol = TLSv1.2
<h12>: 	zookeeper.ssl.truststore.location = null
<h12>: 	zookeeper.ssl.truststore.password = null
<h12>: 	zookeeper.ssl.truststore.type = null
<h12>: 	zookeeper.sync.time.ms = 2000
<h12>:  (kafka.server.KafkaConfig)
<h12>: [2023-02-26 20:29:34,958] INFO [SocketServer listenerType=BROKER, nodeId=12] Starting socket server acceptors and processors (kafka.network.SocketServer)
<h12>: [2023-02-26 20:29:35,004] INFO [SocketServer listenerType=BROKER, nodeId=12] Started data-plane acceptor and processor(s) for endpoint : ListenerName(PLAINTEXT) (kafka.network.SocketServer)
<h12>: [2023-02-26 20:29:35,004] INFO [SocketServer listenerType=BROKER, nodeId=12] Started socket server acceptors and processors (kafka.network.SocketServer)
<h12>: [2023-02-26 20:29:35,005] INFO [BrokerServer id=12] Transition from STARTING to STARTED (kafka.server.BrokerServer)
<h12>: [2023-02-26 20:29:35,005] INFO Kafka version: 3.1.0 (org.apache.kafka.common.utils.AppInfoParser)
<h12>: [2023-02-26 20:29:35,005] INFO Kafka commitId: unknown (org.apache.kafka.common.utils.AppInfoParser)
<h12>: [2023-02-26 20:29:35,006] INFO Kafka startTimeMs: 1677457775005 (org.apache.kafka.common.utils.AppInfoParser)
<h12>: [2023-02-26 20:29:35,007] INFO Kafka Server started (kafka.server.KafkaRaftServer)
<h12>: [2023-02-26 20:29:35,027] INFO [BrokerLifecycleManager id=12] The broker is in RECOVERY. (kafka.server.BrokerLifecycleManager)
<h12>: [2023-02-26 20:29:35,238] INFO [Controller 12] Registered new broker: RegisterBrokerRecord(brokerId=13, incarnationId=ASDOl6kTROCykY11g3mL_A, brokerEpoch=14, endPoints=[BrokerEndpoint(name='PLAINTEXT', host='10.0.0.13', port=9092, securityProtocol=0)], features=[], rack=null, fenced=true) (org.apache.kafka.controller.ClusterControlManager)
<h12>: [2023-02-26 20:29:39,055] INFO [BrokerLifecycleManager id=12] The broker has been unfenced. Transitioning from RECOVERY to RUNNING. (kafka.server.BrokerLifecycleManager)
<h12>: [2023-02-26 20:29:39,315] INFO [Controller 12] Unfenced broker: UnfenceBrokerRecord(id=13, epoch=14) (org.apache.kafka.controller.ClusterControlManager)
<h12>: [2023-02-26 20:29:39,315] INFO [Controller 12] Unfenced broker: UnfenceBrokerRecord(id=3, epoch=7) (org.apache.kafka.controller.ClusterControlManager)
<h12>: [2023-02-26 20:29:39,315] INFO [Controller 12] Unfenced broker: UnfenceBrokerRecord(id=10, epoch=8) (org.apache.kafka.controller.ClusterControlManager)
<h12>: [2023-02-26 20:29:39,315] INFO [Controller 12] Unfenced broker: UnfenceBrokerRecord(id=12, epoch=4) (org.apache.kafka.controller.ClusterControlManager)
<h12>: [2023-02-26 20:29:39,315] INFO [Controller 12] Unfenced broker: UnfenceBrokerRecord(id=6, epoch=2) (org.apache.kafka.controller.ClusterControlManager)
<h12>: [2023-02-26 20:29:39,942] INFO [Controller 12] Registered new broker: RegisterBrokerRecord(brokerId=15, incarnationId=rimofCmQTV-dFYcy3Xgu1g, brokerEpoch=20, endPoints=[BrokerEndpoint(name='PLAINTEXT', host='10.0.0.15', port=9092, securityProtocol=0)], features=[], rack=null, fenced=true) (org.apache.kafka.controller.ClusterControlManager)
<h12>: [2023-02-26 20:29:39,942] INFO [Controller 12] Registered new broker: RegisterBrokerRecord(brokerId=17, incarnationId=3wYalzwcT9iEiHhlAZ1NlA, brokerEpoch=21, endPoints=[BrokerEndpoint(name='PLAINTEXT', host='10.0.0.17', port=9092, securityProtocol=0)], features=[], rack=null, fenced=true) (org.apache.kafka.controller.ClusterControlManager)
<h12>: [2023-02-26 20:29:39,942] INFO [Controller 12] Registered new broker: RegisterBrokerRecord(brokerId=18, incarnationId=t-_qwTjGR92U33fDvvL8kQ, brokerEpoch=22, endPoints=[BrokerEndpoint(name='PLAINTEXT', host='10.0.0.18', port=9092, securityProtocol=0)], features=[], rack=null, fenced=true) (org.apache.kafka.controller.ClusterControlManager)
<h12>: [2023-02-26 20:29:39,942] INFO [Controller 12] Registered new broker: RegisterBrokerRecord(brokerId=14, incarnationId=r3uoR0x-Tnq2UoG47-pYnA, brokerEpoch=23, endPoints=[BrokerEndpoint(name='PLAINTEXT', host='10.0.0.14', port=9092, securityProtocol=0)], features=[], rack=null, fenced=true) (org.apache.kafka.controller.ClusterControlManager)
<h12>: [2023-02-26 20:29:39,942] INFO [Controller 12] Registered new broker: RegisterBrokerRecord(brokerId=16, incarnationId=hjwCXEURRIaUSK9mevc7GA, brokerEpoch=24, endPoints=[BrokerEndpoint(name='PLAINTEXT', host='10.0.0.16', port=9092, securityProtocol=0)], features=[], rack=null, fenced=true) (org.apache.kafka.controller.ClusterControlManager)
<h12>: [2023-02-26 20:29:40,456] INFO [Controller 12] Registered new broker: RegisterBrokerRecord(brokerId=19, incarnationId=xwO9ZQBTRxqwhQWRK5nRmQ, brokerEpoch=25, endPoints=[BrokerEndpoint(name='PLAINTEXT', host='10.0.0.19', port=9092, securityProtocol=0)], features=[], rack=null, fenced=true) (org.apache.kafka.controller.ClusterControlManager)
<h12>: [2023-02-26 20:29:41,028] INFO [Controller 12] Unfenced broker: UnfenceBrokerRecord(id=19, epoch=25) (org.apache.kafka.controller.ClusterControlManager)
<h12>: [2023-02-26 20:29:41,540] INFO [Controller 12] Unfenced broker: UnfenceBrokerRecord(id=4, epoch=11) (org.apache.kafka.controller.ClusterControlManager)
<h12>: [2023-02-26 20:29:41,540] INFO [Controller 12] Unfenced broker: UnfenceBrokerRecord(id=7, epoch=3) (org.apache.kafka.controller.ClusterControlManager)
<h12>: [2023-02-26 20:29:41,541] INFO [Controller 12] Unfenced broker: UnfenceBrokerRecord(id=2, epoch=5) (org.apache.kafka.controller.ClusterControlManager)
<h12>: [2023-02-26 20:29:41,541] INFO [Controller 12] Unfenced broker: UnfenceBrokerRecord(id=5, epoch=6) (org.apache.kafka.controller.ClusterControlManager)
<h12>: [2023-02-26 20:29:41,541] INFO [Controller 12] Unfenced broker: UnfenceBrokerRecord(id=8, epoch=9) (org.apache.kafka.controller.ClusterControlManager)
<h12>: [2023-02-26 20:29:41,541] INFO [Controller 12] Unfenced broker: UnfenceBrokerRecord(id=11, epoch=12) (org.apache.kafka.controller.ClusterControlManager)
<h12>: [2023-02-26 20:29:41,541] INFO [Controller 12] Unfenced broker: UnfenceBrokerRecord(id=9, epoch=10) (org.apache.kafka.controller.ClusterControlManager)
<h12>: [2023-02-26 20:29:42,823] INFO [Controller 12] Unfenced broker: UnfenceBrokerRecord(id=17, epoch=21) (org.apache.kafka.controller.ClusterControlManager)
<h12>: [2023-02-26 20:29:42,823] INFO [Controller 12] Unfenced broker: UnfenceBrokerRecord(id=14, epoch=23) (org.apache.kafka.controller.ClusterControlManager)
<h12>: [2023-02-26 20:29:42,823] INFO [Controller 12] Unfenced broker: UnfenceBrokerRecord(id=16, epoch=24) (org.apache.kafka.controller.ClusterControlManager)
<h12>: [2023-02-26 20:29:42,823] INFO [Controller 12] Unfenced broker: UnfenceBrokerRecord(id=15, epoch=20) (org.apache.kafka.controller.ClusterControlManager)
<h12>: [2023-02-26 20:29:42,823] INFO [Controller 12] Unfenced broker: UnfenceBrokerRecord(id=18, epoch=22) (org.apache.kafka.controller.ClusterControlManager)
<h12>: [2023-02-26 20:29:51,728] INFO [RaftManager nodeId=12] Vote request VoteRequestData(clusterId='JmL9ihFRQmSabrNWrYSpjg', topics=[TopicData(topicName='__cluster_metadata', partitions=[PartitionData(partitionIndex=0, candidateEpoch=1, candidateId=20, lastOffsetEpoch=0, lastOffset=0)])]) with epoch 1 is rejected (org.apache.kafka.raft.KafkaRaftClient)
<h12>: [2023-02-26 20:29:52,531] INFO [Controller 12] Registered new broker: RegisterBrokerRecord(brokerId=20, incarnationId=dDGA3CuHTBykH0pzUbhwmA, brokerEpoch=39, endPoints=[BrokerEndpoint(name='PLAINTEXT', host='10.0.0.20', port=9092, securityProtocol=0)], features=[], rack=null, fenced=true) (org.apache.kafka.controller.ClusterControlManager)
<h12>: [2023-02-26 20:29:53,453] INFO [Controller 12] Unfenced broker: UnfenceBrokerRecord(id=20, epoch=39) (org.apache.kafka.controller.ClusterControlManager)
<h12>: [2023-02-26 20:29:53,457] INFO [Controller 12] Created topic topic-1 with topic ID dVvmnTbzTJCZyuFN1c_dog. (org.apache.kafka.controller.ReplicationControlManager)
<h12>: [2023-02-26 20:29:53,457] INFO [Controller 12] Created partition topic-1-0 with topic ID dVvmnTbzTJCZyuFN1c_dog and PartitionRegistration(replicas=[14, 15, 16, 17, 18, 19, 20, 1, 2, 3, 4, 5, 6, 7, 8, 9, 10, 11, 12, 13], isr=[14, 15, 16, 17, 18, 19, 20, 1, 2, 3, 4, 5, 6, 7, 8, 9, 10, 11, 12, 13], removingReplicas=[], addingReplicas=[], leader=14, leaderEpoch=0, partitionEpoch=0). (org.apache.kafka.controller.ReplicationControlManager)
<h12>: [2023-02-26 20:29:53,546] INFO [LogLoader partition=topic-1-0, dir=/home/visitor/neves/amnis-data-sync/./kafka-3.1.0/logs/kafka12] Loading producer state till offset 0 with message format version 2 (kafka.log.UnifiedLog$)
<h12>: [2023-02-26 20:29:53,562] INFO Created log for partition topic-1-0 in /home/visitor/neves/amnis-data-sync/./kafka-3.1.0/logs/kafka12/topic-1-0 with properties {} (kafka.log.LogManager)
<h12>: [2023-02-26 20:29:53,590] INFO [Partition topic-1-0 broker=12] No checkpointed highwatermark is found for partition topic-1-0 (kafka.cluster.Partition)
<h12>: [2023-02-26 20:29:53,593] INFO [Partition topic-1-0 broker=12] Log loaded for partition topic-1-0 with initial high watermark 0 (kafka.cluster.Partition)
<h12>: [2023-02-26 20:29:53,618] INFO [ReplicaFetcherManager on broker 12] Removed fetcher for partitions Set(topic-1-0) (kafka.server.ReplicaFetcherManager)
<h12>: [2023-02-26 20:29:53,890] INFO [ReplicaFetcher replicaId=12, leaderId=14, fetcherId=0] Starting (kafka.server.ReplicaFetcherThread)
<h12>: [2023-02-26 20:29:53,902] INFO [ReplicaFetcherManager on broker 12] Added fetcher to broker 14 for partitions HashMap(topic-1-0 -> InitialFetchState(Some(dVvmnTbzTJCZyuFN1c_dog),BrokerEndPoint(id=14, host=10.0.0.14:9092),0,0)) (kafka.server.ReplicaFetcherManager)
<h12>: [2023-02-26 20:29:53,942] INFO [ReplicaFetcher replicaId=12, leaderId=14, fetcherId=0] Truncating partition topic-1-0 with TruncationState(offset=0, completed=true) due to local high watermark 0 (kafka.server.ReplicaFetcherThread)
<h12>: [2023-02-26 20:29:53,943] INFO [UnifiedLog partition=topic-1-0, dir=/home/visitor/neves/amnis-data-sync/./kafka-3.1.0/logs/kafka12] Truncating to 0 has no effect as the largest offset in the log is -1 (kafka.log.UnifiedLog)
<h12>: [2023-02-26 20:29:53,966] INFO Sent auto-creation request for Set(__consumer_offsets) to the active controller. (kafka.server.DefaultAutoTopicCreationManager)
<h12>: [2023-02-26 20:29:54,069] INFO Sent auto-creation request for Set(__consumer_offsets) to the active controller. (kafka.server.DefaultAutoTopicCreationManager)
<h12>: [2023-02-26 20:29:54,404] INFO [Controller 12] ConfigResource(type=TOPIC, name='__consumer_offsets'): set configuration compression.type to producer (org.apache.kafka.controller.ConfigurationControlManager)
<h12>: [2023-02-26 20:29:54,404] INFO [Controller 12] ConfigResource(type=TOPIC, name='__consumer_offsets'): set configuration cleanup.policy to compact (org.apache.kafka.controller.ConfigurationControlManager)
<h12>: [2023-02-26 20:29:54,404] INFO [Controller 12] ConfigResource(type=TOPIC, name='__consumer_offsets'): set configuration segment.bytes to 104857600 (org.apache.kafka.controller.ConfigurationControlManager)
<h12>: [2023-02-26 20:29:54,404] INFO [Controller 12] Created topic __consumer_offsets with topic ID gs35a5FWTyyJLPclII7hIA. (org.apache.kafka.controller.ReplicationControlManager)
<h12>: [2023-02-26 20:29:54,405] INFO [Controller 12] Created partition __consumer_offsets-0 with topic ID gs35a5FWTyyJLPclII7hIA and PartitionRegistration(replicas=[4], isr=[4], removingReplicas=[], addingReplicas=[], leader=4, leaderEpoch=0, partitionEpoch=0). (org.apache.kafka.controller.ReplicationControlManager)
<h12>: [2023-02-26 20:29:54,405] INFO [Controller 12] Created partition __consumer_offsets-1 with topic ID gs35a5FWTyyJLPclII7hIA and PartitionRegistration(replicas=[5], isr=[5], removingReplicas=[], addingReplicas=[], leader=5, leaderEpoch=0, partitionEpoch=0). (org.apache.kafka.controller.ReplicationControlManager)
<h12>: [2023-02-26 20:29:54,405] INFO [Controller 12] Created partition __consumer_offsets-2 with topic ID gs35a5FWTyyJLPclII7hIA and PartitionRegistration(replicas=[6], isr=[6], removingReplicas=[], addingReplicas=[], leader=6, leaderEpoch=0, partitionEpoch=0). (org.apache.kafka.controller.ReplicationControlManager)
<h12>: [2023-02-26 20:29:54,405] INFO [Controller 12] Created partition __consumer_offsets-3 with topic ID gs35a5FWTyyJLPclII7hIA and PartitionRegistration(replicas=[7], isr=[7], removingReplicas=[], addingReplicas=[], leader=7, leaderEpoch=0, partitionEpoch=0). (org.apache.kafka.controller.ReplicationControlManager)
<h12>: [2023-02-26 20:29:54,405] INFO [Controller 12] Created partition __consumer_offsets-4 with topic ID gs35a5FWTyyJLPclII7hIA and PartitionRegistration(replicas=[8], isr=[8], removingReplicas=[], addingReplicas=[], leader=8, leaderEpoch=0, partitionEpoch=0). (org.apache.kafka.controller.ReplicationControlManager)
<h12>: [2023-02-26 20:29:54,405] INFO [Controller 12] Created partition __consumer_offsets-5 with topic ID gs35a5FWTyyJLPclII7hIA and PartitionRegistration(replicas=[9], isr=[9], removingReplicas=[], addingReplicas=[], leader=9, leaderEpoch=0, partitionEpoch=0). (org.apache.kafka.controller.ReplicationControlManager)
<h12>: [2023-02-26 20:29:54,405] INFO [Controller 12] Created partition __consumer_offsets-6 with topic ID gs35a5FWTyyJLPclII7hIA and PartitionRegistration(replicas=[10], isr=[10], removingReplicas=[], addingReplicas=[], leader=10, leaderEpoch=0, partitionEpoch=0). (org.apache.kafka.controller.ReplicationControlManager)
<h12>: [2023-02-26 20:29:54,405] INFO [Controller 12] Created partition __consumer_offsets-7 with topic ID gs35a5FWTyyJLPclII7hIA and PartitionRegistration(replicas=[11], isr=[11], removingReplicas=[], addingReplicas=[], leader=11, leaderEpoch=0, partitionEpoch=0). (org.apache.kafka.controller.ReplicationControlManager)
<h12>: [2023-02-26 20:29:54,405] INFO [Controller 12] Created partition __consumer_offsets-8 with topic ID gs35a5FWTyyJLPclII7hIA and PartitionRegistration(replicas=[12], isr=[12], removingReplicas=[], addingReplicas=[], leader=12, leaderEpoch=0, partitionEpoch=0). (org.apache.kafka.controller.ReplicationControlManager)
<h12>: [2023-02-26 20:29:54,405] INFO [Controller 12] Created partition __consumer_offsets-9 with topic ID gs35a5FWTyyJLPclII7hIA and PartitionRegistration(replicas=[13], isr=[13], removingReplicas=[], addingReplicas=[], leader=13, leaderEpoch=0, partitionEpoch=0). (org.apache.kafka.controller.ReplicationControlManager)
<h12>: [2023-02-26 20:29:54,405] INFO [Controller 12] Created partition __consumer_offsets-10 with topic ID gs35a5FWTyyJLPclII7hIA and PartitionRegistration(replicas=[14], isr=[14], removingReplicas=[], addingReplicas=[], leader=14, leaderEpoch=0, partitionEpoch=0). (org.apache.kafka.controller.ReplicationControlManager)
<h12>: [2023-02-26 20:29:54,405] INFO [Controller 12] Created partition __consumer_offsets-11 with topic ID gs35a5FWTyyJLPclII7hIA and PartitionRegistration(replicas=[15], isr=[15], removingReplicas=[], addingReplicas=[], leader=15, leaderEpoch=0, partitionEpoch=0). (org.apache.kafka.controller.ReplicationControlManager)
<h12>: [2023-02-26 20:29:54,405] INFO [Controller 12] Created partition __consumer_offsets-12 with topic ID gs35a5FWTyyJLPclII7hIA and PartitionRegistration(replicas=[16], isr=[16], removingReplicas=[], addingReplicas=[], leader=16, leaderEpoch=0, partitionEpoch=0). (org.apache.kafka.controller.ReplicationControlManager)
<h12>: [2023-02-26 20:29:54,405] INFO [Controller 12] Created partition __consumer_offsets-13 with topic ID gs35a5FWTyyJLPclII7hIA and PartitionRegistration(replicas=[17], isr=[17], removingReplicas=[], addingReplicas=[], leader=17, leaderEpoch=0, partitionEpoch=0). (org.apache.kafka.controller.ReplicationControlManager)
<h12>: [2023-02-26 20:29:54,406] INFO [Controller 12] Created partition __consumer_offsets-14 with topic ID gs35a5FWTyyJLPclII7hIA and PartitionRegistration(replicas=[18], isr=[18], removingReplicas=[], addingReplicas=[], leader=18, leaderEpoch=0, partitionEpoch=0). (org.apache.kafka.controller.ReplicationControlManager)
<h12>: [2023-02-26 20:29:54,406] INFO [Controller 12] Created partition __consumer_offsets-15 with topic ID gs35a5FWTyyJLPclII7hIA and PartitionRegistration(replicas=[19], isr=[19], removingReplicas=[], addingReplicas=[], leader=19, leaderEpoch=0, partitionEpoch=0). (org.apache.kafka.controller.ReplicationControlManager)
<h12>: [2023-02-26 20:29:54,406] INFO [Controller 12] Created partition __consumer_offsets-16 with topic ID gs35a5FWTyyJLPclII7hIA and PartitionRegistration(replicas=[20], isr=[20], removingReplicas=[], addingReplicas=[], leader=20, leaderEpoch=0, partitionEpoch=0). (org.apache.kafka.controller.ReplicationControlManager)
<h12>: [2023-02-26 20:29:54,406] INFO [Controller 12] Created partition __consumer_offsets-17 with topic ID gs35a5FWTyyJLPclII7hIA and PartitionRegistration(replicas=[1], isr=[1], removingReplicas=[], addingReplicas=[], leader=1, leaderEpoch=0, partitionEpoch=0). (org.apache.kafka.controller.ReplicationControlManager)
<h12>: [2023-02-26 20:29:54,406] INFO [Controller 12] Created partition __consumer_offsets-18 with topic ID gs35a5FWTyyJLPclII7hIA and PartitionRegistration(replicas=[2], isr=[2], removingReplicas=[], addingReplicas=[], leader=2, leaderEpoch=0, partitionEpoch=0). (org.apache.kafka.controller.ReplicationControlManager)
<h12>: [2023-02-26 20:29:54,406] INFO [Controller 12] Created partition __consumer_offsets-19 with topic ID gs35a5FWTyyJLPclII7hIA and PartitionRegistration(replicas=[3], isr=[3], removingReplicas=[], addingReplicas=[], leader=3, leaderEpoch=0, partitionEpoch=0). (org.apache.kafka.controller.ReplicationControlManager)
<h12>: [2023-02-26 20:29:54,406] INFO [Controller 12] Created partition __consumer_offsets-20 with topic ID gs35a5FWTyyJLPclII7hIA and PartitionRegistration(replicas=[7], isr=[7], removingReplicas=[], addingReplicas=[], leader=7, leaderEpoch=0, partitionEpoch=0). (org.apache.kafka.controller.ReplicationControlManager)
<h12>: [2023-02-26 20:29:54,406] INFO [Controller 12] Created partition __consumer_offsets-21 with topic ID gs35a5FWTyyJLPclII7hIA and PartitionRegistration(replicas=[10], isr=[10], removingReplicas=[], addingReplicas=[], leader=10, leaderEpoch=0, partitionEpoch=0). (org.apache.kafka.controller.ReplicationControlManager)
<h12>: [2023-02-26 20:29:54,406] INFO [Controller 12] Created partition __consumer_offsets-22 with topic ID gs35a5FWTyyJLPclII7hIA and PartitionRegistration(replicas=[20], isr=[20], removingReplicas=[], addingReplicas=[], leader=20, leaderEpoch=0, partitionEpoch=0). (org.apache.kafka.controller.ReplicationControlManager)
<h12>: [2023-02-26 20:29:54,406] INFO [Controller 12] Created partition __consumer_offsets-23 with topic ID gs35a5FWTyyJLPclII7hIA and PartitionRegistration(replicas=[1], isr=[1], removingReplicas=[], addingReplicas=[], leader=1, leaderEpoch=0, partitionEpoch=0). (org.apache.kafka.controller.ReplicationControlManager)
<h12>: [2023-02-26 20:29:54,406] INFO [Controller 12] Created partition __consumer_offsets-24 with topic ID gs35a5FWTyyJLPclII7hIA and PartitionRegistration(replicas=[4], isr=[4], removingReplicas=[], addingReplicas=[], leader=4, leaderEpoch=0, partitionEpoch=0). (org.apache.kafka.controller.ReplicationControlManager)
<h12>: [2023-02-26 20:29:54,406] INFO [Controller 12] Created partition __consumer_offsets-25 with topic ID gs35a5FWTyyJLPclII7hIA and PartitionRegistration(replicas=[9], isr=[9], removingReplicas=[], addingReplicas=[], leader=9, leaderEpoch=0, partitionEpoch=0). (org.apache.kafka.controller.ReplicationControlManager)
<h12>: [2023-02-26 20:29:54,406] INFO [Controller 12] Created partition __consumer_offsets-26 with topic ID gs35a5FWTyyJLPclII7hIA and PartitionRegistration(replicas=[18], isr=[18], removingReplicas=[], addingReplicas=[], leader=18, leaderEpoch=0, partitionEpoch=0). (org.apache.kafka.controller.ReplicationControlManager)
<h12>: [2023-02-26 20:29:54,406] INFO [Controller 12] Created partition __consumer_offsets-27 with topic ID gs35a5FWTyyJLPclII7hIA and PartitionRegistration(replicas=[16], isr=[16], removingReplicas=[], addingReplicas=[], leader=16, leaderEpoch=0, partitionEpoch=0). (org.apache.kafka.controller.ReplicationControlManager)
<h12>: [2023-02-26 20:29:54,406] INFO [Controller 12] Created partition __consumer_offsets-28 with topic ID gs35a5FWTyyJLPclII7hIA and PartitionRegistration(replicas=[6], isr=[6], removingReplicas=[], addingReplicas=[], leader=6, leaderEpoch=0, partitionEpoch=0). (org.apache.kafka.controller.ReplicationControlManager)
<h12>: [2023-02-26 20:29:54,407] INFO [Controller 12] Created partition __consumer_offsets-29 with topic ID gs35a5FWTyyJLPclII7hIA and PartitionRegistration(replicas=[12], isr=[12], removingReplicas=[], addingReplicas=[], leader=12, leaderEpoch=0, partitionEpoch=0). (org.apache.kafka.controller.ReplicationControlManager)
<h12>: [2023-02-26 20:29:54,407] INFO [Controller 12] Created partition __consumer_offsets-30 with topic ID gs35a5FWTyyJLPclII7hIA and PartitionRegistration(replicas=[14], isr=[14], removingReplicas=[], addingReplicas=[], leader=14, leaderEpoch=0, partitionEpoch=0). (org.apache.kafka.controller.ReplicationControlManager)
<h12>: [2023-02-26 20:29:54,407] INFO [Controller 12] Created partition __consumer_offsets-31 with topic ID gs35a5FWTyyJLPclII7hIA and PartitionRegistration(replicas=[8], isr=[8], removingReplicas=[], addingReplicas=[], leader=8, leaderEpoch=0, partitionEpoch=0). (org.apache.kafka.controller.ReplicationControlManager)
<h12>: [2023-02-26 20:29:54,407] INFO [Controller 12] Created partition __consumer_offsets-32 with topic ID gs35a5FWTyyJLPclII7hIA and PartitionRegistration(replicas=[5], isr=[5], removingReplicas=[], addingReplicas=[], leader=5, leaderEpoch=0, partitionEpoch=0). (org.apache.kafka.controller.ReplicationControlManager)
<h12>: [2023-02-26 20:29:54,407] INFO [Controller 12] Created partition __consumer_offsets-33 with topic ID gs35a5FWTyyJLPclII7hIA and PartitionRegistration(replicas=[19], isr=[19], removingReplicas=[], addingReplicas=[], leader=19, leaderEpoch=0, partitionEpoch=0). (org.apache.kafka.controller.ReplicationControlManager)
<h12>: [2023-02-26 20:29:54,407] INFO [Controller 12] Created partition __consumer_offsets-34 with topic ID gs35a5FWTyyJLPclII7hIA and PartitionRegistration(replicas=[17], isr=[17], removingReplicas=[], addingReplicas=[], leader=17, leaderEpoch=0, partitionEpoch=0). (org.apache.kafka.controller.ReplicationControlManager)
<h12>: [2023-02-26 20:29:54,407] INFO [Controller 12] Created partition __consumer_offsets-35 with topic ID gs35a5FWTyyJLPclII7hIA and PartitionRegistration(replicas=[11], isr=[11], removingReplicas=[], addingReplicas=[], leader=11, leaderEpoch=0, partitionEpoch=0). (org.apache.kafka.controller.ReplicationControlManager)
<h12>: [2023-02-26 20:29:54,407] INFO [Controller 12] Created partition __consumer_offsets-36 with topic ID gs35a5FWTyyJLPclII7hIA and PartitionRegistration(replicas=[3], isr=[3], removingReplicas=[], addingReplicas=[], leader=3, leaderEpoch=0, partitionEpoch=0). (org.apache.kafka.controller.ReplicationControlManager)
<h12>: [2023-02-26 20:29:54,407] INFO [Controller 12] Created partition __consumer_offsets-37 with topic ID gs35a5FWTyyJLPclII7hIA and PartitionRegistration(replicas=[2], isr=[2], removingReplicas=[], addingReplicas=[], leader=2, leaderEpoch=0, partitionEpoch=0). (org.apache.kafka.controller.ReplicationControlManager)
<h12>: [2023-02-26 20:29:54,407] INFO [Controller 12] Created partition __consumer_offsets-38 with topic ID gs35a5FWTyyJLPclII7hIA and PartitionRegistration(replicas=[15], isr=[15], removingReplicas=[], addingReplicas=[], leader=15, leaderEpoch=0, partitionEpoch=0). (org.apache.kafka.controller.ReplicationControlManager)
<h12>: [2023-02-26 20:29:54,433] INFO [Controller 12] Created partition __consumer_offsets-39 with topic ID gs35a5FWTyyJLPclII7hIA and PartitionRegistration(replicas=[13], isr=[13], removingReplicas=[], addingReplicas=[], leader=13, leaderEpoch=0, partitionEpoch=0). (org.apache.kafka.controller.ReplicationControlManager)
<h12>: [2023-02-26 20:29:54,433] INFO [Controller 12] Created partition __consumer_offsets-40 with topic ID gs35a5FWTyyJLPclII7hIA and PartitionRegistration(replicas=[13], isr=[13], removingReplicas=[], addingReplicas=[], leader=13, leaderEpoch=0, partitionEpoch=0). (org.apache.kafka.controller.ReplicationControlManager)
<h12>: [2023-02-26 20:29:54,433] INFO [Controller 12] Created partition __consumer_offsets-41 with topic ID gs35a5FWTyyJLPclII7hIA and PartitionRegistration(replicas=[8], isr=[8], removingReplicas=[], addingReplicas=[], leader=8, leaderEpoch=0, partitionEpoch=0). (org.apache.kafka.controller.ReplicationControlManager)
<h12>: [2023-02-26 20:29:54,433] INFO [Controller 12] Created partition __consumer_offsets-42 with topic ID gs35a5FWTyyJLPclII7hIA and PartitionRegistration(replicas=[12], isr=[12], removingReplicas=[], addingReplicas=[], leader=12, leaderEpoch=0, partitionEpoch=0). (org.apache.kafka.controller.ReplicationControlManager)
<h12>: [2023-02-26 20:29:54,434] INFO [Controller 12] Created partition __consumer_offsets-43 with topic ID gs35a5FWTyyJLPclII7hIA and PartitionRegistration(replicas=[6], isr=[6], removingReplicas=[], addingReplicas=[], leader=6, leaderEpoch=0, partitionEpoch=0). (org.apache.kafka.controller.ReplicationControlManager)
<h12>: [2023-02-26 20:29:54,434] INFO [Controller 12] Created partition __consumer_offsets-44 with topic ID gs35a5FWTyyJLPclII7hIA and PartitionRegistration(replicas=[10], isr=[10], removingReplicas=[], addingReplicas=[], leader=10, leaderEpoch=0, partitionEpoch=0). (org.apache.kafka.controller.ReplicationControlManager)
<h12>: [2023-02-26 20:29:54,434] INFO [Controller 12] Created partition __consumer_offsets-45 with topic ID gs35a5FWTyyJLPclII7hIA and PartitionRegistration(replicas=[3], isr=[3], removingReplicas=[], addingReplicas=[], leader=3, leaderEpoch=0, partitionEpoch=0). (org.apache.kafka.controller.ReplicationControlManager)
<h12>: [2023-02-26 20:29:54,434] INFO [Controller 12] Created partition __consumer_offsets-46 with topic ID gs35a5FWTyyJLPclII7hIA and PartitionRegistration(replicas=[17], isr=[17], removingReplicas=[], addingReplicas=[], leader=17, leaderEpoch=0, partitionEpoch=0). (org.apache.kafka.controller.ReplicationControlManager)
<h12>: [2023-02-26 20:29:54,434] INFO [Controller 12] Created partition __consumer_offsets-47 with topic ID gs35a5FWTyyJLPclII7hIA and PartitionRegistration(replicas=[7], isr=[7], removingReplicas=[], addingReplicas=[], leader=7, leaderEpoch=0, partitionEpoch=0). (org.apache.kafka.controller.ReplicationControlManager)
<h12>: [2023-02-26 20:29:54,434] INFO [Controller 12] Created partition __consumer_offsets-48 with topic ID gs35a5FWTyyJLPclII7hIA and PartitionRegistration(replicas=[11], isr=[11], removingReplicas=[], addingReplicas=[], leader=11, leaderEpoch=0, partitionEpoch=0). (org.apache.kafka.controller.ReplicationControlManager)
<h12>: [2023-02-26 20:29:54,434] INFO [Controller 12] Created partition __consumer_offsets-49 with topic ID gs35a5FWTyyJLPclII7hIA and PartitionRegistration(replicas=[1], isr=[1], removingReplicas=[], addingReplicas=[], leader=1, leaderEpoch=0, partitionEpoch=0). (org.apache.kafka.controller.ReplicationControlManager)
<h12>: [2023-02-26 20:29:54,409] INFO [ReplicaFetcherManager on broker 12] Removed fetcher for partitions Set(__consumer_offsets-8, __consumer_offsets-29, __consumer_offsets-42) (kafka.server.ReplicaFetcherManager)
<h12>: [2023-02-26 20:29:54,559] INFO [LogLoader partition=__consumer_offsets-8, dir=/home/visitor/neves/amnis-data-sync/./kafka-3.1.0/logs/kafka12] Loading producer state till offset 0 with message format version 2 (kafka.log.UnifiedLog$)
<h12>: [2023-02-26 20:29:54,560] INFO Created log for partition __consumer_offsets-8 in /home/visitor/neves/amnis-data-sync/./kafka-3.1.0/logs/kafka12/__consumer_offsets-8 with properties {cleanup.policy=compact, compression.type="producer", segment.bytes=104857600} (kafka.log.LogManager)
<h12>: [2023-02-26 20:29:54,570] INFO [Partition __consumer_offsets-8 broker=12] No checkpointed highwatermark is found for partition __consumer_offsets-8 (kafka.cluster.Partition)
<h12>: [2023-02-26 20:29:54,570] INFO [Partition __consumer_offsets-8 broker=12] Log loaded for partition __consumer_offsets-8 with initial high watermark 0 (kafka.cluster.Partition)
<h12>: [2023-02-26 20:29:54,802] INFO [LogLoader partition=__consumer_offsets-29, dir=/home/visitor/neves/amnis-data-sync/./kafka-3.1.0/logs/kafka12] Loading producer state till offset 0 with message format version 2 (kafka.log.UnifiedLog$)
<h12>: [2023-02-26 20:29:54,811] INFO Created log for partition __consumer_offsets-29 in /home/visitor/neves/amnis-data-sync/./kafka-3.1.0/logs/kafka12/__consumer_offsets-29 with properties {cleanup.policy=compact, compression.type="producer", segment.bytes=104857600} (kafka.log.LogManager)
<h12>: [2023-02-26 20:29:54,811] INFO [Partition __consumer_offsets-29 broker=12] No checkpointed highwatermark is found for partition __consumer_offsets-29 (kafka.cluster.Partition)
<h12>: [2023-02-26 20:29:54,811] INFO [Partition __consumer_offsets-29 broker=12] Log loaded for partition __consumer_offsets-29 with initial high watermark 0 (kafka.cluster.Partition)
<h12>: [2023-02-26 20:29:55,045] INFO [LogLoader partition=__consumer_offsets-42, dir=/home/visitor/neves/amnis-data-sync/./kafka-3.1.0/logs/kafka12] Loading producer state till offset 0 with message format version 2 (kafka.log.UnifiedLog$)
<h12>: [2023-02-26 20:29:55,046] INFO Created log for partition __consumer_offsets-42 in /home/visitor/neves/amnis-data-sync/./kafka-3.1.0/logs/kafka12/__consumer_offsets-42 with properties {cleanup.policy=compact, compression.type="producer", segment.bytes=104857600} (kafka.log.LogManager)
<h12>: [2023-02-26 20:29:55,047] INFO [Partition __consumer_offsets-42 broker=12] No checkpointed highwatermark is found for partition __consumer_offsets-42 (kafka.cluster.Partition)
<h12>: [2023-02-26 20:29:55,047] INFO [Partition __consumer_offsets-42 broker=12] Log loaded for partition __consumer_offsets-42 with initial high watermark 0 (kafka.cluster.Partition)
<h12>: [2023-02-26 20:29:55,168] INFO [GroupCoordinator 12]: Elected as the group coordinator for partition 29 in epoch 0 (kafka.coordinator.group.GroupCoordinator)
<h12>: [2023-02-26 20:29:55,169] INFO [GroupMetadataManager brokerId=12] Scheduling loading of offsets and group metadata from __consumer_offsets-29 for epoch 0 (kafka.coordinator.group.GroupMetadataManager)
<h12>: [2023-02-26 20:29:55,172] INFO [GroupCoordinator 12]: Elected as the group coordinator for partition 42 in epoch 0 (kafka.coordinator.group.GroupCoordinator)
<h12>: [2023-02-26 20:29:55,172] INFO [GroupMetadataManager brokerId=12] Scheduling loading of offsets and group metadata from __consumer_offsets-42 for epoch 0 (kafka.coordinator.group.GroupMetadataManager)
<h12>: [2023-02-26 20:29:55,172] INFO [GroupCoordinator 12]: Elected as the group coordinator for partition 8 in epoch 0 (kafka.coordinator.group.GroupCoordinator)
<h12>: [2023-02-26 20:29:55,172] INFO [GroupMetadataManager brokerId=12] Scheduling loading of offsets and group metadata from __consumer_offsets-8 for epoch 0 (kafka.coordinator.group.GroupMetadataManager)
<h12>: [2023-02-26 20:29:55,176] INFO [GroupMetadataManager brokerId=12] Finished loading offsets and group metadata from __consumer_offsets-29 in 6 milliseconds for epoch 0, of which 2 milliseconds was spent in the scheduler. (kafka.coordinator.group.GroupMetadataManager)
<h12>: [2023-02-26 20:29:55,178] INFO [GroupMetadataManager brokerId=12] Finished loading offsets and group metadata from __consumer_offsets-42 in 5 milliseconds for epoch 0, of which 5 milliseconds was spent in the scheduler. (kafka.coordinator.group.GroupMetadataManager)
<h12>: [2023-02-26 20:29:55,178] INFO [GroupMetadataManager brokerId=12] Finished loading offsets and group metadata from __consumer_offsets-8 in 6 milliseconds for epoch 0, of which 6 milliseconds was spent in the scheduler. (kafka.coordinator.group.GroupMetadataManager)
<h12>: [2023-02-26 20:29:55,217] INFO [GroupCoordinator 12]: Dynamic Member with unknown member id joins group group-14 in Empty state. Created a new member id kafka-python-2.0.2-2cb489a7-6f50-4036-9027-67c39b820266 for this member and add to the group. (kafka.coordinator.group.GroupCoordinator)
<h12>: [2023-02-26 20:29:55,229] INFO [GroupCoordinator 12]: Preparing to rebalance group group-14 in state PreparingRebalance with old generation 0 (__consumer_offsets-29) (reason: Adding new member kafka-python-2.0.2-2cb489a7-6f50-4036-9027-67c39b820266 with group instance id None) (kafka.coordinator.group.GroupCoordinator)
<h12>: [2023-02-26 20:29:58,243] INFO [GroupCoordinator 12]: Stabilized group group-14 generation 1 (__consumer_offsets-29) with 1 members (kafka.coordinator.group.GroupCoordinator)
<h12>: [2023-02-26 20:29:58,261] INFO [GroupCoordinator 12]: Assignment received from leader kafka-python-2.0.2-2cb489a7-6f50-4036-9027-67c39b820266 for group group-14 for generation 1. The group has 1 members, 0 of which are static. (kafka.coordinator.group.GroupCoordinator)
<h12>: [2023-02-26 20:31:59,132] INFO Sent auto-creation request for Set(topic-0) to the active controller. (kafka.server.DefaultAutoTopicCreationManager)
<h12>: [2023-02-26 20:31:59,469] INFO Sent auto-creation request for Set(topic-0) to the active controller. (kafka.server.DefaultAutoTopicCreationManager)
<h12>: [2023-02-26 20:31:59,484] INFO Sent auto-creation request for Set(topic-0) to the active controller. (kafka.server.DefaultAutoTopicCreationManager)
<h12>: [2023-02-26 20:31:59,496] INFO Sent auto-creation request for Set(topic-0) to the active controller. (kafka.server.DefaultAutoTopicCreationManager)
<h12>: [2023-02-26 20:31:59,581] INFO Sent auto-creation request for Set(topic-0) to the active controller. (kafka.server.DefaultAutoTopicCreationManager)
<h12>: [2023-02-26 20:31:59,595] INFO Sent auto-creation request for Set(topic-0) to the active controller. (kafka.server.DefaultAutoTopicCreationManager)
<h12>: [2023-02-26 20:31:59,607] INFO Sent auto-creation request for Set(topic-0) to the active controller. (kafka.server.DefaultAutoTopicCreationManager)
<h12>: [2023-02-26 20:31:59,693] INFO Sent auto-creation request for Set(topic-0) to the active controller. (kafka.server.DefaultAutoTopicCreationManager)
<h12>: [2023-02-26 20:31:59,707] INFO Sent auto-creation request for Set(topic-0) to the active controller. (kafka.server.DefaultAutoTopicCreationManager)
<h12>: [2023-02-26 20:31:59,804] INFO Sent auto-creation request for Set(topic-0) to the active controller. (kafka.server.DefaultAutoTopicCreationManager)
<h12>: [2023-02-26 20:31:59,818] INFO Sent auto-creation request for Set(topic-0) to the active controller. (kafka.server.DefaultAutoTopicCreationManager)
<h12>: [2023-02-26 20:31:59,829] INFO Sent auto-creation request for Set(topic-0) to the active controller. (kafka.server.DefaultAutoTopicCreationManager)
<h12>: [2023-02-26 20:31:59,916] INFO Sent auto-creation request for Set(topic-0) to the active controller. (kafka.server.DefaultAutoTopicCreationManager)
<h12>: [2023-02-26 20:31:59,929] INFO Sent auto-creation request for Set(topic-0) to the active controller. (kafka.server.DefaultAutoTopicCreationManager)
<h12>: [2023-02-26 20:31:59,942] INFO Sent auto-creation request for Set(topic-0) to the active controller. (kafka.server.DefaultAutoTopicCreationManager)
<h12>: [2023-02-26 20:31:59,946] INFO [Controller 12] Created topic topic-0 with topic ID pdlBKgLLRDWnsdzKZEnY7A. (org.apache.kafka.controller.ReplicationControlManager)
<h12>: [2023-02-26 20:31:59,946] INFO [Controller 12] Created partition topic-0-0 with topic ID pdlBKgLLRDWnsdzKZEnY7A and PartitionRegistration(replicas=[7], isr=[7], removingReplicas=[], addingReplicas=[], leader=7, leaderEpoch=0, partitionEpoch=0). (org.apache.kafka.controller.ReplicationControlManager)
<h12>: [2023-02-26 20:34:58,392] INFO [GroupCoordinator 12]: Preparing to rebalance group group-14 in state PreparingRebalance with old generation 1 (__consumer_offsets-29) (reason: Leader kafka-python-2.0.2-2cb489a7-6f50-4036-9027-67c39b820266 re-joining group during Stable) (kafka.coordinator.group.GroupCoordinator)
<h12>: [2023-02-26 20:34:58,393] INFO [GroupCoordinator 12]: Stabilized group group-14 generation 2 (__consumer_offsets-29) with 1 members (kafka.coordinator.group.GroupCoordinator)
<h12>: [2023-02-26 20:34:58,405] INFO [GroupCoordinator 12]: Assignment received from leader kafka-python-2.0.2-2cb489a7-6f50-4036-9027-67c39b820266 for group group-14 for generation 2. The group has 1 members, 0 of which are static. (kafka.coordinator.group.GroupCoordinator)
<h12>: [2023-02-26 20:37:13,140] INFO [BrokerToControllerChannelManager broker=12 name=forwarding] Node 1 disconnected. (org.apache.kafka.clients.NetworkClient)
<h12>: [2023-02-26 20:37:13,148] INFO [BrokerToControllerChannelManager broker=12 name=heartbeat] Node 1 disconnected. (org.apache.kafka.clients.NetworkClient)
<h12>: [2023-02-26 20:37:13,149] INFO [RaftManager nodeId=12] Node 1 disconnected. (org.apache.kafka.clients.NetworkClient)
<h12>: [2023-02-26 20:37:13,154] INFO [RaftManager nodeId=12] Cancelled in-flight FETCH request with correlation id 914 due to node 1 being disconnected (elapsed time since creation: 335ms, elapsed time since send: 334ms, request timeout: 120000ms) (org.apache.kafka.clients.NetworkClient)
<h12>: [2023-02-26 20:37:13,221] INFO [RaftManager nodeId=12] Node 1 disconnected. (org.apache.kafka.clients.NetworkClient)
<h12>: [2023-02-26 20:37:13,221] WARN [RaftManager nodeId=12] Connection to node 1 (/10.0.0.1:19092) could not be established. Broker may not be available. (org.apache.kafka.clients.NetworkClient)
<h12>: [2023-02-26 20:37:13,342] INFO [RaftManager nodeId=12] Node 1 disconnected. (org.apache.kafka.clients.NetworkClient)
<h12>: [2023-02-26 20:37:13,342] WARN [RaftManager nodeId=12] Connection to node 1 (/10.0.0.1:19092) could not be established. Broker may not be available. (org.apache.kafka.clients.NetworkClient)
<h12>: [2023-02-26 20:37:13,563] INFO [RaftManager nodeId=12] Node 1 disconnected. (org.apache.kafka.clients.NetworkClient)
<h12>: [2023-02-26 20:37:13,563] WARN [RaftManager nodeId=12] Connection to node 1 (/10.0.0.1:19092) could not be established. Broker may not be available. (org.apache.kafka.clients.NetworkClient)
