<h17>: [2023-02-26 20:29:35,954] INFO Registered kafka:type=kafka.Log4jController MBean (kafka.utils.Log4jControllerRegistration$)
<h17>: [2023-02-26 20:29:36,278] INFO Setting -D jdk.tls.rejectClientInitiatedRenegotiation=true to disable client-initiated TLS renegotiation (org.apache.zookeeper.common.X509Util)
<h17>: [2023-02-26 20:29:36,632] INFO [LogLoader partition=__cluster_metadata-0, dir=/home/visitor/neves/amnis-data-sync/./kafka-3.1.0/logs/kafka17] Loading producer state till offset 0 with message format version 2 (kafka.log.UnifiedLog$)
<h17>: [2023-02-26 20:29:36,633] INFO [LogLoader partition=__cluster_metadata-0, dir=/home/visitor/neves/amnis-data-sync/./kafka-3.1.0/logs/kafka17] Reloading from producer snapshot and rebuilding producer state from offset 0 (kafka.log.UnifiedLog$)
<h17>: [2023-02-26 20:29:36,634] INFO [LogLoader partition=__cluster_metadata-0, dir=/home/visitor/neves/amnis-data-sync/./kafka-3.1.0/logs/kafka17] Producer state recovery took 1ms for snapshot load and 0ms for segment recovery from offset 0 (kafka.log.UnifiedLog$)
<h17>: [2023-02-26 20:29:36,737] INFO [raft-expiration-reaper]: Starting (kafka.raft.TimingWheelExpirationService$ExpiredOperationReaper)
<h17>: [2023-02-26 20:29:36,982] INFO [RaftManager nodeId=17] Completed transition to Unattached(epoch=0, voters=[1, 2, 3, 4, 5, 6, 7, 8, 9, 10, 11, 12, 13, 14, 15, 16, 17, 18, 19, 20], electionTimeoutMs=10786) (org.apache.kafka.raft.QuorumState)
<h17>: [2023-02-26 20:29:37,009] INFO Registered signal handlers for TERM, INT, HUP (org.apache.kafka.common.utils.LoggingSignalHandler)
<h17>: [2023-02-26 20:29:37,015] INFO [kafka-raft-outbound-request-thread]: Starting (kafka.raft.RaftSendThread)
<h17>: [2023-02-26 20:29:37,015] INFO [kafka-raft-io-thread]: Starting (kafka.raft.KafkaRaftManager$RaftIoThread)
<h17>: [2023-02-26 20:29:37,016] INFO Starting controller (kafka.server.ControllerServer)
<h17>: [2023-02-26 20:29:37,374] INFO Updated connection-accept-rate max connection creation rate to 2147483647 (kafka.network.ConnectionQuotas)
<h17>: [2023-02-26 20:29:37,380] INFO Awaiting socket connections on 10.0.0.17:19108. (kafka.network.Acceptor)
<h17>: [2023-02-26 20:29:37,419] INFO [SocketServer listenerType=CONTROLLER, nodeId=17] Created data-plane acceptor and processors for endpoint : ListenerName(CONTROLLER) (kafka.network.SocketServer)
<h17>: [2023-02-26 20:29:37,447] INFO [RaftManager nodeId=17] Registered the listener org.apache.kafka.controller.QuorumController$QuorumMetaLogListener@173787982 (org.apache.kafka.raft.KafkaRaftClient)
<h17>: [2023-02-26 20:29:37,453] INFO [ThrottledChannelReaper-Fetch]: Starting (kafka.server.ClientQuotaManager$ThrottledChannelReaper)
<h17>: [2023-02-26 20:29:37,454] INFO [ThrottledChannelReaper-Produce]: Starting (kafka.server.ClientQuotaManager$ThrottledChannelReaper)
<h17>: [2023-02-26 20:29:37,456] INFO [ThrottledChannelReaper-Request]: Starting (kafka.server.ClientQuotaManager$ThrottledChannelReaper)
<h17>: [2023-02-26 20:29:37,457] INFO [ThrottledChannelReaper-ControllerMutation]: Starting (kafka.server.ClientQuotaManager$ThrottledChannelReaper)
<h17>: [2023-02-26 20:29:37,476] INFO [ExpirationReaper-17-AlterAcls]: Starting (kafka.server.DelayedOperationPurgatory$ExpiredOperationReaper)
<h17>: [2023-02-26 20:29:37,494] INFO [SocketServer listenerType=CONTROLLER, nodeId=17] Starting socket server acceptors and processors (kafka.network.SocketServer)
<h17>: [2023-02-26 20:29:37,503] INFO [SocketServer listenerType=CONTROLLER, nodeId=17] Started data-plane acceptor and processor(s) for endpoint : ListenerName(CONTROLLER) (kafka.network.SocketServer)
<h17>: [2023-02-26 20:29:37,503] INFO [SocketServer listenerType=CONTROLLER, nodeId=17] Started socket server acceptors and processors (kafka.network.SocketServer)
<h17>: [2023-02-26 20:29:37,504] INFO [BrokerServer id=17] Transition from SHUTDOWN to STARTING (kafka.server.BrokerServer)
<h17>: [2023-02-26 20:29:37,505] INFO [BrokerServer id=17] Starting broker (kafka.server.BrokerServer)
<h17>: [2023-02-26 20:29:37,523] INFO [ThrottledChannelReaper-Fetch]: Starting (kafka.server.ClientQuotaManager$ThrottledChannelReaper)
<h17>: [2023-02-26 20:29:37,524] INFO [ThrottledChannelReaper-Produce]: Starting (kafka.server.ClientQuotaManager$ThrottledChannelReaper)
<h17>: [2023-02-26 20:29:37,525] INFO [ThrottledChannelReaper-Request]: Starting (kafka.server.ClientQuotaManager$ThrottledChannelReaper)
<h17>: [2023-02-26 20:29:37,525] INFO [ThrottledChannelReaper-ControllerMutation]: Starting (kafka.server.ClientQuotaManager$ThrottledChannelReaper)
<h17>: [2023-02-26 20:29:37,567] INFO [BrokerToControllerChannelManager broker=17 name=forwarding]: Starting (kafka.server.BrokerToControllerRequestThread)
<h17>: [2023-02-26 20:29:37,613] INFO Updated connection-accept-rate max connection creation rate to 2147483647 (kafka.network.ConnectionQuotas)
<h17>: [2023-02-26 20:29:37,614] INFO Awaiting socket connections on 0.0.0.0:9092. (kafka.network.Acceptor)
<h17>: [2023-02-26 20:29:37,622] INFO [SocketServer listenerType=BROKER, nodeId=17] Created data-plane acceptor and processors for endpoint : ListenerName(PLAINTEXT) (kafka.network.SocketServer)
<h17>: [2023-02-26 20:29:37,642] INFO [BrokerToControllerChannelManager broker=17 name=alterIsr]: Starting (kafka.server.BrokerToControllerRequestThread)
<h17>: [2023-02-26 20:29:37,661] INFO [ExpirationReaper-17-Produce]: Starting (kafka.server.DelayedOperationPurgatory$ExpiredOperationReaper)
<h17>: [2023-02-26 20:29:37,663] INFO [ExpirationReaper-17-Fetch]: Starting (kafka.server.DelayedOperationPurgatory$ExpiredOperationReaper)
<h17>: [2023-02-26 20:29:37,663] INFO [ExpirationReaper-17-DeleteRecords]: Starting (kafka.server.DelayedOperationPurgatory$ExpiredOperationReaper)
<h17>: [2023-02-26 20:29:37,664] INFO [ExpirationReaper-17-ElectLeader]: Starting (kafka.server.DelayedOperationPurgatory$ExpiredOperationReaper)
<h17>: [2023-02-26 20:29:37,684] INFO [ExpirationReaper-17-Heartbeat]: Starting (kafka.server.DelayedOperationPurgatory$ExpiredOperationReaper)
<h17>: [2023-02-26 20:29:37,685] INFO [ExpirationReaper-17-Rebalance]: Starting (kafka.server.DelayedOperationPurgatory$ExpiredOperationReaper)
<h17>: [2023-02-26 20:29:37,739] INFO [RaftManager nodeId=17] Registered the listener kafka.server.metadata.BrokerMetadataListener@816507549 (org.apache.kafka.raft.KafkaRaftClient)
<h17>: [2023-02-26 20:29:37,739] INFO [BrokerToControllerChannelManager broker=17 name=heartbeat]: Starting (kafka.server.BrokerToControllerRequestThread)
<h17>: [2023-02-26 20:29:37,746] INFO [BrokerLifecycleManager id=17] Incarnation 3wYalzwcT9iEiHhlAZ1NlA of broker 17 in cluster JmL9ihFRQmSabrNWrYSpjg is now STARTING. (kafka.server.BrokerLifecycleManager)
<h17>: [2023-02-26 20:29:37,766] INFO [ExpirationReaper-17-AlterAcls]: Starting (kafka.server.DelayedOperationPurgatory$ExpiredOperationReaper)
<h17>: [2023-02-26 20:29:39,113] INFO [RaftManager nodeId=17] Completed transition to FollowerState(fetchTimeoutMs=20000, epoch=1, leaderId=1, voters=[1, 2, 3, 4, 5, 6, 7, 8, 9, 10, 11, 12, 13, 14, 15, 16, 17, 18, 19, 20], highWatermark=Optional.empty, fetchingSnapshot=Optional.empty) (org.apache.kafka.raft.QuorumState)
<h17>: [2023-02-26 20:29:39,149] INFO [BrokerToControllerChannelManager broker=17 name=heartbeat]: Recorded new controller, from now on will use broker 10.0.0.1:19092 (id: 1 rack: null) (kafka.server.BrokerToControllerRequestThread)
<h17>: [2023-02-26 20:29:39,151] INFO [BrokerToControllerChannelManager broker=17 name=alterIsr]: Recorded new controller, from now on will use broker 10.0.0.1:19092 (id: 1 rack: null) (kafka.server.BrokerToControllerRequestThread)
<h17>: [2023-02-26 20:29:39,183] INFO [BrokerToControllerChannelManager broker=17 name=forwarding]: Recorded new controller, from now on will use broker 10.0.0.1:19092 (id: 1 rack: null) (kafka.server.BrokerToControllerRequestThread)
<h17>: [2023-02-26 20:29:39,373] INFO [BrokerLifecycleManager id=17] Successfully registered broker 17 with broker epoch 21 (kafka.server.BrokerLifecycleManager)
<h17>: [2023-02-26 20:29:39,553] INFO [Controller 17] Registered new broker: RegisterBrokerRecord(brokerId=1, incarnationId=6rIgwvzsRMObLP09_LWn5A, brokerEpoch=0, endPoints=[BrokerEndpoint(name='PLAINTEXT', host='10.0.0.1', port=9092, securityProtocol=0)], features=[], rack=null, fenced=true) (org.apache.kafka.controller.ClusterControlManager)
<h17>: [2023-02-26 20:29:39,555] INFO [Controller 17] Registered new broker: RegisterBrokerRecord(brokerId=6, incarnationId=tWJGIuImQuOPSh9jHcvzcQ, brokerEpoch=2, endPoints=[BrokerEndpoint(name='PLAINTEXT', host='10.0.0.6', port=9092, securityProtocol=0)], features=[], rack=null, fenced=true) (org.apache.kafka.controller.ClusterControlManager)
<h17>: [2023-02-26 20:29:39,555] INFO [Controller 17] Registered new broker: RegisterBrokerRecord(brokerId=7, incarnationId=O1z5PGXXQRqq0Ox8ftec9w, brokerEpoch=3, endPoints=[BrokerEndpoint(name='PLAINTEXT', host='10.0.0.7', port=9092, securityProtocol=0)], features=[], rack=null, fenced=true) (org.apache.kafka.controller.ClusterControlManager)
<h17>: [2023-02-26 20:29:39,555] INFO [Controller 17] Registered new broker: RegisterBrokerRecord(brokerId=12, incarnationId=l7BYBuzYSheQw-kIzb6D2A, brokerEpoch=4, endPoints=[BrokerEndpoint(name='PLAINTEXT', host='10.0.0.12', port=9092, securityProtocol=0)], features=[], rack=null, fenced=true) (org.apache.kafka.controller.ClusterControlManager)
<h17>: [2023-02-26 20:29:39,557] INFO [Controller 17] Registered new broker: RegisterBrokerRecord(brokerId=2, incarnationId=muwjgDb5Qvu5EYbOfhl71A, brokerEpoch=5, endPoints=[BrokerEndpoint(name='PLAINTEXT', host='10.0.0.2', port=9092, securityProtocol=0)], features=[], rack=null, fenced=true) (org.apache.kafka.controller.ClusterControlManager)
<h17>: [2023-02-26 20:29:39,557] INFO [Controller 17] Registered new broker: RegisterBrokerRecord(brokerId=5, incarnationId=en4z4Pd0RhGZ9fpLM1HXJQ, brokerEpoch=6, endPoints=[BrokerEndpoint(name='PLAINTEXT', host='10.0.0.5', port=9092, securityProtocol=0)], features=[], rack=null, fenced=true) (org.apache.kafka.controller.ClusterControlManager)
<h17>: [2023-02-26 20:29:39,558] INFO [Controller 17] Registered new broker: RegisterBrokerRecord(brokerId=3, incarnationId=OLs9mZoTToi95TKnegOEug, brokerEpoch=7, endPoints=[BrokerEndpoint(name='PLAINTEXT', host='10.0.0.3', port=9092, securityProtocol=0)], features=[], rack=null, fenced=true) (org.apache.kafka.controller.ClusterControlManager)
<h17>: [2023-02-26 20:29:39,558] INFO [Controller 17] Registered new broker: RegisterBrokerRecord(brokerId=10, incarnationId=w_JJdsbjRIWECHGlzrAvtQ, brokerEpoch=8, endPoints=[BrokerEndpoint(name='PLAINTEXT', host='10.0.0.10', port=9092, securityProtocol=0)], features=[], rack=null, fenced=true) (org.apache.kafka.controller.ClusterControlManager)
<h17>: [2023-02-26 20:29:39,560] INFO [Controller 17] Registered new broker: RegisterBrokerRecord(brokerId=8, incarnationId=u0aWgOCAS92KIIb382hzZw, brokerEpoch=9, endPoints=[BrokerEndpoint(name='PLAINTEXT', host='10.0.0.8', port=9092, securityProtocol=0)], features=[], rack=null, fenced=true) (org.apache.kafka.controller.ClusterControlManager)
<h17>: [2023-02-26 20:29:39,560] INFO [Controller 17] Registered new broker: RegisterBrokerRecord(brokerId=9, incarnationId=DoHwaS4STcS5kiFGsI8DHg, brokerEpoch=10, endPoints=[BrokerEndpoint(name='PLAINTEXT', host='10.0.0.9', port=9092, securityProtocol=0)], features=[], rack=null, fenced=true) (org.apache.kafka.controller.ClusterControlManager)
<h17>: [2023-02-26 20:29:39,563] INFO [Controller 17] Registered new broker: RegisterBrokerRecord(brokerId=4, incarnationId=ysYN0e7DSYyNQOeizVdmXA, brokerEpoch=11, endPoints=[BrokerEndpoint(name='PLAINTEXT', host='10.0.0.4', port=9092, securityProtocol=0)], features=[], rack=null, fenced=true) (org.apache.kafka.controller.ClusterControlManager)
<h17>: [2023-02-26 20:29:39,565] INFO [Controller 17] Registered new broker: RegisterBrokerRecord(brokerId=11, incarnationId=vltlAgYgTRioxypHOQ8BSQ, brokerEpoch=12, endPoints=[BrokerEndpoint(name='PLAINTEXT', host='10.0.0.11', port=9092, securityProtocol=0)], features=[], rack=null, fenced=true) (org.apache.kafka.controller.ClusterControlManager)
<h17>: [2023-02-26 20:29:39,566] INFO [Controller 17] Unfenced broker: UnfenceBrokerRecord(id=1, epoch=0) (org.apache.kafka.controller.ClusterControlManager)
<h17>: [2023-02-26 20:29:39,574] INFO [Controller 17] Registered new broker: RegisterBrokerRecord(brokerId=13, incarnationId=ASDOl6kTROCykY11g3mL_A, brokerEpoch=14, endPoints=[BrokerEndpoint(name='PLAINTEXT', host='10.0.0.13', port=9092, securityProtocol=0)], features=[], rack=null, fenced=true) (org.apache.kafka.controller.ClusterControlManager)
<h17>: [2023-02-26 20:29:39,574] INFO [Controller 17] Unfenced broker: UnfenceBrokerRecord(id=13, epoch=14) (org.apache.kafka.controller.ClusterControlManager)
<h17>: [2023-02-26 20:29:39,574] INFO [Controller 17] Unfenced broker: UnfenceBrokerRecord(id=3, epoch=7) (org.apache.kafka.controller.ClusterControlManager)
<h17>: [2023-02-26 20:29:39,575] INFO [Controller 17] Unfenced broker: UnfenceBrokerRecord(id=10, epoch=8) (org.apache.kafka.controller.ClusterControlManager)
<h17>: [2023-02-26 20:29:39,575] INFO [Controller 17] Unfenced broker: UnfenceBrokerRecord(id=12, epoch=4) (org.apache.kafka.controller.ClusterControlManager)
<h17>: [2023-02-26 20:29:39,575] INFO [Controller 17] Unfenced broker: UnfenceBrokerRecord(id=6, epoch=2) (org.apache.kafka.controller.ClusterControlManager)
<h17>: [2023-02-26 20:29:39,644] INFO [Controller 17] Registered new broker: RegisterBrokerRecord(brokerId=15, incarnationId=rimofCmQTV-dFYcy3Xgu1g, brokerEpoch=20, endPoints=[BrokerEndpoint(name='PLAINTEXT', host='10.0.0.15', port=9092, securityProtocol=0)], features=[], rack=null, fenced=true) (org.apache.kafka.controller.ClusterControlManager)
<h17>: [2023-02-26 20:29:39,644] INFO [Controller 17] Registered new broker: RegisterBrokerRecord(brokerId=17, incarnationId=3wYalzwcT9iEiHhlAZ1NlA, brokerEpoch=21, endPoints=[BrokerEndpoint(name='PLAINTEXT', host='10.0.0.17', port=9092, securityProtocol=0)], features=[], rack=null, fenced=true) (org.apache.kafka.controller.ClusterControlManager)
<h17>: [2023-02-26 20:29:39,644] INFO [Controller 17] Registered new broker: RegisterBrokerRecord(brokerId=18, incarnationId=t-_qwTjGR92U33fDvvL8kQ, brokerEpoch=22, endPoints=[BrokerEndpoint(name='PLAINTEXT', host='10.0.0.18', port=9092, securityProtocol=0)], features=[], rack=null, fenced=true) (org.apache.kafka.controller.ClusterControlManager)
<h17>: [2023-02-26 20:29:39,644] INFO [Controller 17] Registered new broker: RegisterBrokerRecord(brokerId=14, incarnationId=r3uoR0x-Tnq2UoG47-pYnA, brokerEpoch=23, endPoints=[BrokerEndpoint(name='PLAINTEXT', host='10.0.0.14', port=9092, securityProtocol=0)], features=[], rack=null, fenced=true) (org.apache.kafka.controller.ClusterControlManager)
<h17>: [2023-02-26 20:29:39,644] INFO [Controller 17] Registered new broker: RegisterBrokerRecord(brokerId=16, incarnationId=hjwCXEURRIaUSK9mevc7GA, brokerEpoch=24, endPoints=[BrokerEndpoint(name='PLAINTEXT', host='10.0.0.16', port=9092, securityProtocol=0)], features=[], rack=null, fenced=true) (org.apache.kafka.controller.ClusterControlManager)
<h17>: [2023-02-26 20:29:39,674] INFO [BrokerLifecycleManager id=17] The broker has caught up. Transitioning from STARTING to RECOVERY. (kafka.server.BrokerLifecycleManager)
<h17>: [2023-02-26 20:29:39,677] INFO [BrokerMetadataListener id=17] Starting to publish metadata events at offset 24. (kafka.server.metadata.BrokerMetadataListener)
<h17>: [2023-02-26 20:29:39,678] INFO [BrokerMetadataPublisher id=17] Publishing initial metadata at offset OffsetAndEpoch(offset=24, epoch=1). (kafka.server.metadata.BrokerMetadataPublisher)
<h17>: [2023-02-26 20:29:39,679] INFO Loading logs from log dirs ArraySeq(/home/visitor/neves/amnis-data-sync/./kafka-3.1.0/logs/kafka17) (kafka.log.LogManager)
<h17>: [2023-02-26 20:29:39,680] INFO Attempting recovery for all logs in /home/visitor/neves/amnis-data-sync/./kafka-3.1.0/logs/kafka17 since no clean shutdown file was found (kafka.log.LogManager)
<h17>: [2023-02-26 20:29:39,689] INFO Loaded 0 logs in 10ms. (kafka.log.LogManager)
<h17>: [2023-02-26 20:29:39,689] INFO Starting log cleanup with a period of 300000 ms. (kafka.log.LogManager)
<h17>: [2023-02-26 20:29:39,699] INFO [BrokerLifecycleManager id=17] The broker is in RECOVERY. (kafka.server.BrokerLifecycleManager)
<h17>: [2023-02-26 20:29:39,709] INFO Starting log flusher with a default period of 9223372036854775807 ms. (kafka.log.LogManager)
<h17>: [2023-02-26 20:29:39,895] INFO [GroupCoordinator 17]: Starting up. (kafka.coordinator.group.GroupCoordinator)
<h17>: [2023-02-26 20:29:39,897] INFO [LogDirFailureHandler]: Starting (kafka.server.ReplicaManager$LogDirFailureHandler)
<h17>: [2023-02-26 20:29:39,912] INFO [GroupCoordinator 17]: Startup complete. (kafka.coordinator.group.GroupCoordinator)
<h17>: [2023-02-26 20:29:39,922] INFO [TransactionCoordinator id=17] Starting up. (kafka.coordinator.transaction.TransactionCoordinator)
<h17>: [2023-02-26 20:29:39,940] INFO [TransactionCoordinator id=17] Startup complete. (kafka.coordinator.transaction.TransactionCoordinator)
<h17>: [2023-02-26 20:29:39,995] INFO KafkaConfig values: 
<h17>: 	advertised.listeners = PLAINTEXT://10.0.0.17:9092
<h17>: 	alter.config.policy.class.name = null
<h17>: 	alter.log.dirs.replication.quota.window.num = 11
<h17>: 	alter.log.dirs.replication.quota.window.size.seconds = 1
<h17>: 	authorizer.class.name = 
<h17>: 	auto.create.topics.enable = true
<h17>: 	auto.leader.rebalance.enable = true
<h17>: 	background.threads = 10
<h17>: 	broker.heartbeat.interval.ms = 2000
<h17>: 	broker.id = 17
<h17>: 	broker.id.generation.enable = true
<h17>: 	broker.rack = null
<h17>: 	broker.session.timeout.ms = 120000
<h17>: 	client.quota.callback.class = null
<h17>: 	compression.type = producer
<h17>: 	connection.failed.authentication.delay.ms = 100
<h17>: 	connections.max.idle.ms = 600000
<h17>: 	connections.max.reauth.ms = 0
<h17>: 	control.plane.listener.name = null
<h17>: 	controlled.shutdown.enable = true
<h17>: 	controlled.shutdown.max.retries = 3
<h17>: 	controlled.shutdown.retry.backoff.ms = 5000
<h17>: 	controller.listener.names = CONTROLLER
<h17>: 	controller.quorum.append.linger.ms = 25
<h17>: 	controller.quorum.election.backoff.max.ms = 10000
<h17>: 	controller.quorum.election.timeout.ms = 10000
<h17>: 	controller.quorum.fetch.timeout.ms = 20000
<h17>: 	controller.quorum.request.timeout.ms = 120000
<h17>: 	controller.quorum.retry.backoff.ms = 20
<h17>: 	controller.quorum.voters = [1@10.0.0.1:19092, 2@10.0.0.2:19093, 3@10.0.0.3:19094, 4@10.0.0.4:19095, 5@10.0.0.5:19096, 6@10.0.0.6:19097, 7@10.0.0.7:19098, 8@10.0.0.8:19099, 9@10.0.0.9:19100, 10@10.0.0.10:19101, 11@10.0.0.11:19102, 12@10.0.0.12:19103, 13@10.0.0.13:19104, 14@10.0.0.14:19105, 15@10.0.0.15:19106, 16@10.0.0.16:19107, 17@10.0.0.17:19108, 18@10.0.0.18:19109, 19@10.0.0.19:19110, 20@10.0.0.20:19111:9093]
<h17>: 	controller.quota.window.num = 11
<h17>: 	controller.quota.window.size.seconds = 1
<h17>: 	controller.socket.timeout.ms = 300000
<h17>: 	create.topic.policy.class.name = null
<h17>: 	default.replication.factor = 1
<h17>: 	delegation.token.expiry.check.interval.ms = 3600000
<h17>: 	delegation.token.expiry.time.ms = 86400000
<h17>: 	delegation.token.master.key = null
<h17>: 	delegation.token.max.lifetime.ms = 604800000
<h17>: 	delegation.token.secret.key = null
<h17>: 	delete.records.purgatory.purge.interval.requests = 1
<h17>: 	delete.topic.enable = true
<h17>: 	fetch.max.bytes = 57671680
<h17>: 	fetch.purgatory.purge.interval.requests = 1000
<h17>: 	group.initial.rebalance.delay.ms = 3000
<h17>: 	group.max.session.timeout.ms = 1800000
<h17>: 	group.max.size = 2147483647
<h17>: 	group.min.session.timeout.ms = 6000
<h17>: 	initial.broker.registration.timeout.ms = 180000
<h17>: 	inter.broker.listener.name = PLAINTEXT
<h17>: 	inter.broker.protocol.version = 3.1-IV0
<h17>: 	kafka.metrics.polling.interval.secs = 10
<h17>: 	kafka.metrics.reporters = []
<h17>: 	leader.imbalance.check.interval.seconds = 300
<h17>: 	leader.imbalance.per.broker.percentage = 10
<h17>: 	listener.security.protocol.map = PLAINTEXT:PLAINTEXT,SSL:SSL,SASL_PLAINTEXT:SASL_PLAINTEXT,SASL_SSL:SASL_SSL
<h17>: 	listeners = PLAINTEXT://:9092,CONTROLLER://10.0.0.17:19108
<h17>: 	log.cleaner.backoff.ms = 15000
<h17>: 	log.cleaner.dedupe.buffer.size = 134217728
<h17>: 	log.cleaner.delete.retention.ms = 86400000
<h17>: 	log.cleaner.enable = true
<h17>: 	log.cleaner.io.buffer.load.factor = 0.9
<h17>: 	log.cleaner.io.buffer.size = 524288
<h17>: 	log.cleaner.io.max.bytes.per.second = 1.7976931348623157E308
<h17>: 	log.cleaner.max.compaction.lag.ms = 9223372036854775807
<h17>: 	log.cleaner.min.cleanable.ratio = 0.5
<h17>: 	log.cleaner.min.compaction.lag.ms = 0
<h17>: 	log.cleaner.threads = 1
<h17>: 	log.cleanup.policy = [delete]
<h17>: 	log.dir = /tmp/kafka-logs
<h17>: 	log.dirs = ./kafka-3.1.0/logs/kafka17
<h17>: 	log.flush.interval.messages = 9223372036854775807
<h17>: 	log.flush.interval.ms = null
<h17>: 	log.flush.offset.checkpoint.interval.ms = 60000
<h17>: 	log.flush.scheduler.interval.ms = 9223372036854775807
<h17>: 	log.flush.start.offset.checkpoint.interval.ms = 60000
<h17>: 	log.index.interval.bytes = 4096
<h17>: 	log.index.size.max.bytes = 10485760
<h17>: 	log.message.downconversion.enable = true
<h17>: 	log.message.format.version = 3.0-IV1
<h17>: 	log.message.timestamp.difference.max.ms = 9223372036854775807
<h17>: 	log.message.timestamp.type = CreateTime
<h17>: 	log.preallocate = false
<h17>: 	log.retention.bytes = -1
<h17>: 	log.retention.check.interval.ms = 300000
<h17>: 	log.retention.hours = 168
<h17>: 	log.retention.minutes = null
<h17>: 	log.retention.ms = null
<h17>: 	log.roll.hours = 168
<h17>: 	log.roll.jitter.hours = 0
<h17>: 	log.roll.jitter.ms = null
<h17>: 	log.roll.ms = null
<h17>: 	log.segment.bytes = 1073741824
<h17>: 	log.segment.delete.delay.ms = 60000
<h17>: 	max.connection.creation.rate = 2147483647
<h17>: 	max.connections = 2147483647
<h17>: 	max.connections.per.ip = 2147483647
<h17>: 	max.connections.per.ip.overrides = 
<h17>: 	max.incremental.fetch.session.cache.slots = 1000
<h17>: 	message.max.bytes = 1048588
<h17>: 	metadata.log.dir = null
<h17>: 	metadata.log.max.record.bytes.between.snapshots = 20971520
<h17>: 	metadata.log.segment.bytes = 1073741824
<h17>: 	metadata.log.segment.min.bytes = 8388608
<h17>: 	metadata.log.segment.ms = 604800000
<h17>: 	metadata.max.retention.bytes = -1
<h17>: 	metadata.max.retention.ms = 604800000
<h17>: 	metric.reporters = []
<h17>: 	metrics.num.samples = 2
<h17>: 	metrics.recording.level = INFO
<h17>: 	metrics.sample.window.ms = 30000
<h17>: 	min.insync.replicas = 1
<h17>: 	node.id = 17
<h17>: 	num.io.threads = 8
<h17>: 	num.network.threads = 3
<h17>: 	num.partitions = 1
<h17>: 	num.recovery.threads.per.data.dir = 1
<h17>: 	num.replica.alter.log.dirs.threads = null
<h17>: 	num.replica.fetchers = 1
<h17>: 	offset.metadata.max.bytes = 4096
<h17>: 	offsets.commit.required.acks = -1
<h17>: 	offsets.commit.timeout.ms = 5000
<h17>: 	offsets.load.buffer.size = 5242880
<h17>: 	offsets.retention.check.interval.ms = 600000
<h17>: 	offsets.retention.minutes = 10080
<h17>: 	offsets.topic.compression.codec = 0
<h17>: 	offsets.topic.num.partitions = 50
<h17>: 	offsets.topic.replication.factor = 1
<h17>: 	offsets.topic.segment.bytes = 104857600
<h17>: 	password.encoder.cipher.algorithm = AES/CBC/PKCS5Padding
<h17>: 	password.encoder.iterations = 4096
<h17>: 	password.encoder.key.length = 128
<h17>: 	password.encoder.keyfactory.algorithm = null
<h17>: 	password.encoder.old.secret = null
<h17>: 	password.encoder.secret = null
<h17>: 	principal.builder.class = class org.apache.kafka.common.security.authenticator.DefaultKafkaPrincipalBuilder
<h17>: 	process.roles = [broker, controller]
<h17>: 	producer.purgatory.purge.interval.requests = 1000
<h17>: 	queued.max.request.bytes = -1
<h17>: 	queued.max.requests = 500
<h17>: 	quota.window.num = 11
<h17>: 	quota.window.size.seconds = 1
<h17>: 	remote.log.index.file.cache.total.size.bytes = 1073741824
<h17>: 	remote.log.manager.task.interval.ms = 30000
<h17>: 	remote.log.manager.task.retry.backoff.max.ms = 30000
<h17>: 	remote.log.manager.task.retry.backoff.ms = 500
<h17>: 	remote.log.manager.task.retry.jitter = 0.2
<h17>: 	remote.log.manager.thread.pool.size = 10
<h17>: 	remote.log.metadata.manager.class.name = null
<h17>: 	remote.log.metadata.manager.class.path = null
<h17>: 	remote.log.metadata.manager.impl.prefix = null
<h17>: 	remote.log.metadata.manager.listener.name = null
<h17>: 	remote.log.reader.max.pending.tasks = 100
<h17>: 	remote.log.reader.threads = 10
<h17>: 	remote.log.storage.manager.class.name = null
<h17>: 	remote.log.storage.manager.class.path = null
<h17>: 	remote.log.storage.manager.impl.prefix = null
<h17>: 	remote.log.storage.system.enable = false
<h17>: 	replica.fetch.backoff.ms = 1000
<h17>: 	replica.fetch.max.bytes = 1048576
<h17>: 	replica.fetch.min.bytes = 1
<h17>: 	replica.fetch.response.max.bytes = 10485760
<h17>: 	replica.fetch.wait.max.ms = 500
<h17>: 	replica.high.watermark.checkpoint.interval.ms = 5000
<h17>: 	replica.lag.time.max.ms = 30000
<h17>: 	replica.selector.class = null
<h17>: 	replica.socket.receive.buffer.bytes = 65536
<h17>: 	replica.socket.timeout.ms = 30000
<h17>: 	replication.quota.window.num = 11
<h17>: 	replication.quota.window.size.seconds = 1
<h17>: 	request.timeout.ms = 300000
<h17>: 	reserved.broker.max.id = 1000
<h17>: 	sasl.client.callback.handler.class = null
<h17>: 	sasl.enabled.mechanisms = [GSSAPI]
<h17>: 	sasl.jaas.config = null
<h17>: 	sasl.kerberos.kinit.cmd = /usr/bin/kinit
<h17>: 	sasl.kerberos.min.time.before.relogin = 60000
<h17>: 	sasl.kerberos.principal.to.local.rules = [DEFAULT]
<h17>: 	sasl.kerberos.service.name = null
<h17>: 	sasl.kerberos.ticket.renew.jitter = 0.05
<h17>: 	sasl.kerberos.ticket.renew.window.factor = 0.8
<h17>: 	sasl.login.callback.handler.class = null
<h17>: 	sasl.login.class = null
<h17>: 	sasl.login.connect.timeout.ms = null
<h17>: 	sasl.login.read.timeout.ms = null
<h17>: 	sasl.login.refresh.buffer.seconds = 300
<h17>: 	sasl.login.refresh.min.period.seconds = 60
<h17>: 	sasl.login.refresh.window.factor = 0.8
<h17>: 	sasl.login.refresh.window.jitter = 0.05
<h17>: 	sasl.login.retry.backoff.max.ms = 10000
<h17>: 	sasl.login.retry.backoff.ms = 100
<h17>: 	sasl.mechanism.controller.protocol = GSSAPI
<h17>: 	sasl.mechanism.inter.broker.protocol = GSSAPI
<h17>: 	sasl.oauthbearer.clock.skew.seconds = 30
<h17>: 	sasl.oauthbearer.expected.audience = null
<h17>: 	sasl.oauthbearer.expected.issuer = null
<h17>: 	sasl.oauthbearer.jwks.endpoint.refresh.ms = 3600000
<h17>: 	sasl.oauthbearer.jwks.endpoint.retry.backoff.max.ms = 10000
<h17>: 	sasl.oauthbearer.jwks.endpoint.retry.backoff.ms = 100
<h17>: 	sasl.oauthbearer.jwks.endpoint.url = null
<h17>: 	sasl.oauthbearer.scope.claim.name = scope
<h17>: 	sasl.oauthbearer.sub.claim.name = sub
<h17>: 	sasl.oauthbearer.token.endpoint.url = null
<h17>: 	sasl.server.callback.handler.class = null
<h17>: 	security.inter.broker.protocol = PLAINTEXT
<h17>: 	security.providers = null
<h17>: 	socket.connection.setup.timeout.max.ms = 300000
<h17>: 	socket.connection.setup.timeout.ms = 120000
<h17>: 	socket.receive.buffer.bytes = 102400
<h17>: 	socket.request.max.bytes = 104857600
<h17>: 	socket.send.buffer.bytes = 102400
<h17>: 	ssl.cipher.suites = []
<h17>: 	ssl.client.auth = none
<h17>: 	ssl.enabled.protocols = [TLSv1.2, TLSv1.3]
<h17>: 	ssl.endpoint.identification.algorithm = https
<h17>: 	ssl.engine.factory.class = null
<h17>: 	ssl.key.password = null
<h17>: 	ssl.keymanager.algorithm = SunX509
<h17>: 	ssl.keystore.certificate.chain = null
<h17>: 	ssl.keystore.key = null
<h17>: 	ssl.keystore.location = null
<h17>: 	ssl.keystore.password = null
<h17>: 	ssl.keystore.type = JKS
<h17>: 	ssl.principal.mapping.rules = DEFAULT
<h17>: 	ssl.protocol = TLSv1.3
<h17>: 	ssl.provider = null
<h17>: 	ssl.secure.random.implementation = null
<h17>: 	ssl.trustmanager.algorithm = PKIX
<h17>: 	ssl.truststore.certificates = null
<h17>: 	ssl.truststore.location = null
<h17>: 	ssl.truststore.password = null
<h17>: 	ssl.truststore.type = JKS
<h17>: 	transaction.abort.timed.out.transaction.cleanup.interval.ms = 10000
<h17>: 	transaction.max.timeout.ms = 900000
<h17>: 	transaction.remove.expired.transaction.cleanup.interval.ms = 3600000
<h17>: 	transaction.state.log.load.buffer.size = 5242880
<h17>: 	transaction.state.log.min.isr = 1
<h17>: 	transaction.state.log.num.partitions = 50
<h17>: 	transaction.state.log.replication.factor = 1
<h17>: 	transaction.state.log.segment.bytes = 104857600
<h17>: 	transactional.id.expiration.ms = 604800000
<h17>: 	unclean.leader.election.enable = false
<h17>: 	zookeeper.clientCnxnSocket = null
<h17>: 	zookeeper.connect = null
<h17>: 	zookeeper.connection.timeout.ms = null
<h17>: 	zookeeper.max.in.flight.requests = 10
<h17>: 	zookeeper.session.timeout.ms = 18000
<h17>: 	zookeeper.set.acl = false
<h17>: 	zookeeper.ssl.cipher.suites = null
<h17>: 	zookeeper.ssl.client.enable = false
<h17>: 	zookeeper.ssl.crl.enable = false
<h17>: 	zookeeper.ssl.enabled.protocols = null
<h17>: 	zookeeper.ssl.endpoint.identification.algorithm = HTTPS
<h17>: 	zookeeper.ssl.keystore.location = null
<h17>: 	zookeeper.ssl.keystore.password = null
<h17>: 	zookeeper.ssl.keystore.type = null
<h17>: 	zookeeper.ssl.ocsp.enable = false
<h17>: 	zookeeper.ssl.protocol = TLSv1.2
<h17>: 	zookeeper.ssl.truststore.location = null
<h17>: 	zookeeper.ssl.truststore.password = null
<h17>: 	zookeeper.ssl.truststore.type = null
<h17>: 	zookeeper.sync.time.ms = 2000
<h17>:  (kafka.server.KafkaConfig)
<h17>: [2023-02-26 20:29:40,002] INFO [SocketServer listenerType=BROKER, nodeId=17] Starting socket server acceptors and processors (kafka.network.SocketServer)
<h17>: [2023-02-26 20:29:40,032] INFO [SocketServer listenerType=BROKER, nodeId=17] Started data-plane acceptor and processor(s) for endpoint : ListenerName(PLAINTEXT) (kafka.network.SocketServer)
<h17>: [2023-02-26 20:29:40,032] INFO [SocketServer listenerType=BROKER, nodeId=17] Started socket server acceptors and processors (kafka.network.SocketServer)
<h17>: [2023-02-26 20:29:40,033] INFO [BrokerServer id=17] Transition from STARTING to STARTED (kafka.server.BrokerServer)
<h17>: [2023-02-26 20:29:40,033] INFO Kafka version: 3.1.0 (org.apache.kafka.common.utils.AppInfoParser)
<h17>: [2023-02-26 20:29:40,033] INFO Kafka commitId: unknown (org.apache.kafka.common.utils.AppInfoParser)
<h17>: [2023-02-26 20:29:40,033] INFO Kafka startTimeMs: 1677457780033 (org.apache.kafka.common.utils.AppInfoParser)
<h17>: [2023-02-26 20:29:40,035] INFO [Transaction Marker Channel Manager 17]: Starting (kafka.coordinator.transaction.TransactionMarkerChannelManager)
<h17>: [2023-02-26 20:29:40,035] INFO Kafka Server started (kafka.server.KafkaRaftServer)
<h17>: [2023-02-26 20:29:40,040] INFO [BrokerLifecycleManager id=17] The broker is in RECOVERY. (kafka.server.BrokerLifecycleManager)
<h17>: [2023-02-26 20:29:40,475] INFO [Controller 17] Registered new broker: RegisterBrokerRecord(brokerId=19, incarnationId=xwO9ZQBTRxqwhQWRK5nRmQ, brokerEpoch=25, endPoints=[BrokerEndpoint(name='PLAINTEXT', host='10.0.0.19', port=9092, securityProtocol=0)], features=[], rack=null, fenced=true) (org.apache.kafka.controller.ClusterControlManager)
<h17>: [2023-02-26 20:29:41,026] INFO [Controller 17] Unfenced broker: UnfenceBrokerRecord(id=19, epoch=25) (org.apache.kafka.controller.ClusterControlManager)
<h17>: [2023-02-26 20:29:41,548] INFO [Controller 17] Unfenced broker: UnfenceBrokerRecord(id=4, epoch=11) (org.apache.kafka.controller.ClusterControlManager)
<h17>: [2023-02-26 20:29:41,548] INFO [Controller 17] Unfenced broker: UnfenceBrokerRecord(id=7, epoch=3) (org.apache.kafka.controller.ClusterControlManager)
<h17>: [2023-02-26 20:29:41,548] INFO [Controller 17] Unfenced broker: UnfenceBrokerRecord(id=2, epoch=5) (org.apache.kafka.controller.ClusterControlManager)
<h17>: [2023-02-26 20:29:41,548] INFO [Controller 17] Unfenced broker: UnfenceBrokerRecord(id=5, epoch=6) (org.apache.kafka.controller.ClusterControlManager)
<h17>: [2023-02-26 20:29:41,548] INFO [Controller 17] Unfenced broker: UnfenceBrokerRecord(id=8, epoch=9) (org.apache.kafka.controller.ClusterControlManager)
<h17>: [2023-02-26 20:29:41,548] INFO [Controller 17] Unfenced broker: UnfenceBrokerRecord(id=11, epoch=12) (org.apache.kafka.controller.ClusterControlManager)
<h17>: [2023-02-26 20:29:41,548] INFO [Controller 17] Unfenced broker: UnfenceBrokerRecord(id=9, epoch=10) (org.apache.kafka.controller.ClusterControlManager)
<h17>: [2023-02-26 20:29:42,220] INFO [BrokerLifecycleManager id=17] The broker has been unfenced. Transitioning from RECOVERY to RUNNING. (kafka.server.BrokerLifecycleManager)
<h17>: [2023-02-26 20:29:42,825] INFO [Controller 17] Unfenced broker: UnfenceBrokerRecord(id=17, epoch=21) (org.apache.kafka.controller.ClusterControlManager)
<h17>: [2023-02-26 20:29:42,825] INFO [Controller 17] Unfenced broker: UnfenceBrokerRecord(id=14, epoch=23) (org.apache.kafka.controller.ClusterControlManager)
<h17>: [2023-02-26 20:29:42,826] INFO [Controller 17] Unfenced broker: UnfenceBrokerRecord(id=16, epoch=24) (org.apache.kafka.controller.ClusterControlManager)
<h17>: [2023-02-26 20:29:42,826] INFO [Controller 17] Unfenced broker: UnfenceBrokerRecord(id=15, epoch=20) (org.apache.kafka.controller.ClusterControlManager)
<h17>: [2023-02-26 20:29:42,826] INFO [Controller 17] Unfenced broker: UnfenceBrokerRecord(id=18, epoch=22) (org.apache.kafka.controller.ClusterControlManager)
<h17>: [2023-02-26 20:29:51,721] INFO [RaftManager nodeId=17] Vote request VoteRequestData(clusterId='JmL9ihFRQmSabrNWrYSpjg', topics=[TopicData(topicName='__cluster_metadata', partitions=[PartitionData(partitionIndex=0, candidateEpoch=1, candidateId=20, lastOffsetEpoch=0, lastOffset=0)])]) with epoch 1 is rejected (org.apache.kafka.raft.KafkaRaftClient)
<h17>: [2023-02-26 20:29:52,501] INFO [Controller 17] Registered new broker: RegisterBrokerRecord(brokerId=20, incarnationId=dDGA3CuHTBykH0pzUbhwmA, brokerEpoch=39, endPoints=[BrokerEndpoint(name='PLAINTEXT', host='10.0.0.20', port=9092, securityProtocol=0)], features=[], rack=null, fenced=true) (org.apache.kafka.controller.ClusterControlManager)
<h17>: [2023-02-26 20:29:53,438] INFO [Controller 17] Unfenced broker: UnfenceBrokerRecord(id=20, epoch=39) (org.apache.kafka.controller.ClusterControlManager)
<h17>: [2023-02-26 20:29:53,444] INFO [Controller 17] Created topic topic-1 with topic ID dVvmnTbzTJCZyuFN1c_dog. (org.apache.kafka.controller.ReplicationControlManager)
<h17>: [2023-02-26 20:29:53,444] INFO [Controller 17] Created partition topic-1-0 with topic ID dVvmnTbzTJCZyuFN1c_dog and PartitionRegistration(replicas=[14, 15, 16, 17, 18, 19, 20, 1, 2, 3, 4, 5, 6, 7, 8, 9, 10, 11, 12, 13], isr=[14, 15, 16, 17, 18, 19, 20, 1, 2, 3, 4, 5, 6, 7, 8, 9, 10, 11, 12, 13], removingReplicas=[], addingReplicas=[], leader=14, leaderEpoch=0, partitionEpoch=0). (org.apache.kafka.controller.ReplicationControlManager)
<h17>: [2023-02-26 20:29:53,631] INFO [LogLoader partition=topic-1-0, dir=/home/visitor/neves/amnis-data-sync/./kafka-3.1.0/logs/kafka17] Loading producer state till offset 0 with message format version 2 (kafka.log.UnifiedLog$)
<h17>: [2023-02-26 20:29:53,649] INFO Created log for partition topic-1-0 in /home/visitor/neves/amnis-data-sync/./kafka-3.1.0/logs/kafka17/topic-1-0 with properties {} (kafka.log.LogManager)
<h17>: [2023-02-26 20:29:53,651] INFO [Partition topic-1-0 broker=17] No checkpointed highwatermark is found for partition topic-1-0 (kafka.cluster.Partition)
<h17>: [2023-02-26 20:29:53,651] INFO [Partition topic-1-0 broker=17] Log loaded for partition topic-1-0 with initial high watermark 0 (kafka.cluster.Partition)
<h17>: [2023-02-26 20:29:53,684] INFO [ReplicaFetcherManager on broker 17] Removed fetcher for partitions Set(topic-1-0) (kafka.server.ReplicaFetcherManager)
<h17>: [2023-02-26 20:29:53,897] INFO [ReplicaFetcherManager on broker 17] Added fetcher to broker 14 for partitions HashMap(topic-1-0 -> InitialFetchState(Some(dVvmnTbzTJCZyuFN1c_dog),BrokerEndPoint(id=14, host=10.0.0.14:9092),0,0)) (kafka.server.ReplicaFetcherManager)
<h17>: [2023-02-26 20:29:53,913] INFO [ReplicaFetcher replicaId=17, leaderId=14, fetcherId=0] Starting (kafka.server.ReplicaFetcherThread)
<h17>: [2023-02-26 20:29:53,919] INFO [ReplicaFetcher replicaId=17, leaderId=14, fetcherId=0] Truncating partition topic-1-0 with TruncationState(offset=0, completed=true) due to local high watermark 0 (kafka.server.ReplicaFetcherThread)
<h17>: [2023-02-26 20:29:53,938] INFO [UnifiedLog partition=topic-1-0, dir=/home/visitor/neves/amnis-data-sync/./kafka-3.1.0/logs/kafka17] Truncating to 0 has no effect as the largest offset in the log is -1 (kafka.log.UnifiedLog)
<h17>: [2023-02-26 20:29:54,148] INFO Sent auto-creation request for Set(__consumer_offsets) to the active controller. (kafka.server.DefaultAutoTopicCreationManager)
<h17>: [2023-02-26 20:29:54,246] INFO Sent auto-creation request for Set(__consumer_offsets) to the active controller. (kafka.server.DefaultAutoTopicCreationManager)
<h17>: [2023-02-26 20:29:54,406] INFO [Controller 17] ConfigResource(type=TOPIC, name='__consumer_offsets'): set configuration compression.type to producer (org.apache.kafka.controller.ConfigurationControlManager)
<h17>: [2023-02-26 20:29:54,406] INFO [Controller 17] ConfigResource(type=TOPIC, name='__consumer_offsets'): set configuration cleanup.policy to compact (org.apache.kafka.controller.ConfigurationControlManager)
<h17>: [2023-02-26 20:29:54,406] INFO [Controller 17] ConfigResource(type=TOPIC, name='__consumer_offsets'): set configuration segment.bytes to 104857600 (org.apache.kafka.controller.ConfigurationControlManager)
<h17>: [2023-02-26 20:29:54,406] INFO [Controller 17] Created topic __consumer_offsets with topic ID gs35a5FWTyyJLPclII7hIA. (org.apache.kafka.controller.ReplicationControlManager)
<h17>: [2023-02-26 20:29:54,407] INFO [Controller 17] Created partition __consumer_offsets-0 with topic ID gs35a5FWTyyJLPclII7hIA and PartitionRegistration(replicas=[4], isr=[4], removingReplicas=[], addingReplicas=[], leader=4, leaderEpoch=0, partitionEpoch=0). (org.apache.kafka.controller.ReplicationControlManager)
<h17>: [2023-02-26 20:29:54,407] INFO [Controller 17] Created partition __consumer_offsets-1 with topic ID gs35a5FWTyyJLPclII7hIA and PartitionRegistration(replicas=[5], isr=[5], removingReplicas=[], addingReplicas=[], leader=5, leaderEpoch=0, partitionEpoch=0). (org.apache.kafka.controller.ReplicationControlManager)
<h17>: [2023-02-26 20:29:54,407] INFO [Controller 17] Created partition __consumer_offsets-2 with topic ID gs35a5FWTyyJLPclII7hIA and PartitionRegistration(replicas=[6], isr=[6], removingReplicas=[], addingReplicas=[], leader=6, leaderEpoch=0, partitionEpoch=0). (org.apache.kafka.controller.ReplicationControlManager)
<h17>: [2023-02-26 20:29:54,407] INFO [Controller 17] Created partition __consumer_offsets-3 with topic ID gs35a5FWTyyJLPclII7hIA and PartitionRegistration(replicas=[7], isr=[7], removingReplicas=[], addingReplicas=[], leader=7, leaderEpoch=0, partitionEpoch=0). (org.apache.kafka.controller.ReplicationControlManager)
<h17>: [2023-02-26 20:29:54,407] INFO [Controller 17] Created partition __consumer_offsets-4 with topic ID gs35a5FWTyyJLPclII7hIA and PartitionRegistration(replicas=[8], isr=[8], removingReplicas=[], addingReplicas=[], leader=8, leaderEpoch=0, partitionEpoch=0). (org.apache.kafka.controller.ReplicationControlManager)
<h17>: [2023-02-26 20:29:54,407] INFO [Controller 17] Created partition __consumer_offsets-5 with topic ID gs35a5FWTyyJLPclII7hIA and PartitionRegistration(replicas=[9], isr=[9], removingReplicas=[], addingReplicas=[], leader=9, leaderEpoch=0, partitionEpoch=0). (org.apache.kafka.controller.ReplicationControlManager)
<h17>: [2023-02-26 20:29:54,407] INFO [Controller 17] Created partition __consumer_offsets-6 with topic ID gs35a5FWTyyJLPclII7hIA and PartitionRegistration(replicas=[10], isr=[10], removingReplicas=[], addingReplicas=[], leader=10, leaderEpoch=0, partitionEpoch=0). (org.apache.kafka.controller.ReplicationControlManager)
<h17>: [2023-02-26 20:29:54,407] INFO [Controller 17] Created partition __consumer_offsets-7 with topic ID gs35a5FWTyyJLPclII7hIA and PartitionRegistration(replicas=[11], isr=[11], removingReplicas=[], addingReplicas=[], leader=11, leaderEpoch=0, partitionEpoch=0). (org.apache.kafka.controller.ReplicationControlManager)
<h17>: [2023-02-26 20:29:54,407] INFO [Controller 17] Created partition __consumer_offsets-8 with topic ID gs35a5FWTyyJLPclII7hIA and PartitionRegistration(replicas=[12], isr=[12], removingReplicas=[], addingReplicas=[], leader=12, leaderEpoch=0, partitionEpoch=0). (org.apache.kafka.controller.ReplicationControlManager)
<h17>: [2023-02-26 20:29:54,407] INFO [Controller 17] Created partition __consumer_offsets-9 with topic ID gs35a5FWTyyJLPclII7hIA and PartitionRegistration(replicas=[13], isr=[13], removingReplicas=[], addingReplicas=[], leader=13, leaderEpoch=0, partitionEpoch=0). (org.apache.kafka.controller.ReplicationControlManager)
<h17>: [2023-02-26 20:29:54,407] INFO [Controller 17] Created partition __consumer_offsets-10 with topic ID gs35a5FWTyyJLPclII7hIA and PartitionRegistration(replicas=[14], isr=[14], removingReplicas=[], addingReplicas=[], leader=14, leaderEpoch=0, partitionEpoch=0). (org.apache.kafka.controller.ReplicationControlManager)
<h17>: [2023-02-26 20:29:54,407] INFO [Controller 17] Created partition __consumer_offsets-11 with topic ID gs35a5FWTyyJLPclII7hIA and PartitionRegistration(replicas=[15], isr=[15], removingReplicas=[], addingReplicas=[], leader=15, leaderEpoch=0, partitionEpoch=0). (org.apache.kafka.controller.ReplicationControlManager)
<h17>: [2023-02-26 20:29:54,407] INFO [Controller 17] Created partition __consumer_offsets-12 with topic ID gs35a5FWTyyJLPclII7hIA and PartitionRegistration(replicas=[16], isr=[16], removingReplicas=[], addingReplicas=[], leader=16, leaderEpoch=0, partitionEpoch=0). (org.apache.kafka.controller.ReplicationControlManager)
<h17>: [2023-02-26 20:29:54,407] INFO [Controller 17] Created partition __consumer_offsets-13 with topic ID gs35a5FWTyyJLPclII7hIA and PartitionRegistration(replicas=[17], isr=[17], removingReplicas=[], addingReplicas=[], leader=17, leaderEpoch=0, partitionEpoch=0). (org.apache.kafka.controller.ReplicationControlManager)
<h17>: [2023-02-26 20:29:54,408] INFO [Controller 17] Created partition __consumer_offsets-14 with topic ID gs35a5FWTyyJLPclII7hIA and PartitionRegistration(replicas=[18], isr=[18], removingReplicas=[], addingReplicas=[], leader=18, leaderEpoch=0, partitionEpoch=0). (org.apache.kafka.controller.ReplicationControlManager)
<h17>: [2023-02-26 20:29:54,408] INFO [Controller 17] Created partition __consumer_offsets-15 with topic ID gs35a5FWTyyJLPclII7hIA and PartitionRegistration(replicas=[19], isr=[19], removingReplicas=[], addingReplicas=[], leader=19, leaderEpoch=0, partitionEpoch=0). (org.apache.kafka.controller.ReplicationControlManager)
<h17>: [2023-02-26 20:29:54,408] INFO [Controller 17] Created partition __consumer_offsets-16 with topic ID gs35a5FWTyyJLPclII7hIA and PartitionRegistration(replicas=[20], isr=[20], removingReplicas=[], addingReplicas=[], leader=20, leaderEpoch=0, partitionEpoch=0). (org.apache.kafka.controller.ReplicationControlManager)
<h17>: [2023-02-26 20:29:54,408] INFO [Controller 17] Created partition __consumer_offsets-17 with topic ID gs35a5FWTyyJLPclII7hIA and PartitionRegistration(replicas=[1], isr=[1], removingReplicas=[], addingReplicas=[], leader=1, leaderEpoch=0, partitionEpoch=0). (org.apache.kafka.controller.ReplicationControlManager)
<h17>: [2023-02-26 20:29:54,412] INFO [ReplicaFetcherManager on broker 17] Removed fetcher for partitions Set(__consumer_offsets-13, __consumer_offsets-46, __consumer_offsets-34) (kafka.server.ReplicaFetcherManager)
<h17>: [2023-02-26 20:29:54,424] INFO [Controller 17] Created partition __consumer_offsets-18 with topic ID gs35a5FWTyyJLPclII7hIA and PartitionRegistration(replicas=[2], isr=[2], removingReplicas=[], addingReplicas=[], leader=2, leaderEpoch=0, partitionEpoch=0). (org.apache.kafka.controller.ReplicationControlManager)
<h17>: [2023-02-26 20:29:54,424] INFO [Controller 17] Created partition __consumer_offsets-19 with topic ID gs35a5FWTyyJLPclII7hIA and PartitionRegistration(replicas=[3], isr=[3], removingReplicas=[], addingReplicas=[], leader=3, leaderEpoch=0, partitionEpoch=0). (org.apache.kafka.controller.ReplicationControlManager)
<h17>: [2023-02-26 20:29:54,425] INFO [Controller 17] Created partition __consumer_offsets-20 with topic ID gs35a5FWTyyJLPclII7hIA and PartitionRegistration(replicas=[7], isr=[7], removingReplicas=[], addingReplicas=[], leader=7, leaderEpoch=0, partitionEpoch=0). (org.apache.kafka.controller.ReplicationControlManager)
<h17>: [2023-02-26 20:29:54,425] INFO [Controller 17] Created partition __consumer_offsets-21 with topic ID gs35a5FWTyyJLPclII7hIA and PartitionRegistration(replicas=[10], isr=[10], removingReplicas=[], addingReplicas=[], leader=10, leaderEpoch=0, partitionEpoch=0). (org.apache.kafka.controller.ReplicationControlManager)
<h17>: [2023-02-26 20:29:54,425] INFO [Controller 17] Created partition __consumer_offsets-22 with topic ID gs35a5FWTyyJLPclII7hIA and PartitionRegistration(replicas=[20], isr=[20], removingReplicas=[], addingReplicas=[], leader=20, leaderEpoch=0, partitionEpoch=0). (org.apache.kafka.controller.ReplicationControlManager)
<h17>: [2023-02-26 20:29:54,425] INFO [Controller 17] Created partition __consumer_offsets-23 with topic ID gs35a5FWTyyJLPclII7hIA and PartitionRegistration(replicas=[1], isr=[1], removingReplicas=[], addingReplicas=[], leader=1, leaderEpoch=0, partitionEpoch=0). (org.apache.kafka.controller.ReplicationControlManager)
<h17>: [2023-02-26 20:29:54,425] INFO [Controller 17] Created partition __consumer_offsets-24 with topic ID gs35a5FWTyyJLPclII7hIA and PartitionRegistration(replicas=[4], isr=[4], removingReplicas=[], addingReplicas=[], leader=4, leaderEpoch=0, partitionEpoch=0). (org.apache.kafka.controller.ReplicationControlManager)
<h17>: [2023-02-26 20:29:54,425] INFO [Controller 17] Created partition __consumer_offsets-25 with topic ID gs35a5FWTyyJLPclII7hIA and PartitionRegistration(replicas=[9], isr=[9], removingReplicas=[], addingReplicas=[], leader=9, leaderEpoch=0, partitionEpoch=0). (org.apache.kafka.controller.ReplicationControlManager)
<h17>: [2023-02-26 20:29:54,425] INFO [Controller 17] Created partition __consumer_offsets-26 with topic ID gs35a5FWTyyJLPclII7hIA and PartitionRegistration(replicas=[18], isr=[18], removingReplicas=[], addingReplicas=[], leader=18, leaderEpoch=0, partitionEpoch=0). (org.apache.kafka.controller.ReplicationControlManager)
<h17>: [2023-02-26 20:29:54,425] INFO [Controller 17] Created partition __consumer_offsets-27 with topic ID gs35a5FWTyyJLPclII7hIA and PartitionRegistration(replicas=[16], isr=[16], removingReplicas=[], addingReplicas=[], leader=16, leaderEpoch=0, partitionEpoch=0). (org.apache.kafka.controller.ReplicationControlManager)
<h17>: [2023-02-26 20:29:54,434] INFO [Controller 17] Created partition __consumer_offsets-28 with topic ID gs35a5FWTyyJLPclII7hIA and PartitionRegistration(replicas=[6], isr=[6], removingReplicas=[], addingReplicas=[], leader=6, leaderEpoch=0, partitionEpoch=0). (org.apache.kafka.controller.ReplicationControlManager)
<h17>: [2023-02-26 20:29:54,434] INFO [Controller 17] Created partition __consumer_offsets-29 with topic ID gs35a5FWTyyJLPclII7hIA and PartitionRegistration(replicas=[12], isr=[12], removingReplicas=[], addingReplicas=[], leader=12, leaderEpoch=0, partitionEpoch=0). (org.apache.kafka.controller.ReplicationControlManager)
<h17>: [2023-02-26 20:29:54,434] INFO [Controller 17] Created partition __consumer_offsets-30 with topic ID gs35a5FWTyyJLPclII7hIA and PartitionRegistration(replicas=[14], isr=[14], removingReplicas=[], addingReplicas=[], leader=14, leaderEpoch=0, partitionEpoch=0). (org.apache.kafka.controller.ReplicationControlManager)
<h17>: [2023-02-26 20:29:54,434] INFO [Controller 17] Created partition __consumer_offsets-31 with topic ID gs35a5FWTyyJLPclII7hIA and PartitionRegistration(replicas=[8], isr=[8], removingReplicas=[], addingReplicas=[], leader=8, leaderEpoch=0, partitionEpoch=0). (org.apache.kafka.controller.ReplicationControlManager)
<h17>: [2023-02-26 20:29:54,434] INFO [Controller 17] Created partition __consumer_offsets-32 with topic ID gs35a5FWTyyJLPclII7hIA and PartitionRegistration(replicas=[5], isr=[5], removingReplicas=[], addingReplicas=[], leader=5, leaderEpoch=0, partitionEpoch=0). (org.apache.kafka.controller.ReplicationControlManager)
<h17>: [2023-02-26 20:29:54,434] INFO [Controller 17] Created partition __consumer_offsets-33 with topic ID gs35a5FWTyyJLPclII7hIA and PartitionRegistration(replicas=[19], isr=[19], removingReplicas=[], addingReplicas=[], leader=19, leaderEpoch=0, partitionEpoch=0). (org.apache.kafka.controller.ReplicationControlManager)
<h17>: [2023-02-26 20:29:54,434] INFO [Controller 17] Created partition __consumer_offsets-34 with topic ID gs35a5FWTyyJLPclII7hIA and PartitionRegistration(replicas=[17], isr=[17], removingReplicas=[], addingReplicas=[], leader=17, leaderEpoch=0, partitionEpoch=0). (org.apache.kafka.controller.ReplicationControlManager)
<h17>: [2023-02-26 20:29:54,434] INFO [Controller 17] Created partition __consumer_offsets-35 with topic ID gs35a5FWTyyJLPclII7hIA and PartitionRegistration(replicas=[11], isr=[11], removingReplicas=[], addingReplicas=[], leader=11, leaderEpoch=0, partitionEpoch=0). (org.apache.kafka.controller.ReplicationControlManager)
<h17>: [2023-02-26 20:29:54,434] INFO [Controller 17] Created partition __consumer_offsets-36 with topic ID gs35a5FWTyyJLPclII7hIA and PartitionRegistration(replicas=[3], isr=[3], removingReplicas=[], addingReplicas=[], leader=3, leaderEpoch=0, partitionEpoch=0). (org.apache.kafka.controller.ReplicationControlManager)
<h17>: [2023-02-26 20:29:54,434] INFO [Controller 17] Created partition __consumer_offsets-37 with topic ID gs35a5FWTyyJLPclII7hIA and PartitionRegistration(replicas=[2], isr=[2], removingReplicas=[], addingReplicas=[], leader=2, leaderEpoch=0, partitionEpoch=0). (org.apache.kafka.controller.ReplicationControlManager)
<h17>: [2023-02-26 20:29:54,434] INFO [Controller 17] Created partition __consumer_offsets-38 with topic ID gs35a5FWTyyJLPclII7hIA and PartitionRegistration(replicas=[15], isr=[15], removingReplicas=[], addingReplicas=[], leader=15, leaderEpoch=0, partitionEpoch=0). (org.apache.kafka.controller.ReplicationControlManager)
<h17>: [2023-02-26 20:29:54,435] INFO [Controller 17] Created partition __consumer_offsets-39 with topic ID gs35a5FWTyyJLPclII7hIA and PartitionRegistration(replicas=[13], isr=[13], removingReplicas=[], addingReplicas=[], leader=13, leaderEpoch=0, partitionEpoch=0). (org.apache.kafka.controller.ReplicationControlManager)
<h17>: [2023-02-26 20:29:54,435] INFO [Controller 17] Created partition __consumer_offsets-40 with topic ID gs35a5FWTyyJLPclII7hIA and PartitionRegistration(replicas=[13], isr=[13], removingReplicas=[], addingReplicas=[], leader=13, leaderEpoch=0, partitionEpoch=0). (org.apache.kafka.controller.ReplicationControlManager)
<h17>: [2023-02-26 20:29:54,435] INFO [Controller 17] Created partition __consumer_offsets-41 with topic ID gs35a5FWTyyJLPclII7hIA and PartitionRegistration(replicas=[8], isr=[8], removingReplicas=[], addingReplicas=[], leader=8, leaderEpoch=0, partitionEpoch=0). (org.apache.kafka.controller.ReplicationControlManager)
<h17>: [2023-02-26 20:29:54,435] INFO [Controller 17] Created partition __consumer_offsets-42 with topic ID gs35a5FWTyyJLPclII7hIA and PartitionRegistration(replicas=[12], isr=[12], removingReplicas=[], addingReplicas=[], leader=12, leaderEpoch=0, partitionEpoch=0). (org.apache.kafka.controller.ReplicationControlManager)
<h17>: [2023-02-26 20:29:54,435] INFO [Controller 17] Created partition __consumer_offsets-43 with topic ID gs35a5FWTyyJLPclII7hIA and PartitionRegistration(replicas=[6], isr=[6], removingReplicas=[], addingReplicas=[], leader=6, leaderEpoch=0, partitionEpoch=0). (org.apache.kafka.controller.ReplicationControlManager)
<h17>: [2023-02-26 20:29:54,435] INFO [Controller 17] Created partition __consumer_offsets-44 with topic ID gs35a5FWTyyJLPclII7hIA and PartitionRegistration(replicas=[10], isr=[10], removingReplicas=[], addingReplicas=[], leader=10, leaderEpoch=0, partitionEpoch=0). (org.apache.kafka.controller.ReplicationControlManager)
<h17>: [2023-02-26 20:29:54,435] INFO [Controller 17] Created partition __consumer_offsets-45 with topic ID gs35a5FWTyyJLPclII7hIA and PartitionRegistration(replicas=[3], isr=[3], removingReplicas=[], addingReplicas=[], leader=3, leaderEpoch=0, partitionEpoch=0). (org.apache.kafka.controller.ReplicationControlManager)
<h17>: [2023-02-26 20:29:54,435] INFO [Controller 17] Created partition __consumer_offsets-46 with topic ID gs35a5FWTyyJLPclII7hIA and PartitionRegistration(replicas=[17], isr=[17], removingReplicas=[], addingReplicas=[], leader=17, leaderEpoch=0, partitionEpoch=0). (org.apache.kafka.controller.ReplicationControlManager)
<h17>: [2023-02-26 20:29:54,435] INFO [Controller 17] Created partition __consumer_offsets-47 with topic ID gs35a5FWTyyJLPclII7hIA and PartitionRegistration(replicas=[7], isr=[7], removingReplicas=[], addingReplicas=[], leader=7, leaderEpoch=0, partitionEpoch=0). (org.apache.kafka.controller.ReplicationControlManager)
<h17>: [2023-02-26 20:29:54,435] INFO [Controller 17] Created partition __consumer_offsets-48 with topic ID gs35a5FWTyyJLPclII7hIA and PartitionRegistration(replicas=[11], isr=[11], removingReplicas=[], addingReplicas=[], leader=11, leaderEpoch=0, partitionEpoch=0). (org.apache.kafka.controller.ReplicationControlManager)
<h17>: [2023-02-26 20:29:54,435] INFO [Controller 17] Created partition __consumer_offsets-49 with topic ID gs35a5FWTyyJLPclII7hIA and PartitionRegistration(replicas=[1], isr=[1], removingReplicas=[], addingReplicas=[], leader=1, leaderEpoch=0, partitionEpoch=0). (org.apache.kafka.controller.ReplicationControlManager)
<h17>: [2023-02-26 20:29:54,431] INFO [LogLoader partition=__consumer_offsets-13, dir=/home/visitor/neves/amnis-data-sync/./kafka-3.1.0/logs/kafka17] Loading producer state till offset 0 with message format version 2 (kafka.log.UnifiedLog$)
<h17>: [2023-02-26 20:29:54,466] INFO Created log for partition __consumer_offsets-13 in /home/visitor/neves/amnis-data-sync/./kafka-3.1.0/logs/kafka17/__consumer_offsets-13 with properties {cleanup.policy=compact, compression.type="producer", segment.bytes=104857600} (kafka.log.LogManager)
<h17>: [2023-02-26 20:29:54,466] INFO [Partition __consumer_offsets-13 broker=17] No checkpointed highwatermark is found for partition __consumer_offsets-13 (kafka.cluster.Partition)
<h17>: [2023-02-26 20:29:54,466] INFO [Partition __consumer_offsets-13 broker=17] Log loaded for partition __consumer_offsets-13 with initial high watermark 0 (kafka.cluster.Partition)
<h17>: [2023-02-26 20:29:54,703] INFO [LogLoader partition=__consumer_offsets-46, dir=/home/visitor/neves/amnis-data-sync/./kafka-3.1.0/logs/kafka17] Loading producer state till offset 0 with message format version 2 (kafka.log.UnifiedLog$)
<h17>: [2023-02-26 20:29:54,706] INFO Created log for partition __consumer_offsets-46 in /home/visitor/neves/amnis-data-sync/./kafka-3.1.0/logs/kafka17/__consumer_offsets-46 with properties {cleanup.policy=compact, compression.type="producer", segment.bytes=104857600} (kafka.log.LogManager)
<h17>: [2023-02-26 20:29:54,706] INFO [Partition __consumer_offsets-46 broker=17] No checkpointed highwatermark is found for partition __consumer_offsets-46 (kafka.cluster.Partition)
<h17>: [2023-02-26 20:29:54,707] INFO [Partition __consumer_offsets-46 broker=17] Log loaded for partition __consumer_offsets-46 with initial high watermark 0 (kafka.cluster.Partition)
<h17>: [2023-02-26 20:29:54,906] INFO [LogLoader partition=__consumer_offsets-34, dir=/home/visitor/neves/amnis-data-sync/./kafka-3.1.0/logs/kafka17] Loading producer state till offset 0 with message format version 2 (kafka.log.UnifiedLog$)
<h17>: [2023-02-26 20:29:54,907] INFO Created log for partition __consumer_offsets-34 in /home/visitor/neves/amnis-data-sync/./kafka-3.1.0/logs/kafka17/__consumer_offsets-34 with properties {cleanup.policy=compact, compression.type="producer", segment.bytes=104857600} (kafka.log.LogManager)
<h17>: [2023-02-26 20:29:54,907] INFO [Partition __consumer_offsets-34 broker=17] No checkpointed highwatermark is found for partition __consumer_offsets-34 (kafka.cluster.Partition)
<h17>: [2023-02-26 20:29:54,907] INFO [Partition __consumer_offsets-34 broker=17] Log loaded for partition __consumer_offsets-34 with initial high watermark 0 (kafka.cluster.Partition)
<h17>: [2023-02-26 20:29:55,106] INFO [GroupCoordinator 17]: Elected as the group coordinator for partition 13 in epoch 0 (kafka.coordinator.group.GroupCoordinator)
<h17>: [2023-02-26 20:29:55,107] INFO [GroupMetadataManager brokerId=17] Scheduling loading of offsets and group metadata from __consumer_offsets-13 for epoch 0 (kafka.coordinator.group.GroupMetadataManager)
<h17>: [2023-02-26 20:29:55,108] INFO [GroupCoordinator 17]: Elected as the group coordinator for partition 46 in epoch 0 (kafka.coordinator.group.GroupCoordinator)
<h17>: [2023-02-26 20:29:55,108] INFO [GroupMetadataManager brokerId=17] Scheduling loading of offsets and group metadata from __consumer_offsets-46 for epoch 0 (kafka.coordinator.group.GroupMetadataManager)
<h17>: [2023-02-26 20:29:55,108] INFO [GroupCoordinator 17]: Elected as the group coordinator for partition 34 in epoch 0 (kafka.coordinator.group.GroupCoordinator)
<h17>: [2023-02-26 20:29:55,108] INFO [GroupMetadataManager brokerId=17] Scheduling loading of offsets and group metadata from __consumer_offsets-34 for epoch 0 (kafka.coordinator.group.GroupMetadataManager)
<h17>: [2023-02-26 20:29:55,121] INFO [GroupMetadataManager brokerId=17] Finished loading offsets and group metadata from __consumer_offsets-13 in 13 milliseconds for epoch 0, of which 10 milliseconds was spent in the scheduler. (kafka.coordinator.group.GroupMetadataManager)
<h17>: [2023-02-26 20:29:55,122] INFO [GroupMetadataManager brokerId=17] Finished loading offsets and group metadata from __consumer_offsets-46 in 14 milliseconds for epoch 0, of which 14 milliseconds was spent in the scheduler. (kafka.coordinator.group.GroupMetadataManager)
<h17>: [2023-02-26 20:29:55,122] INFO [GroupMetadataManager brokerId=17] Finished loading offsets and group metadata from __consumer_offsets-34 in 14 milliseconds for epoch 0, of which 14 milliseconds was spent in the scheduler. (kafka.coordinator.group.GroupMetadataManager)
<h17>: [2023-02-26 20:29:55,227] INFO [GroupCoordinator 17]: Dynamic Member with unknown member id joins group group-19 in Empty state. Created a new member id kafka-python-2.0.2-913ce9c4-2b11-443c-89c3-0a379074f287 for this member and add to the group. (kafka.coordinator.group.GroupCoordinator)
<h17>: [2023-02-26 20:29:55,237] INFO [GroupCoordinator 17]: Preparing to rebalance group group-19 in state PreparingRebalance with old generation 0 (__consumer_offsets-34) (reason: Adding new member kafka-python-2.0.2-913ce9c4-2b11-443c-89c3-0a379074f287 with group instance id None) (kafka.coordinator.group.GroupCoordinator)
<h17>: [2023-02-26 20:29:58,249] INFO [GroupCoordinator 17]: Stabilized group group-19 generation 1 (__consumer_offsets-34) with 1 members (kafka.coordinator.group.GroupCoordinator)
<h17>: [2023-02-26 20:29:58,273] INFO [GroupCoordinator 17]: Assignment received from leader kafka-python-2.0.2-913ce9c4-2b11-443c-89c3-0a379074f287 for group group-19 for generation 1. The group has 1 members, 0 of which are static. (kafka.coordinator.group.GroupCoordinator)
<h17>: [2023-02-26 20:31:59,949] INFO [Controller 17] Created topic topic-0 with topic ID pdlBKgLLRDWnsdzKZEnY7A. (org.apache.kafka.controller.ReplicationControlManager)
<h17>: [2023-02-26 20:31:59,949] INFO [Controller 17] Created partition topic-0-0 with topic ID pdlBKgLLRDWnsdzKZEnY7A and PartitionRegistration(replicas=[7], isr=[7], removingReplicas=[], addingReplicas=[], leader=7, leaderEpoch=0, partitionEpoch=0). (org.apache.kafka.controller.ReplicationControlManager)
<h17>: [2023-02-26 20:34:58,415] INFO [GroupCoordinator 17]: Preparing to rebalance group group-19 in state PreparingRebalance with old generation 1 (__consumer_offsets-34) (reason: Leader kafka-python-2.0.2-913ce9c4-2b11-443c-89c3-0a379074f287 re-joining group during Stable) (kafka.coordinator.group.GroupCoordinator)
<h17>: [2023-02-26 20:34:58,419] INFO [GroupCoordinator 17]: Stabilized group group-19 generation 2 (__consumer_offsets-34) with 1 members (kafka.coordinator.group.GroupCoordinator)
<h17>: [2023-02-26 20:34:58,429] INFO [GroupCoordinator 17]: Assignment received from leader kafka-python-2.0.2-913ce9c4-2b11-443c-89c3-0a379074f287 for group group-19 for generation 2. The group has 1 members, 0 of which are static. (kafka.coordinator.group.GroupCoordinator)
<h17>: [2023-02-26 20:37:13,139] INFO [RaftManager nodeId=17] Node 1 disconnected. (org.apache.kafka.clients.NetworkClient)
<h17>: [2023-02-26 20:37:13,139] INFO [BrokerToControllerChannelManager broker=17 name=forwarding] Node 1 disconnected. (org.apache.kafka.clients.NetworkClient)
<h17>: [2023-02-26 20:37:13,141] INFO [BrokerToControllerChannelManager broker=17 name=heartbeat] Node 1 disconnected. (org.apache.kafka.clients.NetworkClient)
<h17>: [2023-02-26 20:37:13,155] INFO [RaftManager nodeId=17] Cancelled in-flight FETCH request with correlation id 900 due to node 1 being disconnected (elapsed time since creation: 308ms, elapsed time since send: 308ms, request timeout: 120000ms) (org.apache.kafka.clients.NetworkClient)
<h17>: [2023-02-26 20:37:13,214] INFO [RaftManager nodeId=17] Node 1 disconnected. (org.apache.kafka.clients.NetworkClient)
<h17>: [2023-02-26 20:37:13,214] WARN [RaftManager nodeId=17] Connection to node 1 (/10.0.0.1:19092) could not be established. Broker may not be available. (org.apache.kafka.clients.NetworkClient)
<h17>: [2023-02-26 20:37:13,357] INFO [RaftManager nodeId=17] Node 1 disconnected. (org.apache.kafka.clients.NetworkClient)
<h17>: [2023-02-26 20:37:13,357] WARN [RaftManager nodeId=17] Connection to node 1 (/10.0.0.1:19092) could not be established. Broker may not be available. (org.apache.kafka.clients.NetworkClient)
<h17>: [2023-02-26 20:37:13,565] INFO [RaftManager nodeId=17] Node 1 disconnected. (org.apache.kafka.clients.NetworkClient)
<h17>: [2023-02-26 20:37:13,566] WARN [RaftManager nodeId=17] Connection to node 1 (/10.0.0.1:19092) could not be established. Broker may not be available. (org.apache.kafka.clients.NetworkClient)
<h17>: [2023-02-26 20:37:13,770] INFO [ReplicaFetcher replicaId=17, leaderId=14, fetcherId=0] Node 14 disconnected. (org.apache.kafka.clients.NetworkClient)
<h17>: [2023-02-26 20:37:13,770] INFO [ReplicaFetcher replicaId=17, leaderId=14, fetcherId=0] Cancelled in-flight FETCH request with correlation id 33349 due to node 14 being disconnected (elapsed time since creation: 307ms, elapsed time since send: 307ms, request timeout: 300000ms) (org.apache.kafka.clients.NetworkClient)
<h17>: [2023-02-26 20:37:13,770] INFO [ReplicaFetcher replicaId=17, leaderId=14, fetcherId=0] Client requested connection close from node 14 (org.apache.kafka.clients.NetworkClient)
<h17>: [2023-02-26 20:37:13,771] INFO [ReplicaFetcher replicaId=17, leaderId=14, fetcherId=0] Error sending fetch request (sessionId=229969448, epoch=33349) to node 14: (org.apache.kafka.clients.FetchSessionHandler)
<h17>: java.io.IOException: Connection to 14 was disconnected before the response was read
<h17>: 	at org.apache.kafka.clients.NetworkClientUtils.sendAndReceive(NetworkClientUtils.java:99)
<h17>: 	at kafka.server.ReplicaFetcherBlockingSend.sendRequest(ReplicaFetcherBlockingSend.scala:109)
<h17>: 	at kafka.server.ReplicaFetcherThread.fetchFromLeader(ReplicaFetcherThread.scala:219)
<h17>: 	at kafka.server.AbstractFetcherThread.processFetchRequest(AbstractFetcherThread.scala:322)
<h17>: 	at kafka.server.AbstractFetcherThread.$anonfun$maybeFetch$3(AbstractFetcherThread.scala:137)
<h17>: 	at kafka.server.AbstractFetcherThread.$anonfun$maybeFetch$3$adapted(AbstractFetcherThread.scala:136)
<h17>: 	at scala.Option.foreach(Option.scala:437)
<h17>: 	at kafka.server.AbstractFetcherThread.maybeFetch(AbstractFetcherThread.scala:136)
<h17>: 	at kafka.server.AbstractFetcherThread.doWork(AbstractFetcherThread.scala:119)
<h17>: 	at kafka.utils.ShutdownableThread.run(ShutdownableThread.scala:96)
<h17>: [2023-02-26 20:37:13,776] WARN [ReplicaFetcher replicaId=17, leaderId=14, fetcherId=0] Error in response for fetch request (type=FetchRequest, replicaId=17, maxWait=500, minBytes=1, maxBytes=10485760, fetchData={}, isolationLevel=READ_UNCOMMITTED, removed=, replaced=, metadata=(sessionId=229969448, epoch=33349), rackId=) (kafka.server.ReplicaFetcherThread)
<h17>: java.io.IOException: Connection to 14 was disconnected before the response was read
<h17>: 	at org.apache.kafka.clients.NetworkClientUtils.sendAndReceive(NetworkClientUtils.java:99)
<h17>: 	at kafka.server.ReplicaFetcherBlockingSend.sendRequest(ReplicaFetcherBlockingSend.scala:109)
<h17>: 	at kafka.server.ReplicaFetcherThread.fetchFromLeader(ReplicaFetcherThread.scala:219)
<h17>: 	at kafka.server.AbstractFetcherThread.processFetchRequest(AbstractFetcherThread.scala:322)
<h17>: 	at kafka.server.AbstractFetcherThread.$anonfun$maybeFetch$3(AbstractFetcherThread.scala:137)
<h17>: 	at kafka.server.AbstractFetcherThread.$anonfun$maybeFetch$3$adapted(AbstractFetcherThread.scala:136)
<h17>: 	at scala.Option.foreach(Option.scala:437)
<h17>: 	at kafka.server.AbstractFetcherThread.maybeFetch(AbstractFetcherThread.scala:136)
<h17>: 	at kafka.server.AbstractFetcherThread.doWork(AbstractFetcherThread.scala:119)
<h17>: 	at kafka.utils.ShutdownableThread.run(ShutdownableThread.scala:96)
