<h2>: [2023-02-26 20:29:20,412] INFO Registered kafka:type=kafka.Log4jController MBean (kafka.utils.Log4jControllerRegistration$)
<h2>: [2023-02-26 20:29:20,716] INFO Setting -D jdk.tls.rejectClientInitiatedRenegotiation=true to disable client-initiated TLS renegotiation (org.apache.zookeeper.common.X509Util)
<h2>: [2023-02-26 20:29:20,950] INFO [LogLoader partition=__cluster_metadata-0, dir=/home/visitor/neves/amnis-data-sync/./kafka-3.1.0/logs/kafka2] Loading producer state till offset 0 with message format version 2 (kafka.log.UnifiedLog$)
<h2>: [2023-02-26 20:29:20,950] INFO [LogLoader partition=__cluster_metadata-0, dir=/home/visitor/neves/amnis-data-sync/./kafka-3.1.0/logs/kafka2] Reloading from producer snapshot and rebuilding producer state from offset 0 (kafka.log.UnifiedLog$)
<h2>: [2023-02-26 20:29:20,951] INFO [LogLoader partition=__cluster_metadata-0, dir=/home/visitor/neves/amnis-data-sync/./kafka-3.1.0/logs/kafka2] Producer state recovery took 1ms for snapshot load and 0ms for segment recovery from offset 0 (kafka.log.UnifiedLog$)
<h2>: [2023-02-26 20:29:21,039] INFO [raft-expiration-reaper]: Starting (kafka.raft.TimingWheelExpirationService$ExpiredOperationReaper)
<h2>: [2023-02-26 20:29:21,273] INFO [RaftManager nodeId=2] Completed transition to Unattached(epoch=0, voters=[1, 2, 3, 4, 5, 6, 7, 8, 9, 10, 11, 12, 13, 14, 15, 16, 17, 18, 19, 20], electionTimeoutMs=17335) (org.apache.kafka.raft.QuorumState)
<h2>: [2023-02-26 20:29:21,304] INFO Registered signal handlers for TERM, INT, HUP (org.apache.kafka.common.utils.LoggingSignalHandler)
<h2>: [2023-02-26 20:29:21,310] INFO [kafka-raft-outbound-request-thread]: Starting (kafka.raft.RaftSendThread)
<h2>: [2023-02-26 20:29:21,310] INFO [kafka-raft-io-thread]: Starting (kafka.raft.KafkaRaftManager$RaftIoThread)
<h2>: [2023-02-26 20:29:21,311] INFO Starting controller (kafka.server.ControllerServer)
<h2>: [2023-02-26 20:29:21,662] INFO Updated connection-accept-rate max connection creation rate to 2147483647 (kafka.network.ConnectionQuotas)
<h2>: [2023-02-26 20:29:21,668] INFO Awaiting socket connections on 10.0.0.2:19093. (kafka.network.Acceptor)
<h2>: [2023-02-26 20:29:21,708] INFO [SocketServer listenerType=CONTROLLER, nodeId=2] Created data-plane acceptor and processors for endpoint : ListenerName(CONTROLLER) (kafka.network.SocketServer)
<h2>: [2023-02-26 20:29:21,734] INFO [RaftManager nodeId=2] Registered the listener org.apache.kafka.controller.QuorumController$QuorumMetaLogListener@1619066095 (org.apache.kafka.raft.KafkaRaftClient)
<h2>: [2023-02-26 20:29:21,741] INFO [ThrottledChannelReaper-Fetch]: Starting (kafka.server.ClientQuotaManager$ThrottledChannelReaper)
<h2>: [2023-02-26 20:29:21,742] INFO [ThrottledChannelReaper-Produce]: Starting (kafka.server.ClientQuotaManager$ThrottledChannelReaper)
<h2>: [2023-02-26 20:29:21,744] INFO [ThrottledChannelReaper-Request]: Starting (kafka.server.ClientQuotaManager$ThrottledChannelReaper)
<h2>: [2023-02-26 20:29:21,747] INFO [ThrottledChannelReaper-ControllerMutation]: Starting (kafka.server.ClientQuotaManager$ThrottledChannelReaper)
<h2>: [2023-02-26 20:29:21,771] INFO [ExpirationReaper-2-AlterAcls]: Starting (kafka.server.DelayedOperationPurgatory$ExpiredOperationReaper)
<h2>: [2023-02-26 20:29:21,778] INFO [SocketServer listenerType=CONTROLLER, nodeId=2] Starting socket server acceptors and processors (kafka.network.SocketServer)
<h2>: [2023-02-26 20:29:21,791] INFO [SocketServer listenerType=CONTROLLER, nodeId=2] Started data-plane acceptor and processor(s) for endpoint : ListenerName(CONTROLLER) (kafka.network.SocketServer)
<h2>: [2023-02-26 20:29:21,792] INFO [SocketServer listenerType=CONTROLLER, nodeId=2] Started socket server acceptors and processors (kafka.network.SocketServer)
<h2>: [2023-02-26 20:29:21,792] INFO [BrokerServer id=2] Transition from SHUTDOWN to STARTING (kafka.server.BrokerServer)
<h2>: [2023-02-26 20:29:21,793] INFO [BrokerServer id=2] Starting broker (kafka.server.BrokerServer)
<h2>: [2023-02-26 20:29:21,810] INFO [ThrottledChannelReaper-Fetch]: Starting (kafka.server.ClientQuotaManager$ThrottledChannelReaper)
<h2>: [2023-02-26 20:29:21,810] INFO [ThrottledChannelReaper-Produce]: Starting (kafka.server.ClientQuotaManager$ThrottledChannelReaper)
<h2>: [2023-02-26 20:29:21,810] INFO [ThrottledChannelReaper-Request]: Starting (kafka.server.ClientQuotaManager$ThrottledChannelReaper)
<h2>: [2023-02-26 20:29:21,810] INFO [ThrottledChannelReaper-ControllerMutation]: Starting (kafka.server.ClientQuotaManager$ThrottledChannelReaper)
<h2>: [2023-02-26 20:29:21,850] INFO [BrokerToControllerChannelManager broker=2 name=forwarding]: Starting (kafka.server.BrokerToControllerRequestThread)
<h2>: [2023-02-26 20:29:21,893] INFO Updated connection-accept-rate max connection creation rate to 2147483647 (kafka.network.ConnectionQuotas)
<h2>: [2023-02-26 20:29:21,893] INFO Awaiting socket connections on 0.0.0.0:9092. (kafka.network.Acceptor)
<h2>: [2023-02-26 20:29:21,902] INFO [SocketServer listenerType=BROKER, nodeId=2] Created data-plane acceptor and processors for endpoint : ListenerName(PLAINTEXT) (kafka.network.SocketServer)
<h2>: [2023-02-26 20:29:21,911] INFO [BrokerToControllerChannelManager broker=2 name=alterIsr]: Starting (kafka.server.BrokerToControllerRequestThread)
<h2>: [2023-02-26 20:29:21,936] INFO [ExpirationReaper-2-Fetch]: Starting (kafka.server.DelayedOperationPurgatory$ExpiredOperationReaper)
<h2>: [2023-02-26 20:29:21,933] INFO [ExpirationReaper-2-Produce]: Starting (kafka.server.DelayedOperationPurgatory$ExpiredOperationReaper)
<h2>: [2023-02-26 20:29:21,937] INFO [ExpirationReaper-2-DeleteRecords]: Starting (kafka.server.DelayedOperationPurgatory$ExpiredOperationReaper)
<h2>: [2023-02-26 20:29:21,937] INFO [ExpirationReaper-2-ElectLeader]: Starting (kafka.server.DelayedOperationPurgatory$ExpiredOperationReaper)
<h2>: [2023-02-26 20:29:21,959] INFO [ExpirationReaper-2-Heartbeat]: Starting (kafka.server.DelayedOperationPurgatory$ExpiredOperationReaper)
<h2>: [2023-02-26 20:29:21,959] INFO [ExpirationReaper-2-Rebalance]: Starting (kafka.server.DelayedOperationPurgatory$ExpiredOperationReaper)
<h2>: [2023-02-26 20:29:22,024] INFO [RaftManager nodeId=2] Registered the listener kafka.server.metadata.BrokerMetadataListener@1289568878 (org.apache.kafka.raft.KafkaRaftClient)
<h2>: [2023-02-26 20:29:22,028] INFO [BrokerLifecycleManager id=2] Incarnation muwjgDb5Qvu5EYbOfhl71A of broker 2 in cluster JmL9ihFRQmSabrNWrYSpjg is now STARTING. (kafka.server.BrokerLifecycleManager)
<h2>: [2023-02-26 20:29:22,028] INFO [BrokerToControllerChannelManager broker=2 name=heartbeat]: Starting (kafka.server.BrokerToControllerRequestThread)
<h2>: [2023-02-26 20:29:22,051] INFO [ExpirationReaper-2-AlterAcls]: Starting (kafka.server.DelayedOperationPurgatory$ExpiredOperationReaper)
<h2>: [2023-02-26 20:29:32,616] INFO [RaftManager nodeId=2] Completed transition to Unattached(epoch=1, voters=[1, 2, 3, 4, 5, 6, 7, 8, 9, 10, 11, 12, 13, 14, 15, 16, 17, 18, 19, 20], electionTimeoutMs=5921) (org.apache.kafka.raft.QuorumState)
<h2>: [2023-02-26 20:29:32,756] INFO [RaftManager nodeId=2] Completed transition to Voted(epoch=1, votedId=1, voters=[1, 2, 3, 4, 5, 6, 7, 8, 9, 10, 11, 12, 13, 14, 15, 16, 17, 18, 19, 20], electionTimeoutMs=17939) (org.apache.kafka.raft.QuorumState)
<h2>: [2023-02-26 20:29:32,757] INFO [RaftManager nodeId=2] Vote request VoteRequestData(clusterId='JmL9ihFRQmSabrNWrYSpjg', topics=[TopicData(topicName='__cluster_metadata', partitions=[PartitionData(partitionIndex=0, candidateEpoch=1, candidateId=1, lastOffsetEpoch=0, lastOffset=0)])]) with epoch 1 is granted (org.apache.kafka.raft.KafkaRaftClient)
<h2>: [2023-02-26 20:29:33,145] INFO [RaftManager nodeId=2] Completed transition to FollowerState(fetchTimeoutMs=20000, epoch=1, leaderId=1, voters=[1, 2, 3, 4, 5, 6, 7, 8, 9, 10, 11, 12, 13, 14, 15, 16, 17, 18, 19, 20], highWatermark=Optional.empty, fetchingSnapshot=Optional.empty) (org.apache.kafka.raft.QuorumState)
<h2>: [2023-02-26 20:29:33,170] INFO [BrokerToControllerChannelManager broker=2 name=alterIsr]: Recorded new controller, from now on will use broker 10.0.0.1:19092 (id: 1 rack: null) (kafka.server.BrokerToControllerRequestThread)
<h2>: [2023-02-26 20:29:33,173] INFO [BrokerToControllerChannelManager broker=2 name=heartbeat]: Recorded new controller, from now on will use broker 10.0.0.1:19092 (id: 1 rack: null) (kafka.server.BrokerToControllerRequestThread)
<h2>: [2023-02-26 20:29:33,205] INFO [BrokerToControllerChannelManager broker=2 name=forwarding]: Recorded new controller, from now on will use broker 10.0.0.1:19092 (id: 1 rack: null) (kafka.server.BrokerToControllerRequestThread)
<h2>: [2023-02-26 20:29:33,674] INFO [BrokerLifecycleManager id=2] Successfully registered broker 2 with broker epoch 5 (kafka.server.BrokerLifecycleManager)
<h2>: [2023-02-26 20:29:34,079] INFO [Controller 2] Registered new broker: RegisterBrokerRecord(brokerId=1, incarnationId=6rIgwvzsRMObLP09_LWn5A, brokerEpoch=0, endPoints=[BrokerEndpoint(name='PLAINTEXT', host='10.0.0.1', port=9092, securityProtocol=0)], features=[], rack=null, fenced=true) (org.apache.kafka.controller.ClusterControlManager)
<h2>: [2023-02-26 20:29:34,080] INFO [Controller 2] Registered new broker: RegisterBrokerRecord(brokerId=6, incarnationId=tWJGIuImQuOPSh9jHcvzcQ, brokerEpoch=2, endPoints=[BrokerEndpoint(name='PLAINTEXT', host='10.0.0.6', port=9092, securityProtocol=0)], features=[], rack=null, fenced=true) (org.apache.kafka.controller.ClusterControlManager)
<h2>: [2023-02-26 20:29:34,080] INFO [Controller 2] Registered new broker: RegisterBrokerRecord(brokerId=7, incarnationId=O1z5PGXXQRqq0Ox8ftec9w, brokerEpoch=3, endPoints=[BrokerEndpoint(name='PLAINTEXT', host='10.0.0.7', port=9092, securityProtocol=0)], features=[], rack=null, fenced=true) (org.apache.kafka.controller.ClusterControlManager)
<h2>: [2023-02-26 20:29:34,080] INFO [Controller 2] Registered new broker: RegisterBrokerRecord(brokerId=12, incarnationId=l7BYBuzYSheQw-kIzb6D2A, brokerEpoch=4, endPoints=[BrokerEndpoint(name='PLAINTEXT', host='10.0.0.12', port=9092, securityProtocol=0)], features=[], rack=null, fenced=true) (org.apache.kafka.controller.ClusterControlManager)
<h2>: [2023-02-26 20:29:34,080] INFO [Controller 2] Registered new broker: RegisterBrokerRecord(brokerId=2, incarnationId=muwjgDb5Qvu5EYbOfhl71A, brokerEpoch=5, endPoints=[BrokerEndpoint(name='PLAINTEXT', host='10.0.0.2', port=9092, securityProtocol=0)], features=[], rack=null, fenced=true) (org.apache.kafka.controller.ClusterControlManager)
<h2>: [2023-02-26 20:29:34,080] INFO [Controller 2] Registered new broker: RegisterBrokerRecord(brokerId=5, incarnationId=en4z4Pd0RhGZ9fpLM1HXJQ, brokerEpoch=6, endPoints=[BrokerEndpoint(name='PLAINTEXT', host='10.0.0.5', port=9092, securityProtocol=0)], features=[], rack=null, fenced=true) (org.apache.kafka.controller.ClusterControlManager)
<h2>: [2023-02-26 20:29:34,080] INFO [Controller 2] Registered new broker: RegisterBrokerRecord(brokerId=3, incarnationId=OLs9mZoTToi95TKnegOEug, brokerEpoch=7, endPoints=[BrokerEndpoint(name='PLAINTEXT', host='10.0.0.3', port=9092, securityProtocol=0)], features=[], rack=null, fenced=true) (org.apache.kafka.controller.ClusterControlManager)
<h2>: [2023-02-26 20:29:34,080] INFO [Controller 2] Registered new broker: RegisterBrokerRecord(brokerId=10, incarnationId=w_JJdsbjRIWECHGlzrAvtQ, brokerEpoch=8, endPoints=[BrokerEndpoint(name='PLAINTEXT', host='10.0.0.10', port=9092, securityProtocol=0)], features=[], rack=null, fenced=true) (org.apache.kafka.controller.ClusterControlManager)
<h2>: [2023-02-26 20:29:34,080] INFO [Controller 2] Registered new broker: RegisterBrokerRecord(brokerId=8, incarnationId=u0aWgOCAS92KIIb382hzZw, brokerEpoch=9, endPoints=[BrokerEndpoint(name='PLAINTEXT', host='10.0.0.8', port=9092, securityProtocol=0)], features=[], rack=null, fenced=true) (org.apache.kafka.controller.ClusterControlManager)
<h2>: [2023-02-26 20:29:34,080] INFO [Controller 2] Registered new broker: RegisterBrokerRecord(brokerId=9, incarnationId=DoHwaS4STcS5kiFGsI8DHg, brokerEpoch=10, endPoints=[BrokerEndpoint(name='PLAINTEXT', host='10.0.0.9', port=9092, securityProtocol=0)], features=[], rack=null, fenced=true) (org.apache.kafka.controller.ClusterControlManager)
<h2>: [2023-02-26 20:29:34,081] INFO [Controller 2] Registered new broker: RegisterBrokerRecord(brokerId=4, incarnationId=ysYN0e7DSYyNQOeizVdmXA, brokerEpoch=11, endPoints=[BrokerEndpoint(name='PLAINTEXT', host='10.0.0.4', port=9092, securityProtocol=0)], features=[], rack=null, fenced=true) (org.apache.kafka.controller.ClusterControlManager)
<h2>: [2023-02-26 20:29:34,081] INFO [Controller 2] Registered new broker: RegisterBrokerRecord(brokerId=11, incarnationId=vltlAgYgTRioxypHOQ8BSQ, brokerEpoch=12, endPoints=[BrokerEndpoint(name='PLAINTEXT', host='10.0.0.11', port=9092, securityProtocol=0)], features=[], rack=null, fenced=true) (org.apache.kafka.controller.ClusterControlManager)
<h2>: [2023-02-26 20:29:34,625] INFO [Controller 2] Unfenced broker: UnfenceBrokerRecord(id=1, epoch=0) (org.apache.kafka.controller.ClusterControlManager)
<h2>: [2023-02-26 20:29:35,231] INFO [Controller 2] Registered new broker: RegisterBrokerRecord(brokerId=13, incarnationId=ASDOl6kTROCykY11g3mL_A, brokerEpoch=14, endPoints=[BrokerEndpoint(name='PLAINTEXT', host='10.0.0.13', port=9092, securityProtocol=0)], features=[], rack=null, fenced=true) (org.apache.kafka.controller.ClusterControlManager)
<h2>: [2023-02-26 20:29:39,315] INFO [Controller 2] Unfenced broker: UnfenceBrokerRecord(id=13, epoch=14) (org.apache.kafka.controller.ClusterControlManager)
<h2>: [2023-02-26 20:29:39,316] INFO [Controller 2] Unfenced broker: UnfenceBrokerRecord(id=3, epoch=7) (org.apache.kafka.controller.ClusterControlManager)
<h2>: [2023-02-26 20:29:39,316] INFO [Controller 2] Unfenced broker: UnfenceBrokerRecord(id=10, epoch=8) (org.apache.kafka.controller.ClusterControlManager)
<h2>: [2023-02-26 20:29:39,316] INFO [Controller 2] Unfenced broker: UnfenceBrokerRecord(id=12, epoch=4) (org.apache.kafka.controller.ClusterControlManager)
<h2>: [2023-02-26 20:29:39,316] INFO [Controller 2] Unfenced broker: UnfenceBrokerRecord(id=6, epoch=2) (org.apache.kafka.controller.ClusterControlManager)
<h2>: [2023-02-26 20:29:39,920] INFO [Controller 2] Registered new broker: RegisterBrokerRecord(brokerId=15, incarnationId=rimofCmQTV-dFYcy3Xgu1g, brokerEpoch=20, endPoints=[BrokerEndpoint(name='PLAINTEXT', host='10.0.0.15', port=9092, securityProtocol=0)], features=[], rack=null, fenced=true) (org.apache.kafka.controller.ClusterControlManager)
<h2>: [2023-02-26 20:29:39,920] INFO [Controller 2] Registered new broker: RegisterBrokerRecord(brokerId=17, incarnationId=3wYalzwcT9iEiHhlAZ1NlA, brokerEpoch=21, endPoints=[BrokerEndpoint(name='PLAINTEXT', host='10.0.0.17', port=9092, securityProtocol=0)], features=[], rack=null, fenced=true) (org.apache.kafka.controller.ClusterControlManager)
<h2>: [2023-02-26 20:29:39,920] INFO [Controller 2] Registered new broker: RegisterBrokerRecord(brokerId=18, incarnationId=t-_qwTjGR92U33fDvvL8kQ, brokerEpoch=22, endPoints=[BrokerEndpoint(name='PLAINTEXT', host='10.0.0.18', port=9092, securityProtocol=0)], features=[], rack=null, fenced=true) (org.apache.kafka.controller.ClusterControlManager)
<h2>: [2023-02-26 20:29:39,920] INFO [Controller 2] Registered new broker: RegisterBrokerRecord(brokerId=14, incarnationId=r3uoR0x-Tnq2UoG47-pYnA, brokerEpoch=23, endPoints=[BrokerEndpoint(name='PLAINTEXT', host='10.0.0.14', port=9092, securityProtocol=0)], features=[], rack=null, fenced=true) (org.apache.kafka.controller.ClusterControlManager)
<h2>: [2023-02-26 20:29:39,920] INFO [Controller 2] Registered new broker: RegisterBrokerRecord(brokerId=16, incarnationId=hjwCXEURRIaUSK9mevc7GA, brokerEpoch=24, endPoints=[BrokerEndpoint(name='PLAINTEXT', host='10.0.0.16', port=9092, securityProtocol=0)], features=[], rack=null, fenced=true) (org.apache.kafka.controller.ClusterControlManager)
<h2>: [2023-02-26 20:29:40,431] INFO [Controller 2] Registered new broker: RegisterBrokerRecord(brokerId=19, incarnationId=xwO9ZQBTRxqwhQWRK5nRmQ, brokerEpoch=25, endPoints=[BrokerEndpoint(name='PLAINTEXT', host='10.0.0.19', port=9092, securityProtocol=0)], features=[], rack=null, fenced=true) (org.apache.kafka.controller.ClusterControlManager)
<h2>: [2023-02-26 20:29:40,444] INFO [BrokerLifecycleManager id=2] The broker has caught up. Transitioning from STARTING to RECOVERY. (kafka.server.BrokerLifecycleManager)
<h2>: [2023-02-26 20:29:40,448] INFO [BrokerMetadataListener id=2] Starting to publish metadata events at offset 25. (kafka.server.metadata.BrokerMetadataListener)
<h2>: [2023-02-26 20:29:40,450] INFO [BrokerMetadataPublisher id=2] Publishing initial metadata at offset OffsetAndEpoch(offset=25, epoch=1). (kafka.server.metadata.BrokerMetadataPublisher)
<h2>: [2023-02-26 20:29:40,451] INFO Loading logs from log dirs ArraySeq(/home/visitor/neves/amnis-data-sync/./kafka-3.1.0/logs/kafka2) (kafka.log.LogManager)
<h2>: [2023-02-26 20:29:40,452] INFO Attempting recovery for all logs in /home/visitor/neves/amnis-data-sync/./kafka-3.1.0/logs/kafka2 since no clean shutdown file was found (kafka.log.LogManager)
<h2>: [2023-02-26 20:29:40,474] INFO Loaded 0 logs in 23ms. (kafka.log.LogManager)
<h2>: [2023-02-26 20:29:40,479] INFO Starting log cleanup with a period of 300000 ms. (kafka.log.LogManager)
<h2>: [2023-02-26 20:29:40,481] INFO [BrokerLifecycleManager id=2] The broker is in RECOVERY. (kafka.server.BrokerLifecycleManager)
<h2>: [2023-02-26 20:29:40,485] INFO Starting log flusher with a default period of 9223372036854775807 ms. (kafka.log.LogManager)
<h2>: [2023-02-26 20:29:40,607] INFO [GroupCoordinator 2]: Starting up. (kafka.coordinator.group.GroupCoordinator)
<h2>: [2023-02-26 20:29:40,644] INFO [GroupCoordinator 2]: Startup complete. (kafka.coordinator.group.GroupCoordinator)
<h2>: [2023-02-26 20:29:40,645] INFO [TransactionCoordinator id=2] Starting up. (kafka.coordinator.transaction.TransactionCoordinator)
<h2>: [2023-02-26 20:29:40,648] INFO [TransactionCoordinator id=2] Startup complete. (kafka.coordinator.transaction.TransactionCoordinator)
<h2>: [2023-02-26 20:29:40,676] INFO [LogDirFailureHandler]: Starting (kafka.server.ReplicaManager$LogDirFailureHandler)
<h2>: [2023-02-26 20:29:40,694] INFO KafkaConfig values: 
<h2>: 	advertised.listeners = PLAINTEXT://10.0.0.2:9092
<h2>: 	alter.config.policy.class.name = null
<h2>: 	alter.log.dirs.replication.quota.window.num = 11
<h2>: 	alter.log.dirs.replication.quota.window.size.seconds = 1
<h2>: 	authorizer.class.name = 
<h2>: 	auto.create.topics.enable = true
<h2>: 	auto.leader.rebalance.enable = true
<h2>: 	background.threads = 10
<h2>: 	broker.heartbeat.interval.ms = 2000
<h2>: 	broker.id = 2
<h2>: 	broker.id.generation.enable = true
<h2>: 	broker.rack = null
<h2>: 	broker.session.timeout.ms = 120000
<h2>: 	client.quota.callback.class = null
<h2>: 	compression.type = producer
<h2>: 	connection.failed.authentication.delay.ms = 100
<h2>: 	connections.max.idle.ms = 600000
<h2>: 	connections.max.reauth.ms = 0
<h2>: 	control.plane.listener.name = null
<h2>: 	controlled.shutdown.enable = true
<h2>: 	controlled.shutdown.max.retries = 3
<h2>: 	controlled.shutdown.retry.backoff.ms = 5000
<h2>: 	controller.listener.names = CONTROLLER
<h2>: 	controller.quorum.append.linger.ms = 25
<h2>: 	controller.quorum.election.backoff.max.ms = 10000
<h2>: 	controller.quorum.election.timeout.ms = 10000
<h2>: 	controller.quorum.fetch.timeout.ms = 20000
<h2>: 	controller.quorum.request.timeout.ms = 120000
<h2>: 	controller.quorum.retry.backoff.ms = 20
<h2>: 	controller.quorum.voters = [1@10.0.0.1:19092, 2@10.0.0.2:19093, 3@10.0.0.3:19094, 4@10.0.0.4:19095, 5@10.0.0.5:19096, 6@10.0.0.6:19097, 7@10.0.0.7:19098, 8@10.0.0.8:19099, 9@10.0.0.9:19100, 10@10.0.0.10:19101, 11@10.0.0.11:19102, 12@10.0.0.12:19103, 13@10.0.0.13:19104, 14@10.0.0.14:19105, 15@10.0.0.15:19106, 16@10.0.0.16:19107, 17@10.0.0.17:19108, 18@10.0.0.18:19109, 19@10.0.0.19:19110, 20@10.0.0.20:19111:9093]
<h2>: 	controller.quota.window.num = 11
<h2>: 	controller.quota.window.size.seconds = 1
<h2>: 	controller.socket.timeout.ms = 300000
<h2>: 	create.topic.policy.class.name = null
<h2>: 	default.replication.factor = 1
<h2>: 	delegation.token.expiry.check.interval.ms = 3600000
<h2>: 	delegation.token.expiry.time.ms = 86400000
<h2>: 	delegation.token.master.key = null
<h2>: 	delegation.token.max.lifetime.ms = 604800000
<h2>: 	delegation.token.secret.key = null
<h2>: 	delete.records.purgatory.purge.interval.requests = 1
<h2>: 	delete.topic.enable = true
<h2>: 	fetch.max.bytes = 57671680
<h2>: 	fetch.purgatory.purge.interval.requests = 1000
<h2>: 	group.initial.rebalance.delay.ms = 3000
<h2>: 	group.max.session.timeout.ms = 1800000
<h2>: 	group.max.size = 2147483647
<h2>: 	group.min.session.timeout.ms = 6000
<h2>: 	initial.broker.registration.timeout.ms = 180000
<h2>: 	inter.broker.listener.name = PLAINTEXT
<h2>: 	inter.broker.protocol.version = 3.1-IV0
<h2>: 	kafka.metrics.polling.interval.secs = 10
<h2>: 	kafka.metrics.reporters = []
<h2>: 	leader.imbalance.check.interval.seconds = 300
<h2>: 	leader.imbalance.per.broker.percentage = 10
<h2>: 	listener.security.protocol.map = PLAINTEXT:PLAINTEXT,SSL:SSL,SASL_PLAINTEXT:SASL_PLAINTEXT,SASL_SSL:SASL_SSL
<h2>: 	listeners = PLAINTEXT://:9092,CONTROLLER://10.0.0.2:19093
<h2>: 	log.cleaner.backoff.ms = 15000
<h2>: 	log.cleaner.dedupe.buffer.size = 134217728
<h2>: 	log.cleaner.delete.retention.ms = 86400000
<h2>: 	log.cleaner.enable = true
<h2>: 	log.cleaner.io.buffer.load.factor = 0.9
<h2>: 	log.cleaner.io.buffer.size = 524288
<h2>: 	log.cleaner.io.max.bytes.per.second = 1.7976931348623157E308
<h2>: 	log.cleaner.max.compaction.lag.ms = 9223372036854775807
<h2>: 	log.cleaner.min.cleanable.ratio = 0.5
<h2>: 	log.cleaner.min.compaction.lag.ms = 0
<h2>: 	log.cleaner.threads = 1
<h2>: 	log.cleanup.policy = [delete]
<h2>: 	log.dir = /tmp/kafka-logs
<h2>: 	log.dirs = ./kafka-3.1.0/logs/kafka2
<h2>: 	log.flush.interval.messages = 9223372036854775807
<h2>: 	log.flush.interval.ms = null
<h2>: 	log.flush.offset.checkpoint.interval.ms = 60000
<h2>: 	log.flush.scheduler.interval.ms = 9223372036854775807
<h2>: 	log.flush.start.offset.checkpoint.interval.ms = 60000
<h2>: 	log.index.interval.bytes = 4096
<h2>: 	log.index.size.max.bytes = 10485760
<h2>: 	log.message.downconversion.enable = true
<h2>: 	log.message.format.version = 3.0-IV1
<h2>: 	log.message.timestamp.difference.max.ms = 9223372036854775807
<h2>: 	log.message.timestamp.type = CreateTime
<h2>: 	log.preallocate = false
<h2>: 	log.retention.bytes = -1
<h2>: 	log.retention.check.interval.ms = 300000
<h2>: 	log.retention.hours = 168
<h2>: 	log.retention.minutes = null
<h2>: 	log.retention.ms = null
<h2>: 	log.roll.hours = 168
<h2>: 	log.roll.jitter.hours = 0
<h2>: 	log.roll.jitter.ms = null
<h2>: 	log.roll.ms = null
<h2>: 	log.segment.bytes = 1073741824
<h2>: 	log.segment.delete.delay.ms = 60000
<h2>: 	max.connection.creation.rate = 2147483647
<h2>: 	max.connections = 2147483647
<h2>: 	max.connections.per.ip = 2147483647
<h2>: 	max.connections.per.ip.overrides = 
<h2>: 	max.incremental.fetch.session.cache.slots = 1000
<h2>: 	message.max.bytes = 1048588
<h2>: 	metadata.log.dir = null
<h2>: 	metadata.log.max.record.bytes.between.snapshots = 20971520
<h2>: 	metadata.log.segment.bytes = 1073741824
<h2>: 	metadata.log.segment.min.bytes = 8388608
<h2>: 	metadata.log.segment.ms = 604800000
<h2>: 	metadata.max.retention.bytes = -1
<h2>: 	metadata.max.retention.ms = 604800000
<h2>: 	metric.reporters = []
<h2>: 	metrics.num.samples = 2
<h2>: 	metrics.recording.level = INFO
<h2>: 	metrics.sample.window.ms = 30000
<h2>: 	min.insync.replicas = 1
<h2>: 	node.id = 2
<h2>: 	num.io.threads = 8
<h2>: 	num.network.threads = 3
<h2>: 	num.partitions = 1
<h2>: 	num.recovery.threads.per.data.dir = 1
<h2>: 	num.replica.alter.log.dirs.threads = null
<h2>: 	num.replica.fetchers = 1
<h2>: 	offset.metadata.max.bytes = 4096
<h2>: 	offsets.commit.required.acks = -1
<h2>: 	offsets.commit.timeout.ms = 5000
<h2>: 	offsets.load.buffer.size = 5242880
<h2>: 	offsets.retention.check.interval.ms = 600000
<h2>: 	offsets.retention.minutes = 10080
<h2>: 	offsets.topic.compression.codec = 0
<h2>: 	offsets.topic.num.partitions = 50
<h2>: 	offsets.topic.replication.factor = 1
<h2>: 	offsets.topic.segment.bytes = 104857600
<h2>: 	password.encoder.cipher.algorithm = AES/CBC/PKCS5Padding
<h2>: 	password.encoder.iterations = 4096
<h2>: 	password.encoder.key.length = 128
<h2>: 	password.encoder.keyfactory.algorithm = null
<h2>: 	password.encoder.old.secret = null
<h2>: 	password.encoder.secret = null
<h2>: 	principal.builder.class = class org.apache.kafka.common.security.authenticator.DefaultKafkaPrincipalBuilder
<h2>: 	process.roles = [broker, controller]
<h2>: 	producer.purgatory.purge.interval.requests = 1000
<h2>: 	queued.max.request.bytes = -1
<h2>: 	queued.max.requests = 500
<h2>: 	quota.window.num = 11
<h2>: 	quota.window.size.seconds = 1
<h2>: 	remote.log.index.file.cache.total.size.bytes = 1073741824
<h2>: 	remote.log.manager.task.interval.ms = 30000
<h2>: 	remote.log.manager.task.retry.backoff.max.ms = 30000
<h2>: 	remote.log.manager.task.retry.backoff.ms = 500
<h2>: 	remote.log.manager.task.retry.jitter = 0.2
<h2>: 	remote.log.manager.thread.pool.size = 10
<h2>: 	remote.log.metadata.manager.class.name = null
<h2>: 	remote.log.metadata.manager.class.path = null
<h2>: 	remote.log.metadata.manager.impl.prefix = null
<h2>: 	remote.log.metadata.manager.listener.name = null
<h2>: 	remote.log.reader.max.pending.tasks = 100
<h2>: 	remote.log.reader.threads = 10
<h2>: 	remote.log.storage.manager.class.name = null
<h2>: 	remote.log.storage.manager.class.path = null
<h2>: 	remote.log.storage.manager.impl.prefix = null
<h2>: 	remote.log.storage.system.enable = false
<h2>: 	replica.fetch.backoff.ms = 1000
<h2>: 	replica.fetch.max.bytes = 1048576
<h2>: 	replica.fetch.min.bytes = 1
<h2>: 	replica.fetch.response.max.bytes = 10485760
<h2>: 	replica.fetch.wait.max.ms = 500
<h2>: 	replica.high.watermark.checkpoint.interval.ms = 5000
<h2>: 	replica.lag.time.max.ms = 30000
<h2>: 	replica.selector.class = null
<h2>: 	replica.socket.receive.buffer.bytes = 65536
<h2>: 	replica.socket.timeout.ms = 30000
<h2>: 	replication.quota.window.num = 11
<h2>: 	replication.quota.window.size.seconds = 1
<h2>: 	request.timeout.ms = 300000
<h2>: 	reserved.broker.max.id = 1000
<h2>: 	sasl.client.callback.handler.class = null
<h2>: 	sasl.enabled.mechanisms = [GSSAPI]
<h2>: 	sasl.jaas.config = null
<h2>: 	sasl.kerberos.kinit.cmd = /usr/bin/kinit
<h2>: 	sasl.kerberos.min.time.before.relogin = 60000
<h2>: 	sasl.kerberos.principal.to.local.rules = [DEFAULT]
<h2>: 	sasl.kerberos.service.name = null
<h2>: 	sasl.kerberos.ticket.renew.jitter = 0.05
<h2>: 	sasl.kerberos.ticket.renew.window.factor = 0.8
<h2>: 	sasl.login.callback.handler.class = null
<h2>: 	sasl.login.class = null
<h2>: 	sasl.login.connect.timeout.ms = null
<h2>: 	sasl.login.read.timeout.ms = null
<h2>: 	sasl.login.refresh.buffer.seconds = 300
<h2>: 	sasl.login.refresh.min.period.seconds = 60
<h2>: 	sasl.login.refresh.window.factor = 0.8
<h2>: 	sasl.login.refresh.window.jitter = 0.05
<h2>: 	sasl.login.retry.backoff.max.ms = 10000
<h2>: 	sasl.login.retry.backoff.ms = 100
<h2>: 	sasl.mechanism.controller.protocol = GSSAPI
<h2>: 	sasl.mechanism.inter.broker.protocol = GSSAPI
<h2>: 	sasl.oauthbearer.clock.skew.seconds = 30
<h2>: 	sasl.oauthbearer.expected.audience = null
<h2>: 	sasl.oauthbearer.expected.issuer = null
<h2>: 	sasl.oauthbearer.jwks.endpoint.refresh.ms = 3600000
<h2>: 	sasl.oauthbearer.jwks.endpoint.retry.backoff.max.ms = 10000
<h2>: 	sasl.oauthbearer.jwks.endpoint.retry.backoff.ms = 100
<h2>: 	sasl.oauthbearer.jwks.endpoint.url = null
<h2>: 	sasl.oauthbearer.scope.claim.name = scope
<h2>: 	sasl.oauthbearer.sub.claim.name = sub
<h2>: 	sasl.oauthbearer.token.endpoint.url = null
<h2>: 	sasl.server.callback.handler.class = null
<h2>: 	security.inter.broker.protocol = PLAINTEXT
<h2>: 	security.providers = null
<h2>: 	socket.connection.setup.timeout.max.ms = 300000
<h2>: 	socket.connection.setup.timeout.ms = 120000
<h2>: 	socket.receive.buffer.bytes = 102400
<h2>: 	socket.request.max.bytes = 104857600
<h2>: 	socket.send.buffer.bytes = 102400
<h2>: 	ssl.cipher.suites = []
<h2>: 	ssl.client.auth = none
<h2>: 	ssl.enabled.protocols = [TLSv1.2, TLSv1.3]
<h2>: 	ssl.endpoint.identification.algorithm = https
<h2>: 	ssl.engine.factory.class = null
<h2>: 	ssl.key.password = null
<h2>: 	ssl.keymanager.algorithm = SunX509
<h2>: 	ssl.keystore.certificate.chain = null
<h2>: 	ssl.keystore.key = null
<h2>: 	ssl.keystore.location = null
<h2>: 	ssl.keystore.password = null
<h2>: 	ssl.keystore.type = JKS
<h2>: 	ssl.principal.mapping.rules = DEFAULT
<h2>: 	ssl.protocol = TLSv1.3
<h2>: 	ssl.provider = null
<h2>: 	ssl.secure.random.implementation = null
<h2>: 	ssl.trustmanager.algorithm = PKIX
<h2>: 	ssl.truststore.certificates = null
<h2>: 	ssl.truststore.location = null
<h2>: 	ssl.truststore.password = null
<h2>: 	ssl.truststore.type = JKS
<h2>: 	transaction.abort.timed.out.transaction.cleanup.interval.ms = 10000
<h2>: 	transaction.max.timeout.ms = 900000
<h2>: 	transaction.remove.expired.transaction.cleanup.interval.ms = 3600000
<h2>: 	transaction.state.log.load.buffer.size = 5242880
<h2>: 	transaction.state.log.min.isr = 1
<h2>: 	transaction.state.log.num.partitions = 50
<h2>: 	transaction.state.log.replication.factor = 1
<h2>: 	transaction.state.log.segment.bytes = 104857600
<h2>: 	transactional.id.expiration.ms = 604800000
<h2>: 	unclean.leader.election.enable = false
<h2>: 	zookeeper.clientCnxnSocket = null
<h2>: 	zookeeper.connect = null
<h2>: 	zookeeper.connection.timeout.ms = null
<h2>: 	zookeeper.max.in.flight.requests = 10
<h2>: 	zookeeper.session.timeout.ms = 18000
<h2>: 	zookeeper.set.acl = false
<h2>: 	zookeeper.ssl.cipher.suites = null
<h2>: 	zookeeper.ssl.client.enable = false
<h2>: 	zookeeper.ssl.crl.enable = false
<h2>: 	zookeeper.ssl.enabled.protocols = null
<h2>: 	zookeeper.ssl.endpoint.identification.algorithm = HTTPS
<h2>: 	zookeeper.ssl.keystore.location = null
<h2>: 	zookeeper.ssl.keystore.password = null
<h2>: 	zookeeper.ssl.keystore.type = null
<h2>: 	zookeeper.ssl.ocsp.enable = false
<h2>: 	zookeeper.ssl.protocol = TLSv1.2
<h2>: 	zookeeper.ssl.truststore.location = null
<h2>: 	zookeeper.ssl.truststore.password = null
<h2>: 	zookeeper.ssl.truststore.type = null
<h2>: 	zookeeper.sync.time.ms = 2000
<h2>:  (kafka.server.KafkaConfig)
<h2>: [2023-02-26 20:29:40,697] INFO [Transaction Marker Channel Manager 2]: Starting (kafka.coordinator.transaction.TransactionMarkerChannelManager)
<h2>: [2023-02-26 20:29:40,701] INFO [SocketServer listenerType=BROKER, nodeId=2] Starting socket server acceptors and processors (kafka.network.SocketServer)
<h2>: [2023-02-26 20:29:40,848] INFO [SocketServer listenerType=BROKER, nodeId=2] Started data-plane acceptor and processor(s) for endpoint : ListenerName(PLAINTEXT) (kafka.network.SocketServer)
<h2>: [2023-02-26 20:29:40,848] INFO [SocketServer listenerType=BROKER, nodeId=2] Started socket server acceptors and processors (kafka.network.SocketServer)
<h2>: [2023-02-26 20:29:40,849] INFO [BrokerServer id=2] Transition from STARTING to STARTED (kafka.server.BrokerServer)
<h2>: [2023-02-26 20:29:40,849] INFO Kafka version: 3.1.0 (org.apache.kafka.common.utils.AppInfoParser)
<h2>: [2023-02-26 20:29:40,849] INFO Kafka commitId: unknown (org.apache.kafka.common.utils.AppInfoParser)
<h2>: [2023-02-26 20:29:40,849] INFO Kafka startTimeMs: 1677457780849 (org.apache.kafka.common.utils.AppInfoParser)
<h2>: [2023-02-26 20:29:40,850] INFO Kafka Server started (kafka.server.KafkaRaftServer)
<h2>: [2023-02-26 20:29:41,039] INFO [BrokerLifecycleManager id=2] The broker has been unfenced. Transitioning from RECOVERY to RUNNING. (kafka.server.BrokerLifecycleManager)
<h2>: [2023-02-26 20:29:41,548] INFO [Controller 2] Unfenced broker: UnfenceBrokerRecord(id=19, epoch=25) (org.apache.kafka.controller.ClusterControlManager)
<h2>: [2023-02-26 20:29:41,549] INFO [Controller 2] Unfenced broker: UnfenceBrokerRecord(id=4, epoch=11) (org.apache.kafka.controller.ClusterControlManager)
<h2>: [2023-02-26 20:29:41,549] INFO [Controller 2] Unfenced broker: UnfenceBrokerRecord(id=7, epoch=3) (org.apache.kafka.controller.ClusterControlManager)
<h2>: [2023-02-26 20:29:41,549] INFO [Controller 2] Unfenced broker: UnfenceBrokerRecord(id=2, epoch=5) (org.apache.kafka.controller.ClusterControlManager)
<h2>: [2023-02-26 20:29:41,549] INFO [Controller 2] Unfenced broker: UnfenceBrokerRecord(id=5, epoch=6) (org.apache.kafka.controller.ClusterControlManager)
<h2>: [2023-02-26 20:29:41,549] INFO [Controller 2] Unfenced broker: UnfenceBrokerRecord(id=8, epoch=9) (org.apache.kafka.controller.ClusterControlManager)
<h2>: [2023-02-26 20:29:41,549] INFO [Controller 2] Unfenced broker: UnfenceBrokerRecord(id=11, epoch=12) (org.apache.kafka.controller.ClusterControlManager)
<h2>: [2023-02-26 20:29:41,549] INFO [Controller 2] Unfenced broker: UnfenceBrokerRecord(id=9, epoch=10) (org.apache.kafka.controller.ClusterControlManager)
<h2>: [2023-02-26 20:29:42,823] INFO [Controller 2] Unfenced broker: UnfenceBrokerRecord(id=17, epoch=21) (org.apache.kafka.controller.ClusterControlManager)
<h2>: [2023-02-26 20:29:42,824] INFO [Controller 2] Unfenced broker: UnfenceBrokerRecord(id=14, epoch=23) (org.apache.kafka.controller.ClusterControlManager)
<h2>: [2023-02-26 20:29:42,824] INFO [Controller 2] Unfenced broker: UnfenceBrokerRecord(id=16, epoch=24) (org.apache.kafka.controller.ClusterControlManager)
<h2>: [2023-02-26 20:29:42,824] INFO [Controller 2] Unfenced broker: UnfenceBrokerRecord(id=15, epoch=20) (org.apache.kafka.controller.ClusterControlManager)
<h2>: [2023-02-26 20:29:42,824] INFO [Controller 2] Unfenced broker: UnfenceBrokerRecord(id=18, epoch=22) (org.apache.kafka.controller.ClusterControlManager)
<h2>: [2023-02-26 20:29:51,727] INFO [RaftManager nodeId=2] Vote request VoteRequestData(clusterId='JmL9ihFRQmSabrNWrYSpjg', topics=[TopicData(topicName='__cluster_metadata', partitions=[PartitionData(partitionIndex=0, candidateEpoch=1, candidateId=20, lastOffsetEpoch=0, lastOffset=0)])]) with epoch 1 is rejected (org.apache.kafka.raft.KafkaRaftClient)
<h2>: [2023-02-26 20:29:52,509] INFO [Controller 2] Registered new broker: RegisterBrokerRecord(brokerId=20, incarnationId=dDGA3CuHTBykH0pzUbhwmA, brokerEpoch=39, endPoints=[BrokerEndpoint(name='PLAINTEXT', host='10.0.0.20', port=9092, securityProtocol=0)], features=[], rack=null, fenced=true) (org.apache.kafka.controller.ClusterControlManager)
<h2>: [2023-02-26 20:29:53,441] INFO [Controller 2] Unfenced broker: UnfenceBrokerRecord(id=20, epoch=39) (org.apache.kafka.controller.ClusterControlManager)
<h2>: [2023-02-26 20:29:53,441] INFO [Controller 2] Created topic topic-1 with topic ID dVvmnTbzTJCZyuFN1c_dog. (org.apache.kafka.controller.ReplicationControlManager)
<h2>: [2023-02-26 20:29:53,442] INFO [Controller 2] Created partition topic-1-0 with topic ID dVvmnTbzTJCZyuFN1c_dog and PartitionRegistration(replicas=[14, 15, 16, 17, 18, 19, 20, 1, 2, 3, 4, 5, 6, 7, 8, 9, 10, 11, 12, 13], isr=[14, 15, 16, 17, 18, 19, 20, 1, 2, 3, 4, 5, 6, 7, 8, 9, 10, 11, 12, 13], removingReplicas=[], addingReplicas=[], leader=14, leaderEpoch=0, partitionEpoch=0). (org.apache.kafka.controller.ReplicationControlManager)
<h2>: [2023-02-26 20:29:53,612] INFO [LogLoader partition=topic-1-0, dir=/home/visitor/neves/amnis-data-sync/./kafka-3.1.0/logs/kafka2] Loading producer state till offset 0 with message format version 2 (kafka.log.UnifiedLog$)
<h2>: [2023-02-26 20:29:53,627] INFO Created log for partition topic-1-0 in /home/visitor/neves/amnis-data-sync/./kafka-3.1.0/logs/kafka2/topic-1-0 with properties {} (kafka.log.LogManager)
<h2>: [2023-02-26 20:29:53,668] INFO [Partition topic-1-0 broker=2] No checkpointed highwatermark is found for partition topic-1-0 (kafka.cluster.Partition)
<h2>: [2023-02-26 20:29:53,672] INFO [Partition topic-1-0 broker=2] Log loaded for partition topic-1-0 with initial high watermark 0 (kafka.cluster.Partition)
<h2>: [2023-02-26 20:29:53,680] INFO [ReplicaFetcherManager on broker 2] Removed fetcher for partitions Set(topic-1-0) (kafka.server.ReplicaFetcherManager)
<h2>: [2023-02-26 20:29:53,697] INFO Sent auto-creation request for Set(__consumer_offsets) to the active controller. (kafka.server.DefaultAutoTopicCreationManager)
<h2>: [2023-02-26 20:29:53,852] INFO [ReplicaFetcherManager on broker 2] Added fetcher to broker 14 for partitions HashMap(topic-1-0 -> InitialFetchState(Some(dVvmnTbzTJCZyuFN1c_dog),BrokerEndPoint(id=14, host=10.0.0.14:9092),0,0)) (kafka.server.ReplicaFetcherManager)
<h2>: [2023-02-26 20:29:53,857] INFO [ReplicaFetcher replicaId=2, leaderId=14, fetcherId=0] Starting (kafka.server.ReplicaFetcherThread)
<h2>: [2023-02-26 20:29:53,860] INFO [ReplicaFetcher replicaId=2, leaderId=14, fetcherId=0] Truncating partition topic-1-0 with TruncationState(offset=0, completed=true) due to local high watermark 0 (kafka.server.ReplicaFetcherThread)
<h2>: [2023-02-26 20:29:53,861] INFO [UnifiedLog partition=topic-1-0, dir=/home/visitor/neves/amnis-data-sync/./kafka-3.1.0/logs/kafka2] Truncating to 0 has no effect as the largest offset in the log is -1 (kafka.log.UnifiedLog)
<h2>: [2023-02-26 20:29:54,380] INFO [Controller 2] ConfigResource(type=TOPIC, name='__consumer_offsets'): set configuration compression.type to producer (org.apache.kafka.controller.ConfigurationControlManager)
<h2>: [2023-02-26 20:29:54,380] INFO [Controller 2] ConfigResource(type=TOPIC, name='__consumer_offsets'): set configuration cleanup.policy to compact (org.apache.kafka.controller.ConfigurationControlManager)
<h2>: [2023-02-26 20:29:54,392] INFO [Controller 2] ConfigResource(type=TOPIC, name='__consumer_offsets'): set configuration segment.bytes to 104857600 (org.apache.kafka.controller.ConfigurationControlManager)
<h2>: [2023-02-26 20:29:54,392] INFO [Controller 2] Created topic __consumer_offsets with topic ID gs35a5FWTyyJLPclII7hIA. (org.apache.kafka.controller.ReplicationControlManager)
<h2>: [2023-02-26 20:29:54,392] INFO [Controller 2] Created partition __consumer_offsets-0 with topic ID gs35a5FWTyyJLPclII7hIA and PartitionRegistration(replicas=[4], isr=[4], removingReplicas=[], addingReplicas=[], leader=4, leaderEpoch=0, partitionEpoch=0). (org.apache.kafka.controller.ReplicationControlManager)
<h2>: [2023-02-26 20:29:54,392] INFO [Controller 2] Created partition __consumer_offsets-1 with topic ID gs35a5FWTyyJLPclII7hIA and PartitionRegistration(replicas=[5], isr=[5], removingReplicas=[], addingReplicas=[], leader=5, leaderEpoch=0, partitionEpoch=0). (org.apache.kafka.controller.ReplicationControlManager)
<h2>: [2023-02-26 20:29:54,392] INFO [Controller 2] Created partition __consumer_offsets-2 with topic ID gs35a5FWTyyJLPclII7hIA and PartitionRegistration(replicas=[6], isr=[6], removingReplicas=[], addingReplicas=[], leader=6, leaderEpoch=0, partitionEpoch=0). (org.apache.kafka.controller.ReplicationControlManager)
<h2>: [2023-02-26 20:29:54,392] INFO [Controller 2] Created partition __consumer_offsets-3 with topic ID gs35a5FWTyyJLPclII7hIA and PartitionRegistration(replicas=[7], isr=[7], removingReplicas=[], addingReplicas=[], leader=7, leaderEpoch=0, partitionEpoch=0). (org.apache.kafka.controller.ReplicationControlManager)
<h2>: [2023-02-26 20:29:54,392] INFO [Controller 2] Created partition __consumer_offsets-4 with topic ID gs35a5FWTyyJLPclII7hIA and PartitionRegistration(replicas=[8], isr=[8], removingReplicas=[], addingReplicas=[], leader=8, leaderEpoch=0, partitionEpoch=0). (org.apache.kafka.controller.ReplicationControlManager)
<h2>: [2023-02-26 20:29:54,392] INFO [Controller 2] Created partition __consumer_offsets-5 with topic ID gs35a5FWTyyJLPclII7hIA and PartitionRegistration(replicas=[9], isr=[9], removingReplicas=[], addingReplicas=[], leader=9, leaderEpoch=0, partitionEpoch=0). (org.apache.kafka.controller.ReplicationControlManager)
<h2>: [2023-02-26 20:29:54,392] INFO [Controller 2] Created partition __consumer_offsets-6 with topic ID gs35a5FWTyyJLPclII7hIA and PartitionRegistration(replicas=[10], isr=[10], removingReplicas=[], addingReplicas=[], leader=10, leaderEpoch=0, partitionEpoch=0). (org.apache.kafka.controller.ReplicationControlManager)
<h2>: [2023-02-26 20:29:54,392] INFO [Controller 2] Created partition __consumer_offsets-7 with topic ID gs35a5FWTyyJLPclII7hIA and PartitionRegistration(replicas=[11], isr=[11], removingReplicas=[], addingReplicas=[], leader=11, leaderEpoch=0, partitionEpoch=0). (org.apache.kafka.controller.ReplicationControlManager)
<h2>: [2023-02-26 20:29:54,392] INFO [Controller 2] Created partition __consumer_offsets-8 with topic ID gs35a5FWTyyJLPclII7hIA and PartitionRegistration(replicas=[12], isr=[12], removingReplicas=[], addingReplicas=[], leader=12, leaderEpoch=0, partitionEpoch=0). (org.apache.kafka.controller.ReplicationControlManager)
<h2>: [2023-02-26 20:29:54,393] INFO [Controller 2] Created partition __consumer_offsets-9 with topic ID gs35a5FWTyyJLPclII7hIA and PartitionRegistration(replicas=[13], isr=[13], removingReplicas=[], addingReplicas=[], leader=13, leaderEpoch=0, partitionEpoch=0). (org.apache.kafka.controller.ReplicationControlManager)
<h2>: [2023-02-26 20:29:54,393] INFO [Controller 2] Created partition __consumer_offsets-10 with topic ID gs35a5FWTyyJLPclII7hIA and PartitionRegistration(replicas=[14], isr=[14], removingReplicas=[], addingReplicas=[], leader=14, leaderEpoch=0, partitionEpoch=0). (org.apache.kafka.controller.ReplicationControlManager)
<h2>: [2023-02-26 20:29:54,393] INFO [Controller 2] Created partition __consumer_offsets-11 with topic ID gs35a5FWTyyJLPclII7hIA and PartitionRegistration(replicas=[15], isr=[15], removingReplicas=[], addingReplicas=[], leader=15, leaderEpoch=0, partitionEpoch=0). (org.apache.kafka.controller.ReplicationControlManager)
<h2>: [2023-02-26 20:29:54,393] INFO [Controller 2] Created partition __consumer_offsets-12 with topic ID gs35a5FWTyyJLPclII7hIA and PartitionRegistration(replicas=[16], isr=[16], removingReplicas=[], addingReplicas=[], leader=16, leaderEpoch=0, partitionEpoch=0). (org.apache.kafka.controller.ReplicationControlManager)
<h2>: [2023-02-26 20:29:54,393] INFO [Controller 2] Created partition __consumer_offsets-13 with topic ID gs35a5FWTyyJLPclII7hIA and PartitionRegistration(replicas=[17], isr=[17], removingReplicas=[], addingReplicas=[], leader=17, leaderEpoch=0, partitionEpoch=0). (org.apache.kafka.controller.ReplicationControlManager)
<h2>: [2023-02-26 20:29:54,393] INFO [Controller 2] Created partition __consumer_offsets-14 with topic ID gs35a5FWTyyJLPclII7hIA and PartitionRegistration(replicas=[18], isr=[18], removingReplicas=[], addingReplicas=[], leader=18, leaderEpoch=0, partitionEpoch=0). (org.apache.kafka.controller.ReplicationControlManager)
<h2>: [2023-02-26 20:29:54,393] INFO [Controller 2] Created partition __consumer_offsets-15 with topic ID gs35a5FWTyyJLPclII7hIA and PartitionRegistration(replicas=[19], isr=[19], removingReplicas=[], addingReplicas=[], leader=19, leaderEpoch=0, partitionEpoch=0). (org.apache.kafka.controller.ReplicationControlManager)
<h2>: [2023-02-26 20:29:54,393] INFO [Controller 2] Created partition __consumer_offsets-16 with topic ID gs35a5FWTyyJLPclII7hIA and PartitionRegistration(replicas=[20], isr=[20], removingReplicas=[], addingReplicas=[], leader=20, leaderEpoch=0, partitionEpoch=0). (org.apache.kafka.controller.ReplicationControlManager)
<h2>: [2023-02-26 20:29:54,393] INFO [Controller 2] Created partition __consumer_offsets-17 with topic ID gs35a5FWTyyJLPclII7hIA and PartitionRegistration(replicas=[1], isr=[1], removingReplicas=[], addingReplicas=[], leader=1, leaderEpoch=0, partitionEpoch=0). (org.apache.kafka.controller.ReplicationControlManager)
<h2>: [2023-02-26 20:29:54,393] INFO [Controller 2] Created partition __consumer_offsets-18 with topic ID gs35a5FWTyyJLPclII7hIA and PartitionRegistration(replicas=[2], isr=[2], removingReplicas=[], addingReplicas=[], leader=2, leaderEpoch=0, partitionEpoch=0). (org.apache.kafka.controller.ReplicationControlManager)
<h2>: [2023-02-26 20:29:54,393] INFO [Controller 2] Created partition __consumer_offsets-19 with topic ID gs35a5FWTyyJLPclII7hIA and PartitionRegistration(replicas=[3], isr=[3], removingReplicas=[], addingReplicas=[], leader=3, leaderEpoch=0, partitionEpoch=0). (org.apache.kafka.controller.ReplicationControlManager)
<h2>: [2023-02-26 20:29:54,393] INFO [Controller 2] Created partition __consumer_offsets-20 with topic ID gs35a5FWTyyJLPclII7hIA and PartitionRegistration(replicas=[7], isr=[7], removingReplicas=[], addingReplicas=[], leader=7, leaderEpoch=0, partitionEpoch=0). (org.apache.kafka.controller.ReplicationControlManager)
<h2>: [2023-02-26 20:29:54,393] INFO [Controller 2] Created partition __consumer_offsets-21 with topic ID gs35a5FWTyyJLPclII7hIA and PartitionRegistration(replicas=[10], isr=[10], removingReplicas=[], addingReplicas=[], leader=10, leaderEpoch=0, partitionEpoch=0). (org.apache.kafka.controller.ReplicationControlManager)
<h2>: [2023-02-26 20:29:54,394] INFO [Controller 2] Created partition __consumer_offsets-22 with topic ID gs35a5FWTyyJLPclII7hIA and PartitionRegistration(replicas=[20], isr=[20], removingReplicas=[], addingReplicas=[], leader=20, leaderEpoch=0, partitionEpoch=0). (org.apache.kafka.controller.ReplicationControlManager)
<h2>: [2023-02-26 20:29:54,394] INFO [Controller 2] Created partition __consumer_offsets-23 with topic ID gs35a5FWTyyJLPclII7hIA and PartitionRegistration(replicas=[1], isr=[1], removingReplicas=[], addingReplicas=[], leader=1, leaderEpoch=0, partitionEpoch=0). (org.apache.kafka.controller.ReplicationControlManager)
<h2>: [2023-02-26 20:29:54,394] INFO [Controller 2] Created partition __consumer_offsets-24 with topic ID gs35a5FWTyyJLPclII7hIA and PartitionRegistration(replicas=[4], isr=[4], removingReplicas=[], addingReplicas=[], leader=4, leaderEpoch=0, partitionEpoch=0). (org.apache.kafka.controller.ReplicationControlManager)
<h2>: [2023-02-26 20:29:54,394] INFO [Controller 2] Created partition __consumer_offsets-25 with topic ID gs35a5FWTyyJLPclII7hIA and PartitionRegistration(replicas=[9], isr=[9], removingReplicas=[], addingReplicas=[], leader=9, leaderEpoch=0, partitionEpoch=0). (org.apache.kafka.controller.ReplicationControlManager)
<h2>: [2023-02-26 20:29:54,394] INFO [Controller 2] Created partition __consumer_offsets-26 with topic ID gs35a5FWTyyJLPclII7hIA and PartitionRegistration(replicas=[18], isr=[18], removingReplicas=[], addingReplicas=[], leader=18, leaderEpoch=0, partitionEpoch=0). (org.apache.kafka.controller.ReplicationControlManager)
<h2>: [2023-02-26 20:29:54,394] INFO [Controller 2] Created partition __consumer_offsets-27 with topic ID gs35a5FWTyyJLPclII7hIA and PartitionRegistration(replicas=[16], isr=[16], removingReplicas=[], addingReplicas=[], leader=16, leaderEpoch=0, partitionEpoch=0). (org.apache.kafka.controller.ReplicationControlManager)
<h2>: [2023-02-26 20:29:54,394] INFO [Controller 2] Created partition __consumer_offsets-28 with topic ID gs35a5FWTyyJLPclII7hIA and PartitionRegistration(replicas=[6], isr=[6], removingReplicas=[], addingReplicas=[], leader=6, leaderEpoch=0, partitionEpoch=0). (org.apache.kafka.controller.ReplicationControlManager)
<h2>: [2023-02-26 20:29:54,394] INFO [Controller 2] Created partition __consumer_offsets-29 with topic ID gs35a5FWTyyJLPclII7hIA and PartitionRegistration(replicas=[12], isr=[12], removingReplicas=[], addingReplicas=[], leader=12, leaderEpoch=0, partitionEpoch=0). (org.apache.kafka.controller.ReplicationControlManager)
<h2>: [2023-02-26 20:29:54,394] INFO [Controller 2] Created partition __consumer_offsets-30 with topic ID gs35a5FWTyyJLPclII7hIA and PartitionRegistration(replicas=[14], isr=[14], removingReplicas=[], addingReplicas=[], leader=14, leaderEpoch=0, partitionEpoch=0). (org.apache.kafka.controller.ReplicationControlManager)
<h2>: [2023-02-26 20:29:54,394] INFO [Controller 2] Created partition __consumer_offsets-31 with topic ID gs35a5FWTyyJLPclII7hIA and PartitionRegistration(replicas=[8], isr=[8], removingReplicas=[], addingReplicas=[], leader=8, leaderEpoch=0, partitionEpoch=0). (org.apache.kafka.controller.ReplicationControlManager)
<h2>: [2023-02-26 20:29:54,394] INFO [Controller 2] Created partition __consumer_offsets-32 with topic ID gs35a5FWTyyJLPclII7hIA and PartitionRegistration(replicas=[5], isr=[5], removingReplicas=[], addingReplicas=[], leader=5, leaderEpoch=0, partitionEpoch=0). (org.apache.kafka.controller.ReplicationControlManager)
<h2>: [2023-02-26 20:29:54,394] INFO [Controller 2] Created partition __consumer_offsets-33 with topic ID gs35a5FWTyyJLPclII7hIA and PartitionRegistration(replicas=[19], isr=[19], removingReplicas=[], addingReplicas=[], leader=19, leaderEpoch=0, partitionEpoch=0). (org.apache.kafka.controller.ReplicationControlManager)
<h2>: [2023-02-26 20:29:54,394] INFO [Controller 2] Created partition __consumer_offsets-34 with topic ID gs35a5FWTyyJLPclII7hIA and PartitionRegistration(replicas=[17], isr=[17], removingReplicas=[], addingReplicas=[], leader=17, leaderEpoch=0, partitionEpoch=0). (org.apache.kafka.controller.ReplicationControlManager)
<h2>: [2023-02-26 20:29:54,394] INFO [Controller 2] Created partition __consumer_offsets-35 with topic ID gs35a5FWTyyJLPclII7hIA and PartitionRegistration(replicas=[11], isr=[11], removingReplicas=[], addingReplicas=[], leader=11, leaderEpoch=0, partitionEpoch=0). (org.apache.kafka.controller.ReplicationControlManager)
<h2>: [2023-02-26 20:29:54,395] INFO [Controller 2] Created partition __consumer_offsets-36 with topic ID gs35a5FWTyyJLPclII7hIA and PartitionRegistration(replicas=[3], isr=[3], removingReplicas=[], addingReplicas=[], leader=3, leaderEpoch=0, partitionEpoch=0). (org.apache.kafka.controller.ReplicationControlManager)
<h2>: [2023-02-26 20:29:54,395] INFO [Controller 2] Created partition __consumer_offsets-37 with topic ID gs35a5FWTyyJLPclII7hIA and PartitionRegistration(replicas=[2], isr=[2], removingReplicas=[], addingReplicas=[], leader=2, leaderEpoch=0, partitionEpoch=0). (org.apache.kafka.controller.ReplicationControlManager)
<h2>: [2023-02-26 20:29:54,395] INFO [Controller 2] Created partition __consumer_offsets-38 with topic ID gs35a5FWTyyJLPclII7hIA and PartitionRegistration(replicas=[15], isr=[15], removingReplicas=[], addingReplicas=[], leader=15, leaderEpoch=0, partitionEpoch=0). (org.apache.kafka.controller.ReplicationControlManager)
<h2>: [2023-02-26 20:29:54,397] INFO [Controller 2] Created partition __consumer_offsets-39 with topic ID gs35a5FWTyyJLPclII7hIA and PartitionRegistration(replicas=[13], isr=[13], removingReplicas=[], addingReplicas=[], leader=13, leaderEpoch=0, partitionEpoch=0). (org.apache.kafka.controller.ReplicationControlManager)
<h2>: [2023-02-26 20:29:54,397] INFO [Controller 2] Created partition __consumer_offsets-40 with topic ID gs35a5FWTyyJLPclII7hIA and PartitionRegistration(replicas=[13], isr=[13], removingReplicas=[], addingReplicas=[], leader=13, leaderEpoch=0, partitionEpoch=0). (org.apache.kafka.controller.ReplicationControlManager)
<h2>: [2023-02-26 20:29:54,398] INFO [Controller 2] Created partition __consumer_offsets-41 with topic ID gs35a5FWTyyJLPclII7hIA and PartitionRegistration(replicas=[8], isr=[8], removingReplicas=[], addingReplicas=[], leader=8, leaderEpoch=0, partitionEpoch=0). (org.apache.kafka.controller.ReplicationControlManager)
<h2>: [2023-02-26 20:29:54,398] INFO [Controller 2] Created partition __consumer_offsets-42 with topic ID gs35a5FWTyyJLPclII7hIA and PartitionRegistration(replicas=[12], isr=[12], removingReplicas=[], addingReplicas=[], leader=12, leaderEpoch=0, partitionEpoch=0). (org.apache.kafka.controller.ReplicationControlManager)
<h2>: [2023-02-26 20:29:54,398] INFO [Controller 2] Created partition __consumer_offsets-43 with topic ID gs35a5FWTyyJLPclII7hIA and PartitionRegistration(replicas=[6], isr=[6], removingReplicas=[], addingReplicas=[], leader=6, leaderEpoch=0, partitionEpoch=0). (org.apache.kafka.controller.ReplicationControlManager)
<h2>: [2023-02-26 20:29:54,398] INFO [Controller 2] Created partition __consumer_offsets-44 with topic ID gs35a5FWTyyJLPclII7hIA and PartitionRegistration(replicas=[10], isr=[10], removingReplicas=[], addingReplicas=[], leader=10, leaderEpoch=0, partitionEpoch=0). (org.apache.kafka.controller.ReplicationControlManager)
<h2>: [2023-02-26 20:29:54,398] INFO [Controller 2] Created partition __consumer_offsets-45 with topic ID gs35a5FWTyyJLPclII7hIA and PartitionRegistration(replicas=[3], isr=[3], removingReplicas=[], addingReplicas=[], leader=3, leaderEpoch=0, partitionEpoch=0). (org.apache.kafka.controller.ReplicationControlManager)
<h2>: [2023-02-26 20:29:54,398] INFO [Controller 2] Created partition __consumer_offsets-46 with topic ID gs35a5FWTyyJLPclII7hIA and PartitionRegistration(replicas=[17], isr=[17], removingReplicas=[], addingReplicas=[], leader=17, leaderEpoch=0, partitionEpoch=0). (org.apache.kafka.controller.ReplicationControlManager)
<h2>: [2023-02-26 20:29:54,398] INFO [Controller 2] Created partition __consumer_offsets-47 with topic ID gs35a5FWTyyJLPclII7hIA and PartitionRegistration(replicas=[7], isr=[7], removingReplicas=[], addingReplicas=[], leader=7, leaderEpoch=0, partitionEpoch=0). (org.apache.kafka.controller.ReplicationControlManager)
<h2>: [2023-02-26 20:29:54,398] INFO [Controller 2] Created partition __consumer_offsets-48 with topic ID gs35a5FWTyyJLPclII7hIA and PartitionRegistration(replicas=[11], isr=[11], removingReplicas=[], addingReplicas=[], leader=11, leaderEpoch=0, partitionEpoch=0). (org.apache.kafka.controller.ReplicationControlManager)
<h2>: [2023-02-26 20:29:54,398] INFO [Controller 2] Created partition __consumer_offsets-49 with topic ID gs35a5FWTyyJLPclII7hIA and PartitionRegistration(replicas=[1], isr=[1], removingReplicas=[], addingReplicas=[], leader=1, leaderEpoch=0, partitionEpoch=0). (org.apache.kafka.controller.ReplicationControlManager)
<h2>: [2023-02-26 20:29:54,426] INFO [ReplicaFetcherManager on broker 2] Removed fetcher for partitions Set(__consumer_offsets-37, __consumer_offsets-18) (kafka.server.ReplicaFetcherManager)
<h2>: [2023-02-26 20:29:54,458] INFO [LogLoader partition=__consumer_offsets-37, dir=/home/visitor/neves/amnis-data-sync/./kafka-3.1.0/logs/kafka2] Loading producer state till offset 0 with message format version 2 (kafka.log.UnifiedLog$)
<h2>: [2023-02-26 20:29:54,460] INFO Created log for partition __consumer_offsets-37 in /home/visitor/neves/amnis-data-sync/./kafka-3.1.0/logs/kafka2/__consumer_offsets-37 with properties {cleanup.policy=compact, compression.type="producer", segment.bytes=104857600} (kafka.log.LogManager)
<h2>: [2023-02-26 20:29:54,467] INFO [Partition __consumer_offsets-37 broker=2] No checkpointed highwatermark is found for partition __consumer_offsets-37 (kafka.cluster.Partition)
<h2>: [2023-02-26 20:29:54,474] INFO [Partition __consumer_offsets-37 broker=2] Log loaded for partition __consumer_offsets-37 with initial high watermark 0 (kafka.cluster.Partition)
<h2>: [2023-02-26 20:29:54,803] INFO [LogLoader partition=__consumer_offsets-18, dir=/home/visitor/neves/amnis-data-sync/./kafka-3.1.0/logs/kafka2] Loading producer state till offset 0 with message format version 2 (kafka.log.UnifiedLog$)
<h2>: [2023-02-26 20:29:54,804] INFO Created log for partition __consumer_offsets-18 in /home/visitor/neves/amnis-data-sync/./kafka-3.1.0/logs/kafka2/__consumer_offsets-18 with properties {cleanup.policy=compact, compression.type="producer", segment.bytes=104857600} (kafka.log.LogManager)
<h2>: [2023-02-26 20:29:54,804] INFO [Partition __consumer_offsets-18 broker=2] No checkpointed highwatermark is found for partition __consumer_offsets-18 (kafka.cluster.Partition)
<h2>: [2023-02-26 20:29:54,804] INFO [Partition __consumer_offsets-18 broker=2] Log loaded for partition __consumer_offsets-18 with initial high watermark 0 (kafka.cluster.Partition)
<h2>: [2023-02-26 20:29:54,990] INFO [GroupCoordinator 2]: Elected as the group coordinator for partition 37 in epoch 0 (kafka.coordinator.group.GroupCoordinator)
<h2>: [2023-02-26 20:29:54,991] INFO [GroupMetadataManager brokerId=2] Scheduling loading of offsets and group metadata from __consumer_offsets-37 for epoch 0 (kafka.coordinator.group.GroupMetadataManager)
<h2>: [2023-02-26 20:29:55,007] INFO [GroupCoordinator 2]: Elected as the group coordinator for partition 18 in epoch 0 (kafka.coordinator.group.GroupCoordinator)
<h2>: [2023-02-26 20:29:55,007] INFO [GroupMetadataManager brokerId=2] Scheduling loading of offsets and group metadata from __consumer_offsets-18 for epoch 0 (kafka.coordinator.group.GroupMetadataManager)
<h2>: [2023-02-26 20:29:55,012] INFO [GroupMetadataManager brokerId=2] Finished loading offsets and group metadata from __consumer_offsets-37 in 20 milliseconds for epoch 0, of which 17 milliseconds was spent in the scheduler. (kafka.coordinator.group.GroupMetadataManager)
<h2>: [2023-02-26 20:29:55,015] INFO [GroupMetadataManager brokerId=2] Finished loading offsets and group metadata from __consumer_offsets-18 in 8 milliseconds for epoch 0, of which 8 milliseconds was spent in the scheduler. (kafka.coordinator.group.GroupMetadataManager)
<h2>: [2023-02-26 20:31:59,275] INFO Sent auto-creation request for Set(topic-0) to the active controller. (kafka.server.DefaultAutoTopicCreationManager)
<h2>: [2023-02-26 20:31:59,500] INFO Sent auto-creation request for Set(topic-0) to the active controller. (kafka.server.DefaultAutoTopicCreationManager)
<h2>: [2023-02-26 20:31:59,611] INFO Sent auto-creation request for Set(topic-0) to the active controller. (kafka.server.DefaultAutoTopicCreationManager)
<h2>: [2023-02-26 20:31:59,723] INFO Sent auto-creation request for Set(topic-0) to the active controller. (kafka.server.DefaultAutoTopicCreationManager)
<h2>: [2023-02-26 20:31:59,834] INFO Sent auto-creation request for Set(topic-0) to the active controller. (kafka.server.DefaultAutoTopicCreationManager)
<h2>: [2023-02-26 20:31:59,947] INFO Sent auto-creation request for Set(topic-0) to the active controller. (kafka.server.DefaultAutoTopicCreationManager)
<h2>: [2023-02-26 20:31:59,949] INFO [Controller 2] Created topic topic-0 with topic ID pdlBKgLLRDWnsdzKZEnY7A. (org.apache.kafka.controller.ReplicationControlManager)
<h2>: [2023-02-26 20:31:59,949] INFO [Controller 2] Created partition topic-0-0 with topic ID pdlBKgLLRDWnsdzKZEnY7A and PartitionRegistration(replicas=[7], isr=[7], removingReplicas=[], addingReplicas=[], leader=7, leaderEpoch=0, partitionEpoch=0). (org.apache.kafka.controller.ReplicationControlManager)
