<h15>: [2023-02-26 20:29:34,619] INFO Registered kafka:type=kafka.Log4jController MBean (kafka.utils.Log4jControllerRegistration$)
<h15>: [2023-02-26 20:29:35,112] INFO Setting -D jdk.tls.rejectClientInitiatedRenegotiation=true to disable client-initiated TLS renegotiation (org.apache.zookeeper.common.X509Util)
<h15>: [2023-02-26 20:29:35,383] INFO [LogLoader partition=__cluster_metadata-0, dir=/home/visitor/neves/amnis-data-sync/./kafka-3.1.0/logs/kafka15] Loading producer state till offset 0 with message format version 2 (kafka.log.UnifiedLog$)
<h15>: [2023-02-26 20:29:35,384] INFO [LogLoader partition=__cluster_metadata-0, dir=/home/visitor/neves/amnis-data-sync/./kafka-3.1.0/logs/kafka15] Reloading from producer snapshot and rebuilding producer state from offset 0 (kafka.log.UnifiedLog$)
<h15>: [2023-02-26 20:29:35,385] INFO [LogLoader partition=__cluster_metadata-0, dir=/home/visitor/neves/amnis-data-sync/./kafka-3.1.0/logs/kafka15] Producer state recovery took 1ms for snapshot load and 0ms for segment recovery from offset 0 (kafka.log.UnifiedLog$)
<h15>: [2023-02-26 20:29:35,486] INFO [raft-expiration-reaper]: Starting (kafka.raft.TimingWheelExpirationService$ExpiredOperationReaper)
<h15>: [2023-02-26 20:29:35,756] INFO [RaftManager nodeId=15] Completed transition to Unattached(epoch=0, voters=[1, 2, 3, 4, 5, 6, 7, 8, 9, 10, 11, 12, 13, 14, 15, 16, 17, 18, 19, 20], electionTimeoutMs=16053) (org.apache.kafka.raft.QuorumState)
<h15>: [2023-02-26 20:29:35,779] INFO Registered signal handlers for TERM, INT, HUP (org.apache.kafka.common.utils.LoggingSignalHandler)
<h15>: [2023-02-26 20:29:35,785] INFO [kafka-raft-outbound-request-thread]: Starting (kafka.raft.RaftSendThread)
<h15>: [2023-02-26 20:29:35,785] INFO [kafka-raft-io-thread]: Starting (kafka.raft.KafkaRaftManager$RaftIoThread)
<h15>: [2023-02-26 20:29:35,787] INFO Starting controller (kafka.server.ControllerServer)
<h15>: [2023-02-26 20:29:36,159] INFO Updated connection-accept-rate max connection creation rate to 2147483647 (kafka.network.ConnectionQuotas)
<h15>: [2023-02-26 20:29:36,165] INFO Awaiting socket connections on 10.0.0.15:19106. (kafka.network.Acceptor)
<h15>: [2023-02-26 20:29:36,206] INFO [SocketServer listenerType=CONTROLLER, nodeId=15] Created data-plane acceptor and processors for endpoint : ListenerName(CONTROLLER) (kafka.network.SocketServer)
<h15>: [2023-02-26 20:29:36,240] INFO [RaftManager nodeId=15] Registered the listener org.apache.kafka.controller.QuorumController$QuorumMetaLogListener@694664921 (org.apache.kafka.raft.KafkaRaftClient)
<h15>: [2023-02-26 20:29:36,252] INFO [ThrottledChannelReaper-Fetch]: Starting (kafka.server.ClientQuotaManager$ThrottledChannelReaper)
<h15>: [2023-02-26 20:29:36,267] INFO [ThrottledChannelReaper-Produce]: Starting (kafka.server.ClientQuotaManager$ThrottledChannelReaper)
<h15>: [2023-02-26 20:29:36,275] INFO [ThrottledChannelReaper-Request]: Starting (kafka.server.ClientQuotaManager$ThrottledChannelReaper)
<h15>: [2023-02-26 20:29:36,275] INFO [ThrottledChannelReaper-ControllerMutation]: Starting (kafka.server.ClientQuotaManager$ThrottledChannelReaper)
<h15>: [2023-02-26 20:29:36,295] INFO [ExpirationReaper-15-AlterAcls]: Starting (kafka.server.DelayedOperationPurgatory$ExpiredOperationReaper)
<h15>: [2023-02-26 20:29:36,305] INFO [SocketServer listenerType=CONTROLLER, nodeId=15] Starting socket server acceptors and processors (kafka.network.SocketServer)
<h15>: [2023-02-26 20:29:36,318] INFO [SocketServer listenerType=CONTROLLER, nodeId=15] Started data-plane acceptor and processor(s) for endpoint : ListenerName(CONTROLLER) (kafka.network.SocketServer)
<h15>: [2023-02-26 20:29:36,318] INFO [SocketServer listenerType=CONTROLLER, nodeId=15] Started socket server acceptors and processors (kafka.network.SocketServer)
<h15>: [2023-02-26 20:29:36,319] INFO [BrokerServer id=15] Transition from SHUTDOWN to STARTING (kafka.server.BrokerServer)
<h15>: [2023-02-26 20:29:36,320] INFO [BrokerServer id=15] Starting broker (kafka.server.BrokerServer)
<h15>: [2023-02-26 20:29:36,350] INFO [ThrottledChannelReaper-Fetch]: Starting (kafka.server.ClientQuotaManager$ThrottledChannelReaper)
<h15>: [2023-02-26 20:29:36,351] INFO [ThrottledChannelReaper-Produce]: Starting (kafka.server.ClientQuotaManager$ThrottledChannelReaper)
<h15>: [2023-02-26 20:29:36,356] INFO [ThrottledChannelReaper-Request]: Starting (kafka.server.ClientQuotaManager$ThrottledChannelReaper)
<h15>: [2023-02-26 20:29:36,359] INFO [ThrottledChannelReaper-ControllerMutation]: Starting (kafka.server.ClientQuotaManager$ThrottledChannelReaper)
<h15>: [2023-02-26 20:29:36,410] INFO [BrokerToControllerChannelManager broker=15 name=forwarding]: Starting (kafka.server.BrokerToControllerRequestThread)
<h15>: [2023-02-26 20:29:36,461] INFO Updated connection-accept-rate max connection creation rate to 2147483647 (kafka.network.ConnectionQuotas)
<h15>: [2023-02-26 20:29:36,461] INFO Awaiting socket connections on 0.0.0.0:9092. (kafka.network.Acceptor)
<h15>: [2023-02-26 20:29:36,470] INFO [SocketServer listenerType=BROKER, nodeId=15] Created data-plane acceptor and processors for endpoint : ListenerName(PLAINTEXT) (kafka.network.SocketServer)
<h15>: [2023-02-26 20:29:36,496] INFO [BrokerToControllerChannelManager broker=15 name=alterIsr]: Starting (kafka.server.BrokerToControllerRequestThread)
<h15>: [2023-02-26 20:29:36,519] INFO [ExpirationReaper-15-Produce]: Starting (kafka.server.DelayedOperationPurgatory$ExpiredOperationReaper)
<h15>: [2023-02-26 20:29:36,520] INFO [ExpirationReaper-15-Fetch]: Starting (kafka.server.DelayedOperationPurgatory$ExpiredOperationReaper)
<h15>: [2023-02-26 20:29:36,524] INFO [ExpirationReaper-15-DeleteRecords]: Starting (kafka.server.DelayedOperationPurgatory$ExpiredOperationReaper)
<h15>: [2023-02-26 20:29:36,530] INFO [ExpirationReaper-15-ElectLeader]: Starting (kafka.server.DelayedOperationPurgatory$ExpiredOperationReaper)
<h15>: [2023-02-26 20:29:36,555] INFO [ExpirationReaper-15-Heartbeat]: Starting (kafka.server.DelayedOperationPurgatory$ExpiredOperationReaper)
<h15>: [2023-02-26 20:29:36,555] INFO [ExpirationReaper-15-Rebalance]: Starting (kafka.server.DelayedOperationPurgatory$ExpiredOperationReaper)
<h15>: [2023-02-26 20:29:36,623] INFO [RaftManager nodeId=15] Registered the listener kafka.server.metadata.BrokerMetadataListener@599422379 (org.apache.kafka.raft.KafkaRaftClient)
<h15>: [2023-02-26 20:29:36,624] INFO [BrokerToControllerChannelManager broker=15 name=heartbeat]: Starting (kafka.server.BrokerToControllerRequestThread)
<h15>: [2023-02-26 20:29:36,628] INFO [BrokerLifecycleManager id=15] Incarnation rimofCmQTV-dFYcy3Xgu1g of broker 15 in cluster JmL9ihFRQmSabrNWrYSpjg is now STARTING. (kafka.server.BrokerLifecycleManager)
<h15>: [2023-02-26 20:29:36,653] INFO [ExpirationReaper-15-AlterAcls]: Starting (kafka.server.DelayedOperationPurgatory$ExpiredOperationReaper)
<h15>: [2023-02-26 20:29:39,096] INFO [RaftManager nodeId=15] Completed transition to FollowerState(fetchTimeoutMs=20000, epoch=1, leaderId=1, voters=[1, 2, 3, 4, 5, 6, 7, 8, 9, 10, 11, 12, 13, 14, 15, 16, 17, 18, 19, 20], highWatermark=Optional.empty, fetchingSnapshot=Optional.empty) (org.apache.kafka.raft.QuorumState)
<h15>: [2023-02-26 20:29:39,109] INFO [BrokerToControllerChannelManager broker=15 name=alterIsr]: Recorded new controller, from now on will use broker 10.0.0.1:19092 (id: 1 rack: null) (kafka.server.BrokerToControllerRequestThread)
<h15>: [2023-02-26 20:29:39,130] INFO [BrokerToControllerChannelManager broker=15 name=forwarding]: Recorded new controller, from now on will use broker 10.0.0.1:19092 (id: 1 rack: null) (kafka.server.BrokerToControllerRequestThread)
<h15>: [2023-02-26 20:29:39,138] INFO [BrokerToControllerChannelManager broker=15 name=heartbeat]: Recorded new controller, from now on will use broker 10.0.0.1:19092 (id: 1 rack: null) (kafka.server.BrokerToControllerRequestThread)
<h15>: [2023-02-26 20:29:39,375] INFO [BrokerLifecycleManager id=15] Successfully registered broker 15 with broker epoch 20 (kafka.server.BrokerLifecycleManager)
<h15>: [2023-02-26 20:29:39,574] INFO [Controller 15] Registered new broker: RegisterBrokerRecord(brokerId=1, incarnationId=6rIgwvzsRMObLP09_LWn5A, brokerEpoch=0, endPoints=[BrokerEndpoint(name='PLAINTEXT', host='10.0.0.1', port=9092, securityProtocol=0)], features=[], rack=null, fenced=true) (org.apache.kafka.controller.ClusterControlManager)
<h15>: [2023-02-26 20:29:39,574] INFO [Controller 15] Registered new broker: RegisterBrokerRecord(brokerId=6, incarnationId=tWJGIuImQuOPSh9jHcvzcQ, brokerEpoch=2, endPoints=[BrokerEndpoint(name='PLAINTEXT', host='10.0.0.6', port=9092, securityProtocol=0)], features=[], rack=null, fenced=true) (org.apache.kafka.controller.ClusterControlManager)
<h15>: [2023-02-26 20:29:39,574] INFO [Controller 15] Registered new broker: RegisterBrokerRecord(brokerId=7, incarnationId=O1z5PGXXQRqq0Ox8ftec9w, brokerEpoch=3, endPoints=[BrokerEndpoint(name='PLAINTEXT', host='10.0.0.7', port=9092, securityProtocol=0)], features=[], rack=null, fenced=true) (org.apache.kafka.controller.ClusterControlManager)
<h15>: [2023-02-26 20:29:39,574] INFO [Controller 15] Registered new broker: RegisterBrokerRecord(brokerId=12, incarnationId=l7BYBuzYSheQw-kIzb6D2A, brokerEpoch=4, endPoints=[BrokerEndpoint(name='PLAINTEXT', host='10.0.0.12', port=9092, securityProtocol=0)], features=[], rack=null, fenced=true) (org.apache.kafka.controller.ClusterControlManager)
<h15>: [2023-02-26 20:29:39,574] INFO [Controller 15] Registered new broker: RegisterBrokerRecord(brokerId=2, incarnationId=muwjgDb5Qvu5EYbOfhl71A, brokerEpoch=5, endPoints=[BrokerEndpoint(name='PLAINTEXT', host='10.0.0.2', port=9092, securityProtocol=0)], features=[], rack=null, fenced=true) (org.apache.kafka.controller.ClusterControlManager)
<h15>: [2023-02-26 20:29:39,574] INFO [Controller 15] Registered new broker: RegisterBrokerRecord(brokerId=5, incarnationId=en4z4Pd0RhGZ9fpLM1HXJQ, brokerEpoch=6, endPoints=[BrokerEndpoint(name='PLAINTEXT', host='10.0.0.5', port=9092, securityProtocol=0)], features=[], rack=null, fenced=true) (org.apache.kafka.controller.ClusterControlManager)
<h15>: [2023-02-26 20:29:39,575] INFO [Controller 15] Registered new broker: RegisterBrokerRecord(brokerId=3, incarnationId=OLs9mZoTToi95TKnegOEug, brokerEpoch=7, endPoints=[BrokerEndpoint(name='PLAINTEXT', host='10.0.0.3', port=9092, securityProtocol=0)], features=[], rack=null, fenced=true) (org.apache.kafka.controller.ClusterControlManager)
<h15>: [2023-02-26 20:29:39,575] INFO [Controller 15] Registered new broker: RegisterBrokerRecord(brokerId=10, incarnationId=w_JJdsbjRIWECHGlzrAvtQ, brokerEpoch=8, endPoints=[BrokerEndpoint(name='PLAINTEXT', host='10.0.0.10', port=9092, securityProtocol=0)], features=[], rack=null, fenced=true) (org.apache.kafka.controller.ClusterControlManager)
<h15>: [2023-02-26 20:29:39,575] INFO [Controller 15] Registered new broker: RegisterBrokerRecord(brokerId=8, incarnationId=u0aWgOCAS92KIIb382hzZw, brokerEpoch=9, endPoints=[BrokerEndpoint(name='PLAINTEXT', host='10.0.0.8', port=9092, securityProtocol=0)], features=[], rack=null, fenced=true) (org.apache.kafka.controller.ClusterControlManager)
<h15>: [2023-02-26 20:29:39,575] INFO [Controller 15] Registered new broker: RegisterBrokerRecord(brokerId=9, incarnationId=DoHwaS4STcS5kiFGsI8DHg, brokerEpoch=10, endPoints=[BrokerEndpoint(name='PLAINTEXT', host='10.0.0.9', port=9092, securityProtocol=0)], features=[], rack=null, fenced=true) (org.apache.kafka.controller.ClusterControlManager)
<h15>: [2023-02-26 20:29:39,575] INFO [Controller 15] Registered new broker: RegisterBrokerRecord(brokerId=4, incarnationId=ysYN0e7DSYyNQOeizVdmXA, brokerEpoch=11, endPoints=[BrokerEndpoint(name='PLAINTEXT', host='10.0.0.4', port=9092, securityProtocol=0)], features=[], rack=null, fenced=true) (org.apache.kafka.controller.ClusterControlManager)
<h15>: [2023-02-26 20:29:39,575] INFO [Controller 15] Registered new broker: RegisterBrokerRecord(brokerId=11, incarnationId=vltlAgYgTRioxypHOQ8BSQ, brokerEpoch=12, endPoints=[BrokerEndpoint(name='PLAINTEXT', host='10.0.0.11', port=9092, securityProtocol=0)], features=[], rack=null, fenced=true) (org.apache.kafka.controller.ClusterControlManager)
<h15>: [2023-02-26 20:29:39,575] INFO [Controller 15] Unfenced broker: UnfenceBrokerRecord(id=1, epoch=0) (org.apache.kafka.controller.ClusterControlManager)
<h15>: [2023-02-26 20:29:39,575] INFO [Controller 15] Registered new broker: RegisterBrokerRecord(brokerId=13, incarnationId=ASDOl6kTROCykY11g3mL_A, brokerEpoch=14, endPoints=[BrokerEndpoint(name='PLAINTEXT', host='10.0.0.13', port=9092, securityProtocol=0)], features=[], rack=null, fenced=true) (org.apache.kafka.controller.ClusterControlManager)
<h15>: [2023-02-26 20:29:39,576] INFO [Controller 15] Unfenced broker: UnfenceBrokerRecord(id=13, epoch=14) (org.apache.kafka.controller.ClusterControlManager)
<h15>: [2023-02-26 20:29:39,576] INFO [Controller 15] Unfenced broker: UnfenceBrokerRecord(id=3, epoch=7) (org.apache.kafka.controller.ClusterControlManager)
<h15>: [2023-02-26 20:29:39,576] INFO [Controller 15] Unfenced broker: UnfenceBrokerRecord(id=10, epoch=8) (org.apache.kafka.controller.ClusterControlManager)
<h15>: [2023-02-26 20:29:39,576] INFO [Controller 15] Unfenced broker: UnfenceBrokerRecord(id=12, epoch=4) (org.apache.kafka.controller.ClusterControlManager)
<h15>: [2023-02-26 20:29:39,576] INFO [Controller 15] Unfenced broker: UnfenceBrokerRecord(id=6, epoch=2) (org.apache.kafka.controller.ClusterControlManager)
<h15>: [2023-02-26 20:29:39,646] INFO [Controller 15] Registered new broker: RegisterBrokerRecord(brokerId=15, incarnationId=rimofCmQTV-dFYcy3Xgu1g, brokerEpoch=20, endPoints=[BrokerEndpoint(name='PLAINTEXT', host='10.0.0.15', port=9092, securityProtocol=0)], features=[], rack=null, fenced=true) (org.apache.kafka.controller.ClusterControlManager)
<h15>: [2023-02-26 20:29:39,646] INFO [Controller 15] Registered new broker: RegisterBrokerRecord(brokerId=17, incarnationId=3wYalzwcT9iEiHhlAZ1NlA, brokerEpoch=21, endPoints=[BrokerEndpoint(name='PLAINTEXT', host='10.0.0.17', port=9092, securityProtocol=0)], features=[], rack=null, fenced=true) (org.apache.kafka.controller.ClusterControlManager)
<h15>: [2023-02-26 20:29:39,646] INFO [Controller 15] Registered new broker: RegisterBrokerRecord(brokerId=18, incarnationId=t-_qwTjGR92U33fDvvL8kQ, brokerEpoch=22, endPoints=[BrokerEndpoint(name='PLAINTEXT', host='10.0.0.18', port=9092, securityProtocol=0)], features=[], rack=null, fenced=true) (org.apache.kafka.controller.ClusterControlManager)
<h15>: [2023-02-26 20:29:39,646] INFO [Controller 15] Registered new broker: RegisterBrokerRecord(brokerId=14, incarnationId=r3uoR0x-Tnq2UoG47-pYnA, brokerEpoch=23, endPoints=[BrokerEndpoint(name='PLAINTEXT', host='10.0.0.14', port=9092, securityProtocol=0)], features=[], rack=null, fenced=true) (org.apache.kafka.controller.ClusterControlManager)
<h15>: [2023-02-26 20:29:39,647] INFO [Controller 15] Registered new broker: RegisterBrokerRecord(brokerId=16, incarnationId=hjwCXEURRIaUSK9mevc7GA, brokerEpoch=24, endPoints=[BrokerEndpoint(name='PLAINTEXT', host='10.0.0.16', port=9092, securityProtocol=0)], features=[], rack=null, fenced=true) (org.apache.kafka.controller.ClusterControlManager)
<h15>: [2023-02-26 20:29:39,664] INFO [BrokerLifecycleManager id=15] The broker has caught up. Transitioning from STARTING to RECOVERY. (kafka.server.BrokerLifecycleManager)
<h15>: [2023-02-26 20:29:39,668] INFO [BrokerMetadataListener id=15] Starting to publish metadata events at offset 24. (kafka.server.metadata.BrokerMetadataListener)
<h15>: [2023-02-26 20:29:39,670] INFO [BrokerMetadataPublisher id=15] Publishing initial metadata at offset OffsetAndEpoch(offset=24, epoch=1). (kafka.server.metadata.BrokerMetadataPublisher)
<h15>: [2023-02-26 20:29:39,671] INFO Loading logs from log dirs ArraySeq(/home/visitor/neves/amnis-data-sync/./kafka-3.1.0/logs/kafka15) (kafka.log.LogManager)
<h15>: [2023-02-26 20:29:39,672] INFO Attempting recovery for all logs in /home/visitor/neves/amnis-data-sync/./kafka-3.1.0/logs/kafka15 since no clean shutdown file was found (kafka.log.LogManager)
<h15>: [2023-02-26 20:29:39,686] INFO [BrokerLifecycleManager id=15] The broker is in RECOVERY. (kafka.server.BrokerLifecycleManager)
<h15>: [2023-02-26 20:29:39,700] INFO Loaded 0 logs in 28ms. (kafka.log.LogManager)
<h15>: [2023-02-26 20:29:39,700] INFO Starting log cleanup with a period of 300000 ms. (kafka.log.LogManager)
<h15>: [2023-02-26 20:29:39,703] INFO Starting log flusher with a default period of 9223372036854775807 ms. (kafka.log.LogManager)
<h15>: [2023-02-26 20:29:39,871] INFO [GroupCoordinator 15]: Starting up. (kafka.coordinator.group.GroupCoordinator)
<h15>: [2023-02-26 20:29:39,895] INFO [GroupCoordinator 15]: Startup complete. (kafka.coordinator.group.GroupCoordinator)
<h15>: [2023-02-26 20:29:39,896] INFO [LogDirFailureHandler]: Starting (kafka.server.ReplicaManager$LogDirFailureHandler)
<h15>: [2023-02-26 20:29:39,896] INFO [TransactionCoordinator id=15] Starting up. (kafka.coordinator.transaction.TransactionCoordinator)
<h15>: [2023-02-26 20:29:39,909] INFO [TransactionCoordinator id=15] Startup complete. (kafka.coordinator.transaction.TransactionCoordinator)
<h15>: [2023-02-26 20:29:39,917] INFO [Transaction Marker Channel Manager 15]: Starting (kafka.coordinator.transaction.TransactionMarkerChannelManager)
<h15>: [2023-02-26 20:29:39,977] INFO KafkaConfig values: 
<h15>: 	advertised.listeners = PLAINTEXT://10.0.0.15:9092
<h15>: 	alter.config.policy.class.name = null
<h15>: 	alter.log.dirs.replication.quota.window.num = 11
<h15>: 	alter.log.dirs.replication.quota.window.size.seconds = 1
<h15>: 	authorizer.class.name = 
<h15>: 	auto.create.topics.enable = true
<h15>: 	auto.leader.rebalance.enable = true
<h15>: 	background.threads = 10
<h15>: 	broker.heartbeat.interval.ms = 2000
<h15>: 	broker.id = 15
<h15>: 	broker.id.generation.enable = true
<h15>: 	broker.rack = null
<h15>: 	broker.session.timeout.ms = 120000
<h15>: 	client.quota.callback.class = null
<h15>: 	compression.type = producer
<h15>: 	connection.failed.authentication.delay.ms = 100
<h15>: 	connections.max.idle.ms = 600000
<h15>: 	connections.max.reauth.ms = 0
<h15>: 	control.plane.listener.name = null
<h15>: 	controlled.shutdown.enable = true
<h15>: 	controlled.shutdown.max.retries = 3
<h15>: 	controlled.shutdown.retry.backoff.ms = 5000
<h15>: 	controller.listener.names = CONTROLLER
<h15>: 	controller.quorum.append.linger.ms = 25
<h15>: 	controller.quorum.election.backoff.max.ms = 10000
<h15>: 	controller.quorum.election.timeout.ms = 10000
<h15>: 	controller.quorum.fetch.timeout.ms = 20000
<h15>: 	controller.quorum.request.timeout.ms = 120000
<h15>: 	controller.quorum.retry.backoff.ms = 20
<h15>: 	controller.quorum.voters = [1@10.0.0.1:19092, 2@10.0.0.2:19093, 3@10.0.0.3:19094, 4@10.0.0.4:19095, 5@10.0.0.5:19096, 6@10.0.0.6:19097, 7@10.0.0.7:19098, 8@10.0.0.8:19099, 9@10.0.0.9:19100, 10@10.0.0.10:19101, 11@10.0.0.11:19102, 12@10.0.0.12:19103, 13@10.0.0.13:19104, 14@10.0.0.14:19105, 15@10.0.0.15:19106, 16@10.0.0.16:19107, 17@10.0.0.17:19108, 18@10.0.0.18:19109, 19@10.0.0.19:19110, 20@10.0.0.20:19111:9093]
<h15>: 	controller.quota.window.num = 11
<h15>: 	controller.quota.window.size.seconds = 1
<h15>: 	controller.socket.timeout.ms = 300000
<h15>: 	create.topic.policy.class.name = null
<h15>: 	default.replication.factor = 1
<h15>: 	delegation.token.expiry.check.interval.ms = 3600000
<h15>: 	delegation.token.expiry.time.ms = 86400000
<h15>: 	delegation.token.master.key = null
<h15>: 	delegation.token.max.lifetime.ms = 604800000
<h15>: 	delegation.token.secret.key = null
<h15>: 	delete.records.purgatory.purge.interval.requests = 1
<h15>: 	delete.topic.enable = true
<h15>: 	fetch.max.bytes = 57671680
<h15>: 	fetch.purgatory.purge.interval.requests = 1000
<h15>: 	group.initial.rebalance.delay.ms = 3000
<h15>: 	group.max.session.timeout.ms = 1800000
<h15>: 	group.max.size = 2147483647
<h15>: 	group.min.session.timeout.ms = 6000
<h15>: 	initial.broker.registration.timeout.ms = 180000
<h15>: 	inter.broker.listener.name = PLAINTEXT
<h15>: 	inter.broker.protocol.version = 3.1-IV0
<h15>: 	kafka.metrics.polling.interval.secs = 10
<h15>: 	kafka.metrics.reporters = []
<h15>: 	leader.imbalance.check.interval.seconds = 300
<h15>: 	leader.imbalance.per.broker.percentage = 10
<h15>: 	listener.security.protocol.map = PLAINTEXT:PLAINTEXT,SSL:SSL,SASL_PLAINTEXT:SASL_PLAINTEXT,SASL_SSL:SASL_SSL
<h15>: 	listeners = PLAINTEXT://:9092,CONTROLLER://10.0.0.15:19106
<h15>: 	log.cleaner.backoff.ms = 15000
<h15>: 	log.cleaner.dedupe.buffer.size = 134217728
<h15>: 	log.cleaner.delete.retention.ms = 86400000
<h15>: 	log.cleaner.enable = true
<h15>: 	log.cleaner.io.buffer.load.factor = 0.9
<h15>: 	log.cleaner.io.buffer.size = 524288
<h15>: 	log.cleaner.io.max.bytes.per.second = 1.7976931348623157E308
<h15>: 	log.cleaner.max.compaction.lag.ms = 9223372036854775807
<h15>: 	log.cleaner.min.cleanable.ratio = 0.5
<h15>: 	log.cleaner.min.compaction.lag.ms = 0
<h15>: 	log.cleaner.threads = 1
<h15>: 	log.cleanup.policy = [delete]
<h15>: 	log.dir = /tmp/kafka-logs
<h15>: 	log.dirs = ./kafka-3.1.0/logs/kafka15
<h15>: 	log.flush.interval.messages = 9223372036854775807
<h15>: 	log.flush.interval.ms = null
<h15>: 	log.flush.offset.checkpoint.interval.ms = 60000
<h15>: 	log.flush.scheduler.interval.ms = 9223372036854775807
<h15>: 	log.flush.start.offset.checkpoint.interval.ms = 60000
<h15>: 	log.index.interval.bytes = 4096
<h15>: 	log.index.size.max.bytes = 10485760
<h15>: 	log.message.downconversion.enable = true
<h15>: 	log.message.format.version = 3.0-IV1
<h15>: 	log.message.timestamp.difference.max.ms = 9223372036854775807
<h15>: 	log.message.timestamp.type = CreateTime
<h15>: 	log.preallocate = false
<h15>: 	log.retention.bytes = -1
<h15>: 	log.retention.check.interval.ms = 300000
<h15>: 	log.retention.hours = 168
<h15>: 	log.retention.minutes = null
<h15>: 	log.retention.ms = null
<h15>: 	log.roll.hours = 168
<h15>: 	log.roll.jitter.hours = 0
<h15>: 	log.roll.jitter.ms = null
<h15>: 	log.roll.ms = null
<h15>: 	log.segment.bytes = 1073741824
<h15>: 	log.segment.delete.delay.ms = 60000
<h15>: 	max.connection.creation.rate = 2147483647
<h15>: 	max.connections = 2147483647
<h15>: 	max.connections.per.ip = 2147483647
<h15>: 	max.connections.per.ip.overrides = 
<h15>: 	max.incremental.fetch.session.cache.slots = 1000
<h15>: 	message.max.bytes = 1048588
<h15>: 	metadata.log.dir = null
<h15>: 	metadata.log.max.record.bytes.between.snapshots = 20971520
<h15>: 	metadata.log.segment.bytes = 1073741824
<h15>: 	metadata.log.segment.min.bytes = 8388608
<h15>: 	metadata.log.segment.ms = 604800000
<h15>: 	metadata.max.retention.bytes = -1
<h15>: 	metadata.max.retention.ms = 604800000
<h15>: 	metric.reporters = []
<h15>: 	metrics.num.samples = 2
<h15>: 	metrics.recording.level = INFO
<h15>: 	metrics.sample.window.ms = 30000
<h15>: 	min.insync.replicas = 1
<h15>: 	node.id = 15
<h15>: 	num.io.threads = 8
<h15>: 	num.network.threads = 3
<h15>: 	num.partitions = 1
<h15>: 	num.recovery.threads.per.data.dir = 1
<h15>: 	num.replica.alter.log.dirs.threads = null
<h15>: 	num.replica.fetchers = 1
<h15>: 	offset.metadata.max.bytes = 4096
<h15>: 	offsets.commit.required.acks = -1
<h15>: 	offsets.commit.timeout.ms = 5000
<h15>: 	offsets.load.buffer.size = 5242880
<h15>: 	offsets.retention.check.interval.ms = 600000
<h15>: 	offsets.retention.minutes = 10080
<h15>: 	offsets.topic.compression.codec = 0
<h15>: 	offsets.topic.num.partitions = 50
<h15>: 	offsets.topic.replication.factor = 1
<h15>: 	offsets.topic.segment.bytes = 104857600
<h15>: 	password.encoder.cipher.algorithm = AES/CBC/PKCS5Padding
<h15>: 	password.encoder.iterations = 4096
<h15>: 	password.encoder.key.length = 128
<h15>: 	password.encoder.keyfactory.algorithm = null
<h15>: 	password.encoder.old.secret = null
<h15>: 	password.encoder.secret = null
<h15>: 	principal.builder.class = class org.apache.kafka.common.security.authenticator.DefaultKafkaPrincipalBuilder
<h15>: 	process.roles = [broker, controller]
<h15>: 	producer.purgatory.purge.interval.requests = 1000
<h15>: 	queued.max.request.bytes = -1
<h15>: 	queued.max.requests = 500
<h15>: 	quota.window.num = 11
<h15>: 	quota.window.size.seconds = 1
<h15>: 	remote.log.index.file.cache.total.size.bytes = 1073741824
<h15>: 	remote.log.manager.task.interval.ms = 30000
<h15>: 	remote.log.manager.task.retry.backoff.max.ms = 30000
<h15>: 	remote.log.manager.task.retry.backoff.ms = 500
<h15>: 	remote.log.manager.task.retry.jitter = 0.2
<h15>: 	remote.log.manager.thread.pool.size = 10
<h15>: 	remote.log.metadata.manager.class.name = null
<h15>: 	remote.log.metadata.manager.class.path = null
<h15>: 	remote.log.metadata.manager.impl.prefix = null
<h15>: 	remote.log.metadata.manager.listener.name = null
<h15>: 	remote.log.reader.max.pending.tasks = 100
<h15>: 	remote.log.reader.threads = 10
<h15>: 	remote.log.storage.manager.class.name = null
<h15>: 	remote.log.storage.manager.class.path = null
<h15>: 	remote.log.storage.manager.impl.prefix = null
<h15>: 	remote.log.storage.system.enable = false
<h15>: 	replica.fetch.backoff.ms = 1000
<h15>: 	replica.fetch.max.bytes = 1048576
<h15>: 	replica.fetch.min.bytes = 1
<h15>: 	replica.fetch.response.max.bytes = 10485760
<h15>: 	replica.fetch.wait.max.ms = 500
<h15>: 	replica.high.watermark.checkpoint.interval.ms = 5000
<h15>: 	replica.lag.time.max.ms = 30000
<h15>: 	replica.selector.class = null
<h15>: 	replica.socket.receive.buffer.bytes = 65536
<h15>: 	replica.socket.timeout.ms = 30000
<h15>: 	replication.quota.window.num = 11
<h15>: 	replication.quota.window.size.seconds = 1
<h15>: 	request.timeout.ms = 300000
<h15>: 	reserved.broker.max.id = 1000
<h15>: 	sasl.client.callback.handler.class = null
<h15>: 	sasl.enabled.mechanisms = [GSSAPI]
<h15>: 	sasl.jaas.config = null
<h15>: 	sasl.kerberos.kinit.cmd = /usr/bin/kinit
<h15>: 	sasl.kerberos.min.time.before.relogin = 60000
<h15>: 	sasl.kerberos.principal.to.local.rules = [DEFAULT]
<h15>: 	sasl.kerberos.service.name = null
<h15>: 	sasl.kerberos.ticket.renew.jitter = 0.05
<h15>: 	sasl.kerberos.ticket.renew.window.factor = 0.8
<h15>: 	sasl.login.callback.handler.class = null
<h15>: 	sasl.login.class = null
<h15>: 	sasl.login.connect.timeout.ms = null
<h15>: 	sasl.login.read.timeout.ms = null
<h15>: 	sasl.login.refresh.buffer.seconds = 300
<h15>: 	sasl.login.refresh.min.period.seconds = 60
<h15>: 	sasl.login.refresh.window.factor = 0.8
<h15>: 	sasl.login.refresh.window.jitter = 0.05
<h15>: 	sasl.login.retry.backoff.max.ms = 10000
<h15>: 	sasl.login.retry.backoff.ms = 100
<h15>: 	sasl.mechanism.controller.protocol = GSSAPI
<h15>: 	sasl.mechanism.inter.broker.protocol = GSSAPI
<h15>: 	sasl.oauthbearer.clock.skew.seconds = 30
<h15>: 	sasl.oauthbearer.expected.audience = null
<h15>: 	sasl.oauthbearer.expected.issuer = null
<h15>: 	sasl.oauthbearer.jwks.endpoint.refresh.ms = 3600000
<h15>: 	sasl.oauthbearer.jwks.endpoint.retry.backoff.max.ms = 10000
<h15>: 	sasl.oauthbearer.jwks.endpoint.retry.backoff.ms = 100
<h15>: 	sasl.oauthbearer.jwks.endpoint.url = null
<h15>: 	sasl.oauthbearer.scope.claim.name = scope
<h15>: 	sasl.oauthbearer.sub.claim.name = sub
<h15>: 	sasl.oauthbearer.token.endpoint.url = null
<h15>: 	sasl.server.callback.handler.class = null
<h15>: 	security.inter.broker.protocol = PLAINTEXT
<h15>: 	security.providers = null
<h15>: 	socket.connection.setup.timeout.max.ms = 300000
<h15>: 	socket.connection.setup.timeout.ms = 120000
<h15>: 	socket.receive.buffer.bytes = 102400
<h15>: 	socket.request.max.bytes = 104857600
<h15>: 	socket.send.buffer.bytes = 102400
<h15>: 	ssl.cipher.suites = []
<h15>: 	ssl.client.auth = none
<h15>: 	ssl.enabled.protocols = [TLSv1.2, TLSv1.3]
<h15>: 	ssl.endpoint.identification.algorithm = https
<h15>: 	ssl.engine.factory.class = null
<h15>: 	ssl.key.password = null
<h15>: 	ssl.keymanager.algorithm = SunX509
<h15>: 	ssl.keystore.certificate.chain = null
<h15>: 	ssl.keystore.key = null
<h15>: 	ssl.keystore.location = null
<h15>: 	ssl.keystore.password = null
<h15>: 	ssl.keystore.type = JKS
<h15>: 	ssl.principal.mapping.rules = DEFAULT
<h15>: 	ssl.protocol = TLSv1.3
<h15>: 	ssl.provider = null
<h15>: 	ssl.secure.random.implementation = null
<h15>: 	ssl.trustmanager.algorithm = PKIX
<h15>: 	ssl.truststore.certificates = null
<h15>: 	ssl.truststore.location = null
<h15>: 	ssl.truststore.password = null
<h15>: 	ssl.truststore.type = JKS
<h15>: 	transaction.abort.timed.out.transaction.cleanup.interval.ms = 10000
<h15>: 	transaction.max.timeout.ms = 900000
<h15>: 	transaction.remove.expired.transaction.cleanup.interval.ms = 3600000
<h15>: 	transaction.state.log.load.buffer.size = 5242880
<h15>: 	transaction.state.log.min.isr = 1
<h15>: 	transaction.state.log.num.partitions = 50
<h15>: 	transaction.state.log.replication.factor = 1
<h15>: 	transaction.state.log.segment.bytes = 104857600
<h15>: 	transactional.id.expiration.ms = 604800000
<h15>: 	unclean.leader.election.enable = false
<h15>: 	zookeeper.clientCnxnSocket = null
<h15>: 	zookeeper.connect = null
<h15>: 	zookeeper.connection.timeout.ms = null
<h15>: 	zookeeper.max.in.flight.requests = 10
<h15>: 	zookeeper.session.timeout.ms = 18000
<h15>: 	zookeeper.set.acl = false
<h15>: 	zookeeper.ssl.cipher.suites = null
<h15>: 	zookeeper.ssl.client.enable = false
<h15>: 	zookeeper.ssl.crl.enable = false
<h15>: 	zookeeper.ssl.enabled.protocols = null
<h15>: 	zookeeper.ssl.endpoint.identification.algorithm = HTTPS
<h15>: 	zookeeper.ssl.keystore.location = null
<h15>: 	zookeeper.ssl.keystore.password = null
<h15>: 	zookeeper.ssl.keystore.type = null
<h15>: 	zookeeper.ssl.ocsp.enable = false
<h15>: 	zookeeper.ssl.protocol = TLSv1.2
<h15>: 	zookeeper.ssl.truststore.location = null
<h15>: 	zookeeper.ssl.truststore.password = null
<h15>: 	zookeeper.ssl.truststore.type = null
<h15>: 	zookeeper.sync.time.ms = 2000
<h15>:  (kafka.server.KafkaConfig)
<h15>: [2023-02-26 20:29:39,986] INFO [SocketServer listenerType=BROKER, nodeId=15] Starting socket server acceptors and processors (kafka.network.SocketServer)
<h15>: [2023-02-26 20:29:40,087] INFO [SocketServer listenerType=BROKER, nodeId=15] Started data-plane acceptor and processor(s) for endpoint : ListenerName(PLAINTEXT) (kafka.network.SocketServer)
<h15>: [2023-02-26 20:29:40,087] INFO [SocketServer listenerType=BROKER, nodeId=15] Started socket server acceptors and processors (kafka.network.SocketServer)
<h15>: [2023-02-26 20:29:40,088] INFO [BrokerServer id=15] Transition from STARTING to STARTED (kafka.server.BrokerServer)
<h15>: [2023-02-26 20:29:40,088] INFO Kafka version: 3.1.0 (org.apache.kafka.common.utils.AppInfoParser)
<h15>: [2023-02-26 20:29:40,088] INFO Kafka commitId: unknown (org.apache.kafka.common.utils.AppInfoParser)
<h15>: [2023-02-26 20:29:40,089] INFO Kafka startTimeMs: 1677457780088 (org.apache.kafka.common.utils.AppInfoParser)
<h15>: [2023-02-26 20:29:40,090] INFO Kafka Server started (kafka.server.KafkaRaftServer)
<h15>: [2023-02-26 20:29:40,098] INFO [BrokerLifecycleManager id=15] The broker is in RECOVERY. (kafka.server.BrokerLifecycleManager)
<h15>: [2023-02-26 20:29:40,449] INFO [Controller 15] Registered new broker: RegisterBrokerRecord(brokerId=19, incarnationId=xwO9ZQBTRxqwhQWRK5nRmQ, brokerEpoch=25, endPoints=[BrokerEndpoint(name='PLAINTEXT', host='10.0.0.19', port=9092, securityProtocol=0)], features=[], rack=null, fenced=true) (org.apache.kafka.controller.ClusterControlManager)
<h15>: [2023-02-26 20:29:41,542] INFO [Controller 15] Unfenced broker: UnfenceBrokerRecord(id=19, epoch=25) (org.apache.kafka.controller.ClusterControlManager)
<h15>: [2023-02-26 20:29:41,542] INFO [Controller 15] Unfenced broker: UnfenceBrokerRecord(id=4, epoch=11) (org.apache.kafka.controller.ClusterControlManager)
<h15>: [2023-02-26 20:29:41,543] INFO [Controller 15] Unfenced broker: UnfenceBrokerRecord(id=7, epoch=3) (org.apache.kafka.controller.ClusterControlManager)
<h15>: [2023-02-26 20:29:41,543] INFO [Controller 15] Unfenced broker: UnfenceBrokerRecord(id=2, epoch=5) (org.apache.kafka.controller.ClusterControlManager)
<h15>: [2023-02-26 20:29:41,543] INFO [Controller 15] Unfenced broker: UnfenceBrokerRecord(id=5, epoch=6) (org.apache.kafka.controller.ClusterControlManager)
<h15>: [2023-02-26 20:29:41,543] INFO [Controller 15] Unfenced broker: UnfenceBrokerRecord(id=8, epoch=9) (org.apache.kafka.controller.ClusterControlManager)
<h15>: [2023-02-26 20:29:41,543] INFO [Controller 15] Unfenced broker: UnfenceBrokerRecord(id=11, epoch=12) (org.apache.kafka.controller.ClusterControlManager)
<h15>: [2023-02-26 20:29:41,543] INFO [Controller 15] Unfenced broker: UnfenceBrokerRecord(id=9, epoch=10) (org.apache.kafka.controller.ClusterControlManager)
<h15>: [2023-02-26 20:29:42,323] INFO [BrokerLifecycleManager id=15] The broker has been unfenced. Transitioning from RECOVERY to RUNNING. (kafka.server.BrokerLifecycleManager)
<h15>: [2023-02-26 20:29:42,825] INFO [Controller 15] Unfenced broker: UnfenceBrokerRecord(id=17, epoch=21) (org.apache.kafka.controller.ClusterControlManager)
<h15>: [2023-02-26 20:29:42,826] INFO [Controller 15] Unfenced broker: UnfenceBrokerRecord(id=14, epoch=23) (org.apache.kafka.controller.ClusterControlManager)
<h15>: [2023-02-26 20:29:42,826] INFO [Controller 15] Unfenced broker: UnfenceBrokerRecord(id=16, epoch=24) (org.apache.kafka.controller.ClusterControlManager)
<h15>: [2023-02-26 20:29:42,826] INFO [Controller 15] Unfenced broker: UnfenceBrokerRecord(id=15, epoch=20) (org.apache.kafka.controller.ClusterControlManager)
<h15>: [2023-02-26 20:29:42,826] INFO [Controller 15] Unfenced broker: UnfenceBrokerRecord(id=18, epoch=22) (org.apache.kafka.controller.ClusterControlManager)
<h15>: [2023-02-26 20:29:51,721] INFO [RaftManager nodeId=15] Vote request VoteRequestData(clusterId='JmL9ihFRQmSabrNWrYSpjg', topics=[TopicData(topicName='__cluster_metadata', partitions=[PartitionData(partitionIndex=0, candidateEpoch=1, candidateId=20, lastOffsetEpoch=0, lastOffset=0)])]) with epoch 1 is rejected (org.apache.kafka.raft.KafkaRaftClient)
<h15>: [2023-02-26 20:29:52,501] INFO [Controller 15] Registered new broker: RegisterBrokerRecord(brokerId=20, incarnationId=dDGA3CuHTBykH0pzUbhwmA, brokerEpoch=39, endPoints=[BrokerEndpoint(name='PLAINTEXT', host='10.0.0.20', port=9092, securityProtocol=0)], features=[], rack=null, fenced=true) (org.apache.kafka.controller.ClusterControlManager)
<h15>: [2023-02-26 20:29:52,929] INFO [Controller 15] Unfenced broker: UnfenceBrokerRecord(id=20, epoch=39) (org.apache.kafka.controller.ClusterControlManager)
<h15>: [2023-02-26 20:29:53,453] INFO [Controller 15] Created topic topic-1 with topic ID dVvmnTbzTJCZyuFN1c_dog. (org.apache.kafka.controller.ReplicationControlManager)
<h15>: [2023-02-26 20:29:53,453] INFO [Controller 15] Created partition topic-1-0 with topic ID dVvmnTbzTJCZyuFN1c_dog and PartitionRegistration(replicas=[14, 15, 16, 17, 18, 19, 20, 1, 2, 3, 4, 5, 6, 7, 8, 9, 10, 11, 12, 13], isr=[14, 15, 16, 17, 18, 19, 20, 1, 2, 3, 4, 5, 6, 7, 8, 9, 10, 11, 12, 13], removingReplicas=[], addingReplicas=[], leader=14, leaderEpoch=0, partitionEpoch=0). (org.apache.kafka.controller.ReplicationControlManager)
<h15>: [2023-02-26 20:29:53,531] INFO [LogLoader partition=topic-1-0, dir=/home/visitor/neves/amnis-data-sync/./kafka-3.1.0/logs/kafka15] Loading producer state till offset 0 with message format version 2 (kafka.log.UnifiedLog$)
<h15>: [2023-02-26 20:29:53,542] INFO Created log for partition topic-1-0 in /home/visitor/neves/amnis-data-sync/./kafka-3.1.0/logs/kafka15/topic-1-0 with properties {} (kafka.log.LogManager)
<h15>: [2023-02-26 20:29:53,567] INFO [Partition topic-1-0 broker=15] No checkpointed highwatermark is found for partition topic-1-0 (kafka.cluster.Partition)
<h15>: [2023-02-26 20:29:53,568] INFO [Partition topic-1-0 broker=15] Log loaded for partition topic-1-0 with initial high watermark 0 (kafka.cluster.Partition)
<h15>: [2023-02-26 20:29:53,587] INFO [ReplicaFetcherManager on broker 15] Removed fetcher for partitions Set(topic-1-0) (kafka.server.ReplicaFetcherManager)
<h15>: [2023-02-26 20:29:53,669] INFO [ReplicaFetcherManager on broker 15] Added fetcher to broker 14 for partitions HashMap(topic-1-0 -> InitialFetchState(Some(dVvmnTbzTJCZyuFN1c_dog),BrokerEndPoint(id=14, host=10.0.0.14:9092),0,0)) (kafka.server.ReplicaFetcherManager)
<h15>: [2023-02-26 20:29:53,676] INFO [ReplicaFetcher replicaId=15, leaderId=14, fetcherId=0] Starting (kafka.server.ReplicaFetcherThread)
<h15>: [2023-02-26 20:29:53,693] INFO [ReplicaFetcher replicaId=15, leaderId=14, fetcherId=0] Truncating partition topic-1-0 with TruncationState(offset=0, completed=true) due to local high watermark 0 (kafka.server.ReplicaFetcherThread)
<h15>: [2023-02-26 20:29:53,695] INFO [UnifiedLog partition=topic-1-0, dir=/home/visitor/neves/amnis-data-sync/./kafka-3.1.0/logs/kafka15] Truncating to 0 has no effect as the largest offset in the log is -1 (kafka.log.UnifiedLog)
<h15>: [2023-02-26 20:29:54,072] INFO Sent auto-creation request for Set(__consumer_offsets) to the active controller. (kafka.server.DefaultAutoTopicCreationManager)
<h15>: [2023-02-26 20:29:54,175] INFO Sent auto-creation request for Set(__consumer_offsets) to the active controller. (kafka.server.DefaultAutoTopicCreationManager)
<h15>: [2023-02-26 20:29:54,368] INFO [Controller 15] ConfigResource(type=TOPIC, name='__consumer_offsets'): set configuration compression.type to producer (org.apache.kafka.controller.ConfigurationControlManager)
<h15>: [2023-02-26 20:29:54,368] INFO [Controller 15] ConfigResource(type=TOPIC, name='__consumer_offsets'): set configuration cleanup.policy to compact (org.apache.kafka.controller.ConfigurationControlManager)
<h15>: [2023-02-26 20:29:54,368] INFO [Controller 15] ConfigResource(type=TOPIC, name='__consumer_offsets'): set configuration segment.bytes to 104857600 (org.apache.kafka.controller.ConfigurationControlManager)
<h15>: [2023-02-26 20:29:54,368] INFO [Controller 15] Created topic __consumer_offsets with topic ID gs35a5FWTyyJLPclII7hIA. (org.apache.kafka.controller.ReplicationControlManager)
<h15>: [2023-02-26 20:29:54,368] INFO [Controller 15] Created partition __consumer_offsets-0 with topic ID gs35a5FWTyyJLPclII7hIA and PartitionRegistration(replicas=[4], isr=[4], removingReplicas=[], addingReplicas=[], leader=4, leaderEpoch=0, partitionEpoch=0). (org.apache.kafka.controller.ReplicationControlManager)
<h15>: [2023-02-26 20:29:54,368] INFO [Controller 15] Created partition __consumer_offsets-1 with topic ID gs35a5FWTyyJLPclII7hIA and PartitionRegistration(replicas=[5], isr=[5], removingReplicas=[], addingReplicas=[], leader=5, leaderEpoch=0, partitionEpoch=0). (org.apache.kafka.controller.ReplicationControlManager)
<h15>: [2023-02-26 20:29:54,368] INFO [Controller 15] Created partition __consumer_offsets-2 with topic ID gs35a5FWTyyJLPclII7hIA and PartitionRegistration(replicas=[6], isr=[6], removingReplicas=[], addingReplicas=[], leader=6, leaderEpoch=0, partitionEpoch=0). (org.apache.kafka.controller.ReplicationControlManager)
<h15>: [2023-02-26 20:29:54,369] INFO [Controller 15] Created partition __consumer_offsets-3 with topic ID gs35a5FWTyyJLPclII7hIA and PartitionRegistration(replicas=[7], isr=[7], removingReplicas=[], addingReplicas=[], leader=7, leaderEpoch=0, partitionEpoch=0). (org.apache.kafka.controller.ReplicationControlManager)
<h15>: [2023-02-26 20:29:54,369] INFO [Controller 15] Created partition __consumer_offsets-4 with topic ID gs35a5FWTyyJLPclII7hIA and PartitionRegistration(replicas=[8], isr=[8], removingReplicas=[], addingReplicas=[], leader=8, leaderEpoch=0, partitionEpoch=0). (org.apache.kafka.controller.ReplicationControlManager)
<h15>: [2023-02-26 20:29:54,369] INFO [Controller 15] Created partition __consumer_offsets-5 with topic ID gs35a5FWTyyJLPclII7hIA and PartitionRegistration(replicas=[9], isr=[9], removingReplicas=[], addingReplicas=[], leader=9, leaderEpoch=0, partitionEpoch=0). (org.apache.kafka.controller.ReplicationControlManager)
<h15>: [2023-02-26 20:29:54,369] INFO [Controller 15] Created partition __consumer_offsets-6 with topic ID gs35a5FWTyyJLPclII7hIA and PartitionRegistration(replicas=[10], isr=[10], removingReplicas=[], addingReplicas=[], leader=10, leaderEpoch=0, partitionEpoch=0). (org.apache.kafka.controller.ReplicationControlManager)
<h15>: [2023-02-26 20:29:54,369] INFO [Controller 15] Created partition __consumer_offsets-7 with topic ID gs35a5FWTyyJLPclII7hIA and PartitionRegistration(replicas=[11], isr=[11], removingReplicas=[], addingReplicas=[], leader=11, leaderEpoch=0, partitionEpoch=0). (org.apache.kafka.controller.ReplicationControlManager)
<h15>: [2023-02-26 20:29:54,369] INFO [Controller 15] Created partition __consumer_offsets-8 with topic ID gs35a5FWTyyJLPclII7hIA and PartitionRegistration(replicas=[12], isr=[12], removingReplicas=[], addingReplicas=[], leader=12, leaderEpoch=0, partitionEpoch=0). (org.apache.kafka.controller.ReplicationControlManager)
<h15>: [2023-02-26 20:29:54,369] INFO [Controller 15] Created partition __consumer_offsets-9 with topic ID gs35a5FWTyyJLPclII7hIA and PartitionRegistration(replicas=[13], isr=[13], removingReplicas=[], addingReplicas=[], leader=13, leaderEpoch=0, partitionEpoch=0). (org.apache.kafka.controller.ReplicationControlManager)
<h15>: [2023-02-26 20:29:54,369] INFO [Controller 15] Created partition __consumer_offsets-10 with topic ID gs35a5FWTyyJLPclII7hIA and PartitionRegistration(replicas=[14], isr=[14], removingReplicas=[], addingReplicas=[], leader=14, leaderEpoch=0, partitionEpoch=0). (org.apache.kafka.controller.ReplicationControlManager)
<h15>: [2023-02-26 20:29:54,369] INFO [Controller 15] Created partition __consumer_offsets-11 with topic ID gs35a5FWTyyJLPclII7hIA and PartitionRegistration(replicas=[15], isr=[15], removingReplicas=[], addingReplicas=[], leader=15, leaderEpoch=0, partitionEpoch=0). (org.apache.kafka.controller.ReplicationControlManager)
<h15>: [2023-02-26 20:29:54,369] INFO [Controller 15] Created partition __consumer_offsets-12 with topic ID gs35a5FWTyyJLPclII7hIA and PartitionRegistration(replicas=[16], isr=[16], removingReplicas=[], addingReplicas=[], leader=16, leaderEpoch=0, partitionEpoch=0). (org.apache.kafka.controller.ReplicationControlManager)
<h15>: [2023-02-26 20:29:54,370] INFO [Controller 15] Created partition __consumer_offsets-13 with topic ID gs35a5FWTyyJLPclII7hIA and PartitionRegistration(replicas=[17], isr=[17], removingReplicas=[], addingReplicas=[], leader=17, leaderEpoch=0, partitionEpoch=0). (org.apache.kafka.controller.ReplicationControlManager)
<h15>: [2023-02-26 20:29:54,370] INFO [Controller 15] Created partition __consumer_offsets-14 with topic ID gs35a5FWTyyJLPclII7hIA and PartitionRegistration(replicas=[18], isr=[18], removingReplicas=[], addingReplicas=[], leader=18, leaderEpoch=0, partitionEpoch=0). (org.apache.kafka.controller.ReplicationControlManager)
<h15>: [2023-02-26 20:29:54,370] INFO [Controller 15] Created partition __consumer_offsets-15 with topic ID gs35a5FWTyyJLPclII7hIA and PartitionRegistration(replicas=[19], isr=[19], removingReplicas=[], addingReplicas=[], leader=19, leaderEpoch=0, partitionEpoch=0). (org.apache.kafka.controller.ReplicationControlManager)
<h15>: [2023-02-26 20:29:54,370] INFO [Controller 15] Created partition __consumer_offsets-16 with topic ID gs35a5FWTyyJLPclII7hIA and PartitionRegistration(replicas=[20], isr=[20], removingReplicas=[], addingReplicas=[], leader=20, leaderEpoch=0, partitionEpoch=0). (org.apache.kafka.controller.ReplicationControlManager)
<h15>: [2023-02-26 20:29:54,370] INFO [Controller 15] Created partition __consumer_offsets-17 with topic ID gs35a5FWTyyJLPclII7hIA and PartitionRegistration(replicas=[1], isr=[1], removingReplicas=[], addingReplicas=[], leader=1, leaderEpoch=0, partitionEpoch=0). (org.apache.kafka.controller.ReplicationControlManager)
<h15>: [2023-02-26 20:29:54,370] INFO [Controller 15] Created partition __consumer_offsets-18 with topic ID gs35a5FWTyyJLPclII7hIA and PartitionRegistration(replicas=[2], isr=[2], removingReplicas=[], addingReplicas=[], leader=2, leaderEpoch=0, partitionEpoch=0). (org.apache.kafka.controller.ReplicationControlManager)
<h15>: [2023-02-26 20:29:54,370] INFO [Controller 15] Created partition __consumer_offsets-19 with topic ID gs35a5FWTyyJLPclII7hIA and PartitionRegistration(replicas=[3], isr=[3], removingReplicas=[], addingReplicas=[], leader=3, leaderEpoch=0, partitionEpoch=0). (org.apache.kafka.controller.ReplicationControlManager)
<h15>: [2023-02-26 20:29:54,370] INFO [Controller 15] Created partition __consumer_offsets-20 with topic ID gs35a5FWTyyJLPclII7hIA and PartitionRegistration(replicas=[7], isr=[7], removingReplicas=[], addingReplicas=[], leader=7, leaderEpoch=0, partitionEpoch=0). (org.apache.kafka.controller.ReplicationControlManager)
<h15>: [2023-02-26 20:29:54,370] INFO [Controller 15] Created partition __consumer_offsets-21 with topic ID gs35a5FWTyyJLPclII7hIA and PartitionRegistration(replicas=[10], isr=[10], removingReplicas=[], addingReplicas=[], leader=10, leaderEpoch=0, partitionEpoch=0). (org.apache.kafka.controller.ReplicationControlManager)
<h15>: [2023-02-26 20:29:54,370] INFO [Controller 15] Created partition __consumer_offsets-22 with topic ID gs35a5FWTyyJLPclII7hIA and PartitionRegistration(replicas=[20], isr=[20], removingReplicas=[], addingReplicas=[], leader=20, leaderEpoch=0, partitionEpoch=0). (org.apache.kafka.controller.ReplicationControlManager)
<h15>: [2023-02-26 20:29:54,371] INFO [Controller 15] Created partition __consumer_offsets-23 with topic ID gs35a5FWTyyJLPclII7hIA and PartitionRegistration(replicas=[1], isr=[1], removingReplicas=[], addingReplicas=[], leader=1, leaderEpoch=0, partitionEpoch=0). (org.apache.kafka.controller.ReplicationControlManager)
<h15>: [2023-02-26 20:29:54,371] INFO [Controller 15] Created partition __consumer_offsets-24 with topic ID gs35a5FWTyyJLPclII7hIA and PartitionRegistration(replicas=[4], isr=[4], removingReplicas=[], addingReplicas=[], leader=4, leaderEpoch=0, partitionEpoch=0). (org.apache.kafka.controller.ReplicationControlManager)
<h15>: [2023-02-26 20:29:54,371] INFO [Controller 15] Created partition __consumer_offsets-25 with topic ID gs35a5FWTyyJLPclII7hIA and PartitionRegistration(replicas=[9], isr=[9], removingReplicas=[], addingReplicas=[], leader=9, leaderEpoch=0, partitionEpoch=0). (org.apache.kafka.controller.ReplicationControlManager)
<h15>: [2023-02-26 20:29:54,371] INFO [Controller 15] Created partition __consumer_offsets-26 with topic ID gs35a5FWTyyJLPclII7hIA and PartitionRegistration(replicas=[18], isr=[18], removingReplicas=[], addingReplicas=[], leader=18, leaderEpoch=0, partitionEpoch=0). (org.apache.kafka.controller.ReplicationControlManager)
<h15>: [2023-02-26 20:29:54,371] INFO [Controller 15] Created partition __consumer_offsets-27 with topic ID gs35a5FWTyyJLPclII7hIA and PartitionRegistration(replicas=[16], isr=[16], removingReplicas=[], addingReplicas=[], leader=16, leaderEpoch=0, partitionEpoch=0). (org.apache.kafka.controller.ReplicationControlManager)
<h15>: [2023-02-26 20:29:54,371] INFO [Controller 15] Created partition __consumer_offsets-28 with topic ID gs35a5FWTyyJLPclII7hIA and PartitionRegistration(replicas=[6], isr=[6], removingReplicas=[], addingReplicas=[], leader=6, leaderEpoch=0, partitionEpoch=0). (org.apache.kafka.controller.ReplicationControlManager)
<h15>: [2023-02-26 20:29:54,373] INFO [Controller 15] Created partition __consumer_offsets-29 with topic ID gs35a5FWTyyJLPclII7hIA and PartitionRegistration(replicas=[12], isr=[12], removingReplicas=[], addingReplicas=[], leader=12, leaderEpoch=0, partitionEpoch=0). (org.apache.kafka.controller.ReplicationControlManager)
<h15>: [2023-02-26 20:29:54,373] INFO [Controller 15] Created partition __consumer_offsets-30 with topic ID gs35a5FWTyyJLPclII7hIA and PartitionRegistration(replicas=[14], isr=[14], removingReplicas=[], addingReplicas=[], leader=14, leaderEpoch=0, partitionEpoch=0). (org.apache.kafka.controller.ReplicationControlManager)
<h15>: [2023-02-26 20:29:54,373] INFO [Controller 15] Created partition __consumer_offsets-31 with topic ID gs35a5FWTyyJLPclII7hIA and PartitionRegistration(replicas=[8], isr=[8], removingReplicas=[], addingReplicas=[], leader=8, leaderEpoch=0, partitionEpoch=0). (org.apache.kafka.controller.ReplicationControlManager)
<h15>: [2023-02-26 20:29:54,373] INFO [Controller 15] Created partition __consumer_offsets-32 with topic ID gs35a5FWTyyJLPclII7hIA and PartitionRegistration(replicas=[5], isr=[5], removingReplicas=[], addingReplicas=[], leader=5, leaderEpoch=0, partitionEpoch=0). (org.apache.kafka.controller.ReplicationControlManager)
<h15>: [2023-02-26 20:29:54,373] INFO [Controller 15] Created partition __consumer_offsets-33 with topic ID gs35a5FWTyyJLPclII7hIA and PartitionRegistration(replicas=[19], isr=[19], removingReplicas=[], addingReplicas=[], leader=19, leaderEpoch=0, partitionEpoch=0). (org.apache.kafka.controller.ReplicationControlManager)
<h15>: [2023-02-26 20:29:54,373] INFO [Controller 15] Created partition __consumer_offsets-34 with topic ID gs35a5FWTyyJLPclII7hIA and PartitionRegistration(replicas=[17], isr=[17], removingReplicas=[], addingReplicas=[], leader=17, leaderEpoch=0, partitionEpoch=0). (org.apache.kafka.controller.ReplicationControlManager)
<h15>: [2023-02-26 20:29:54,374] INFO [Controller 15] Created partition __consumer_offsets-35 with topic ID gs35a5FWTyyJLPclII7hIA and PartitionRegistration(replicas=[11], isr=[11], removingReplicas=[], addingReplicas=[], leader=11, leaderEpoch=0, partitionEpoch=0). (org.apache.kafka.controller.ReplicationControlManager)
<h15>: [2023-02-26 20:29:54,405] INFO [ReplicaFetcherManager on broker 15] Removed fetcher for partitions Set(__consumer_offsets-11, __consumer_offsets-38) (kafka.server.ReplicaFetcherManager)
<h15>: [2023-02-26 20:29:54,440] INFO [Controller 15] Created partition __consumer_offsets-36 with topic ID gs35a5FWTyyJLPclII7hIA and PartitionRegistration(replicas=[3], isr=[3], removingReplicas=[], addingReplicas=[], leader=3, leaderEpoch=0, partitionEpoch=0). (org.apache.kafka.controller.ReplicationControlManager)
<h15>: [2023-02-26 20:29:54,440] INFO [Controller 15] Created partition __consumer_offsets-37 with topic ID gs35a5FWTyyJLPclII7hIA and PartitionRegistration(replicas=[2], isr=[2], removingReplicas=[], addingReplicas=[], leader=2, leaderEpoch=0, partitionEpoch=0). (org.apache.kafka.controller.ReplicationControlManager)
<h15>: [2023-02-26 20:29:54,440] INFO [Controller 15] Created partition __consumer_offsets-38 with topic ID gs35a5FWTyyJLPclII7hIA and PartitionRegistration(replicas=[15], isr=[15], removingReplicas=[], addingReplicas=[], leader=15, leaderEpoch=0, partitionEpoch=0). (org.apache.kafka.controller.ReplicationControlManager)
<h15>: [2023-02-26 20:29:54,440] INFO [Controller 15] Created partition __consumer_offsets-39 with topic ID gs35a5FWTyyJLPclII7hIA and PartitionRegistration(replicas=[13], isr=[13], removingReplicas=[], addingReplicas=[], leader=13, leaderEpoch=0, partitionEpoch=0). (org.apache.kafka.controller.ReplicationControlManager)
<h15>: [2023-02-26 20:29:54,440] INFO [Controller 15] Created partition __consumer_offsets-40 with topic ID gs35a5FWTyyJLPclII7hIA and PartitionRegistration(replicas=[13], isr=[13], removingReplicas=[], addingReplicas=[], leader=13, leaderEpoch=0, partitionEpoch=0). (org.apache.kafka.controller.ReplicationControlManager)
<h15>: [2023-02-26 20:29:54,440] INFO [Controller 15] Created partition __consumer_offsets-41 with topic ID gs35a5FWTyyJLPclII7hIA and PartitionRegistration(replicas=[8], isr=[8], removingReplicas=[], addingReplicas=[], leader=8, leaderEpoch=0, partitionEpoch=0). (org.apache.kafka.controller.ReplicationControlManager)
<h15>: [2023-02-26 20:29:54,440] INFO [Controller 15] Created partition __consumer_offsets-42 with topic ID gs35a5FWTyyJLPclII7hIA and PartitionRegistration(replicas=[12], isr=[12], removingReplicas=[], addingReplicas=[], leader=12, leaderEpoch=0, partitionEpoch=0). (org.apache.kafka.controller.ReplicationControlManager)
<h15>: [2023-02-26 20:29:54,441] INFO [Controller 15] Created partition __consumer_offsets-43 with topic ID gs35a5FWTyyJLPclII7hIA and PartitionRegistration(replicas=[6], isr=[6], removingReplicas=[], addingReplicas=[], leader=6, leaderEpoch=0, partitionEpoch=0). (org.apache.kafka.controller.ReplicationControlManager)
<h15>: [2023-02-26 20:29:54,441] INFO [Controller 15] Created partition __consumer_offsets-44 with topic ID gs35a5FWTyyJLPclII7hIA and PartitionRegistration(replicas=[10], isr=[10], removingReplicas=[], addingReplicas=[], leader=10, leaderEpoch=0, partitionEpoch=0). (org.apache.kafka.controller.ReplicationControlManager)
<h15>: [2023-02-26 20:29:54,441] INFO [Controller 15] Created partition __consumer_offsets-45 with topic ID gs35a5FWTyyJLPclII7hIA and PartitionRegistration(replicas=[3], isr=[3], removingReplicas=[], addingReplicas=[], leader=3, leaderEpoch=0, partitionEpoch=0). (org.apache.kafka.controller.ReplicationControlManager)
<h15>: [2023-02-26 20:29:54,441] INFO [Controller 15] Created partition __consumer_offsets-46 with topic ID gs35a5FWTyyJLPclII7hIA and PartitionRegistration(replicas=[17], isr=[17], removingReplicas=[], addingReplicas=[], leader=17, leaderEpoch=0, partitionEpoch=0). (org.apache.kafka.controller.ReplicationControlManager)
<h15>: [2023-02-26 20:29:54,441] INFO [Controller 15] Created partition __consumer_offsets-47 with topic ID gs35a5FWTyyJLPclII7hIA and PartitionRegistration(replicas=[7], isr=[7], removingReplicas=[], addingReplicas=[], leader=7, leaderEpoch=0, partitionEpoch=0). (org.apache.kafka.controller.ReplicationControlManager)
<h15>: [2023-02-26 20:29:54,441] INFO [Controller 15] Created partition __consumer_offsets-48 with topic ID gs35a5FWTyyJLPclII7hIA and PartitionRegistration(replicas=[11], isr=[11], removingReplicas=[], addingReplicas=[], leader=11, leaderEpoch=0, partitionEpoch=0). (org.apache.kafka.controller.ReplicationControlManager)
<h15>: [2023-02-26 20:29:54,441] INFO [Controller 15] Created partition __consumer_offsets-49 with topic ID gs35a5FWTyyJLPclII7hIA and PartitionRegistration(replicas=[1], isr=[1], removingReplicas=[], addingReplicas=[], leader=1, leaderEpoch=0, partitionEpoch=0). (org.apache.kafka.controller.ReplicationControlManager)
<h15>: [2023-02-26 20:29:54,553] INFO [LogLoader partition=__consumer_offsets-11, dir=/home/visitor/neves/amnis-data-sync/./kafka-3.1.0/logs/kafka15] Loading producer state till offset 0 with message format version 2 (kafka.log.UnifiedLog$)
<h15>: [2023-02-26 20:29:54,556] INFO Created log for partition __consumer_offsets-11 in /home/visitor/neves/amnis-data-sync/./kafka-3.1.0/logs/kafka15/__consumer_offsets-11 with properties {cleanup.policy=compact, compression.type="producer", segment.bytes=104857600} (kafka.log.LogManager)
<h15>: [2023-02-26 20:29:54,556] INFO [Partition __consumer_offsets-11 broker=15] No checkpointed highwatermark is found for partition __consumer_offsets-11 (kafka.cluster.Partition)
<h15>: [2023-02-26 20:29:54,556] INFO [Partition __consumer_offsets-11 broker=15] Log loaded for partition __consumer_offsets-11 with initial high watermark 0 (kafka.cluster.Partition)
<h15>: [2023-02-26 20:29:54,803] INFO [LogLoader partition=__consumer_offsets-38, dir=/home/visitor/neves/amnis-data-sync/./kafka-3.1.0/logs/kafka15] Loading producer state till offset 0 with message format version 2 (kafka.log.UnifiedLog$)
<h15>: [2023-02-26 20:29:54,804] INFO Created log for partition __consumer_offsets-38 in /home/visitor/neves/amnis-data-sync/./kafka-3.1.0/logs/kafka15/__consumer_offsets-38 with properties {cleanup.policy=compact, compression.type="producer", segment.bytes=104857600} (kafka.log.LogManager)
<h15>: [2023-02-26 20:29:54,804] INFO [Partition __consumer_offsets-38 broker=15] No checkpointed highwatermark is found for partition __consumer_offsets-38 (kafka.cluster.Partition)
<h15>: [2023-02-26 20:29:54,804] INFO [Partition __consumer_offsets-38 broker=15] Log loaded for partition __consumer_offsets-38 with initial high watermark 0 (kafka.cluster.Partition)
<h15>: [2023-02-26 20:29:54,993] INFO [GroupCoordinator 15]: Elected as the group coordinator for partition 11 in epoch 0 (kafka.coordinator.group.GroupCoordinator)
<h15>: [2023-02-26 20:29:54,994] INFO [GroupMetadataManager brokerId=15] Scheduling loading of offsets and group metadata from __consumer_offsets-11 for epoch 0 (kafka.coordinator.group.GroupMetadataManager)
<h15>: [2023-02-26 20:29:55,008] INFO [GroupCoordinator 15]: Elected as the group coordinator for partition 38 in epoch 0 (kafka.coordinator.group.GroupCoordinator)
<h15>: [2023-02-26 20:29:55,009] INFO [GroupMetadataManager brokerId=15] Scheduling loading of offsets and group metadata from __consumer_offsets-38 for epoch 0 (kafka.coordinator.group.GroupMetadataManager)
<h15>: [2023-02-26 20:29:55,014] INFO [GroupMetadataManager brokerId=15] Finished loading offsets and group metadata from __consumer_offsets-11 in 19 milliseconds for epoch 0, of which 15 milliseconds was spent in the scheduler. (kafka.coordinator.group.GroupMetadataManager)
<h15>: [2023-02-26 20:29:55,044] INFO [GroupMetadataManager brokerId=15] Finished loading offsets and group metadata from __consumer_offsets-38 in 35 milliseconds for epoch 0, of which 34 milliseconds was spent in the scheduler. (kafka.coordinator.group.GroupMetadataManager)
<h15>: [2023-02-26 20:31:59,259] INFO Sent auto-creation request for Set(topic-0) to the active controller. (kafka.server.DefaultAutoTopicCreationManager)
<h15>: [2023-02-26 20:31:59,484] INFO Sent auto-creation request for Set(topic-0) to the active controller. (kafka.server.DefaultAutoTopicCreationManager)
<h15>: [2023-02-26 20:31:59,596] INFO Sent auto-creation request for Set(topic-0) to the active controller. (kafka.server.DefaultAutoTopicCreationManager)
<h15>: [2023-02-26 20:31:59,709] INFO Sent auto-creation request for Set(topic-0) to the active controller. (kafka.server.DefaultAutoTopicCreationManager)
<h15>: [2023-02-26 20:31:59,822] INFO Sent auto-creation request for Set(topic-0) to the active controller. (kafka.server.DefaultAutoTopicCreationManager)
<h15>: [2023-02-26 20:31:59,933] INFO Sent auto-creation request for Set(topic-0) to the active controller. (kafka.server.DefaultAutoTopicCreationManager)
<h15>: [2023-02-26 20:31:59,943] INFO [Controller 15] Created topic topic-0 with topic ID pdlBKgLLRDWnsdzKZEnY7A. (org.apache.kafka.controller.ReplicationControlManager)
<h15>: [2023-02-26 20:31:59,944] INFO [Controller 15] Created partition topic-0-0 with topic ID pdlBKgLLRDWnsdzKZEnY7A and PartitionRegistration(replicas=[7], isr=[7], removingReplicas=[], addingReplicas=[], leader=7, leaderEpoch=0, partitionEpoch=0). (org.apache.kafka.controller.ReplicationControlManager)
<h15>: [2023-02-26 20:37:13,139] INFO [BrokerToControllerChannelManager broker=15 name=forwarding] Node 1 disconnected. (org.apache.kafka.clients.NetworkClient)
<h15>: [2023-02-26 20:37:13,143] INFO [BrokerToControllerChannelManager broker=15 name=heartbeat] Node 1 disconnected. (org.apache.kafka.clients.NetworkClient)
<h15>: [2023-02-26 20:37:13,144] INFO [RaftManager nodeId=15] Node 1 disconnected. (org.apache.kafka.clients.NetworkClient)
<h15>: [2023-02-26 20:37:13,157] INFO [RaftManager nodeId=15] Cancelled in-flight FETCH request with correlation id 900 due to node 1 being disconnected (elapsed time since creation: 314ms, elapsed time since send: 314ms, request timeout: 120000ms) (org.apache.kafka.clients.NetworkClient)
<h15>: [2023-02-26 20:37:13,222] INFO [RaftManager nodeId=15] Node 1 disconnected. (org.apache.kafka.clients.NetworkClient)
<h15>: [2023-02-26 20:37:13,222] WARN [RaftManager nodeId=15] Connection to node 1 (/10.0.0.1:19092) could not be established. Broker may not be available. (org.apache.kafka.clients.NetworkClient)
<h15>: [2023-02-26 20:37:13,348] INFO [RaftManager nodeId=15] Node 1 disconnected. (org.apache.kafka.clients.NetworkClient)
<h15>: [2023-02-26 20:37:13,348] WARN [RaftManager nodeId=15] Connection to node 1 (/10.0.0.1:19092) could not be established. Broker may not be available. (org.apache.kafka.clients.NetworkClient)
<h15>: [2023-02-26 20:37:13,599] INFO [RaftManager nodeId=15] Node 1 disconnected. (org.apache.kafka.clients.NetworkClient)
<h15>: [2023-02-26 20:37:13,600] WARN [RaftManager nodeId=15] Connection to node 1 (/10.0.0.1:19092) could not be established. Broker may not be available. (org.apache.kafka.clients.NetworkClient)
