<h4>: [2023-02-26 20:29:22,400] INFO Registered kafka:type=kafka.Log4jController MBean (kafka.utils.Log4jControllerRegistration$)
<h4>: [2023-02-26 20:29:22,706] INFO Setting -D jdk.tls.rejectClientInitiatedRenegotiation=true to disable client-initiated TLS renegotiation (org.apache.zookeeper.common.X509Util)
<h4>: [2023-02-26 20:29:22,931] INFO [LogLoader partition=__cluster_metadata-0, dir=/home/visitor/neves/amnis-data-sync/./kafka-3.1.0/logs/kafka4] Loading producer state till offset 0 with message format version 2 (kafka.log.UnifiedLog$)
<h4>: [2023-02-26 20:29:22,932] INFO [LogLoader partition=__cluster_metadata-0, dir=/home/visitor/neves/amnis-data-sync/./kafka-3.1.0/logs/kafka4] Reloading from producer snapshot and rebuilding producer state from offset 0 (kafka.log.UnifiedLog$)
<h4>: [2023-02-26 20:29:22,933] INFO [LogLoader partition=__cluster_metadata-0, dir=/home/visitor/neves/amnis-data-sync/./kafka-3.1.0/logs/kafka4] Producer state recovery took 1ms for snapshot load and 0ms for segment recovery from offset 0 (kafka.log.UnifiedLog$)
<h4>: [2023-02-26 20:29:23,023] INFO [raft-expiration-reaper]: Starting (kafka.raft.TimingWheelExpirationService$ExpiredOperationReaper)
<h4>: [2023-02-26 20:29:23,241] INFO [RaftManager nodeId=4] Completed transition to Unattached(epoch=0, voters=[1, 2, 3, 4, 5, 6, 7, 8, 9, 10, 11, 12, 13, 14, 15, 16, 17, 18, 19, 20], electionTimeoutMs=14576) (org.apache.kafka.raft.QuorumState)
<h4>: [2023-02-26 20:29:23,268] INFO Registered signal handlers for TERM, INT, HUP (org.apache.kafka.common.utils.LoggingSignalHandler)
<h4>: [2023-02-26 20:29:23,275] INFO [kafka-raft-outbound-request-thread]: Starting (kafka.raft.RaftSendThread)
<h4>: [2023-02-26 20:29:23,275] INFO [kafka-raft-io-thread]: Starting (kafka.raft.KafkaRaftManager$RaftIoThread)
<h4>: [2023-02-26 20:29:23,277] INFO Starting controller (kafka.server.ControllerServer)
<h4>: [2023-02-26 20:29:23,633] INFO Updated connection-accept-rate max connection creation rate to 2147483647 (kafka.network.ConnectionQuotas)
<h4>: [2023-02-26 20:29:23,639] INFO Awaiting socket connections on 10.0.0.4:19095. (kafka.network.Acceptor)
<h4>: [2023-02-26 20:29:23,674] INFO [SocketServer listenerType=CONTROLLER, nodeId=4] Created data-plane acceptor and processors for endpoint : ListenerName(CONTROLLER) (kafka.network.SocketServer)
<h4>: [2023-02-26 20:29:23,699] INFO [RaftManager nodeId=4] Registered the listener org.apache.kafka.controller.QuorumController$QuorumMetaLogListener@1273037011 (org.apache.kafka.raft.KafkaRaftClient)
<h4>: [2023-02-26 20:29:23,707] INFO [ThrottledChannelReaper-Fetch]: Starting (kafka.server.ClientQuotaManager$ThrottledChannelReaper)
<h4>: [2023-02-26 20:29:23,707] INFO [ThrottledChannelReaper-Produce]: Starting (kafka.server.ClientQuotaManager$ThrottledChannelReaper)
<h4>: [2023-02-26 20:29:23,709] INFO [ThrottledChannelReaper-Request]: Starting (kafka.server.ClientQuotaManager$ThrottledChannelReaper)
<h4>: [2023-02-26 20:29:23,711] INFO [ThrottledChannelReaper-ControllerMutation]: Starting (kafka.server.ClientQuotaManager$ThrottledChannelReaper)
<h4>: [2023-02-26 20:29:23,729] INFO [ExpirationReaper-4-AlterAcls]: Starting (kafka.server.DelayedOperationPurgatory$ExpiredOperationReaper)
<h4>: [2023-02-26 20:29:23,736] INFO [SocketServer listenerType=CONTROLLER, nodeId=4] Starting socket server acceptors and processors (kafka.network.SocketServer)
<h4>: [2023-02-26 20:29:23,752] INFO [SocketServer listenerType=CONTROLLER, nodeId=4] Started data-plane acceptor and processor(s) for endpoint : ListenerName(CONTROLLER) (kafka.network.SocketServer)
<h4>: [2023-02-26 20:29:23,752] INFO [SocketServer listenerType=CONTROLLER, nodeId=4] Started socket server acceptors and processors (kafka.network.SocketServer)
<h4>: [2023-02-26 20:29:23,753] INFO [BrokerServer id=4] Transition from SHUTDOWN to STARTING (kafka.server.BrokerServer)
<h4>: [2023-02-26 20:29:23,754] INFO [BrokerServer id=4] Starting broker (kafka.server.BrokerServer)
<h4>: [2023-02-26 20:29:23,769] INFO [ThrottledChannelReaper-Fetch]: Starting (kafka.server.ClientQuotaManager$ThrottledChannelReaper)
<h4>: [2023-02-26 20:29:23,770] INFO [ThrottledChannelReaper-Produce]: Starting (kafka.server.ClientQuotaManager$ThrottledChannelReaper)
<h4>: [2023-02-26 20:29:23,771] INFO [ThrottledChannelReaper-ControllerMutation]: Starting (kafka.server.ClientQuotaManager$ThrottledChannelReaper)
<h4>: [2023-02-26 20:29:23,771] INFO [ThrottledChannelReaper-Request]: Starting (kafka.server.ClientQuotaManager$ThrottledChannelReaper)
<h4>: [2023-02-26 20:29:23,807] INFO [BrokerToControllerChannelManager broker=4 name=forwarding]: Starting (kafka.server.BrokerToControllerRequestThread)
<h4>: [2023-02-26 20:29:23,853] INFO Updated connection-accept-rate max connection creation rate to 2147483647 (kafka.network.ConnectionQuotas)
<h4>: [2023-02-26 20:29:23,853] INFO Awaiting socket connections on 0.0.0.0:9092. (kafka.network.Acceptor)
<h4>: [2023-02-26 20:29:23,862] INFO [SocketServer listenerType=BROKER, nodeId=4] Created data-plane acceptor and processors for endpoint : ListenerName(PLAINTEXT) (kafka.network.SocketServer)
<h4>: [2023-02-26 20:29:23,872] INFO [BrokerToControllerChannelManager broker=4 name=alterIsr]: Starting (kafka.server.BrokerToControllerRequestThread)
<h4>: [2023-02-26 20:29:23,889] INFO [ExpirationReaper-4-Produce]: Starting (kafka.server.DelayedOperationPurgatory$ExpiredOperationReaper)
<h4>: [2023-02-26 20:29:23,890] INFO [ExpirationReaper-4-Fetch]: Starting (kafka.server.DelayedOperationPurgatory$ExpiredOperationReaper)
<h4>: [2023-02-26 20:29:23,892] INFO [ExpirationReaper-4-DeleteRecords]: Starting (kafka.server.DelayedOperationPurgatory$ExpiredOperationReaper)
<h4>: [2023-02-26 20:29:23,893] INFO [ExpirationReaper-4-ElectLeader]: Starting (kafka.server.DelayedOperationPurgatory$ExpiredOperationReaper)
<h4>: [2023-02-26 20:29:23,914] INFO [ExpirationReaper-4-Heartbeat]: Starting (kafka.server.DelayedOperationPurgatory$ExpiredOperationReaper)
<h4>: [2023-02-26 20:29:23,915] INFO [ExpirationReaper-4-Rebalance]: Starting (kafka.server.DelayedOperationPurgatory$ExpiredOperationReaper)
<h4>: [2023-02-26 20:29:23,978] INFO [RaftManager nodeId=4] Registered the listener kafka.server.metadata.BrokerMetadataListener@1853964946 (org.apache.kafka.raft.KafkaRaftClient)
<h4>: [2023-02-26 20:29:23,986] INFO [BrokerToControllerChannelManager broker=4 name=heartbeat]: Starting (kafka.server.BrokerToControllerRequestThread)
<h4>: [2023-02-26 20:29:23,989] INFO [BrokerLifecycleManager id=4] Incarnation ysYN0e7DSYyNQOeizVdmXA of broker 4 in cluster JmL9ihFRQmSabrNWrYSpjg is now STARTING. (kafka.server.BrokerLifecycleManager)
<h4>: [2023-02-26 20:29:24,006] INFO [ExpirationReaper-4-AlterAcls]: Starting (kafka.server.DelayedOperationPurgatory$ExpiredOperationReaper)
<h4>: [2023-02-26 20:29:32,660] INFO [RaftManager nodeId=4] Completed transition to Unattached(epoch=1, voters=[1, 2, 3, 4, 5, 6, 7, 8, 9, 10, 11, 12, 13, 14, 15, 16, 17, 18, 19, 20], electionTimeoutMs=5113) (org.apache.kafka.raft.QuorumState)
<h4>: [2023-02-26 20:29:32,773] INFO [RaftManager nodeId=4] Completed transition to Voted(epoch=1, votedId=1, voters=[1, 2, 3, 4, 5, 6, 7, 8, 9, 10, 11, 12, 13, 14, 15, 16, 17, 18, 19, 20], electionTimeoutMs=19855) (org.apache.kafka.raft.QuorumState)
<h4>: [2023-02-26 20:29:32,777] INFO [RaftManager nodeId=4] Vote request VoteRequestData(clusterId='JmL9ihFRQmSabrNWrYSpjg', topics=[TopicData(topicName='__cluster_metadata', partitions=[PartitionData(partitionIndex=0, candidateEpoch=1, candidateId=1, lastOffsetEpoch=0, lastOffset=0)])]) with epoch 1 is granted (org.apache.kafka.raft.KafkaRaftClient)
<h4>: [2023-02-26 20:29:33,143] INFO [RaftManager nodeId=4] Completed transition to FollowerState(fetchTimeoutMs=20000, epoch=1, leaderId=1, voters=[1, 2, 3, 4, 5, 6, 7, 8, 9, 10, 11, 12, 13, 14, 15, 16, 17, 18, 19, 20], highWatermark=Optional.empty, fetchingSnapshot=Optional.empty) (org.apache.kafka.raft.QuorumState)
<h4>: [2023-02-26 20:29:33,158] INFO [BrokerToControllerChannelManager broker=4 name=forwarding]: Recorded new controller, from now on will use broker 10.0.0.1:19092 (id: 1 rack: null) (kafka.server.BrokerToControllerRequestThread)
<h4>: [2023-02-26 20:29:33,218] INFO [BrokerToControllerChannelManager broker=4 name=alterIsr]: Recorded new controller, from now on will use broker 10.0.0.1:19092 (id: 1 rack: null) (kafka.server.BrokerToControllerRequestThread)
<h4>: [2023-02-26 20:29:33,233] INFO [BrokerToControllerChannelManager broker=4 name=heartbeat]: Recorded new controller, from now on will use broker 10.0.0.1:19092 (id: 1 rack: null) (kafka.server.BrokerToControllerRequestThread)
<h4>: [2023-02-26 20:29:33,673] INFO [BrokerLifecycleManager id=4] Successfully registered broker 4 with broker epoch 11 (kafka.server.BrokerLifecycleManager)
<h4>: [2023-02-26 20:29:34,076] INFO [Controller 4] Registered new broker: RegisterBrokerRecord(brokerId=1, incarnationId=6rIgwvzsRMObLP09_LWn5A, brokerEpoch=0, endPoints=[BrokerEndpoint(name='PLAINTEXT', host='10.0.0.1', port=9092, securityProtocol=0)], features=[], rack=null, fenced=true) (org.apache.kafka.controller.ClusterControlManager)
<h4>: [2023-02-26 20:29:34,077] INFO [Controller 4] Registered new broker: RegisterBrokerRecord(brokerId=6, incarnationId=tWJGIuImQuOPSh9jHcvzcQ, brokerEpoch=2, endPoints=[BrokerEndpoint(name='PLAINTEXT', host='10.0.0.6', port=9092, securityProtocol=0)], features=[], rack=null, fenced=true) (org.apache.kafka.controller.ClusterControlManager)
<h4>: [2023-02-26 20:29:34,077] INFO [Controller 4] Registered new broker: RegisterBrokerRecord(brokerId=7, incarnationId=O1z5PGXXQRqq0Ox8ftec9w, brokerEpoch=3, endPoints=[BrokerEndpoint(name='PLAINTEXT', host='10.0.0.7', port=9092, securityProtocol=0)], features=[], rack=null, fenced=true) (org.apache.kafka.controller.ClusterControlManager)
<h4>: [2023-02-26 20:29:34,077] INFO [Controller 4] Registered new broker: RegisterBrokerRecord(brokerId=12, incarnationId=l7BYBuzYSheQw-kIzb6D2A, brokerEpoch=4, endPoints=[BrokerEndpoint(name='PLAINTEXT', host='10.0.0.12', port=9092, securityProtocol=0)], features=[], rack=null, fenced=true) (org.apache.kafka.controller.ClusterControlManager)
<h4>: [2023-02-26 20:29:34,077] INFO [Controller 4] Registered new broker: RegisterBrokerRecord(brokerId=2, incarnationId=muwjgDb5Qvu5EYbOfhl71A, brokerEpoch=5, endPoints=[BrokerEndpoint(name='PLAINTEXT', host='10.0.0.2', port=9092, securityProtocol=0)], features=[], rack=null, fenced=true) (org.apache.kafka.controller.ClusterControlManager)
<h4>: [2023-02-26 20:29:34,077] INFO [Controller 4] Registered new broker: RegisterBrokerRecord(brokerId=5, incarnationId=en4z4Pd0RhGZ9fpLM1HXJQ, brokerEpoch=6, endPoints=[BrokerEndpoint(name='PLAINTEXT', host='10.0.0.5', port=9092, securityProtocol=0)], features=[], rack=null, fenced=true) (org.apache.kafka.controller.ClusterControlManager)
<h4>: [2023-02-26 20:29:34,077] INFO [Controller 4] Registered new broker: RegisterBrokerRecord(brokerId=3, incarnationId=OLs9mZoTToi95TKnegOEug, brokerEpoch=7, endPoints=[BrokerEndpoint(name='PLAINTEXT', host='10.0.0.3', port=9092, securityProtocol=0)], features=[], rack=null, fenced=true) (org.apache.kafka.controller.ClusterControlManager)
<h4>: [2023-02-26 20:29:34,077] INFO [Controller 4] Registered new broker: RegisterBrokerRecord(brokerId=10, incarnationId=w_JJdsbjRIWECHGlzrAvtQ, brokerEpoch=8, endPoints=[BrokerEndpoint(name='PLAINTEXT', host='10.0.0.10', port=9092, securityProtocol=0)], features=[], rack=null, fenced=true) (org.apache.kafka.controller.ClusterControlManager)
<h4>: [2023-02-26 20:29:34,077] INFO [Controller 4] Registered new broker: RegisterBrokerRecord(brokerId=8, incarnationId=u0aWgOCAS92KIIb382hzZw, brokerEpoch=9, endPoints=[BrokerEndpoint(name='PLAINTEXT', host='10.0.0.8', port=9092, securityProtocol=0)], features=[], rack=null, fenced=true) (org.apache.kafka.controller.ClusterControlManager)
<h4>: [2023-02-26 20:29:34,077] INFO [Controller 4] Registered new broker: RegisterBrokerRecord(brokerId=9, incarnationId=DoHwaS4STcS5kiFGsI8DHg, brokerEpoch=10, endPoints=[BrokerEndpoint(name='PLAINTEXT', host='10.0.0.9', port=9092, securityProtocol=0)], features=[], rack=null, fenced=true) (org.apache.kafka.controller.ClusterControlManager)
<h4>: [2023-02-26 20:29:34,078] INFO [Controller 4] Registered new broker: RegisterBrokerRecord(brokerId=4, incarnationId=ysYN0e7DSYyNQOeizVdmXA, brokerEpoch=11, endPoints=[BrokerEndpoint(name='PLAINTEXT', host='10.0.0.4', port=9092, securityProtocol=0)], features=[], rack=null, fenced=true) (org.apache.kafka.controller.ClusterControlManager)
<h4>: [2023-02-26 20:29:34,078] INFO [Controller 4] Registered new broker: RegisterBrokerRecord(brokerId=11, incarnationId=vltlAgYgTRioxypHOQ8BSQ, brokerEpoch=12, endPoints=[BrokerEndpoint(name='PLAINTEXT', host='10.0.0.11', port=9092, securityProtocol=0)], features=[], rack=null, fenced=true) (org.apache.kafka.controller.ClusterControlManager)
<h4>: [2023-02-26 20:29:34,631] INFO [Controller 4] Unfenced broker: UnfenceBrokerRecord(id=1, epoch=0) (org.apache.kafka.controller.ClusterControlManager)
<h4>: [2023-02-26 20:29:35,239] INFO [Controller 4] Registered new broker: RegisterBrokerRecord(brokerId=13, incarnationId=ASDOl6kTROCykY11g3mL_A, brokerEpoch=14, endPoints=[BrokerEndpoint(name='PLAINTEXT', host='10.0.0.13', port=9092, securityProtocol=0)], features=[], rack=null, fenced=true) (org.apache.kafka.controller.ClusterControlManager)
<h4>: [2023-02-26 20:29:39,313] INFO [Controller 4] Unfenced broker: UnfenceBrokerRecord(id=13, epoch=14) (org.apache.kafka.controller.ClusterControlManager)
<h4>: [2023-02-26 20:29:39,313] INFO [Controller 4] Unfenced broker: UnfenceBrokerRecord(id=3, epoch=7) (org.apache.kafka.controller.ClusterControlManager)
<h4>: [2023-02-26 20:29:39,313] INFO [Controller 4] Unfenced broker: UnfenceBrokerRecord(id=10, epoch=8) (org.apache.kafka.controller.ClusterControlManager)
<h4>: [2023-02-26 20:29:39,313] INFO [Controller 4] Unfenced broker: UnfenceBrokerRecord(id=12, epoch=4) (org.apache.kafka.controller.ClusterControlManager)
<h4>: [2023-02-26 20:29:39,313] INFO [Controller 4] Unfenced broker: UnfenceBrokerRecord(id=6, epoch=2) (org.apache.kafka.controller.ClusterControlManager)
<h4>: [2023-02-26 20:29:39,938] INFO [Controller 4] Registered new broker: RegisterBrokerRecord(brokerId=15, incarnationId=rimofCmQTV-dFYcy3Xgu1g, brokerEpoch=20, endPoints=[BrokerEndpoint(name='PLAINTEXT', host='10.0.0.15', port=9092, securityProtocol=0)], features=[], rack=null, fenced=true) (org.apache.kafka.controller.ClusterControlManager)
<h4>: [2023-02-26 20:29:39,938] INFO [Controller 4] Registered new broker: RegisterBrokerRecord(brokerId=17, incarnationId=3wYalzwcT9iEiHhlAZ1NlA, brokerEpoch=21, endPoints=[BrokerEndpoint(name='PLAINTEXT', host='10.0.0.17', port=9092, securityProtocol=0)], features=[], rack=null, fenced=true) (org.apache.kafka.controller.ClusterControlManager)
<h4>: [2023-02-26 20:29:39,938] INFO [Controller 4] Registered new broker: RegisterBrokerRecord(brokerId=18, incarnationId=t-_qwTjGR92U33fDvvL8kQ, brokerEpoch=22, endPoints=[BrokerEndpoint(name='PLAINTEXT', host='10.0.0.18', port=9092, securityProtocol=0)], features=[], rack=null, fenced=true) (org.apache.kafka.controller.ClusterControlManager)
<h4>: [2023-02-26 20:29:39,939] INFO [Controller 4] Registered new broker: RegisterBrokerRecord(brokerId=14, incarnationId=r3uoR0x-Tnq2UoG47-pYnA, brokerEpoch=23, endPoints=[BrokerEndpoint(name='PLAINTEXT', host='10.0.0.14', port=9092, securityProtocol=0)], features=[], rack=null, fenced=true) (org.apache.kafka.controller.ClusterControlManager)
<h4>: [2023-02-26 20:29:39,939] INFO [Controller 4] Registered new broker: RegisterBrokerRecord(brokerId=16, incarnationId=hjwCXEURRIaUSK9mevc7GA, brokerEpoch=24, endPoints=[BrokerEndpoint(name='PLAINTEXT', host='10.0.0.16', port=9092, securityProtocol=0)], features=[], rack=null, fenced=true) (org.apache.kafka.controller.ClusterControlManager)
<h4>: [2023-02-26 20:29:40,448] INFO [Controller 4] Registered new broker: RegisterBrokerRecord(brokerId=19, incarnationId=xwO9ZQBTRxqwhQWRK5nRmQ, brokerEpoch=25, endPoints=[BrokerEndpoint(name='PLAINTEXT', host='10.0.0.19', port=9092, securityProtocol=0)], features=[], rack=null, fenced=true) (org.apache.kafka.controller.ClusterControlManager)
<h4>: [2023-02-26 20:29:40,472] INFO [BrokerLifecycleManager id=4] The broker has caught up. Transitioning from STARTING to RECOVERY. (kafka.server.BrokerLifecycleManager)
<h4>: [2023-02-26 20:29:40,476] INFO [BrokerMetadataListener id=4] Starting to publish metadata events at offset 25. (kafka.server.metadata.BrokerMetadataListener)
<h4>: [2023-02-26 20:29:40,477] INFO [BrokerMetadataPublisher id=4] Publishing initial metadata at offset OffsetAndEpoch(offset=25, epoch=1). (kafka.server.metadata.BrokerMetadataPublisher)
<h4>: [2023-02-26 20:29:40,478] INFO Loading logs from log dirs ArraySeq(/home/visitor/neves/amnis-data-sync/./kafka-3.1.0/logs/kafka4) (kafka.log.LogManager)
<h4>: [2023-02-26 20:29:40,479] INFO Attempting recovery for all logs in /home/visitor/neves/amnis-data-sync/./kafka-3.1.0/logs/kafka4 since no clean shutdown file was found (kafka.log.LogManager)
<h4>: [2023-02-26 20:29:40,488] INFO Loaded 0 logs in 10ms. (kafka.log.LogManager)
<h4>: [2023-02-26 20:29:40,488] INFO Starting log cleanup with a period of 300000 ms. (kafka.log.LogManager)
<h4>: [2023-02-26 20:29:40,490] INFO [BrokerLifecycleManager id=4] The broker is in RECOVERY. (kafka.server.BrokerLifecycleManager)
<h4>: [2023-02-26 20:29:40,500] INFO Starting log flusher with a default period of 9223372036854775807 ms. (kafka.log.LogManager)
<h4>: [2023-02-26 20:29:40,687] INFO [LogDirFailureHandler]: Starting (kafka.server.ReplicaManager$LogDirFailureHandler)
<h4>: [2023-02-26 20:29:40,688] INFO [GroupCoordinator 4]: Starting up. (kafka.coordinator.group.GroupCoordinator)
<h4>: [2023-02-26 20:29:40,696] INFO [GroupCoordinator 4]: Startup complete. (kafka.coordinator.group.GroupCoordinator)
<h4>: [2023-02-26 20:29:40,696] INFO [TransactionCoordinator id=4] Starting up. (kafka.coordinator.transaction.TransactionCoordinator)
<h4>: [2023-02-26 20:29:40,723] INFO [TransactionCoordinator id=4] Startup complete. (kafka.coordinator.transaction.TransactionCoordinator)
<h4>: [2023-02-26 20:29:40,725] INFO [Transaction Marker Channel Manager 4]: Starting (kafka.coordinator.transaction.TransactionMarkerChannelManager)
<h4>: [2023-02-26 20:29:40,762] INFO KafkaConfig values: 
<h4>: 	advertised.listeners = PLAINTEXT://10.0.0.4:9092
<h4>: 	alter.config.policy.class.name = null
<h4>: 	alter.log.dirs.replication.quota.window.num = 11
<h4>: 	alter.log.dirs.replication.quota.window.size.seconds = 1
<h4>: 	authorizer.class.name = 
<h4>: 	auto.create.topics.enable = true
<h4>: 	auto.leader.rebalance.enable = true
<h4>: 	background.threads = 10
<h4>: 	broker.heartbeat.interval.ms = 2000
<h4>: 	broker.id = 4
<h4>: 	broker.id.generation.enable = true
<h4>: 	broker.rack = null
<h4>: 	broker.session.timeout.ms = 120000
<h4>: 	client.quota.callback.class = null
<h4>: 	compression.type = producer
<h4>: 	connection.failed.authentication.delay.ms = 100
<h4>: 	connections.max.idle.ms = 600000
<h4>: 	connections.max.reauth.ms = 0
<h4>: 	control.plane.listener.name = null
<h4>: 	controlled.shutdown.enable = true
<h4>: 	controlled.shutdown.max.retries = 3
<h4>: 	controlled.shutdown.retry.backoff.ms = 5000
<h4>: 	controller.listener.names = CONTROLLER
<h4>: 	controller.quorum.append.linger.ms = 25
<h4>: 	controller.quorum.election.backoff.max.ms = 10000
<h4>: 	controller.quorum.election.timeout.ms = 10000
<h4>: 	controller.quorum.fetch.timeout.ms = 20000
<h4>: 	controller.quorum.request.timeout.ms = 120000
<h4>: 	controller.quorum.retry.backoff.ms = 20
<h4>: 	controller.quorum.voters = [1@10.0.0.1:19092, 2@10.0.0.2:19093, 3@10.0.0.3:19094, 4@10.0.0.4:19095, 5@10.0.0.5:19096, 6@10.0.0.6:19097, 7@10.0.0.7:19098, 8@10.0.0.8:19099, 9@10.0.0.9:19100, 10@10.0.0.10:19101, 11@10.0.0.11:19102, 12@10.0.0.12:19103, 13@10.0.0.13:19104, 14@10.0.0.14:19105, 15@10.0.0.15:19106, 16@10.0.0.16:19107, 17@10.0.0.17:19108, 18@10.0.0.18:19109, 19@10.0.0.19:19110, 20@10.0.0.20:19111:9093]
<h4>: 	controller.quota.window.num = 11
<h4>: 	controller.quota.window.size.seconds = 1
<h4>: 	controller.socket.timeout.ms = 300000
<h4>: 	create.topic.policy.class.name = null
<h4>: 	default.replication.factor = 1
<h4>: 	delegation.token.expiry.check.interval.ms = 3600000
<h4>: 	delegation.token.expiry.time.ms = 86400000
<h4>: 	delegation.token.master.key = null
<h4>: 	delegation.token.max.lifetime.ms = 604800000
<h4>: 	delegation.token.secret.key = null
<h4>: 	delete.records.purgatory.purge.interval.requests = 1
<h4>: 	delete.topic.enable = true
<h4>: 	fetch.max.bytes = 57671680
<h4>: 	fetch.purgatory.purge.interval.requests = 1000
<h4>: 	group.initial.rebalance.delay.ms = 3000
<h4>: 	group.max.session.timeout.ms = 1800000
<h4>: 	group.max.size = 2147483647
<h4>: 	group.min.session.timeout.ms = 6000
<h4>: 	initial.broker.registration.timeout.ms = 180000
<h4>: 	inter.broker.listener.name = PLAINTEXT
<h4>: 	inter.broker.protocol.version = 3.1-IV0
<h4>: 	kafka.metrics.polling.interval.secs = 10
<h4>: 	kafka.metrics.reporters = []
<h4>: 	leader.imbalance.check.interval.seconds = 300
<h4>: 	leader.imbalance.per.broker.percentage = 10
<h4>: 	listener.security.protocol.map = PLAINTEXT:PLAINTEXT,SSL:SSL,SASL_PLAINTEXT:SASL_PLAINTEXT,SASL_SSL:SASL_SSL
<h4>: 	listeners = PLAINTEXT://:9092,CONTROLLER://10.0.0.4:19095
<h4>: 	log.cleaner.backoff.ms = 15000
<h4>: 	log.cleaner.dedupe.buffer.size = 134217728
<h4>: 	log.cleaner.delete.retention.ms = 86400000
<h4>: 	log.cleaner.enable = true
<h4>: 	log.cleaner.io.buffer.load.factor = 0.9
<h4>: 	log.cleaner.io.buffer.size = 524288
<h4>: 	log.cleaner.io.max.bytes.per.second = 1.7976931348623157E308
<h4>: 	log.cleaner.max.compaction.lag.ms = 9223372036854775807
<h4>: 	log.cleaner.min.cleanable.ratio = 0.5
<h4>: 	log.cleaner.min.compaction.lag.ms = 0
<h4>: 	log.cleaner.threads = 1
<h4>: 	log.cleanup.policy = [delete]
<h4>: 	log.dir = /tmp/kafka-logs
<h4>: 	log.dirs = ./kafka-3.1.0/logs/kafka4
<h4>: 	log.flush.interval.messages = 9223372036854775807
<h4>: 	log.flush.interval.ms = null
<h4>: 	log.flush.offset.checkpoint.interval.ms = 60000
<h4>: 	log.flush.scheduler.interval.ms = 9223372036854775807
<h4>: 	log.flush.start.offset.checkpoint.interval.ms = 60000
<h4>: 	log.index.interval.bytes = 4096
<h4>: 	log.index.size.max.bytes = 10485760
<h4>: 	log.message.downconversion.enable = true
<h4>: 	log.message.format.version = 3.0-IV1
<h4>: 	log.message.timestamp.difference.max.ms = 9223372036854775807
<h4>: 	log.message.timestamp.type = CreateTime
<h4>: 	log.preallocate = false
<h4>: 	log.retention.bytes = -1
<h4>: 	log.retention.check.interval.ms = 300000
<h4>: 	log.retention.hours = 168
<h4>: 	log.retention.minutes = null
<h4>: 	log.retention.ms = null
<h4>: 	log.roll.hours = 168
<h4>: 	log.roll.jitter.hours = 0
<h4>: 	log.roll.jitter.ms = null
<h4>: 	log.roll.ms = null
<h4>: 	log.segment.bytes = 1073741824
<h4>: 	log.segment.delete.delay.ms = 60000
<h4>: 	max.connection.creation.rate = 2147483647
<h4>: 	max.connections = 2147483647
<h4>: 	max.connections.per.ip = 2147483647
<h4>: 	max.connections.per.ip.overrides = 
<h4>: 	max.incremental.fetch.session.cache.slots = 1000
<h4>: 	message.max.bytes = 1048588
<h4>: 	metadata.log.dir = null
<h4>: 	metadata.log.max.record.bytes.between.snapshots = 20971520
<h4>: 	metadata.log.segment.bytes = 1073741824
<h4>: 	metadata.log.segment.min.bytes = 8388608
<h4>: 	metadata.log.segment.ms = 604800000
<h4>: 	metadata.max.retention.bytes = -1
<h4>: 	metadata.max.retention.ms = 604800000
<h4>: 	metric.reporters = []
<h4>: 	metrics.num.samples = 2
<h4>: 	metrics.recording.level = INFO
<h4>: 	metrics.sample.window.ms = 30000
<h4>: 	min.insync.replicas = 1
<h4>: 	node.id = 4
<h4>: 	num.io.threads = 8
<h4>: 	num.network.threads = 3
<h4>: 	num.partitions = 1
<h4>: 	num.recovery.threads.per.data.dir = 1
<h4>: 	num.replica.alter.log.dirs.threads = null
<h4>: 	num.replica.fetchers = 1
<h4>: 	offset.metadata.max.bytes = 4096
<h4>: 	offsets.commit.required.acks = -1
<h4>: 	offsets.commit.timeout.ms = 5000
<h4>: 	offsets.load.buffer.size = 5242880
<h4>: 	offsets.retention.check.interval.ms = 600000
<h4>: 	offsets.retention.minutes = 10080
<h4>: 	offsets.topic.compression.codec = 0
<h4>: 	offsets.topic.num.partitions = 50
<h4>: 	offsets.topic.replication.factor = 1
<h4>: 	offsets.topic.segment.bytes = 104857600
<h4>: 	password.encoder.cipher.algorithm = AES/CBC/PKCS5Padding
<h4>: 	password.encoder.iterations = 4096
<h4>: 	password.encoder.key.length = 128
<h4>: 	password.encoder.keyfactory.algorithm = null
<h4>: 	password.encoder.old.secret = null
<h4>: 	password.encoder.secret = null
<h4>: 	principal.builder.class = class org.apache.kafka.common.security.authenticator.DefaultKafkaPrincipalBuilder
<h4>: 	process.roles = [broker, controller]
<h4>: 	producer.purgatory.purge.interval.requests = 1000
<h4>: 	queued.max.request.bytes = -1
<h4>: 	queued.max.requests = 500
<h4>: 	quota.window.num = 11
<h4>: 	quota.window.size.seconds = 1
<h4>: 	remote.log.index.file.cache.total.size.bytes = 1073741824
<h4>: 	remote.log.manager.task.interval.ms = 30000
<h4>: 	remote.log.manager.task.retry.backoff.max.ms = 30000
<h4>: 	remote.log.manager.task.retry.backoff.ms = 500
<h4>: 	remote.log.manager.task.retry.jitter = 0.2
<h4>: 	remote.log.manager.thread.pool.size = 10
<h4>: 	remote.log.metadata.manager.class.name = null
<h4>: 	remote.log.metadata.manager.class.path = null
<h4>: 	remote.log.metadata.manager.impl.prefix = null
<h4>: 	remote.log.metadata.manager.listener.name = null
<h4>: 	remote.log.reader.max.pending.tasks = 100
<h4>: 	remote.log.reader.threads = 10
<h4>: 	remote.log.storage.manager.class.name = null
<h4>: 	remote.log.storage.manager.class.path = null
<h4>: 	remote.log.storage.manager.impl.prefix = null
<h4>: 	remote.log.storage.system.enable = false
<h4>: 	replica.fetch.backoff.ms = 1000
<h4>: 	replica.fetch.max.bytes = 1048576
<h4>: 	replica.fetch.min.bytes = 1
<h4>: 	replica.fetch.response.max.bytes = 10485760
<h4>: 	replica.fetch.wait.max.ms = 500
<h4>: 	replica.high.watermark.checkpoint.interval.ms = 5000
<h4>: 	replica.lag.time.max.ms = 30000
<h4>: 	replica.selector.class = null
<h4>: 	replica.socket.receive.buffer.bytes = 65536
<h4>: 	replica.socket.timeout.ms = 30000
<h4>: 	replication.quota.window.num = 11
<h4>: 	replication.quota.window.size.seconds = 1
<h4>: 	request.timeout.ms = 300000
<h4>: 	reserved.broker.max.id = 1000
<h4>: 	sasl.client.callback.handler.class = null
<h4>: 	sasl.enabled.mechanisms = [GSSAPI]
<h4>: 	sasl.jaas.config = null
<h4>: 	sasl.kerberos.kinit.cmd = /usr/bin/kinit
<h4>: 	sasl.kerberos.min.time.before.relogin = 60000
<h4>: 	sasl.kerberos.principal.to.local.rules = [DEFAULT]
<h4>: 	sasl.kerberos.service.name = null
<h4>: 	sasl.kerberos.ticket.renew.jitter = 0.05
<h4>: 	sasl.kerberos.ticket.renew.window.factor = 0.8
<h4>: 	sasl.login.callback.handler.class = null
<h4>: 	sasl.login.class = null
<h4>: 	sasl.login.connect.timeout.ms = null
<h4>: 	sasl.login.read.timeout.ms = null
<h4>: 	sasl.login.refresh.buffer.seconds = 300
<h4>: 	sasl.login.refresh.min.period.seconds = 60
<h4>: 	sasl.login.refresh.window.factor = 0.8
<h4>: 	sasl.login.refresh.window.jitter = 0.05
<h4>: 	sasl.login.retry.backoff.max.ms = 10000
<h4>: 	sasl.login.retry.backoff.ms = 100
<h4>: 	sasl.mechanism.controller.protocol = GSSAPI
<h4>: 	sasl.mechanism.inter.broker.protocol = GSSAPI
<h4>: 	sasl.oauthbearer.clock.skew.seconds = 30
<h4>: 	sasl.oauthbearer.expected.audience = null
<h4>: 	sasl.oauthbearer.expected.issuer = null
<h4>: 	sasl.oauthbearer.jwks.endpoint.refresh.ms = 3600000
<h4>: 	sasl.oauthbearer.jwks.endpoint.retry.backoff.max.ms = 10000
<h4>: 	sasl.oauthbearer.jwks.endpoint.retry.backoff.ms = 100
<h4>: 	sasl.oauthbearer.jwks.endpoint.url = null
<h4>: 	sasl.oauthbearer.scope.claim.name = scope
<h4>: 	sasl.oauthbearer.sub.claim.name = sub
<h4>: 	sasl.oauthbearer.token.endpoint.url = null
<h4>: 	sasl.server.callback.handler.class = null
<h4>: 	security.inter.broker.protocol = PLAINTEXT
<h4>: 	security.providers = null
<h4>: 	socket.connection.setup.timeout.max.ms = 300000
<h4>: 	socket.connection.setup.timeout.ms = 120000
<h4>: 	socket.receive.buffer.bytes = 102400
<h4>: 	socket.request.max.bytes = 104857600
<h4>: 	socket.send.buffer.bytes = 102400
<h4>: 	ssl.cipher.suites = []
<h4>: 	ssl.client.auth = none
<h4>: 	ssl.enabled.protocols = [TLSv1.2, TLSv1.3]
<h4>: 	ssl.endpoint.identification.algorithm = https
<h4>: 	ssl.engine.factory.class = null
<h4>: 	ssl.key.password = null
<h4>: 	ssl.keymanager.algorithm = SunX509
<h4>: 	ssl.keystore.certificate.chain = null
<h4>: 	ssl.keystore.key = null
<h4>: 	ssl.keystore.location = null
<h4>: 	ssl.keystore.password = null
<h4>: 	ssl.keystore.type = JKS
<h4>: 	ssl.principal.mapping.rules = DEFAULT
<h4>: 	ssl.protocol = TLSv1.3
<h4>: 	ssl.provider = null
<h4>: 	ssl.secure.random.implementation = null
<h4>: 	ssl.trustmanager.algorithm = PKIX
<h4>: 	ssl.truststore.certificates = null
<h4>: 	ssl.truststore.location = null
<h4>: 	ssl.truststore.password = null
<h4>: 	ssl.truststore.type = JKS
<h4>: 	transaction.abort.timed.out.transaction.cleanup.interval.ms = 10000
<h4>: 	transaction.max.timeout.ms = 900000
<h4>: 	transaction.remove.expired.transaction.cleanup.interval.ms = 3600000
<h4>: 	transaction.state.log.load.buffer.size = 5242880
<h4>: 	transaction.state.log.min.isr = 1
<h4>: 	transaction.state.log.num.partitions = 50
<h4>: 	transaction.state.log.replication.factor = 1
<h4>: 	transaction.state.log.segment.bytes = 104857600
<h4>: 	transactional.id.expiration.ms = 604800000
<h4>: 	unclean.leader.election.enable = false
<h4>: 	zookeeper.clientCnxnSocket = null
<h4>: 	zookeeper.connect = null
<h4>: 	zookeeper.connection.timeout.ms = null
<h4>: 	zookeeper.max.in.flight.requests = 10
<h4>: 	zookeeper.session.timeout.ms = 18000
<h4>: 	zookeeper.set.acl = false
<h4>: 	zookeeper.ssl.cipher.suites = null
<h4>: 	zookeeper.ssl.client.enable = false
<h4>: 	zookeeper.ssl.crl.enable = false
<h4>: 	zookeeper.ssl.enabled.protocols = null
<h4>: 	zookeeper.ssl.endpoint.identification.algorithm = HTTPS
<h4>: 	zookeeper.ssl.keystore.location = null
<h4>: 	zookeeper.ssl.keystore.password = null
<h4>: 	zookeeper.ssl.keystore.type = null
<h4>: 	zookeeper.ssl.ocsp.enable = false
<h4>: 	zookeeper.ssl.protocol = TLSv1.2
<h4>: 	zookeeper.ssl.truststore.location = null
<h4>: 	zookeeper.ssl.truststore.password = null
<h4>: 	zookeeper.ssl.truststore.type = null
<h4>: 	zookeeper.sync.time.ms = 2000
<h4>:  (kafka.server.KafkaConfig)
<h4>: [2023-02-26 20:29:40,782] INFO [SocketServer listenerType=BROKER, nodeId=4] Starting socket server acceptors and processors (kafka.network.SocketServer)
<h4>: [2023-02-26 20:29:40,813] INFO [SocketServer listenerType=BROKER, nodeId=4] Started data-plane acceptor and processor(s) for endpoint : ListenerName(PLAINTEXT) (kafka.network.SocketServer)
<h4>: [2023-02-26 20:29:40,813] INFO [SocketServer listenerType=BROKER, nodeId=4] Started socket server acceptors and processors (kafka.network.SocketServer)
<h4>: [2023-02-26 20:29:40,813] INFO [BrokerServer id=4] Transition from STARTING to STARTED (kafka.server.BrokerServer)
<h4>: [2023-02-26 20:29:40,814] INFO Kafka version: 3.1.0 (org.apache.kafka.common.utils.AppInfoParser)
<h4>: [2023-02-26 20:29:40,814] INFO Kafka commitId: unknown (org.apache.kafka.common.utils.AppInfoParser)
<h4>: [2023-02-26 20:29:40,814] INFO Kafka startTimeMs: 1677457780814 (org.apache.kafka.common.utils.AppInfoParser)
<h4>: [2023-02-26 20:29:40,815] INFO Kafka Server started (kafka.server.KafkaRaftServer)
<h4>: [2023-02-26 20:29:41,037] INFO [BrokerLifecycleManager id=4] The broker has been unfenced. Transitioning from RECOVERY to RUNNING. (kafka.server.BrokerLifecycleManager)
<h4>: [2023-02-26 20:29:41,519] INFO [Controller 4] Unfenced broker: UnfenceBrokerRecord(id=19, epoch=25) (org.apache.kafka.controller.ClusterControlManager)
<h4>: [2023-02-26 20:29:41,520] INFO [Controller 4] Unfenced broker: UnfenceBrokerRecord(id=4, epoch=11) (org.apache.kafka.controller.ClusterControlManager)
<h4>: [2023-02-26 20:29:41,520] INFO [Controller 4] Unfenced broker: UnfenceBrokerRecord(id=7, epoch=3) (org.apache.kafka.controller.ClusterControlManager)
<h4>: [2023-02-26 20:29:41,520] INFO [Controller 4] Unfenced broker: UnfenceBrokerRecord(id=2, epoch=5) (org.apache.kafka.controller.ClusterControlManager)
<h4>: [2023-02-26 20:29:41,520] INFO [Controller 4] Unfenced broker: UnfenceBrokerRecord(id=5, epoch=6) (org.apache.kafka.controller.ClusterControlManager)
<h4>: [2023-02-26 20:29:41,520] INFO [Controller 4] Unfenced broker: UnfenceBrokerRecord(id=8, epoch=9) (org.apache.kafka.controller.ClusterControlManager)
<h4>: [2023-02-26 20:29:41,520] INFO [Controller 4] Unfenced broker: UnfenceBrokerRecord(id=11, epoch=12) (org.apache.kafka.controller.ClusterControlManager)
<h4>: [2023-02-26 20:29:41,521] INFO [Controller 4] Unfenced broker: UnfenceBrokerRecord(id=9, epoch=10) (org.apache.kafka.controller.ClusterControlManager)
<h4>: [2023-02-26 20:29:42,818] INFO [Controller 4] Unfenced broker: UnfenceBrokerRecord(id=17, epoch=21) (org.apache.kafka.controller.ClusterControlManager)
<h4>: [2023-02-26 20:29:42,819] INFO [Controller 4] Unfenced broker: UnfenceBrokerRecord(id=14, epoch=23) (org.apache.kafka.controller.ClusterControlManager)
<h4>: [2023-02-26 20:29:42,819] INFO [Controller 4] Unfenced broker: UnfenceBrokerRecord(id=16, epoch=24) (org.apache.kafka.controller.ClusterControlManager)
<h4>: [2023-02-26 20:29:42,819] INFO [Controller 4] Unfenced broker: UnfenceBrokerRecord(id=15, epoch=20) (org.apache.kafka.controller.ClusterControlManager)
<h4>: [2023-02-26 20:29:42,819] INFO [Controller 4] Unfenced broker: UnfenceBrokerRecord(id=18, epoch=22) (org.apache.kafka.controller.ClusterControlManager)
<h4>: [2023-02-26 20:29:51,727] INFO [RaftManager nodeId=4] Vote request VoteRequestData(clusterId='JmL9ihFRQmSabrNWrYSpjg', topics=[TopicData(topicName='__cluster_metadata', partitions=[PartitionData(partitionIndex=0, candidateEpoch=1, candidateId=20, lastOffsetEpoch=0, lastOffset=0)])]) with epoch 1 is rejected (org.apache.kafka.raft.KafkaRaftClient)
<h4>: [2023-02-26 20:29:52,500] INFO [Controller 4] Registered new broker: RegisterBrokerRecord(brokerId=20, incarnationId=dDGA3CuHTBykH0pzUbhwmA, brokerEpoch=39, endPoints=[BrokerEndpoint(name='PLAINTEXT', host='10.0.0.20', port=9092, securityProtocol=0)], features=[], rack=null, fenced=true) (org.apache.kafka.controller.ClusterControlManager)
<h4>: [2023-02-26 20:29:52,932] INFO [Controller 4] Unfenced broker: UnfenceBrokerRecord(id=20, epoch=39) (org.apache.kafka.controller.ClusterControlManager)
<h4>: [2023-02-26 20:29:53,455] INFO [Controller 4] Created topic topic-1 with topic ID dVvmnTbzTJCZyuFN1c_dog. (org.apache.kafka.controller.ReplicationControlManager)
<h4>: [2023-02-26 20:29:53,455] INFO [Controller 4] Created partition topic-1-0 with topic ID dVvmnTbzTJCZyuFN1c_dog and PartitionRegistration(replicas=[14, 15, 16, 17, 18, 19, 20, 1, 2, 3, 4, 5, 6, 7, 8, 9, 10, 11, 12, 13], isr=[14, 15, 16, 17, 18, 19, 20, 1, 2, 3, 4, 5, 6, 7, 8, 9, 10, 11, 12, 13], removingReplicas=[], addingReplicas=[], leader=14, leaderEpoch=0, partitionEpoch=0). (org.apache.kafka.controller.ReplicationControlManager)
<h4>: [2023-02-26 20:29:53,620] INFO [LogLoader partition=topic-1-0, dir=/home/visitor/neves/amnis-data-sync/./kafka-3.1.0/logs/kafka4] Loading producer state till offset 0 with message format version 2 (kafka.log.UnifiedLog$)
<h4>: [2023-02-26 20:29:53,667] INFO Created log for partition topic-1-0 in /home/visitor/neves/amnis-data-sync/./kafka-3.1.0/logs/kafka4/topic-1-0 with properties {} (kafka.log.LogManager)
<h4>: [2023-02-26 20:29:53,677] INFO [Partition topic-1-0 broker=4] No checkpointed highwatermark is found for partition topic-1-0 (kafka.cluster.Partition)
<h4>: [2023-02-26 20:29:53,681] INFO [Partition topic-1-0 broker=4] Log loaded for partition topic-1-0 with initial high watermark 0 (kafka.cluster.Partition)
<h4>: [2023-02-26 20:29:53,687] INFO Sent auto-creation request for Set(__consumer_offsets) to the active controller. (kafka.server.DefaultAutoTopicCreationManager)
<h4>: [2023-02-26 20:29:53,689] INFO [ReplicaFetcherManager on broker 4] Removed fetcher for partitions Set(topic-1-0) (kafka.server.ReplicaFetcherManager)
<h4>: [2023-02-26 20:29:53,857] INFO [ReplicaFetcher replicaId=4, leaderId=14, fetcherId=0] Starting (kafka.server.ReplicaFetcherThread)
<h4>: [2023-02-26 20:29:53,863] INFO [ReplicaFetcher replicaId=4, leaderId=14, fetcherId=0] Truncating partition topic-1-0 with TruncationState(offset=0, completed=true) due to local high watermark 0 (kafka.server.ReplicaFetcherThread)
<h4>: [2023-02-26 20:29:53,864] INFO [UnifiedLog partition=topic-1-0, dir=/home/visitor/neves/amnis-data-sync/./kafka-3.1.0/logs/kafka4] Truncating to 0 has no effect as the largest offset in the log is -1 (kafka.log.UnifiedLog)
<h4>: [2023-02-26 20:29:53,884] INFO [ReplicaFetcherManager on broker 4] Added fetcher to broker 14 for partitions HashMap(topic-1-0 -> InitialFetchState(Some(dVvmnTbzTJCZyuFN1c_dog),BrokerEndPoint(id=14, host=10.0.0.14:9092),0,0)) (kafka.server.ReplicaFetcherManager)
<h4>: [2023-02-26 20:29:54,447] INFO [ReplicaFetcherManager on broker 4] Removed fetcher for partitions Set(__consumer_offsets-0, __consumer_offsets-24) (kafka.server.ReplicaFetcherManager)
<h4>: [2023-02-26 20:29:54,448] INFO [Controller 4] ConfigResource(type=TOPIC, name='__consumer_offsets'): set configuration compression.type to producer (org.apache.kafka.controller.ConfigurationControlManager)
<h4>: [2023-02-26 20:29:54,448] INFO [Controller 4] ConfigResource(type=TOPIC, name='__consumer_offsets'): set configuration cleanup.policy to compact (org.apache.kafka.controller.ConfigurationControlManager)
<h4>: [2023-02-26 20:29:54,448] INFO [Controller 4] ConfigResource(type=TOPIC, name='__consumer_offsets'): set configuration segment.bytes to 104857600 (org.apache.kafka.controller.ConfigurationControlManager)
<h4>: [2023-02-26 20:29:54,448] INFO [Controller 4] Created topic __consumer_offsets with topic ID gs35a5FWTyyJLPclII7hIA. (org.apache.kafka.controller.ReplicationControlManager)
<h4>: [2023-02-26 20:29:54,448] INFO [Controller 4] Created partition __consumer_offsets-0 with topic ID gs35a5FWTyyJLPclII7hIA and PartitionRegistration(replicas=[4], isr=[4], removingReplicas=[], addingReplicas=[], leader=4, leaderEpoch=0, partitionEpoch=0). (org.apache.kafka.controller.ReplicationControlManager)
<h4>: [2023-02-26 20:29:54,448] INFO [Controller 4] Created partition __consumer_offsets-1 with topic ID gs35a5FWTyyJLPclII7hIA and PartitionRegistration(replicas=[5], isr=[5], removingReplicas=[], addingReplicas=[], leader=5, leaderEpoch=0, partitionEpoch=0). (org.apache.kafka.controller.ReplicationControlManager)
<h4>: [2023-02-26 20:29:54,448] INFO [Controller 4] Created partition __consumer_offsets-2 with topic ID gs35a5FWTyyJLPclII7hIA and PartitionRegistration(replicas=[6], isr=[6], removingReplicas=[], addingReplicas=[], leader=6, leaderEpoch=0, partitionEpoch=0). (org.apache.kafka.controller.ReplicationControlManager)
<h4>: [2023-02-26 20:29:54,449] INFO [Controller 4] Created partition __consumer_offsets-3 with topic ID gs35a5FWTyyJLPclII7hIA and PartitionRegistration(replicas=[7], isr=[7], removingReplicas=[], addingReplicas=[], leader=7, leaderEpoch=0, partitionEpoch=0). (org.apache.kafka.controller.ReplicationControlManager)
<h4>: [2023-02-26 20:29:54,449] INFO [Controller 4] Created partition __consumer_offsets-4 with topic ID gs35a5FWTyyJLPclII7hIA and PartitionRegistration(replicas=[8], isr=[8], removingReplicas=[], addingReplicas=[], leader=8, leaderEpoch=0, partitionEpoch=0). (org.apache.kafka.controller.ReplicationControlManager)
<h4>: [2023-02-26 20:29:54,449] INFO [Controller 4] Created partition __consumer_offsets-5 with topic ID gs35a5FWTyyJLPclII7hIA and PartitionRegistration(replicas=[9], isr=[9], removingReplicas=[], addingReplicas=[], leader=9, leaderEpoch=0, partitionEpoch=0). (org.apache.kafka.controller.ReplicationControlManager)
<h4>: [2023-02-26 20:29:54,449] INFO [Controller 4] Created partition __consumer_offsets-6 with topic ID gs35a5FWTyyJLPclII7hIA and PartitionRegistration(replicas=[10], isr=[10], removingReplicas=[], addingReplicas=[], leader=10, leaderEpoch=0, partitionEpoch=0). (org.apache.kafka.controller.ReplicationControlManager)
<h4>: [2023-02-26 20:29:54,449] INFO [Controller 4] Created partition __consumer_offsets-7 with topic ID gs35a5FWTyyJLPclII7hIA and PartitionRegistration(replicas=[11], isr=[11], removingReplicas=[], addingReplicas=[], leader=11, leaderEpoch=0, partitionEpoch=0). (org.apache.kafka.controller.ReplicationControlManager)
<h4>: [2023-02-26 20:29:54,449] INFO [Controller 4] Created partition __consumer_offsets-8 with topic ID gs35a5FWTyyJLPclII7hIA and PartitionRegistration(replicas=[12], isr=[12], removingReplicas=[], addingReplicas=[], leader=12, leaderEpoch=0, partitionEpoch=0). (org.apache.kafka.controller.ReplicationControlManager)
<h4>: [2023-02-26 20:29:54,449] INFO [Controller 4] Created partition __consumer_offsets-9 with topic ID gs35a5FWTyyJLPclII7hIA and PartitionRegistration(replicas=[13], isr=[13], removingReplicas=[], addingReplicas=[], leader=13, leaderEpoch=0, partitionEpoch=0). (org.apache.kafka.controller.ReplicationControlManager)
<h4>: [2023-02-26 20:29:54,449] INFO [Controller 4] Created partition __consumer_offsets-10 with topic ID gs35a5FWTyyJLPclII7hIA and PartitionRegistration(replicas=[14], isr=[14], removingReplicas=[], addingReplicas=[], leader=14, leaderEpoch=0, partitionEpoch=0). (org.apache.kafka.controller.ReplicationControlManager)
<h4>: [2023-02-26 20:29:54,449] INFO [Controller 4] Created partition __consumer_offsets-11 with topic ID gs35a5FWTyyJLPclII7hIA and PartitionRegistration(replicas=[15], isr=[15], removingReplicas=[], addingReplicas=[], leader=15, leaderEpoch=0, partitionEpoch=0). (org.apache.kafka.controller.ReplicationControlManager)
<h4>: [2023-02-26 20:29:54,449] INFO [Controller 4] Created partition __consumer_offsets-12 with topic ID gs35a5FWTyyJLPclII7hIA and PartitionRegistration(replicas=[16], isr=[16], removingReplicas=[], addingReplicas=[], leader=16, leaderEpoch=0, partitionEpoch=0). (org.apache.kafka.controller.ReplicationControlManager)
<h4>: [2023-02-26 20:29:54,449] INFO [Controller 4] Created partition __consumer_offsets-13 with topic ID gs35a5FWTyyJLPclII7hIA and PartitionRegistration(replicas=[17], isr=[17], removingReplicas=[], addingReplicas=[], leader=17, leaderEpoch=0, partitionEpoch=0). (org.apache.kafka.controller.ReplicationControlManager)
<h4>: [2023-02-26 20:29:54,449] INFO [Controller 4] Created partition __consumer_offsets-14 with topic ID gs35a5FWTyyJLPclII7hIA and PartitionRegistration(replicas=[18], isr=[18], removingReplicas=[], addingReplicas=[], leader=18, leaderEpoch=0, partitionEpoch=0). (org.apache.kafka.controller.ReplicationControlManager)
<h4>: [2023-02-26 20:29:54,449] INFO [Controller 4] Created partition __consumer_offsets-15 with topic ID gs35a5FWTyyJLPclII7hIA and PartitionRegistration(replicas=[19], isr=[19], removingReplicas=[], addingReplicas=[], leader=19, leaderEpoch=0, partitionEpoch=0). (org.apache.kafka.controller.ReplicationControlManager)
<h4>: [2023-02-26 20:29:54,450] INFO [Controller 4] Created partition __consumer_offsets-16 with topic ID gs35a5FWTyyJLPclII7hIA and PartitionRegistration(replicas=[20], isr=[20], removingReplicas=[], addingReplicas=[], leader=20, leaderEpoch=0, partitionEpoch=0). (org.apache.kafka.controller.ReplicationControlManager)
<h4>: [2023-02-26 20:29:54,450] INFO [Controller 4] Created partition __consumer_offsets-17 with topic ID gs35a5FWTyyJLPclII7hIA and PartitionRegistration(replicas=[1], isr=[1], removingReplicas=[], addingReplicas=[], leader=1, leaderEpoch=0, partitionEpoch=0). (org.apache.kafka.controller.ReplicationControlManager)
<h4>: [2023-02-26 20:29:54,450] INFO [Controller 4] Created partition __consumer_offsets-18 with topic ID gs35a5FWTyyJLPclII7hIA and PartitionRegistration(replicas=[2], isr=[2], removingReplicas=[], addingReplicas=[], leader=2, leaderEpoch=0, partitionEpoch=0). (org.apache.kafka.controller.ReplicationControlManager)
<h4>: [2023-02-26 20:29:54,450] INFO [Controller 4] Created partition __consumer_offsets-19 with topic ID gs35a5FWTyyJLPclII7hIA and PartitionRegistration(replicas=[3], isr=[3], removingReplicas=[], addingReplicas=[], leader=3, leaderEpoch=0, partitionEpoch=0). (org.apache.kafka.controller.ReplicationControlManager)
<h4>: [2023-02-26 20:29:54,450] INFO [Controller 4] Created partition __consumer_offsets-20 with topic ID gs35a5FWTyyJLPclII7hIA and PartitionRegistration(replicas=[7], isr=[7], removingReplicas=[], addingReplicas=[], leader=7, leaderEpoch=0, partitionEpoch=0). (org.apache.kafka.controller.ReplicationControlManager)
<h4>: [2023-02-26 20:29:54,450] INFO [Controller 4] Created partition __consumer_offsets-21 with topic ID gs35a5FWTyyJLPclII7hIA and PartitionRegistration(replicas=[10], isr=[10], removingReplicas=[], addingReplicas=[], leader=10, leaderEpoch=0, partitionEpoch=0). (org.apache.kafka.controller.ReplicationControlManager)
<h4>: [2023-02-26 20:29:54,450] INFO [Controller 4] Created partition __consumer_offsets-22 with topic ID gs35a5FWTyyJLPclII7hIA and PartitionRegistration(replicas=[20], isr=[20], removingReplicas=[], addingReplicas=[], leader=20, leaderEpoch=0, partitionEpoch=0). (org.apache.kafka.controller.ReplicationControlManager)
<h4>: [2023-02-26 20:29:54,450] INFO [Controller 4] Created partition __consumer_offsets-23 with topic ID gs35a5FWTyyJLPclII7hIA and PartitionRegistration(replicas=[1], isr=[1], removingReplicas=[], addingReplicas=[], leader=1, leaderEpoch=0, partitionEpoch=0). (org.apache.kafka.controller.ReplicationControlManager)
<h4>: [2023-02-26 20:29:54,450] INFO [Controller 4] Created partition __consumer_offsets-24 with topic ID gs35a5FWTyyJLPclII7hIA and PartitionRegistration(replicas=[4], isr=[4], removingReplicas=[], addingReplicas=[], leader=4, leaderEpoch=0, partitionEpoch=0). (org.apache.kafka.controller.ReplicationControlManager)
<h4>: [2023-02-26 20:29:54,450] INFO [Controller 4] Created partition __consumer_offsets-25 with topic ID gs35a5FWTyyJLPclII7hIA and PartitionRegistration(replicas=[9], isr=[9], removingReplicas=[], addingReplicas=[], leader=9, leaderEpoch=0, partitionEpoch=0). (org.apache.kafka.controller.ReplicationControlManager)
<h4>: [2023-02-26 20:29:54,450] INFO [Controller 4] Created partition __consumer_offsets-26 with topic ID gs35a5FWTyyJLPclII7hIA and PartitionRegistration(replicas=[18], isr=[18], removingReplicas=[], addingReplicas=[], leader=18, leaderEpoch=0, partitionEpoch=0). (org.apache.kafka.controller.ReplicationControlManager)
<h4>: [2023-02-26 20:29:54,450] INFO [Controller 4] Created partition __consumer_offsets-27 with topic ID gs35a5FWTyyJLPclII7hIA and PartitionRegistration(replicas=[16], isr=[16], removingReplicas=[], addingReplicas=[], leader=16, leaderEpoch=0, partitionEpoch=0). (org.apache.kafka.controller.ReplicationControlManager)
<h4>: [2023-02-26 20:29:54,450] INFO [Controller 4] Created partition __consumer_offsets-28 with topic ID gs35a5FWTyyJLPclII7hIA and PartitionRegistration(replicas=[6], isr=[6], removingReplicas=[], addingReplicas=[], leader=6, leaderEpoch=0, partitionEpoch=0). (org.apache.kafka.controller.ReplicationControlManager)
<h4>: [2023-02-26 20:29:54,451] INFO [Controller 4] Created partition __consumer_offsets-29 with topic ID gs35a5FWTyyJLPclII7hIA and PartitionRegistration(replicas=[12], isr=[12], removingReplicas=[], addingReplicas=[], leader=12, leaderEpoch=0, partitionEpoch=0). (org.apache.kafka.controller.ReplicationControlManager)
<h4>: [2023-02-26 20:29:54,451] INFO [Controller 4] Created partition __consumer_offsets-30 with topic ID gs35a5FWTyyJLPclII7hIA and PartitionRegistration(replicas=[14], isr=[14], removingReplicas=[], addingReplicas=[], leader=14, leaderEpoch=0, partitionEpoch=0). (org.apache.kafka.controller.ReplicationControlManager)
<h4>: [2023-02-26 20:29:54,451] INFO [Controller 4] Created partition __consumer_offsets-31 with topic ID gs35a5FWTyyJLPclII7hIA and PartitionRegistration(replicas=[8], isr=[8], removingReplicas=[], addingReplicas=[], leader=8, leaderEpoch=0, partitionEpoch=0). (org.apache.kafka.controller.ReplicationControlManager)
<h4>: [2023-02-26 20:29:54,451] INFO [Controller 4] Created partition __consumer_offsets-32 with topic ID gs35a5FWTyyJLPclII7hIA and PartitionRegistration(replicas=[5], isr=[5], removingReplicas=[], addingReplicas=[], leader=5, leaderEpoch=0, partitionEpoch=0). (org.apache.kafka.controller.ReplicationControlManager)
<h4>: [2023-02-26 20:29:54,451] INFO [Controller 4] Created partition __consumer_offsets-33 with topic ID gs35a5FWTyyJLPclII7hIA and PartitionRegistration(replicas=[19], isr=[19], removingReplicas=[], addingReplicas=[], leader=19, leaderEpoch=0, partitionEpoch=0). (org.apache.kafka.controller.ReplicationControlManager)
<h4>: [2023-02-26 20:29:54,451] INFO [Controller 4] Created partition __consumer_offsets-34 with topic ID gs35a5FWTyyJLPclII7hIA and PartitionRegistration(replicas=[17], isr=[17], removingReplicas=[], addingReplicas=[], leader=17, leaderEpoch=0, partitionEpoch=0). (org.apache.kafka.controller.ReplicationControlManager)
<h4>: [2023-02-26 20:29:54,451] INFO [Controller 4] Created partition __consumer_offsets-35 with topic ID gs35a5FWTyyJLPclII7hIA and PartitionRegistration(replicas=[11], isr=[11], removingReplicas=[], addingReplicas=[], leader=11, leaderEpoch=0, partitionEpoch=0). (org.apache.kafka.controller.ReplicationControlManager)
<h4>: [2023-02-26 20:29:54,451] INFO [Controller 4] Created partition __consumer_offsets-36 with topic ID gs35a5FWTyyJLPclII7hIA and PartitionRegistration(replicas=[3], isr=[3], removingReplicas=[], addingReplicas=[], leader=3, leaderEpoch=0, partitionEpoch=0). (org.apache.kafka.controller.ReplicationControlManager)
<h4>: [2023-02-26 20:29:54,451] INFO [Controller 4] Created partition __consumer_offsets-37 with topic ID gs35a5FWTyyJLPclII7hIA and PartitionRegistration(replicas=[2], isr=[2], removingReplicas=[], addingReplicas=[], leader=2, leaderEpoch=0, partitionEpoch=0). (org.apache.kafka.controller.ReplicationControlManager)
<h4>: [2023-02-26 20:29:54,451] INFO [Controller 4] Created partition __consumer_offsets-38 with topic ID gs35a5FWTyyJLPclII7hIA and PartitionRegistration(replicas=[15], isr=[15], removingReplicas=[], addingReplicas=[], leader=15, leaderEpoch=0, partitionEpoch=0). (org.apache.kafka.controller.ReplicationControlManager)
<h4>: [2023-02-26 20:29:54,456] INFO [Controller 4] Created partition __consumer_offsets-39 with topic ID gs35a5FWTyyJLPclII7hIA and PartitionRegistration(replicas=[13], isr=[13], removingReplicas=[], addingReplicas=[], leader=13, leaderEpoch=0, partitionEpoch=0). (org.apache.kafka.controller.ReplicationControlManager)
<h4>: [2023-02-26 20:29:54,456] INFO [Controller 4] Created partition __consumer_offsets-40 with topic ID gs35a5FWTyyJLPclII7hIA and PartitionRegistration(replicas=[13], isr=[13], removingReplicas=[], addingReplicas=[], leader=13, leaderEpoch=0, partitionEpoch=0). (org.apache.kafka.controller.ReplicationControlManager)
<h4>: [2023-02-26 20:29:54,456] INFO [Controller 4] Created partition __consumer_offsets-41 with topic ID gs35a5FWTyyJLPclII7hIA and PartitionRegistration(replicas=[8], isr=[8], removingReplicas=[], addingReplicas=[], leader=8, leaderEpoch=0, partitionEpoch=0). (org.apache.kafka.controller.ReplicationControlManager)
<h4>: [2023-02-26 20:29:54,456] INFO [Controller 4] Created partition __consumer_offsets-42 with topic ID gs35a5FWTyyJLPclII7hIA and PartitionRegistration(replicas=[12], isr=[12], removingReplicas=[], addingReplicas=[], leader=12, leaderEpoch=0, partitionEpoch=0). (org.apache.kafka.controller.ReplicationControlManager)
<h4>: [2023-02-26 20:29:54,456] INFO [Controller 4] Created partition __consumer_offsets-43 with topic ID gs35a5FWTyyJLPclII7hIA and PartitionRegistration(replicas=[6], isr=[6], removingReplicas=[], addingReplicas=[], leader=6, leaderEpoch=0, partitionEpoch=0). (org.apache.kafka.controller.ReplicationControlManager)
<h4>: [2023-02-26 20:29:54,456] INFO [Controller 4] Created partition __consumer_offsets-44 with topic ID gs35a5FWTyyJLPclII7hIA and PartitionRegistration(replicas=[10], isr=[10], removingReplicas=[], addingReplicas=[], leader=10, leaderEpoch=0, partitionEpoch=0). (org.apache.kafka.controller.ReplicationControlManager)
<h4>: [2023-02-26 20:29:54,456] INFO [Controller 4] Created partition __consumer_offsets-45 with topic ID gs35a5FWTyyJLPclII7hIA and PartitionRegistration(replicas=[3], isr=[3], removingReplicas=[], addingReplicas=[], leader=3, leaderEpoch=0, partitionEpoch=0). (org.apache.kafka.controller.ReplicationControlManager)
<h4>: [2023-02-26 20:29:54,457] INFO [Controller 4] Created partition __consumer_offsets-46 with topic ID gs35a5FWTyyJLPclII7hIA and PartitionRegistration(replicas=[17], isr=[17], removingReplicas=[], addingReplicas=[], leader=17, leaderEpoch=0, partitionEpoch=0). (org.apache.kafka.controller.ReplicationControlManager)
<h4>: [2023-02-26 20:29:54,457] INFO [Controller 4] Created partition __consumer_offsets-47 with topic ID gs35a5FWTyyJLPclII7hIA and PartitionRegistration(replicas=[7], isr=[7], removingReplicas=[], addingReplicas=[], leader=7, leaderEpoch=0, partitionEpoch=0). (org.apache.kafka.controller.ReplicationControlManager)
<h4>: [2023-02-26 20:29:54,457] INFO [Controller 4] Created partition __consumer_offsets-48 with topic ID gs35a5FWTyyJLPclII7hIA and PartitionRegistration(replicas=[11], isr=[11], removingReplicas=[], addingReplicas=[], leader=11, leaderEpoch=0, partitionEpoch=0). (org.apache.kafka.controller.ReplicationControlManager)
<h4>: [2023-02-26 20:29:54,457] INFO [Controller 4] Created partition __consumer_offsets-49 with topic ID gs35a5FWTyyJLPclII7hIA and PartitionRegistration(replicas=[1], isr=[1], removingReplicas=[], addingReplicas=[], leader=1, leaderEpoch=0, partitionEpoch=0). (org.apache.kafka.controller.ReplicationControlManager)
<h4>: [2023-02-26 20:29:54,561] INFO [LogLoader partition=__consumer_offsets-0, dir=/home/visitor/neves/amnis-data-sync/./kafka-3.1.0/logs/kafka4] Loading producer state till offset 0 with message format version 2 (kafka.log.UnifiedLog$)
<h4>: [2023-02-26 20:29:54,562] INFO Created log for partition __consumer_offsets-0 in /home/visitor/neves/amnis-data-sync/./kafka-3.1.0/logs/kafka4/__consumer_offsets-0 with properties {cleanup.policy=compact, compression.type="producer", segment.bytes=104857600} (kafka.log.LogManager)
<h4>: [2023-02-26 20:29:54,562] INFO [Partition __consumer_offsets-0 broker=4] No checkpointed highwatermark is found for partition __consumer_offsets-0 (kafka.cluster.Partition)
<h4>: [2023-02-26 20:29:54,562] INFO [Partition __consumer_offsets-0 broker=4] Log loaded for partition __consumer_offsets-0 with initial high watermark 0 (kafka.cluster.Partition)
<h4>: [2023-02-26 20:29:54,802] INFO [LogLoader partition=__consumer_offsets-24, dir=/home/visitor/neves/amnis-data-sync/./kafka-3.1.0/logs/kafka4] Loading producer state till offset 0 with message format version 2 (kafka.log.UnifiedLog$)
<h4>: [2023-02-26 20:29:54,804] INFO Created log for partition __consumer_offsets-24 in /home/visitor/neves/amnis-data-sync/./kafka-3.1.0/logs/kafka4/__consumer_offsets-24 with properties {cleanup.policy=compact, compression.type="producer", segment.bytes=104857600} (kafka.log.LogManager)
<h4>: [2023-02-26 20:29:54,804] INFO [Partition __consumer_offsets-24 broker=4] No checkpointed highwatermark is found for partition __consumer_offsets-24 (kafka.cluster.Partition)
<h4>: [2023-02-26 20:29:54,804] INFO [Partition __consumer_offsets-24 broker=4] Log loaded for partition __consumer_offsets-24 with initial high watermark 0 (kafka.cluster.Partition)
<h4>: [2023-02-26 20:29:54,989] INFO [GroupCoordinator 4]: Elected as the group coordinator for partition 0 in epoch 0 (kafka.coordinator.group.GroupCoordinator)
<h4>: [2023-02-26 20:29:54,990] INFO [GroupMetadataManager brokerId=4] Scheduling loading of offsets and group metadata from __consumer_offsets-0 for epoch 0 (kafka.coordinator.group.GroupMetadataManager)
<h4>: [2023-02-26 20:29:54,991] INFO [GroupCoordinator 4]: Elected as the group coordinator for partition 24 in epoch 0 (kafka.coordinator.group.GroupCoordinator)
<h4>: [2023-02-26 20:29:54,991] INFO [GroupMetadataManager brokerId=4] Scheduling loading of offsets and group metadata from __consumer_offsets-24 for epoch 0 (kafka.coordinator.group.GroupMetadataManager)
<h4>: [2023-02-26 20:29:55,014] INFO [GroupMetadataManager brokerId=4] Finished loading offsets and group metadata from __consumer_offsets-0 in 11 milliseconds for epoch 0, of which 7 milliseconds was spent in the scheduler. (kafka.coordinator.group.GroupMetadataManager)
<h4>: [2023-02-26 20:29:55,015] INFO [GroupMetadataManager brokerId=4] Finished loading offsets and group metadata from __consumer_offsets-24 in 24 milliseconds for epoch 0, of which 23 milliseconds was spent in the scheduler. (kafka.coordinator.group.GroupMetadataManager)
<h4>: [2023-02-26 20:29:55,122] INFO [GroupCoordinator 4]: Dynamic Member with unknown member id joins group group-2 in Empty state. Created a new member id kafka-python-2.0.2-dbd88d6d-498d-4830-91c7-611c42936ead for this member and add to the group. (kafka.coordinator.group.GroupCoordinator)
<h4>: [2023-02-26 20:29:55,131] INFO [GroupCoordinator 4]: Preparing to rebalance group group-2 in state PreparingRebalance with old generation 0 (__consumer_offsets-0) (reason: Adding new member kafka-python-2.0.2-dbd88d6d-498d-4830-91c7-611c42936ead with group instance id None) (kafka.coordinator.group.GroupCoordinator)
<h4>: [2023-02-26 20:29:58,145] INFO [GroupCoordinator 4]: Stabilized group group-2 generation 1 (__consumer_offsets-0) with 1 members (kafka.coordinator.group.GroupCoordinator)
<h4>: [2023-02-26 20:29:58,172] INFO [GroupCoordinator 4]: Assignment received from leader kafka-python-2.0.2-dbd88d6d-498d-4830-91c7-611c42936ead for group group-2 for generation 1. The group has 1 members, 0 of which are static. (kafka.coordinator.group.GroupCoordinator)
<h4>: [2023-02-26 20:31:59,941] INFO [Controller 4] Created topic topic-0 with topic ID pdlBKgLLRDWnsdzKZEnY7A. (org.apache.kafka.controller.ReplicationControlManager)
<h4>: [2023-02-26 20:31:59,941] INFO [Controller 4] Created partition topic-0-0 with topic ID pdlBKgLLRDWnsdzKZEnY7A and PartitionRegistration(replicas=[7], isr=[7], removingReplicas=[], addingReplicas=[], leader=7, leaderEpoch=0, partitionEpoch=0). (org.apache.kafka.controller.ReplicationControlManager)
<h4>: [2023-02-26 20:34:58,311] INFO [GroupCoordinator 4]: Preparing to rebalance group group-2 in state PreparingRebalance with old generation 1 (__consumer_offsets-0) (reason: Leader kafka-python-2.0.2-dbd88d6d-498d-4830-91c7-611c42936ead re-joining group during Stable) (kafka.coordinator.group.GroupCoordinator)
<h4>: [2023-02-26 20:34:58,312] INFO [GroupCoordinator 4]: Stabilized group group-2 generation 2 (__consumer_offsets-0) with 1 members (kafka.coordinator.group.GroupCoordinator)
<h4>: [2023-02-26 20:34:58,322] INFO [GroupCoordinator 4]: Assignment received from leader kafka-python-2.0.2-dbd88d6d-498d-4830-91c7-611c42936ead for group group-2 for generation 2. The group has 1 members, 0 of which are static. (kafka.coordinator.group.GroupCoordinator)
<h4>: [2023-02-26 20:37:13,143] INFO [BrokerToControllerChannelManager broker=4 name=forwarding] Node 1 disconnected. (org.apache.kafka.clients.NetworkClient)
<h4>: [2023-02-26 20:37:13,144] INFO [RaftManager nodeId=4] Node 1 disconnected. (org.apache.kafka.clients.NetworkClient)
<h4>: [2023-02-26 20:37:13,144] INFO [BrokerToControllerChannelManager broker=4 name=heartbeat] Node 1 disconnected. (org.apache.kafka.clients.NetworkClient)
<h4>: [2023-02-26 20:37:13,152] INFO [RaftManager nodeId=4] Cancelled in-flight FETCH request with correlation id 914 due to node 1 being disconnected (elapsed time since creation: 315ms, elapsed time since send: 315ms, request timeout: 120000ms) (org.apache.kafka.clients.NetworkClient)
<h4>: [2023-02-26 20:37:13,219] INFO [RaftManager nodeId=4] Node 1 disconnected. (org.apache.kafka.clients.NetworkClient)
<h4>: [2023-02-26 20:37:13,219] WARN [RaftManager nodeId=4] Connection to node 1 (/10.0.0.1:19092) could not be established. Broker may not be available. (org.apache.kafka.clients.NetworkClient)
